2023-12-12 11:47:45,834 [INFO] Activator:176 - 


2023-12-12 11:47:45,842 [INFO] Activator:177 - !SESSION log4j initialized
2023-12-12 11:47:54,323 [INFO] LogOutputStream:77 - [STDOUT_REDIRECT] 
2023-12-12 11:48:01,869 [INFO] ApplicationProperties:184 - Using Application install path: C:\ST\STM32CubeIDE_1.13.2\STM32CubeIDE\plugins\com.st.stm32cube.common.mx_6.9.2.202309101412
2023-12-12 11:48:01,886 [INFO] DbMcusXml:78 - Set database path to: C:\ST\STM32CubeIDE_1.13.2\STM32CubeIDE\plugins\com.st.stm32cube.common.mx_6.9.2.202309101412\\db\/mcu/
2023-12-12 11:48:01,886 [INFO] ApiDb:274 - Set plugin database path to: C:\ST\STM32CubeIDE_1.13.2\STM32CubeIDE\plugins\com.st.stm32cube.common.mx_6.9.2.202309101412\\db\/plugins/boardmanager/
2023-12-12 11:48:01,886 [WARN] ApiDb:259 - Overriding images path with different value:  => C:\ST\STM32CubeIDE_1.13.2\STM32CubeIDE\plugins\com.st.stm32cube.common.mx_6.9.2.202309101412\\db\/plugins/mcufinder/images/
2023-12-12 11:48:01,901 [INFO] ApiDb:250 - Set database path to: C:\Users\nhakh\.stmcufinder\plugins\mcufinder//mcu/
2023-12-12 11:48:01,902 [INFO] DbMcusAds:125 - Set database path to: C:\Users\nhakh\.stmcufinder\plugins\mcufinder//mcu/
2023-12-12 11:48:01,904 [INFO] CrossReferenceDbSqlite:203 - Set database path to: C:\Users\nhakh\.stmcufinder\plugins\mcufinder//mcu/cs/
2023-12-12 11:48:02,010 [INFO] RulesReader:64 - Compatibility file has been processed (293 Rules)
2023-12-12 11:48:02,123 [INFO] DbMcusXml:78 - Set database path to: C:\ST\STM32CubeIDE_1.13.2\STM32CubeIDE\plugins\com.st.stm32cube.common.mx_6.9.2.202309101412\\db\/mcu/
2023-12-12 11:48:02,123 [INFO] ApiDb:274 - Set plugin database path to: C:\ST\STM32CubeIDE_1.13.2\STM32CubeIDE\plugins\com.st.stm32cube.common.mx_6.9.2.202309101412\\db\/plugins/boardmanager/
2023-12-12 11:48:02,123 [INFO] ApiDb:261 - Set plugin images path to: C:\ST\STM32CubeIDE_1.13.2\STM32CubeIDE\plugins\com.st.stm32cube.common.mx_6.9.2.202309101412\\db\/plugins/mcufinder/images/
2023-12-12 11:48:02,123 [WARN] DbFile:41 - Overriding database path with different value: C:\Users\nhakh\.stmcufinder\plugins\mcufinder/ => C:\Users\nhakh\.stmcufinder\plugins\mcufinder
2023-12-12 11:48:02,123 [INFO] ApiDb:250 - Set database path to: C:\Users\nhakh\.stmcufinder\plugins\mcufinder//mcu/
2023-12-12 11:48:02,124 [WARN] DbFile:41 - Overriding database path with different value: C:\Users\nhakh\.stmcufinder\plugins\mcufinder/ => C:\Users\nhakh\.stmcufinder\plugins\mcufinder
2023-12-12 11:48:02,124 [INFO] DbMcusAds:125 - Set database path to: C:\Users\nhakh\.stmcufinder\plugins\mcufinder//mcu/
2023-12-12 11:48:02,124 [WARN] DbFile:41 - Overriding database path with different value: C:\Users\nhakh\.stmcufinder\plugins\mcufinder/ => C:\Users\nhakh\.stmcufinder\plugins\mcufinder
2023-12-12 11:48:02,124 [WARN] DbFile:41 - Overriding database path with different value: C:\Users\nhakh\.stmcufinder\plugins\mcufinder/ => C:\Users\nhakh\.stmcufinder\plugins\mcufinder
2023-12-12 11:48:02,124 [INFO] CrossReferenceDbSqlite:203 - Set database path to: C:\Users\nhakh\.stmcufinder\plugins\mcufinder//mcu/cs/
2023-12-12 11:48:02,215 [INFO] MainPanel:262 - HeapMemory: 268435456
2023-12-12 11:48:02,323 [INFO] DbMcusXml:78 - Set database path to: C:\ST\STM32CubeIDE_1.13.2\STM32CubeIDE\plugins\com.st.stm32cube.common.mx_6.9.2.202309101412\\db\/mcu/
2023-12-12 11:48:02,323 [INFO] ApiDb:274 - Set plugin database path to: C:\ST\STM32CubeIDE_1.13.2\STM32CubeIDE\plugins\com.st.stm32cube.common.mx_6.9.2.202309101412\\db\/plugins/boardmanager/
2023-12-12 11:48:02,323 [INFO] ApiDb:261 - Set plugin images path to: C:\ST\STM32CubeIDE_1.13.2\STM32CubeIDE\plugins\com.st.stm32cube.common.mx_6.9.2.202309101412\\db\/plugins/mcufinder/images/
2023-12-12 11:48:02,324 [WARN] DbFile:41 - Overriding database path with different value: C:\Users\nhakh\.stmcufinder\plugins\mcufinder/ => C:\Users\nhakh\.stmcufinder\plugins\mcufinder
2023-12-12 11:48:02,324 [INFO] ApiDb:250 - Set database path to: C:\Users\nhakh\.stmcufinder\plugins\mcufinder//mcu/
2023-12-12 11:48:02,324 [WARN] DbFile:41 - Overriding database path with different value: C:\Users\nhakh\.stmcufinder\plugins\mcufinder/ => C:\Users\nhakh\.stmcufinder\plugins\mcufinder
2023-12-12 11:48:02,324 [INFO] DbMcusAds:125 - Set database path to: C:\Users\nhakh\.stmcufinder\plugins\mcufinder//mcu/
2023-12-12 11:48:02,324 [WARN] DbFile:41 - Overriding database path with different value: C:\Users\nhakh\.stmcufinder\plugins\mcufinder/ => C:\Users\nhakh\.stmcufinder\plugins\mcufinder
2023-12-12 11:48:02,324 [WARN] DbFile:41 - Overriding database path with different value: C:\Users\nhakh\.stmcufinder\plugins\mcufinder/ => C:\Users\nhakh\.stmcufinder\plugins\mcufinder
2023-12-12 11:48:02,324 [INFO] CrossReferenceDbSqlite:203 - Set database path to: C:\Users\nhakh\.stmcufinder\plugins\mcufinder//mcu/cs/
2023-12-12 11:48:02,348 [INFO] ApplicationProperties:184 - Using Application install path: C:\ST\STM32CubeIDE_1.13.2\STM32CubeIDE\plugins\com.st.stm32cube.common.mx_6.9.2.202309101412
2023-12-12 11:48:02,349 [INFO] PluginManage:196 - Search for loadable plugins [exclusion list=, ]
2023-12-12 11:48:02,351 [INFO] PluginManage:310 - Check plugin analytics
2023-12-12 11:48:02,521 [INFO] AnalyticsPlugin:253 - Accepted Software Licenses: 
2023-12-12 11:48:02,521 [INFO] AnalyticsPlugin:255 - Accepted CMSIS Pack Licenses: 
2023-12-12 11:48:02,521 [INFO] AnalyticsPlugin:257 - Accepted Firmware Licenses: FW.F4.1.27.0
2023-12-12 11:48:02,524 [INFO] PluginManage:359 - Loaded plugin analytics (category:tool,tabindex:-1)
2023-12-12 11:48:02,524 [INFO] PluginManage:310 - Check plugin cadmodel
2023-12-12 11:48:02,544 [INFO] CADModel:105 - Init CAD model plugin
2023-12-12 11:48:02,545 [INFO] PluginManage:359 - Loaded plugin cadmodel (category:power,tabindex:5)
2023-12-12 11:48:02,545 [INFO] PluginManage:310 - Check plugin clock
2023-12-12 11:48:02,564 [INFO] PluginManage:359 - Loaded plugin clock (category:base,tabindex:2)
2023-12-12 11:48:02,565 [INFO] PluginManage:310 - Check plugin ddr
2023-12-12 11:48:02,567 [INFO] PluginManage:359 - Loaded plugin ddr (category:tool,tabindex:6)
2023-12-12 11:48:02,567 [INFO] PluginManage:310 - Check plugin filemanager
2023-12-12 11:48:02,705 [INFO] PluginManage:359 - Loaded plugin filemanager (category:base,tabindex:10)
2023-12-12 11:48:02,705 [INFO] PluginManage:310 - Check plugin ipmanager
2023-12-12 11:48:02,715 [INFO] PluginManage:359 - Loaded plugin ipmanager (category:base,tabindex:5)
2023-12-12 11:48:02,715 [INFO] PluginManage:310 - Check plugin lpbam
2023-12-12 11:48:02,731 [INFO] PluginManage:359 - Loaded plugin lpbam (category:base,tabindex:0)
2023-12-12 11:48:02,731 [INFO] PluginManage:310 - Check plugin memorymap
2023-12-12 11:48:02,753 [INFO] PluginManage:359 - Loaded plugin memorymap (category:base,tabindex:4)
2023-12-12 11:48:02,754 [INFO] PluginManage:310 - Check plugin pinoutandconfiguration
2023-12-12 11:48:02,770 [INFO] PluginManage:359 - Loaded plugin pinoutandconfiguration (category:base,tabindex:1)
2023-12-12 11:48:02,770 [INFO] PluginManage:310 - Check plugin pinoutconfig
2023-12-12 11:48:02,862 [WARN] SupportedApi:132 - Cannot load RTOS API schema: s4s-elt-must-match.1: The content of 'definitions' must match (annotation?, (simpleType | complexType)?, (unique | key | keyref)*)). A problem was found starting at: attribute.
2023-12-12 11:48:02,992 [INFO] PluginManage:359 - Loaded plugin pinoutconfig (category:base,tabindex:0)
2023-12-12 11:48:02,993 [INFO] PluginManage:310 - Check plugin power
2023-12-12 11:48:03,013 [INFO] PluginManage:359 - Loaded plugin power (category:power,tabindex:4)
2023-12-12 11:48:03,013 [INFO] PluginManage:310 - Check plugin projectmanager
2023-12-12 11:48:03,028 [INFO] PluginManage:359 - Loaded plugin projectmanager (category:projectmanager,tabindex:3)
2023-12-12 11:48:03,028 [INFO] PluginManage:310 - Check plugin thirdparty
2023-12-12 11:48:03,300 [INFO] PluginManage:359 - Loaded plugin thirdparty (category:base,tabindex:-1)
2023-12-12 11:48:03,300 [WARN] IntegrityCheckThread:84 - waiting for thirdparty lock release [integrity check]
2023-12-12 11:48:03,300 [INFO] PluginManage:310 - Check plugin tools
2023-12-12 11:48:03,300 [INFO] IntegrityCheckThread:86 - entering critical section [integrity check]
2023-12-12 11:48:03,301 [INFO] ThirdPartyUpdaterWithRetryManager:70 - Updater plugin not ready yet. [1/15]
2023-12-12 11:48:03,331 [INFO] PluginManage:359 - Loaded plugin tools (category:base,tabindex:7)
2023-12-12 11:48:03,331 [INFO] PluginManage:310 - Check plugin tutovideos
2023-12-12 11:48:03,522 [INFO] PluginManage:359 - Loaded plugin tutovideos (category:base,tabindex:-1)
2023-12-12 11:48:03,523 [INFO] PluginManage:310 - Check plugin updater
2023-12-12 11:48:03,533 [INFO] PluginManage:359 - Loaded plugin updater (category:base,tabindex:12)
2023-12-12 11:48:03,534 [INFO] PluginManage:310 - Check plugin userauth
2023-12-12 11:48:03,539 [INFO] UserAuth:113 - Init User Auth plugin
2023-12-12 11:48:03,539 [INFO] PluginManage:359 - Loaded plugin userauth (category:base,tabindex:14)
2023-12-12 11:48:03,540 [INFO] PluginManage:283 - PluginManage : Loaded plugins [17]
2023-12-12 11:48:03,776 [INFO] PinOutPanel:1499 - setPackage(No Configuration,No Configuration)
2023-12-12 11:48:03,894 [INFO] CADModel:165 - CPN selected for project level
2023-12-12 11:48:03,894 [INFO] CADModel:114 - Register for checkConnection events
2023-12-12 11:48:03,918 [INFO] IPUIPlugin:80 - create IPUIPlugin
2023-12-12 11:48:03,918 [INFO] PluginManager:220 - loadIPPluginJar : add adc
2023-12-12 11:48:03,946 [INFO] IPUIPlugin:80 - create IPUIPlugin
2023-12-12 11:48:03,946 [INFO] PluginManager:220 - loadIPPluginJar : add aes
2023-12-12 11:48:03,979 [INFO] IPUIPlugin:80 - create IPUIPlugin
2023-12-12 11:48:03,979 [INFO] PluginManager:220 - loadIPPluginJar : add can
2023-12-12 11:48:03,998 [INFO] IPUIPlugin:80 - create IPUIPlugin
2023-12-12 11:48:03,998 [INFO] PluginManager:220 - loadIPPluginJar : add comp
2023-12-12 11:48:04,025 [INFO] IPUIPlugin:80 - create IPUIPlugin
2023-12-12 11:48:04,025 [INFO] PluginManager:220 - loadIPPluginJar : add cryp
2023-12-12 11:48:04,050 [INFO] IPUIPlugin:80 - create IPUIPlugin
2023-12-12 11:48:04,051 [INFO] PluginManager:220 - loadIPPluginJar : add dfsdm
2023-12-12 11:48:04,063 [INFO] IPUIPlugin:80 - create IPUIPlugin
2023-12-12 11:48:04,064 [INFO] PluginManager:220 - loadIPPluginJar : add dma
2023-12-12 11:48:04,097 [INFO] IPUIPlugin:80 - create IPUIPlugin
2023-12-12 11:48:04,097 [INFO] PluginManager:220 - loadIPPluginJar : add dma3
2023-12-12 11:48:04,115 [INFO] IPUIPlugin:80 - create IPUIPlugin
2023-12-12 11:48:04,115 [INFO] PluginManager:220 - loadIPPluginJar : add fatfs
2023-12-12 11:48:04,160 [INFO] IPUIPlugin:80 - create IPUIPlugin
2023-12-12 11:48:04,161 [INFO] PluginManager:220 - loadIPPluginJar : add fmc
2023-12-12 11:48:04,175 [INFO] IPUIPlugin:80 - create IPUIPlugin
2023-12-12 11:48:04,176 [INFO] PluginManager:220 - loadIPPluginJar : add freertos
2023-12-12 11:48:04,192 [INFO] IPUIPlugin:80 - create IPUIPlugin
2023-12-12 11:48:04,192 [INFO] PluginManager:220 - loadIPPluginJar : add genericplugin
2023-12-12 11:48:04,256 [INFO] IPUIPlugin:80 - create IPUIPlugin
2023-12-12 11:48:04,256 [INFO] PluginManager:220 - loadIPPluginJar : add gfxmmu
2023-12-12 11:48:04,352 [INFO] IPUIPlugin:80 - create IPUIPlugin
2023-12-12 11:48:04,352 [INFO] PluginManager:220 - loadIPPluginJar : add gic
2023-12-12 11:48:04,364 [INFO] IPUIPlugin:80 - create IPUIPlugin
2023-12-12 11:48:04,364 [INFO] PluginManager:220 - loadIPPluginJar : add gpio
2023-12-12 11:48:04,439 [INFO] IPUIPlugin:80 - create IPUIPlugin
2023-12-12 11:48:04,439 [INFO] PluginManager:220 - loadIPPluginJar : add gtzc
2023-12-12 11:48:04,465 [INFO] IPUIPlugin:80 - create IPUIPlugin
2023-12-12 11:48:04,465 [INFO] PluginManager:220 - loadIPPluginJar : add hash
2023-12-12 11:48:04,508 [INFO] IPUIPlugin:80 - create IPUIPlugin
2023-12-12 11:48:04,508 [INFO] PluginManager:220 - loadIPPluginJar : add i2c
2023-12-12 11:48:04,539 [INFO] IPUIPlugin:80 - create IPUIPlugin
2023-12-12 11:48:04,539 [INFO] PluginManager:220 - loadIPPluginJar : add i2s
2023-12-12 11:48:04,573 [INFO] IPUIPlugin:80 - create IPUIPlugin
2023-12-12 11:48:04,573 [INFO] PluginManager:220 - loadIPPluginJar : add i3c
2023-12-12 11:48:04,653 [INFO] IPUIPlugin:80 - create IPUIPlugin
2023-12-12 11:48:04,653 [INFO] PluginManager:220 - loadIPPluginJar : add ipddr
2023-12-12 11:48:04,721 [INFO] IPUIPlugin:80 - create IPUIPlugin
2023-12-12 11:48:04,721 [INFO] PluginManager:220 - loadIPPluginJar : add linkedlist
2023-12-12 11:48:04,750 [INFO] IPUIPlugin:80 - create IPUIPlugin
2023-12-12 11:48:04,751 [INFO] PluginManager:220 - loadIPPluginJar : add lorawan
2023-12-12 11:48:04,780 [INFO] IPUIPlugin:80 - create IPUIPlugin
2023-12-12 11:48:04,780 [INFO] PluginManager:220 - loadIPPluginJar : add ltdc
2023-12-12 11:48:04,794 [INFO] IPUIPlugin:80 - create IPUIPlugin
2023-12-12 11:48:04,794 [INFO] PluginManager:220 - loadIPPluginJar : add mdma
2023-12-12 11:48:04,806 [INFO] IPUIPlugin:80 - create IPUIPlugin
2023-12-12 11:48:04,806 [INFO] PluginManager:220 - loadIPPluginJar : add nvic
2023-12-12 11:48:04,835 [INFO] IPUIPlugin:80 - create IPUIPlugin
2023-12-12 11:48:04,835 [INFO] PluginManager:220 - loadIPPluginJar : add opamp
2023-12-12 11:48:04,894 [INFO] IPUIPlugin:80 - create IPUIPlugin
2023-12-12 11:48:04,894 [INFO] PluginManager:220 - loadIPPluginJar : add openamp
2023-12-12 11:48:04,928 [INFO] IPUIPlugin:80 - create IPUIPlugin
2023-12-12 11:48:04,928 [INFO] PluginManager:220 - loadIPPluginJar : add pdm2pcm
2023-12-12 11:48:04,942 [INFO] IPUIPlugin:80 - create IPUIPlugin
2023-12-12 11:48:04,944 [INFO] PluginManager:220 - loadIPPluginJar : add plateformsettings
2023-12-12 11:48:04,961 [INFO] IPUIPlugin:80 - create IPUIPlugin
2023-12-12 11:48:04,961 [INFO] PluginManager:220 - loadIPPluginJar : add quadspi
2023-12-12 11:48:04,973 [INFO] IPUIPlugin:80 - create IPUIPlugin
2023-12-12 11:48:04,973 [INFO] PluginManager:220 - loadIPPluginJar : add resmgrutility
2023-12-12 11:48:05,010 [INFO] IPUIPlugin:80 - create IPUIPlugin
2023-12-12 11:48:05,011 [INFO] PluginManager:220 - loadIPPluginJar : add sai
2023-12-12 11:48:05,038 [INFO] IPUIPlugin:80 - create IPUIPlugin
2023-12-12 11:48:05,038 [INFO] PluginManager:220 - loadIPPluginJar : add spi
2023-12-12 11:48:05,081 [INFO] IPUIPlugin:80 - create IPUIPlugin
2023-12-12 11:48:05,081 [INFO] PluginManager:220 - loadIPPluginJar : add stm32_wpan
2023-12-12 11:48:05,101 [INFO] IPUIPlugin:80 - create IPUIPlugin
2023-12-12 11:48:05,101 [INFO] PluginManager:220 - loadIPPluginJar : add tim
2023-12-12 11:48:05,145 [INFO] IPUIPlugin:80 - create IPUIPlugin
2023-12-12 11:48:05,145 [INFO] PluginManager:220 - loadIPPluginJar : add touchsensing
2023-12-12 11:48:05,164 [INFO] IPUIPlugin:80 - create IPUIPlugin
2023-12-12 11:48:05,165 [INFO] PluginManager:220 - loadIPPluginJar : add tracer_emb
2023-12-12 11:48:05,183 [INFO] IPUIPlugin:80 - create IPUIPlugin
2023-12-12 11:48:05,183 [INFO] PluginManager:220 - loadIPPluginJar : add ts
2023-12-12 11:48:05,204 [INFO] IPUIPlugin:80 - create IPUIPlugin
2023-12-12 11:48:05,204 [INFO] PluginManager:220 - loadIPPluginJar : add tsc
2023-12-12 11:48:05,225 [INFO] IPUIPlugin:80 - create IPUIPlugin
2023-12-12 11:48:05,225 [INFO] PluginManager:220 - loadIPPluginJar : add ucpd
2023-12-12 11:48:05,266 [INFO] IPUIPlugin:80 - create IPUIPlugin
2023-12-12 11:48:05,266 [INFO] PluginManager:220 - loadIPPluginJar : add usart
2023-12-12 11:48:05,301 [INFO] IPUIPlugin:80 - create IPUIPlugin
2023-12-12 11:48:05,301 [INFO] PluginManager:220 - loadIPPluginJar : add usbx
2023-12-12 11:48:05,441 [INFO] CADModel:165 - CPN selected for project level
2023-12-12 11:48:05,441 [INFO] CADModel:114 - Register for checkConnection events
2023-12-12 11:48:05,441 [FATAL] Updater:308 - Updater called before beeing initialized
2023-12-12 11:48:05,441 [ERROR] CADModel:125 - Updater not yet initialized, retry later 
2023-12-12 11:48:05,600 [INFO] CADModel:165 - CPN selected for project level
2023-12-12 11:48:05,600 [INFO] CADModel:114 - Register for checkConnection events
2023-12-12 11:48:05,600 [FATAL] Updater:308 - Updater called before beeing initialized
2023-12-12 11:48:05,600 [ERROR] CADModel:125 - Updater not yet initialized, retry later 
2023-12-12 11:48:05,603 [FATAL] Updater:308 - Updater called before beeing initialized
2023-12-12 11:48:05,708 [FATAL] Updater:308 - Updater called before beeing initialized
2023-12-12 11:48:05,718 [INFO] DbMcusAds:53 - JSON generation date=Wed Nov 29 17:52:38 ICT 2023 (1701255158764)
2023-12-12 11:48:05,718 [FATAL] Updater:308 - Updater called before beeing initialized
2023-12-12 11:48:05,796 [WARN] DetailPanel:346 - Failed to get advertising image, set to default
2023-12-12 11:48:05,890 [FATAL] Updater:308 - Updater called before beeing initialized
2023-12-12 11:48:05,892 [FATAL] Updater:308 - Updater called before beeing initialized
2023-12-12 11:48:05,892 [FATAL] Updater:308 - Updater called before beeing initialized
2023-12-12 11:48:05,892 [WARN] DetailPanel:346 - Failed to get advertising image, set to default
2023-12-12 11:48:05,893 [FATAL] Updater:308 - Updater called before beeing initialized
2023-12-12 11:48:05,950 [ERROR] Updater:1120 - MainUpdater not yet initialized. External WinMGr cannot be set.
2023-12-12 11:48:05,959 [INFO] Updater:1056 - Updater Version found : 6.9.2
2023-12-12 11:48:05,977 [INFO] ApplicationProperties:184 - Using Application install path: C:\ST\STM32CubeIDE_1.13.2\STM32CubeIDE\plugins\com.st.stm32cube.common.mx_6.9.2.202309101412
2023-12-12 11:48:06,306 [INFO] MainUpdater:2868 - connection check result : 10
2023-12-12 11:48:06,307 [INFO] MainUpdater:285 - Updater Check For Update Now.
2023-12-12 11:48:06,307 [INFO] MicroXplorer:498 - Change Database Version : DB.6.0.92
2023-12-12 11:48:06,308 [INFO] ThirdPartyUpdaterWithRetryManager:70 - Updater plugin not ready yet. [2/15]
2023-12-12 11:48:06,328 [INFO] McuFinderGlobals:63 - Set McuFinder mode to 2 (CubeIDE integrated)
2023-12-12 11:48:06,516 [INFO] CheckServerUpdateThread:120 - End of CheckServer Thread
2023-12-12 11:48:09,594 [WARN] PackLoader:240 - Cannot read IP mode file for STMicroelectronics.X-CUBE-SMBUS.2.1.0
2023-12-12 11:48:09,630 [WARN] PackLoader:240 - Cannot read IP mode file for STMicroelectronics.X-CUBE-AZRTOS-F7.1.1.0
2023-12-12 11:48:09,646 [ERROR] RealEvaluatedCondition:428 - Found unsupported composite condition: CLASS='Data Exchange' GROUP='STM32_MetaDataManager'
2023-12-12 11:48:09,646 [ERROR] RealEvaluatedCondition:428 - Found unsupported composite condition: GROUP='STM32_MetaDataManager' CLASS='Data Exchange'
2023-12-12 11:48:09,648 [WARN] PackLoader:240 - Cannot read IP mode file for STMicroelectronics.FP-SNS-MOTENV1.4.3.0
2023-12-12 11:48:09,661 [WARN] PackLoader:240 - Cannot read IP mode file for STMicroelectronics.FP-SNS-MOTENV1.4.3.2
2023-12-12 11:48:09,676 [WARN] PackLoader:240 - Cannot read IP mode file for STMicroelectronics.FP-SNS-FLIGHT1.5.0.0
2023-12-12 11:48:09,689 [ERROR] RealEvaluatedCondition:428 - Found unsupported composite condition: GROUP='STM32_MetaDataManager' CLASS='Data Exchange'
2023-12-12 11:48:09,690 [ERROR] RealEvaluatedCondition:428 - Found unsupported composite condition: GROUP='STM32_MetaDataManager' CLASS='Data Exchange'
2023-12-12 11:48:09,691 [WARN] PackLoader:240 - Cannot read IP mode file for STMicroelectronics.FP-SNS-MOTENV1.4.3.1
2023-12-12 11:48:09,704 [WARN] PackLoader:240 - Cannot read IP mode file for STMicroelectronics.FP-SNS-FLIGHT1.5.0.1
2023-12-12 11:48:09,722 [WARN] PackLoader:240 - Cannot read IP mode file for STMicroelectronics.X-CUBE-BLE1.6.2.4
2023-12-12 11:48:09,734 [WARN] PackLoader:240 - Cannot read IP mode file for STMicroelectronics.FP-SNS-FLIGHT1.5.0.2
2023-12-12 11:48:09,749 [WARN] PackLoader:240 - Cannot read IP mode file for STMicroelectronics.X-CUBE-DISPLAY.3.0.0
2023-12-12 11:48:09,763 [WARN] PackLoader:240 - Cannot read IP mode file for STMicroelectronics.X-CUBE-BLE1.7.0.0
2023-12-12 11:48:09,776 [WARN] PackLoader:240 - Cannot read IP mode file for emotas.I-CUBE-CANOPEN.1.3.0
2023-12-12 11:48:09,789 [WARN] PackLoader:240 - Cannot read IP mode file for STMicroelectronics.X-CUBE-TOUCHGFX.4.22.0
2023-12-12 11:48:09,800 [WARN] PackLoader:240 - Cannot read IP mode file for STMicroelectronics.X-CUBE-TOUCHGFX.4.22.1
2023-12-12 11:48:09,812 [WARN] PackLoader:240 - Cannot read IP mode file for STMicroelectronics.FP-SNS-SMARTAG2.1.2.0
2023-12-12 11:48:09,832 [INFO] LogOutputStream:77 - [STDOUT_REDIRECT] 1 : Invalid condition id : UX_CORESTACK_Condition cause : null
2023-12-12 11:48:09,833 [INFO] LogOutputStream:77 - [STDOUT_REDIRECT] 1 : Invalid condition id : UX_CORESTACK_Condition cause : null
2023-12-12 11:48:09,834 [INFO] LogOutputStream:77 - [STDOUT_REDIRECT] 1 : Invalid condition id : UX_CORESTACK_Condition cause : null
2023-12-12 11:48:09,835 [INFO] LogOutputStream:77 - [STDOUT_REDIRECT] 1 : Invalid condition id : UX_CORESTACK_Condition cause : null
2023-12-12 11:48:09,836 [INFO] LogOutputStream:77 - [STDOUT_REDIRECT] 1 : Invalid condition id : UX_CORESTACK_Condition cause : null
2023-12-12 11:48:09,838 [WARN] PackLoader:240 - Cannot read IP mode file for STMicroelectronics.X-CUBE-AZRTOS-WL.2.0.0
2023-12-12 11:48:09,861 [WARN] PackLoader:240 - Cannot read IP mode file for WES.I-CUBE-Cesium.1.3.0
2023-12-12 11:48:09,874 [WARN] PackLoader:240 - Cannot read IP mode file for STMicroelectronics.X-CUBE-BLE2.3.3.0
2023-12-12 11:48:09,892 [WARN] PackLoader:240 - Cannot read IP mode file for STMicroelectronics.X-CUBE-TOF1.3.2.0
2023-12-12 11:48:09,906 [WARN] PackLoader:240 - Cannot read IP mode file for STMicroelectronics.X-CUBE-TOUCHGFX.4.21.1
2023-12-12 11:48:09,918 [WARN] PackLoader:240 - Cannot read IP mode file for STMicroelectronics.X-CUBE-TOUCHGFX.4.21.3
2023-12-12 11:48:09,930 [WARN] PackLoader:240 - Cannot read IP mode file for STMicroelectronics.X-CUBE-TOUCHGFX.4.21.4
2023-12-12 11:48:09,945 [WARN] PackLoader:240 - Cannot read IP mode file for STMicroelectronics.X-CUBE-ALGOBUILD.1.3.0
2023-12-12 11:48:09,973 [WARN] PackLoader:240 - Cannot read IP mode file for STMicroelectronics.X-CUBE-AZRTOS-G0.1.1.0
2023-12-12 11:48:09,991 [WARN] PackLoader:240 - Cannot read IP mode file for STMicroelectronics.X-CUBE-NFC4.3.0.0
2023-12-12 11:48:10,009 [WARN] PackLoader:240 - Cannot read IP mode file for STMicroelectronics.X-CUBE-BLEMGR.3.0.0
2023-12-12 11:48:10,025 [WARN] PackLoader:240 - Cannot read IP mode file for STMicroelectronics.FP-ATR-SIGFOX1.3.2.0
2023-12-12 11:48:10,072 [WARN] PackLoader:240 - Cannot read IP mode file for STMicroelectronics.X-CUBE-MEMS1.9.5.0
2023-12-12 11:48:10,208 [WARN] PackLoader:240 - Cannot read IP mode file for SEGGER.I-CUBE-embOS.1.3.1
2023-12-12 11:48:10,251 [WARN] PackLoader:240 - Cannot read IP mode file for STMicroelectronics.X-CUBE-GNSS1.6.0.0
2023-12-12 11:48:10,276 [WARN] PackLoader:240 - Cannot read IP mode file for STMicroelectronics.X-CUBE-AZRTOS-F4.1.1.0
2023-12-12 11:48:10,297 [WARN] PackLoader:240 - Cannot read IP mode file for wolfSSL.I-CUBE-wolfSSL.5.6.4
2023-12-12 11:48:10,327 [WARN] PackLoader:240 - Cannot read IP mode file for STMicroelectronics.X-CUBE-AZRTOS-L5.2.0.0
2023-12-12 11:48:10,386 [WARN] PackLoader:240 - Cannot read IP mode file for STMicroelectronics.X-CUBE-MEMS1.9.6.0
2023-12-12 11:48:10,553 [WARN] PackLoader:240 - Cannot read IP mode file for STMicroelectronics.X-CUBE-EEPRMA1.4.2.0
2023-12-12 11:48:10,570 [WARN] PackLoader:240 - Cannot read IP mode file for ITTIA_DB.I-CUBE-ITTIADB.8.8.0
2023-12-12 11:48:10,587 [WARN] PackLoader:240 - Cannot read IP mode file for emotas.I-CUBE-CANOPEN.1.1.3
2023-12-12 11:48:10,607 [WARN] PackLoader:240 - Cannot read IP mode file for STMicroelectronics.X-CUBE-BLEMGR.2.0.0
2023-12-12 11:48:10,649 [WARN] ConditionMgr:438 - getConditionDescription Invalid condition id : UX DEVICE CLASS RTOS Condition cause : null
2023-12-12 11:48:10,649 [WARN] ConditionMgr:438 - getConditionDescription Invalid condition id : UX DEVICE CLASS RTOS Condition cause : null
2023-12-12 11:48:10,652 [WARN] PackLoader:240 - Cannot read IP mode file for STMicroelectronics.X-CUBE-AZRTOS-H7.3.1.0
2023-12-12 11:48:10,654 [WARN] ConditionMgr:1039 - genDependencies : Invalid condition id : UX DEVICE CLASS RTOS Condition cause : null
2023-12-12 11:48:10,654 [WARN] ConditionMgr:1039 - genDependencies : Invalid condition id : UX DEVICE CLASS RTOS Condition cause : null
2023-12-12 11:48:10,655 [WARN] ConditionMgr:1039 - genDependencies : Invalid condition id : UX DEVICE CLASS RTOS Condition cause : null
2023-12-12 11:48:10,656 [WARN] ConditionMgr:1039 - genDependencies : Invalid condition id : UX DEVICE CLASS RTOS Condition cause : null
2023-12-12 11:48:10,656 [WARN] ConditionMgr:1039 - genDependencies : Invalid condition id : UX DEVICE CLASS RTOS Condition cause : null
2023-12-12 11:48:10,677 [WARN] PackLoader:240 - Cannot read IP mode file for wolfSSL.I-CUBE-wolfSSL.5.5.4
2023-12-12 11:48:10,697 [WARN] PackLoader:240 - Cannot read IP mode file for STMicroelectronics.X-CUBE-NFC7.1.0.1
2023-12-12 11:48:10,715 [WARN] PackLoader:240 - Cannot read IP mode file for STMicroelectronics.X-CUBE-NFC7.1.0.0
2023-12-12 11:48:10,734 [WARN] PackLoader:240 - Cannot read IP mode file for STMicroelectronics.X-CUBE-NFC6.3.0.0
2023-12-12 11:48:10,753 [WARN] PackLoader:240 - Cannot read IP mode file for STMicroelectronics.X-CUBE-EEPRMA1.4.1.0
2023-12-12 11:48:10,772 [WARN] PackLoader:240 - Cannot read IP mode file for STMicroelectronics.X-CUBE-AI.8.1.0
2023-12-12 11:48:10,805 [WARN] ConditionMgr:438 - getConditionDescription Invalid condition id : LAN8742 Phy interface Condition cause : null
2023-12-12 11:48:10,806 [WARN] PackLoader:240 - Cannot read IP mode file for STMicroelectronics.X-CUBE-AZRTOS-L4.2.0.0
2023-12-12 11:48:10,807 [WARN] ConditionMgr:1039 - genDependencies : Invalid condition id : LAN8742 Phy interface Condition cause : null
2023-12-12 11:48:10,807 [WARN] ConditionMgr:1039 - genDependencies : Invalid condition id : LAN8742 Phy interface Condition cause : null
2023-12-12 11:48:10,808 [WARN] ConditionMgr:1039 - genDependencies : Invalid condition id : LAN8742 Phy interface Condition cause : null
2023-12-12 11:48:10,829 [WARN] PackLoader:240 - Cannot read IP mode file for STMicroelectronics.X-CUBE-SFXS2LP1.4.0.0
2023-12-12 11:48:10,865 [WARN] PackLoader:240 - Cannot read IP mode file for STMicroelectronics.X-CUBE-AZRTOS-H7.3.0.0
2023-12-12 11:48:10,883 [WARN] PackLoader:240 - Cannot read IP mode file for STMicroelectronics.X-CUBE-ISPU.1.1.0
2023-12-12 11:48:10,903 [WARN] PackLoader:240 - Cannot read IP mode file for RoweBots.I-CUBE-UNISONRTOS.5.5.0-4
2023-12-12 11:48:10,917 [WARN] PackLoader:240 - Cannot read IP mode file for STMicroelectronics.X-CUBE-AI.8.0.0
2023-12-12 11:48:10,944 [WARN] ConditionMgr:438 - getConditionDescription Invalid condition id : UX DEVICE CLASS RTOS Condition cause : null
2023-12-12 11:48:10,944 [WARN] ConditionMgr:438 - getConditionDescription Invalid condition id : UX DEVICE CLASS RTOS Condition cause : null
2023-12-12 11:48:10,946 [WARN] PackLoader:240 - Cannot read IP mode file for STMicroelectronics.X-CUBE-AZRTOS-WB.2.0.0
2023-12-12 11:48:10,947 [WARN] ConditionMgr:1039 - genDependencies : Invalid condition id : UX DEVICE CLASS RTOS Condition cause : null
2023-12-12 11:48:10,947 [WARN] ConditionMgr:1039 - genDependencies : Invalid condition id : UX DEVICE CLASS RTOS Condition cause : null
2023-12-12 11:48:10,947 [WARN] ConditionMgr:1039 - genDependencies : Invalid condition id : UX DEVICE CLASS RTOS Condition cause : null
2023-12-12 11:48:10,947 [WARN] ConditionMgr:1039 - genDependencies : Invalid condition id : UX DEVICE CLASS RTOS Condition cause : null
2023-12-12 11:48:10,947 [WARN] ConditionMgr:1039 - genDependencies : Invalid condition id : UX DEVICE CLASS RTOS Condition cause : null
2023-12-12 11:48:10,962 [WARN] PackLoader:240 - Cannot read IP mode file for STMicroelectronics.X-CUBE-FREERTOS.1.0.0
2023-12-12 11:48:10,975 [WARN] PackLoader:240 - Cannot read IP mode file for STMicroelectronics.X-CUBE-FREERTOS.1.0.1
2023-12-12 11:48:10,996 [WARN] PackLoader:240 - Cannot read IP mode file for STMicroelectronics.X-CUBE-AZRTOS-L5.1.1.0
2023-12-12 11:48:11,009 [WARN] PackLoader:240 - Cannot read IP mode file for STMicroelectronics.X-CUBE-AI.8.0.1
2023-12-12 11:48:11,026 [WARN] PackLoader:240 - Cannot read IP mode file for STMicroelectronics.X-CUBE-SUBG2.5.0.0
2023-12-12 11:48:11,045 [WARN] PackLoader:240 - Cannot read IP mode file for STMicroelectronics.X-CUBE-TOF1.3.3.1
2023-12-12 11:48:11,071 [WARN] PackLoader:240 - Cannot read IP mode file for STMicroelectronics.X-CUBE-AZRTOS-G4.2.0.0
2023-12-12 11:48:11,091 [WARN] PackLoader:240 - Cannot read IP mode file for STMicroelectronics.X-CUBE-TOF1.3.3.0
2023-12-12 11:48:11,111 [WARN] PackLoader:240 - Cannot read IP mode file for STMicroelectronics.FP-ATR-ASTRA1.1.1.1
2023-12-12 11:48:11,139 [WARN] PackLoader:240 - Cannot read IP mode file for Infineon.AIROC-Wi-Fi-Bluetooth-STM32.1.5.1
2023-12-12 11:48:11,158 [WARN] PackLoader:240 - Cannot read IP mode file for STMicroelectronics.FP-SNS-MOTENVWB1.1.3.0
2023-12-12 11:48:11,172 [WARN] PackLoader:240 - Cannot read IP mode file for STMicroelectronics.FP-SNS-MOTENVWB1.1.3.1
2023-12-12 11:48:11,194 [WARN] PackLoader:240 - Cannot read IP mode file for STMicroelectronics.X-CUBE-AZRTOS-G4.1.0.0
2023-12-12 11:48:11,228 [WARN] PackLoader:240 - Cannot read IP mode file for STMicroelectronics.X-CUBE-AZRTOS-L4.1.0.0
2023-12-12 11:48:11,242 [WARN] PackLoader:240 - Cannot read IP mode file for STMicroelectronics.X-CUBE-ISPU.2.0.0
2023-12-12 11:48:11,282 [WARN] PackLoader:240 - Cannot read IP mode file for STMicroelectronics.X-CUBE-MEMS1.10.0.0
2023-12-12 11:48:11,350 [WARN] PackLoader:240 - Cannot read IP mode file for STMicroelectronics.X-CUBE-FREERTOS.1.1.0
2023-12-12 11:48:11,368 [WARN] PackLoader:240 - Cannot read IP mode file for STMicroelectronics.X-CUBE-AZRTOS-WL.1.0.0
2023-12-12 11:48:11,384 [WARN] PackLoader:240 - Cannot read IP mode file for portGmbH.I-Cube-SoM-uGOAL.1.1.0
2023-12-12 11:48:11,395 [WARN] PackLoader:240 - Cannot read IP mode file for STMicroelectronics.X-CUBE-ALS.1.0.1
2023-12-12 11:48:11,412 [WARN] PackLoader:240 - Cannot read IP mode file for STMicroelectronics.X-CUBE-AZRTOS-WB.1.1.0
2023-12-12 11:48:11,424 [WARN] PackLoader:240 - Cannot read IP mode file for STMicroelectronics.FP-ATR-ASTRA1.2.0.0
2023-12-12 11:48:11,439 [WARN] PackLoader:240 - Cannot read IP mode file for STMicroelectronics.X-CUBE-TOF1.3.4.0
2023-12-12 11:48:11,473 [WARN] PackLoader:240 - Cannot read IP mode file for STMicroelectronics.X-CUBE-AZRTOS-H7.3.2.0
2023-12-12 11:48:11,475 [INFO] ThirdParty:978 - Integrity check success = true
2023-12-12 11:48:11,475 [INFO] IntegrityCheckThread:100 - exiting critical section [integrity check]
2023-12-12 11:48:11,476 [INFO] IntegrityCheckThread:103 - End integrity checks thread
2023-12-12 11:48:27,535 [ERROR] LogOutputStream:75 - [STDERR_REDIRECT] SLF4J: Failed to load class "org.slf4j.impl.StaticLoggerBinder".
2023-12-12 11:48:27,535 [ERROR] LogOutputStream:75 - [STDERR_REDIRECT] SLF4J: Defaulting to no-operation (NOP) logger implementation
2023-12-12 11:48:27,536 [ERROR] LogOutputStream:75 - [STDERR_REDIRECT] SLF4J: See http://www.slf4j.org/codes.html#StaticLoggerBinder for further details.
2023-12-12 22:24:47,487 [INFO] Activator:176 - 


2023-12-12 22:24:47,489 [INFO] Activator:177 - !SESSION log4j initialized
2023-12-12 22:24:55,563 [INFO] LogOutputStream:77 - [STDOUT_REDIRECT] 
2023-12-12 22:25:04,281 [INFO] ApplicationProperties:184 - Using Application install path: C:\ST\STM32CubeIDE_1.13.2\STM32CubeIDE\plugins\com.st.stm32cube.common.mx_6.9.2.202309101412
2023-12-12 22:25:04,303 [INFO] DbMcusXml:78 - Set database path to: C:\ST\STM32CubeIDE_1.13.2\STM32CubeIDE\plugins\com.st.stm32cube.common.mx_6.9.2.202309101412\\db\/mcu/
2023-12-12 22:25:04,303 [INFO] ApiDb:274 - Set plugin database path to: C:\ST\STM32CubeIDE_1.13.2\STM32CubeIDE\plugins\com.st.stm32cube.common.mx_6.9.2.202309101412\\db\/plugins/boardmanager/
2023-12-12 22:25:04,303 [WARN] ApiDb:259 - Overriding images path with different value:  => C:\ST\STM32CubeIDE_1.13.2\STM32CubeIDE\plugins\com.st.stm32cube.common.mx_6.9.2.202309101412\\db\/plugins/mcufinder/images/
2023-12-12 22:25:04,319 [INFO] ApiDb:250 - Set database path to: C:\Users\nhakh\.stmcufinder\plugins\mcufinder//mcu/
2023-12-12 22:25:04,320 [INFO] DbMcusAds:125 - Set database path to: C:\Users\nhakh\.stmcufinder\plugins\mcufinder//mcu/
2023-12-12 22:25:04,322 [INFO] CrossReferenceDbSqlite:203 - Set database path to: C:\Users\nhakh\.stmcufinder\plugins\mcufinder//mcu/cs/
2023-12-12 22:25:04,428 [INFO] RulesReader:64 - Compatibility file has been processed (293 Rules)
2023-12-12 22:25:04,553 [INFO] DbMcusXml:78 - Set database path to: C:\ST\STM32CubeIDE_1.13.2\STM32CubeIDE\plugins\com.st.stm32cube.common.mx_6.9.2.202309101412\\db\/mcu/
2023-12-12 22:25:04,553 [INFO] ApiDb:274 - Set plugin database path to: C:\ST\STM32CubeIDE_1.13.2\STM32CubeIDE\plugins\com.st.stm32cube.common.mx_6.9.2.202309101412\\db\/plugins/boardmanager/
2023-12-12 22:25:04,553 [INFO] ApiDb:261 - Set plugin images path to: C:\ST\STM32CubeIDE_1.13.2\STM32CubeIDE\plugins\com.st.stm32cube.common.mx_6.9.2.202309101412\\db\/plugins/mcufinder/images/
2023-12-12 22:25:04,553 [WARN] DbFile:41 - Overriding database path with different value: C:\Users\nhakh\.stmcufinder\plugins\mcufinder/ => C:\Users\nhakh\.stmcufinder\plugins\mcufinder
2023-12-12 22:25:04,553 [INFO] ApiDb:250 - Set database path to: C:\Users\nhakh\.stmcufinder\plugins\mcufinder//mcu/
2023-12-12 22:25:04,553 [WARN] DbFile:41 - Overriding database path with different value: C:\Users\nhakh\.stmcufinder\plugins\mcufinder/ => C:\Users\nhakh\.stmcufinder\plugins\mcufinder
2023-12-12 22:25:04,553 [INFO] DbMcusAds:125 - Set database path to: C:\Users\nhakh\.stmcufinder\plugins\mcufinder//mcu/
2023-12-12 22:25:04,554 [WARN] DbFile:41 - Overriding database path with different value: C:\Users\nhakh\.stmcufinder\plugins\mcufinder/ => C:\Users\nhakh\.stmcufinder\plugins\mcufinder
2023-12-12 22:25:04,554 [WARN] DbFile:41 - Overriding database path with different value: C:\Users\nhakh\.stmcufinder\plugins\mcufinder/ => C:\Users\nhakh\.stmcufinder\plugins\mcufinder
2023-12-12 22:25:04,554 [INFO] CrossReferenceDbSqlite:203 - Set database path to: C:\Users\nhakh\.stmcufinder\plugins\mcufinder//mcu/cs/
2023-12-12 22:25:04,655 [INFO] MainPanel:262 - HeapMemory: 268435456
2023-12-12 22:25:04,779 [INFO] DbMcusXml:78 - Set database path to: C:\ST\STM32CubeIDE_1.13.2\STM32CubeIDE\plugins\com.st.stm32cube.common.mx_6.9.2.202309101412\\db\/mcu/
2023-12-12 22:25:04,779 [INFO] ApiDb:274 - Set plugin database path to: C:\ST\STM32CubeIDE_1.13.2\STM32CubeIDE\plugins\com.st.stm32cube.common.mx_6.9.2.202309101412\\db\/plugins/boardmanager/
2023-12-12 22:25:04,779 [INFO] ApiDb:261 - Set plugin images path to: C:\ST\STM32CubeIDE_1.13.2\STM32CubeIDE\plugins\com.st.stm32cube.common.mx_6.9.2.202309101412\\db\/plugins/mcufinder/images/
2023-12-12 22:25:04,780 [WARN] DbFile:41 - Overriding database path with different value: C:\Users\nhakh\.stmcufinder\plugins\mcufinder/ => C:\Users\nhakh\.stmcufinder\plugins\mcufinder
2023-12-12 22:25:04,780 [INFO] ApiDb:250 - Set database path to: C:\Users\nhakh\.stmcufinder\plugins\mcufinder//mcu/
2023-12-12 22:25:04,780 [WARN] DbFile:41 - Overriding database path with different value: C:\Users\nhakh\.stmcufinder\plugins\mcufinder/ => C:\Users\nhakh\.stmcufinder\plugins\mcufinder
2023-12-12 22:25:04,780 [INFO] DbMcusAds:125 - Set database path to: C:\Users\nhakh\.stmcufinder\plugins\mcufinder//mcu/
2023-12-12 22:25:04,780 [WARN] DbFile:41 - Overriding database path with different value: C:\Users\nhakh\.stmcufinder\plugins\mcufinder/ => C:\Users\nhakh\.stmcufinder\plugins\mcufinder
2023-12-12 22:25:04,780 [WARN] DbFile:41 - Overriding database path with different value: C:\Users\nhakh\.stmcufinder\plugins\mcufinder/ => C:\Users\nhakh\.stmcufinder\plugins\mcufinder
2023-12-12 22:25:04,780 [INFO] CrossReferenceDbSqlite:203 - Set database path to: C:\Users\nhakh\.stmcufinder\plugins\mcufinder//mcu/cs/
2023-12-12 22:25:04,806 [INFO] ApplicationProperties:184 - Using Application install path: C:\ST\STM32CubeIDE_1.13.2\STM32CubeIDE\plugins\com.st.stm32cube.common.mx_6.9.2.202309101412
2023-12-12 22:25:04,807 [INFO] PluginManage:196 - Search for loadable plugins [exclusion list=, ]
2023-12-12 22:25:04,809 [INFO] PluginManage:310 - Check plugin analytics
2023-12-12 22:25:04,971 [INFO] AnalyticsPlugin:253 - Accepted Software Licenses: 
2023-12-12 22:25:04,971 [INFO] AnalyticsPlugin:255 - Accepted CMSIS Pack Licenses: 
2023-12-12 22:25:04,971 [INFO] AnalyticsPlugin:257 - Accepted Firmware Licenses: FW.F4.1.27.0
2023-12-12 22:25:04,974 [INFO] PluginManage:359 - Loaded plugin analytics (category:tool,tabindex:-1)
2023-12-12 22:25:04,975 [INFO] PluginManage:310 - Check plugin cadmodel
2023-12-12 22:25:04,994 [INFO] CADModel:105 - Init CAD model plugin
2023-12-12 22:25:04,994 [INFO] PluginManage:359 - Loaded plugin cadmodel (category:power,tabindex:5)
2023-12-12 22:25:04,994 [INFO] PluginManage:310 - Check plugin clock
2023-12-12 22:25:05,018 [INFO] PluginManage:359 - Loaded plugin clock (category:base,tabindex:2)
2023-12-12 22:25:05,018 [INFO] PluginManage:310 - Check plugin ddr
2023-12-12 22:25:05,021 [INFO] PluginManage:359 - Loaded plugin ddr (category:tool,tabindex:6)
2023-12-12 22:25:05,022 [INFO] PluginManage:310 - Check plugin filemanager
2023-12-12 22:25:05,165 [INFO] PluginManage:359 - Loaded plugin filemanager (category:base,tabindex:10)
2023-12-12 22:25:05,166 [INFO] PluginManage:310 - Check plugin ipmanager
2023-12-12 22:25:05,176 [INFO] PluginManage:359 - Loaded plugin ipmanager (category:base,tabindex:5)
2023-12-12 22:25:05,176 [INFO] PluginManage:310 - Check plugin lpbam
2023-12-12 22:25:05,197 [INFO] PluginManage:359 - Loaded plugin lpbam (category:base,tabindex:0)
2023-12-12 22:25:05,197 [INFO] PluginManage:310 - Check plugin memorymap
2023-12-12 22:25:05,232 [INFO] PluginManage:359 - Loaded plugin memorymap (category:base,tabindex:4)
2023-12-12 22:25:05,232 [INFO] PluginManage:310 - Check plugin pinoutandconfiguration
2023-12-12 22:25:05,255 [INFO] PluginManage:359 - Loaded plugin pinoutandconfiguration (category:base,tabindex:1)
2023-12-12 22:25:05,255 [INFO] PluginManage:310 - Check plugin pinoutconfig
2023-12-12 22:25:05,367 [WARN] SupportedApi:132 - Cannot load RTOS API schema: s4s-elt-must-match.1: The content of 'definitions' must match (annotation?, (simpleType | complexType)?, (unique | key | keyref)*)). A problem was found starting at: attribute.
2023-12-12 22:25:05,500 [INFO] PluginManage:359 - Loaded plugin pinoutconfig (category:base,tabindex:0)
2023-12-12 22:25:05,500 [INFO] PluginManage:310 - Check plugin power
2023-12-12 22:25:05,526 [INFO] PluginManage:359 - Loaded plugin power (category:power,tabindex:4)
2023-12-12 22:25:05,526 [INFO] PluginManage:310 - Check plugin projectmanager
2023-12-12 22:25:05,541 [INFO] PluginManage:359 - Loaded plugin projectmanager (category:projectmanager,tabindex:3)
2023-12-12 22:25:05,542 [INFO] PluginManage:310 - Check plugin thirdparty
2023-12-12 22:25:05,837 [INFO] PluginManage:359 - Loaded plugin thirdparty (category:base,tabindex:-1)
2023-12-12 22:25:05,837 [WARN] IntegrityCheckThread:84 - waiting for thirdparty lock release [integrity check]
2023-12-12 22:25:05,839 [INFO] IntegrityCheckThread:86 - entering critical section [integrity check]
2023-12-12 22:25:05,839 [INFO] PluginManage:310 - Check plugin tools
2023-12-12 22:25:05,839 [INFO] ThirdPartyUpdaterWithRetryManager:70 - Updater plugin not ready yet. [1/15]
2023-12-12 22:25:05,866 [INFO] PluginManage:359 - Loaded plugin tools (category:base,tabindex:7)
2023-12-12 22:25:05,866 [INFO] PluginManage:310 - Check plugin tutovideos
2023-12-12 22:25:06,075 [INFO] PluginManage:359 - Loaded plugin tutovideos (category:base,tabindex:-1)
2023-12-12 22:25:06,076 [INFO] PluginManage:310 - Check plugin updater
2023-12-12 22:25:06,088 [INFO] PluginManage:359 - Loaded plugin updater (category:base,tabindex:12)
2023-12-12 22:25:06,088 [INFO] PluginManage:310 - Check plugin userauth
2023-12-12 22:25:06,095 [INFO] UserAuth:113 - Init User Auth plugin
2023-12-12 22:25:06,095 [INFO] PluginManage:359 - Loaded plugin userauth (category:base,tabindex:14)
2023-12-12 22:25:06,095 [INFO] PluginManage:283 - PluginManage : Loaded plugins [17]
2023-12-12 22:25:06,375 [INFO] PinOutPanel:1499 - setPackage(No Configuration,No Configuration)
2023-12-12 22:25:06,513 [INFO] CADModel:165 - CPN selected for project level
2023-12-12 22:25:06,513 [INFO] CADModel:114 - Register for checkConnection events
2023-12-12 22:25:06,543 [INFO] IPUIPlugin:80 - create IPUIPlugin
2023-12-12 22:25:06,543 [INFO] PluginManager:220 - loadIPPluginJar : add adc
2023-12-12 22:25:06,574 [INFO] IPUIPlugin:80 - create IPUIPlugin
2023-12-12 22:25:06,574 [INFO] PluginManager:220 - loadIPPluginJar : add aes
2023-12-12 22:25:06,612 [INFO] IPUIPlugin:80 - create IPUIPlugin
2023-12-12 22:25:06,612 [INFO] PluginManager:220 - loadIPPluginJar : add can
2023-12-12 22:25:06,634 [INFO] IPUIPlugin:80 - create IPUIPlugin
2023-12-12 22:25:06,635 [INFO] PluginManager:220 - loadIPPluginJar : add comp
2023-12-12 22:25:06,663 [INFO] IPUIPlugin:80 - create IPUIPlugin
2023-12-12 22:25:06,663 [INFO] PluginManager:220 - loadIPPluginJar : add cryp
2023-12-12 22:25:06,690 [INFO] IPUIPlugin:80 - create IPUIPlugin
2023-12-12 22:25:06,690 [INFO] PluginManager:220 - loadIPPluginJar : add dfsdm
2023-12-12 22:25:06,706 [INFO] IPUIPlugin:80 - create IPUIPlugin
2023-12-12 22:25:06,706 [INFO] PluginManager:220 - loadIPPluginJar : add dma
2023-12-12 22:25:06,741 [INFO] IPUIPlugin:80 - create IPUIPlugin
2023-12-12 22:25:06,741 [INFO] PluginManager:220 - loadIPPluginJar : add dma3
2023-12-12 22:25:06,759 [INFO] IPUIPlugin:80 - create IPUIPlugin
2023-12-12 22:25:06,759 [INFO] PluginManager:220 - loadIPPluginJar : add fatfs
2023-12-12 22:25:06,798 [INFO] IPUIPlugin:80 - create IPUIPlugin
2023-12-12 22:25:06,798 [INFO] PluginManager:220 - loadIPPluginJar : add fmc
2023-12-12 22:25:06,813 [INFO] IPUIPlugin:80 - create IPUIPlugin
2023-12-12 22:25:06,813 [INFO] PluginManager:220 - loadIPPluginJar : add freertos
2023-12-12 22:25:06,832 [INFO] IPUIPlugin:80 - create IPUIPlugin
2023-12-12 22:25:06,832 [INFO] PluginManager:220 - loadIPPluginJar : add genericplugin
2023-12-12 22:25:06,905 [INFO] IPUIPlugin:80 - create IPUIPlugin
2023-12-12 22:25:06,905 [INFO] PluginManager:220 - loadIPPluginJar : add gfxmmu
2023-12-12 22:25:07,008 [INFO] IPUIPlugin:80 - create IPUIPlugin
2023-12-12 22:25:07,008 [INFO] PluginManager:220 - loadIPPluginJar : add gic
2023-12-12 22:25:07,024 [INFO] IPUIPlugin:80 - create IPUIPlugin
2023-12-12 22:25:07,024 [INFO] PluginManager:220 - loadIPPluginJar : add gpio
2023-12-12 22:25:07,098 [INFO] IPUIPlugin:80 - create IPUIPlugin
2023-12-12 22:25:07,098 [INFO] PluginManager:220 - loadIPPluginJar : add gtzc
2023-12-12 22:25:07,126 [INFO] IPUIPlugin:80 - create IPUIPlugin
2023-12-12 22:25:07,126 [INFO] PluginManager:220 - loadIPPluginJar : add hash
2023-12-12 22:25:07,168 [INFO] IPUIPlugin:80 - create IPUIPlugin
2023-12-12 22:25:07,168 [INFO] PluginManager:220 - loadIPPluginJar : add i2c
2023-12-12 22:25:07,200 [INFO] IPUIPlugin:80 - create IPUIPlugin
2023-12-12 22:25:07,200 [INFO] PluginManager:220 - loadIPPluginJar : add i2s
2023-12-12 22:25:07,234 [INFO] IPUIPlugin:80 - create IPUIPlugin
2023-12-12 22:25:07,234 [INFO] PluginManager:220 - loadIPPluginJar : add i3c
2023-12-12 22:25:07,320 [INFO] IPUIPlugin:80 - create IPUIPlugin
2023-12-12 22:25:07,320 [INFO] PluginManager:220 - loadIPPluginJar : add ipddr
2023-12-12 22:25:07,393 [INFO] IPUIPlugin:80 - create IPUIPlugin
2023-12-12 22:25:07,393 [INFO] PluginManager:220 - loadIPPluginJar : add linkedlist
2023-12-12 22:25:07,424 [INFO] IPUIPlugin:80 - create IPUIPlugin
2023-12-12 22:25:07,424 [INFO] PluginManager:220 - loadIPPluginJar : add lorawan
2023-12-12 22:25:07,455 [INFO] IPUIPlugin:80 - create IPUIPlugin
2023-12-12 22:25:07,456 [INFO] PluginManager:220 - loadIPPluginJar : add ltdc
2023-12-12 22:25:07,470 [INFO] IPUIPlugin:80 - create IPUIPlugin
2023-12-12 22:25:07,470 [INFO] PluginManager:220 - loadIPPluginJar : add mdma
2023-12-12 22:25:07,483 [INFO] IPUIPlugin:80 - create IPUIPlugin
2023-12-12 22:25:07,483 [INFO] PluginManager:220 - loadIPPluginJar : add nvic
2023-12-12 22:25:07,514 [INFO] IPUIPlugin:80 - create IPUIPlugin
2023-12-12 22:25:07,514 [INFO] PluginManager:220 - loadIPPluginJar : add opamp
2023-12-12 22:25:07,562 [INFO] IPUIPlugin:80 - create IPUIPlugin
2023-12-12 22:25:07,563 [INFO] PluginManager:220 - loadIPPluginJar : add openamp
2023-12-12 22:25:07,599 [INFO] IPUIPlugin:80 - create IPUIPlugin
2023-12-12 22:25:07,599 [INFO] PluginManager:220 - loadIPPluginJar : add pdm2pcm
2023-12-12 22:25:07,614 [INFO] IPUIPlugin:80 - create IPUIPlugin
2023-12-12 22:25:07,616 [INFO] PluginManager:220 - loadIPPluginJar : add plateformsettings
2023-12-12 22:25:07,635 [INFO] IPUIPlugin:80 - create IPUIPlugin
2023-12-12 22:25:07,635 [INFO] PluginManager:220 - loadIPPluginJar : add quadspi
2023-12-12 22:25:07,649 [INFO] IPUIPlugin:80 - create IPUIPlugin
2023-12-12 22:25:07,649 [INFO] PluginManager:220 - loadIPPluginJar : add resmgrutility
2023-12-12 22:25:07,692 [INFO] IPUIPlugin:80 - create IPUIPlugin
2023-12-12 22:25:07,692 [INFO] PluginManager:220 - loadIPPluginJar : add sai
2023-12-12 22:25:07,728 [INFO] IPUIPlugin:80 - create IPUIPlugin
2023-12-12 22:25:07,728 [INFO] PluginManager:220 - loadIPPluginJar : add spi
2023-12-12 22:25:07,781 [INFO] IPUIPlugin:80 - create IPUIPlugin
2023-12-12 22:25:07,781 [INFO] PluginManager:220 - loadIPPluginJar : add stm32_wpan
2023-12-12 22:25:07,805 [INFO] IPUIPlugin:80 - create IPUIPlugin
2023-12-12 22:25:07,805 [INFO] PluginManager:220 - loadIPPluginJar : add tim
2023-12-12 22:25:07,852 [INFO] IPUIPlugin:80 - create IPUIPlugin
2023-12-12 22:25:07,852 [INFO] PluginManager:220 - loadIPPluginJar : add touchsensing
2023-12-12 22:25:07,872 [INFO] IPUIPlugin:80 - create IPUIPlugin
2023-12-12 22:25:07,872 [INFO] PluginManager:220 - loadIPPluginJar : add tracer_emb
2023-12-12 22:25:07,892 [INFO] IPUIPlugin:80 - create IPUIPlugin
2023-12-12 22:25:07,892 [INFO] PluginManager:220 - loadIPPluginJar : add ts
2023-12-12 22:25:07,911 [INFO] IPUIPlugin:80 - create IPUIPlugin
2023-12-12 22:25:07,911 [INFO] PluginManager:220 - loadIPPluginJar : add tsc
2023-12-12 22:25:07,930 [INFO] IPUIPlugin:80 - create IPUIPlugin
2023-12-12 22:25:07,930 [INFO] PluginManager:220 - loadIPPluginJar : add ucpd
2023-12-12 22:25:07,972 [INFO] IPUIPlugin:80 - create IPUIPlugin
2023-12-12 22:25:07,973 [INFO] PluginManager:220 - loadIPPluginJar : add usart
2023-12-12 22:25:08,011 [INFO] IPUIPlugin:80 - create IPUIPlugin
2023-12-12 22:25:08,011 [INFO] PluginManager:220 - loadIPPluginJar : add usbx
2023-12-12 22:25:08,139 [INFO] CADModel:165 - CPN selected for project level
2023-12-12 22:25:08,140 [INFO] CADModel:114 - Register for checkConnection events
2023-12-12 22:25:08,140 [FATAL] Updater:308 - Updater called before beeing initialized
2023-12-12 22:25:08,140 [ERROR] CADModel:125 - Updater not yet initialized, retry later 
2023-12-12 22:25:08,328 [INFO] CADModel:165 - CPN selected for project level
2023-12-12 22:25:08,328 [INFO] CADModel:114 - Register for checkConnection events
2023-12-12 22:25:08,328 [FATAL] Updater:308 - Updater called before beeing initialized
2023-12-12 22:25:08,328 [ERROR] CADModel:125 - Updater not yet initialized, retry later 
2023-12-12 22:25:08,332 [FATAL] Updater:308 - Updater called before beeing initialized
2023-12-12 22:25:08,463 [FATAL] Updater:308 - Updater called before beeing initialized
2023-12-12 22:25:08,476 [INFO] DbMcusAds:53 - JSON generation date=Wed Nov 29 17:52:38 ICT 2023 (1701255158764)
2023-12-12 22:25:08,476 [FATAL] Updater:308 - Updater called before beeing initialized
2023-12-12 22:25:08,573 [WARN] DetailPanel:346 - Failed to get advertising image, set to default
2023-12-12 22:25:08,674 [FATAL] Updater:308 - Updater called before beeing initialized
2023-12-12 22:25:08,675 [FATAL] Updater:308 - Updater called before beeing initialized
2023-12-12 22:25:08,675 [FATAL] Updater:308 - Updater called before beeing initialized
2023-12-12 22:25:08,676 [WARN] DetailPanel:346 - Failed to get advertising image, set to default
2023-12-12 22:25:08,677 [FATAL] Updater:308 - Updater called before beeing initialized
2023-12-12 22:25:08,733 [ERROR] Updater:1120 - MainUpdater not yet initialized. External WinMGr cannot be set.
2023-12-12 22:25:08,744 [INFO] Updater:1056 - Updater Version found : 6.9.2
2023-12-12 22:25:08,763 [INFO] ApplicationProperties:184 - Using Application install path: C:\ST\STM32CubeIDE_1.13.2\STM32CubeIDE\plugins\com.st.stm32cube.common.mx_6.9.2.202309101412
2023-12-12 22:25:08,839 [INFO] ThirdPartyUpdaterWithRetryManager:70 - Updater plugin not ready yet. [2/15]
2023-12-12 22:25:09,092 [INFO] MainUpdater:2868 - connection check result : 10
2023-12-12 22:25:09,093 [INFO] MainUpdater:285 - Updater Check For Update Now.
2023-12-12 22:25:09,093 [INFO] MicroXplorer:498 - Change Database Version : DB.6.0.92
2023-12-12 22:25:09,114 [INFO] McuFinderGlobals:63 - Set McuFinder mode to 2 (CubeIDE integrated)
2023-12-12 22:25:09,287 [INFO] CheckServerUpdateThread:120 - End of CheckServer Thread
2023-12-12 22:25:12,127 [WARN] PackLoader:240 - Cannot read IP mode file for STMicroelectronics.X-CUBE-SMBUS.2.1.0
2023-12-12 22:25:12,168 [WARN] PackLoader:240 - Cannot read IP mode file for STMicroelectronics.X-CUBE-AZRTOS-F7.1.1.0
2023-12-12 22:25:12,185 [ERROR] RealEvaluatedCondition:428 - Found unsupported composite condition: GROUP='STM32_MetaDataManager' CLASS='Data Exchange'
2023-12-12 22:25:12,185 [ERROR] RealEvaluatedCondition:428 - Found unsupported composite condition: GROUP='STM32_MetaDataManager' CLASS='Data Exchange'
2023-12-12 22:25:12,186 [WARN] PackLoader:240 - Cannot read IP mode file for STMicroelectronics.FP-SNS-MOTENV1.4.3.0
2023-12-12 22:25:12,201 [WARN] PackLoader:240 - Cannot read IP mode file for STMicroelectronics.FP-SNS-MOTENV1.4.3.2
2023-12-12 22:25:12,216 [WARN] PackLoader:240 - Cannot read IP mode file for STMicroelectronics.FP-SNS-FLIGHT1.5.0.0
2023-12-12 22:25:12,229 [ERROR] RealEvaluatedCondition:428 - Found unsupported composite condition: CLASS='Data Exchange' GROUP='STM32_MetaDataManager'
2023-12-12 22:25:12,229 [ERROR] RealEvaluatedCondition:428 - Found unsupported composite condition: GROUP='STM32_MetaDataManager' CLASS='Data Exchange'
2023-12-12 22:25:12,231 [WARN] PackLoader:240 - Cannot read IP mode file for STMicroelectronics.FP-SNS-MOTENV1.4.3.1
2023-12-12 22:25:12,245 [WARN] PackLoader:240 - Cannot read IP mode file for STMicroelectronics.FP-SNS-FLIGHT1.5.0.1
2023-12-12 22:25:12,264 [WARN] PackLoader:240 - Cannot read IP mode file for STMicroelectronics.X-CUBE-BLE1.6.2.4
2023-12-12 22:25:12,279 [WARN] PackLoader:240 - Cannot read IP mode file for STMicroelectronics.FP-SNS-FLIGHT1.5.0.2
2023-12-12 22:25:12,295 [WARN] PackLoader:240 - Cannot read IP mode file for STMicroelectronics.X-CUBE-DISPLAY.3.0.0
2023-12-12 22:25:12,311 [WARN] PackLoader:240 - Cannot read IP mode file for STMicroelectronics.X-CUBE-BLE1.7.0.0
2023-12-12 22:25:12,327 [WARN] PackLoader:240 - Cannot read IP mode file for emotas.I-CUBE-CANOPEN.1.3.0
2023-12-12 22:25:12,341 [WARN] PackLoader:240 - Cannot read IP mode file for STMicroelectronics.X-CUBE-TOUCHGFX.4.22.0
2023-12-12 22:25:12,352 [WARN] PackLoader:240 - Cannot read IP mode file for STMicroelectronics.X-CUBE-TOUCHGFX.4.22.1
2023-12-12 22:25:12,367 [WARN] PackLoader:240 - Cannot read IP mode file for STMicroelectronics.FP-SNS-SMARTAG2.1.2.0
2023-12-12 22:25:12,389 [INFO] LogOutputStream:77 - [STDOUT_REDIRECT] 1 : Invalid condition id : UX_CORESTACK_Condition cause : null
2023-12-12 22:25:12,389 [INFO] LogOutputStream:77 - [STDOUT_REDIRECT] 1 : Invalid condition id : UX_CORESTACK_Condition cause : null
2023-12-12 22:25:12,390 [INFO] LogOutputStream:77 - [STDOUT_REDIRECT] 1 : Invalid condition id : UX_CORESTACK_Condition cause : null
2023-12-12 22:25:12,391 [INFO] LogOutputStream:77 - [STDOUT_REDIRECT] 1 : Invalid condition id : UX_CORESTACK_Condition cause : null
2023-12-12 22:25:12,391 [INFO] LogOutputStream:77 - [STDOUT_REDIRECT] 1 : Invalid condition id : UX_CORESTACK_Condition cause : null
2023-12-12 22:25:12,394 [WARN] PackLoader:240 - Cannot read IP mode file for STMicroelectronics.X-CUBE-AZRTOS-WL.2.0.0
2023-12-12 22:25:12,413 [WARN] PackLoader:240 - Cannot read IP mode file for WES.I-CUBE-Cesium.1.3.0
2023-12-12 22:25:12,428 [WARN] PackLoader:240 - Cannot read IP mode file for STMicroelectronics.X-CUBE-BLE2.3.3.0
2023-12-12 22:25:12,449 [WARN] PackLoader:240 - Cannot read IP mode file for STMicroelectronics.X-CUBE-TOF1.3.2.0
2023-12-12 22:25:12,466 [WARN] PackLoader:240 - Cannot read IP mode file for STMicroelectronics.X-CUBE-TOUCHGFX.4.21.1
2023-12-12 22:25:12,478 [WARN] PackLoader:240 - Cannot read IP mode file for STMicroelectronics.X-CUBE-TOUCHGFX.4.21.3
2023-12-12 22:25:12,491 [WARN] PackLoader:240 - Cannot read IP mode file for STMicroelectronics.X-CUBE-TOUCHGFX.4.21.4
2023-12-12 22:25:12,506 [WARN] PackLoader:240 - Cannot read IP mode file for STMicroelectronics.X-CUBE-ALGOBUILD.1.3.0
2023-12-12 22:25:12,540 [WARN] PackLoader:240 - Cannot read IP mode file for STMicroelectronics.X-CUBE-AZRTOS-G0.1.1.0
2023-12-12 22:25:12,559 [WARN] PackLoader:240 - Cannot read IP mode file for STMicroelectronics.X-CUBE-NFC4.3.0.0
2023-12-12 22:25:12,580 [WARN] PackLoader:240 - Cannot read IP mode file for STMicroelectronics.X-CUBE-BLEMGR.3.0.0
2023-12-12 22:25:12,597 [WARN] PackLoader:240 - Cannot read IP mode file for STMicroelectronics.FP-ATR-SIGFOX1.3.2.0
2023-12-12 22:25:12,656 [WARN] PackLoader:240 - Cannot read IP mode file for STMicroelectronics.X-CUBE-MEMS1.9.5.0
2023-12-12 22:25:12,796 [WARN] PackLoader:240 - Cannot read IP mode file for SEGGER.I-CUBE-embOS.1.3.1
2023-12-12 22:25:12,852 [WARN] PackLoader:240 - Cannot read IP mode file for STMicroelectronics.X-CUBE-GNSS1.6.0.0
2023-12-12 22:25:12,897 [WARN] PackLoader:240 - Cannot read IP mode file for STMicroelectronics.X-CUBE-AZRTOS-F4.1.1.0
2023-12-12 22:25:12,921 [WARN] PackLoader:240 - Cannot read IP mode file for wolfSSL.I-CUBE-wolfSSL.5.6.4
2023-12-12 22:25:12,957 [WARN] PackLoader:240 - Cannot read IP mode file for STMicroelectronics.X-CUBE-AZRTOS-L5.2.0.0
2023-12-12 22:25:13,013 [WARN] PackLoader:240 - Cannot read IP mode file for STMicroelectronics.X-CUBE-MEMS1.9.6.0
2023-12-12 22:25:13,141 [WARN] PackLoader:240 - Cannot read IP mode file for STMicroelectronics.X-CUBE-EEPRMA1.4.2.0
2023-12-12 22:25:13,158 [WARN] PackLoader:240 - Cannot read IP mode file for ITTIA_DB.I-CUBE-ITTIADB.8.8.0
2023-12-12 22:25:13,176 [WARN] PackLoader:240 - Cannot read IP mode file for emotas.I-CUBE-CANOPEN.1.1.3
2023-12-12 22:25:13,191 [WARN] PackLoader:240 - Cannot read IP mode file for STMicroelectronics.X-CUBE-BLEMGR.2.0.0
2023-12-12 22:25:13,220 [WARN] ConditionMgr:438 - getConditionDescription Invalid condition id : UX DEVICE CLASS RTOS Condition cause : null
2023-12-12 22:25:13,220 [WARN] ConditionMgr:438 - getConditionDescription Invalid condition id : UX DEVICE CLASS RTOS Condition cause : null
2023-12-12 22:25:13,222 [WARN] PackLoader:240 - Cannot read IP mode file for STMicroelectronics.X-CUBE-AZRTOS-H7.3.1.0
2023-12-12 22:25:13,223 [WARN] ConditionMgr:1039 - genDependencies : Invalid condition id : UX DEVICE CLASS RTOS Condition cause : null
2023-12-12 22:25:13,224 [WARN] ConditionMgr:1039 - genDependencies : Invalid condition id : UX DEVICE CLASS RTOS Condition cause : null
2023-12-12 22:25:13,224 [WARN] ConditionMgr:1039 - genDependencies : Invalid condition id : UX DEVICE CLASS RTOS Condition cause : null
2023-12-12 22:25:13,224 [WARN] ConditionMgr:1039 - genDependencies : Invalid condition id : UX DEVICE CLASS RTOS Condition cause : null
2023-12-12 22:25:13,224 [WARN] ConditionMgr:1039 - genDependencies : Invalid condition id : UX DEVICE CLASS RTOS Condition cause : null
2023-12-12 22:25:13,240 [WARN] PackLoader:240 - Cannot read IP mode file for wolfSSL.I-CUBE-wolfSSL.5.5.4
2023-12-12 22:25:13,258 [WARN] PackLoader:240 - Cannot read IP mode file for STMicroelectronics.X-CUBE-NFC7.1.0.1
2023-12-12 22:25:13,274 [WARN] PackLoader:240 - Cannot read IP mode file for STMicroelectronics.X-CUBE-NFC7.1.0.0
2023-12-12 22:25:13,297 [WARN] PackLoader:240 - Cannot read IP mode file for STMicroelectronics.X-CUBE-NFC6.3.0.0
2023-12-12 22:25:13,314 [WARN] PackLoader:240 - Cannot read IP mode file for STMicroelectronics.X-CUBE-EEPRMA1.4.1.0
2023-12-12 22:25:13,332 [WARN] PackLoader:240 - Cannot read IP mode file for STMicroelectronics.X-CUBE-AI.8.1.0
2023-12-12 22:25:13,365 [WARN] ConditionMgr:438 - getConditionDescription Invalid condition id : LAN8742 Phy interface Condition cause : null
2023-12-12 22:25:13,366 [WARN] PackLoader:240 - Cannot read IP mode file for STMicroelectronics.X-CUBE-AZRTOS-L4.2.0.0
2023-12-12 22:25:13,367 [WARN] ConditionMgr:1039 - genDependencies : Invalid condition id : LAN8742 Phy interface Condition cause : null
2023-12-12 22:25:13,368 [WARN] ConditionMgr:1039 - genDependencies : Invalid condition id : LAN8742 Phy interface Condition cause : null
2023-12-12 22:25:13,368 [WARN] ConditionMgr:1039 - genDependencies : Invalid condition id : LAN8742 Phy interface Condition cause : null
2023-12-12 22:25:13,389 [WARN] PackLoader:240 - Cannot read IP mode file for STMicroelectronics.X-CUBE-SFXS2LP1.4.0.0
2023-12-12 22:25:13,438 [WARN] PackLoader:240 - Cannot read IP mode file for STMicroelectronics.X-CUBE-AZRTOS-H7.3.0.0
2023-12-12 22:25:13,462 [WARN] PackLoader:240 - Cannot read IP mode file for STMicroelectronics.X-CUBE-ISPU.1.1.0
2023-12-12 22:25:13,487 [WARN] PackLoader:240 - Cannot read IP mode file for RoweBots.I-CUBE-UNISONRTOS.5.5.0-4
2023-12-12 22:25:13,515 [WARN] PackLoader:240 - Cannot read IP mode file for STMicroelectronics.X-CUBE-AI.8.0.0
2023-12-12 22:25:13,548 [WARN] ConditionMgr:438 - getConditionDescription Invalid condition id : UX DEVICE CLASS RTOS Condition cause : null
2023-12-12 22:25:13,550 [WARN] ConditionMgr:438 - getConditionDescription Invalid condition id : UX DEVICE CLASS RTOS Condition cause : null
2023-12-12 22:25:13,552 [WARN] PackLoader:240 - Cannot read IP mode file for STMicroelectronics.X-CUBE-AZRTOS-WB.2.0.0
2023-12-12 22:25:13,552 [WARN] ConditionMgr:1039 - genDependencies : Invalid condition id : UX DEVICE CLASS RTOS Condition cause : null
2023-12-12 22:25:13,552 [WARN] ConditionMgr:1039 - genDependencies : Invalid condition id : UX DEVICE CLASS RTOS Condition cause : null
2023-12-12 22:25:13,553 [WARN] ConditionMgr:1039 - genDependencies : Invalid condition id : UX DEVICE CLASS RTOS Condition cause : null
2023-12-12 22:25:13,553 [WARN] ConditionMgr:1039 - genDependencies : Invalid condition id : UX DEVICE CLASS RTOS Condition cause : null
2023-12-12 22:25:13,553 [WARN] ConditionMgr:1039 - genDependencies : Invalid condition id : UX DEVICE CLASS RTOS Condition cause : null
2023-12-12 22:25:13,570 [WARN] PackLoader:240 - Cannot read IP mode file for STMicroelectronics.X-CUBE-FREERTOS.1.0.0
2023-12-12 22:25:13,585 [WARN] PackLoader:240 - Cannot read IP mode file for STMicroelectronics.X-CUBE-FREERTOS.1.0.1
2023-12-12 22:25:13,610 [WARN] PackLoader:240 - Cannot read IP mode file for STMicroelectronics.X-CUBE-AZRTOS-L5.1.1.0
2023-12-12 22:25:13,625 [WARN] PackLoader:240 - Cannot read IP mode file for STMicroelectronics.X-CUBE-AI.8.0.1
2023-12-12 22:25:13,645 [WARN] PackLoader:240 - Cannot read IP mode file for STMicroelectronics.X-CUBE-SUBG2.5.0.0
2023-12-12 22:25:13,675 [WARN] PackLoader:240 - Cannot read IP mode file for STMicroelectronics.X-CUBE-TOF1.3.3.1
2023-12-12 22:25:13,708 [WARN] PackLoader:240 - Cannot read IP mode file for STMicroelectronics.X-CUBE-AZRTOS-G4.2.0.0
2023-12-12 22:25:13,732 [WARN] PackLoader:240 - Cannot read IP mode file for STMicroelectronics.X-CUBE-TOF1.3.3.0
2023-12-12 22:25:13,758 [WARN] PackLoader:240 - Cannot read IP mode file for STMicroelectronics.FP-ATR-ASTRA1.1.1.1
2023-12-12 22:25:13,788 [WARN] PackLoader:240 - Cannot read IP mode file for Infineon.AIROC-Wi-Fi-Bluetooth-STM32.1.5.1
2023-12-12 22:25:13,807 [WARN] PackLoader:240 - Cannot read IP mode file for STMicroelectronics.FP-SNS-MOTENVWB1.1.3.0
2023-12-12 22:25:13,822 [WARN] PackLoader:240 - Cannot read IP mode file for STMicroelectronics.FP-SNS-MOTENVWB1.1.3.1
2023-12-12 22:25:13,858 [WARN] PackLoader:240 - Cannot read IP mode file for STMicroelectronics.X-CUBE-AZRTOS-G4.1.0.0
2023-12-12 22:25:13,897 [WARN] PackLoader:240 - Cannot read IP mode file for STMicroelectronics.X-CUBE-AZRTOS-L4.1.0.0
2023-12-12 22:25:13,912 [WARN] PackLoader:240 - Cannot read IP mode file for STMicroelectronics.X-CUBE-ISPU.2.0.0
2023-12-12 22:25:13,960 [WARN] PackLoader:240 - Cannot read IP mode file for STMicroelectronics.X-CUBE-MEMS1.10.0.0
2023-12-12 22:25:14,053 [WARN] PackLoader:240 - Cannot read IP mode file for STMicroelectronics.X-CUBE-FREERTOS.1.1.0
2023-12-12 22:25:14,079 [WARN] PackLoader:240 - Cannot read IP mode file for STMicroelectronics.X-CUBE-AZRTOS-WL.1.0.0
2023-12-12 22:25:14,101 [WARN] PackLoader:240 - Cannot read IP mode file for portGmbH.I-Cube-SoM-uGOAL.1.1.0
2023-12-12 22:25:14,118 [WARN] PackLoader:240 - Cannot read IP mode file for STMicroelectronics.X-CUBE-ALS.1.0.1
2023-12-12 22:25:14,154 [WARN] PackLoader:240 - Cannot read IP mode file for STMicroelectronics.X-CUBE-AZRTOS-WB.1.1.0
2023-12-12 22:25:14,174 [WARN] PackLoader:240 - Cannot read IP mode file for STMicroelectronics.FP-ATR-ASTRA1.2.0.0
2023-12-12 22:25:14,202 [WARN] PackLoader:240 - Cannot read IP mode file for STMicroelectronics.X-CUBE-TOF1.3.4.0
2023-12-12 22:25:14,252 [WARN] PackLoader:240 - Cannot read IP mode file for STMicroelectronics.X-CUBE-AZRTOS-H7.3.2.0
2023-12-12 22:25:14,257 [INFO] ThirdParty:978 - Integrity check success = true
2023-12-12 22:25:14,257 [INFO] IntegrityCheckThread:100 - exiting critical section [integrity check]
2023-12-12 22:25:14,257 [INFO] IntegrityCheckThread:103 - End integrity checks thread
2023-12-12 22:25:15,526 [INFO] McuFinderGlobals:63 - Set McuFinder mode to 2 (CubeIDE integrated)
2023-12-12 22:25:15,554 [INFO] MainUpdater:2868 - connection check result : 10
2023-12-12 22:25:15,561 [INFO] MainUpdater:2868 - connection check result : 10
2023-12-12 22:25:15,754 [INFO] MicroXplorer:468 - Change Database Path : 
2023-12-12 22:25:15,755 [INFO] MicroXplorer:498 - Change Database Version : DB.6.0.92
2023-12-12 22:25:15,758 [WARN] ThirdParty:871 - waiting for thirdparty lock release [close project]
2023-12-12 22:25:15,758 [INFO] ThirdParty:873 - entering critical section [close project]
2023-12-12 22:25:15,759 [INFO] ThirdParty:883 - exiting critical section [close project]
2023-12-12 22:25:15,760 [INFO] PinOutPanel:1499 - setPackage(No Configuration,No Configuration)
2023-12-12 22:25:15,764 [INFO] UtilMem:75 - Begin LoadConfig() Used Memory: 194505576 Bytes (489684992)
2023-12-12 22:25:15,764 [INFO] MicroXplorer:468 - Change Database Path : 
2023-12-12 22:25:15,764 [INFO] MicroXplorer:498 - Change Database Version : DB.6.0.92
2023-12-12 22:25:15,765 [INFO] OpenFileManager:308 - Change cursor
2023-12-12 22:25:15,795 [INFO] Mcu:1946 - Initializing MCU STM32F103C(8-B)Tx STM32F103C8Tx STM32F103C8T6
2023-12-12 22:25:16,703 [INFO] Context:659 - Trying to add GPIOservice into a context  which must be forbidden
2023-12-12 22:25:17,101 [INFO] RtosManager:555 - Registered RTOS mode: class=CMSIS, group=RTOS, mode=CMSIS_V1, owner=FREERTOS
2023-12-12 22:25:17,101 [INFO] RtosManager:555 - Registered RTOS mode: class=CMSIS, group=RTOS2, mode=CMSIS_V2, owner=FREERTOS
2023-12-12 22:25:17,101 [INFO] RtosManager:555 - Registered RTOS mode: class=RTOS, group=Core, mode=CMSIS_V1, owner=FREERTOS
2023-12-12 22:25:17,101 [INFO] RtosManager:555 - Registered RTOS mode: class=RTOS, group=Core, mode=CMSIS_V2, owner=FREERTOS
2023-12-12 22:25:17,102 [WARN] ModelIntegratedComponent:184 - Missing modes for component STMicroelectronics:FreeRTOS:0.0.1:STMicroelectronics:RTOS:FreeRTOS:Core:::10.2.0:
2023-12-12 22:25:17,120 [WARN] ModelIntegratedComponent:63 - No mode defined for component null
2023-12-12 22:25:17,120 [WARN] ModelIntegratedComponent:63 - No mode defined for component null
2023-12-12 22:25:17,120 [WARN] ModelIntegratedComponent:63 - No mode defined for component null
2023-12-12 22:25:17,120 [WARN] ModelIntegratedComponent:63 - No mode defined for component null
2023-12-12 22:25:17,120 [WARN] ModelIntegratedComponent:63 - No mode defined for component null
2023-12-12 22:25:17,120 [WARN] ModelIntegratedComponent:63 - No mode defined for component null
2023-12-12 22:25:17,120 [WARN] ModelIntegratedComponent:63 - No mode defined for component null
2023-12-12 22:25:17,121 [WARN] ModelIntegratedComponent:63 - No mode defined for component null
2023-12-12 22:25:17,121 [WARN] ModelIntegratedComponent:63 - No mode defined for component null
2023-12-12 22:25:17,121 [WARN] ModelIntegratedComponent:63 - No mode defined for component null
2023-12-12 22:25:17,121 [WARN] ModelIntegratedComponent:63 - No mode defined for component null
2023-12-12 22:25:17,121 [WARN] ModelIntegratedComponent:63 - No mode defined for component null
2023-12-12 22:25:17,121 [WARN] ModelIntegratedComponent:63 - No mode defined for component null
2023-12-12 22:25:17,121 [WARN] ModelIntegratedComponent:63 - No mode defined for component null
2023-12-12 22:25:17,121 [WARN] ModelIntegratedComponent:63 - No mode defined for component null
2023-12-12 22:25:17,121 [WARN] ModelIntegratedComponent:63 - No mode defined for component null
2023-12-12 22:25:17,121 [WARN] ModelIntegratedComponent:63 - No mode defined for component null
2023-12-12 22:25:17,121 [WARN] ModelIntegratedComponent:63 - No mode defined for component null
2023-12-12 22:25:17,121 [WARN] ModelIntegratedComponent:63 - No mode defined for component null
2023-12-12 22:25:17,121 [WARN] ModelIntegratedComponent:63 - No mode defined for component null
2023-12-12 22:25:17,121 [WARN] ModelIntegratedComponent:63 - No mode defined for component null
2023-12-12 22:25:17,121 [WARN] ModelIntegratedComponent:63 - No mode defined for component null
2023-12-12 22:25:17,121 [WARN] ModelIntegratedComponent:63 - No mode defined for component null
2023-12-12 22:25:17,121 [WARN] ModelIntegratedComponent:63 - No mode defined for component null
2023-12-12 22:25:17,121 [WARN] ModelIntegratedComponent:63 - No mode defined for component null
2023-12-12 22:25:17,121 [WARN] ModelIntegratedComponent:63 - No mode defined for component null
2023-12-12 22:25:17,122 [WARN] ModelIntegratedComponent:63 - No mode defined for component null
2023-12-12 22:25:17,122 [WARN] ModelIntegratedComponent:63 - No mode defined for component null
2023-12-12 22:25:17,122 [WARN] ModelIntegratedComponent:63 - No mode defined for component null
2023-12-12 22:25:17,122 [WARN] ModelIntegratedComponent:63 - No mode defined for component null
2023-12-12 22:25:17,122 [WARN] ModelIntegratedComponent:63 - No mode defined for component null
2023-12-12 22:25:17,122 [WARN] ModelIntegratedComponent:63 - No mode defined for component null
2023-12-12 22:25:17,122 [WARN] ModelIntegratedComponent:63 - No mode defined for component null
2023-12-12 22:25:17,261 [INFO] ThirdPartyModel:298 - Start build external matchings
2023-12-12 22:25:18,203 [INFO] ThirdPartyModel:316 - End build external matchings
2023-12-12 22:25:18,232 [INFO] ImportTextPane:194 - (OptionalMessage_ERROR) IP (RCC) : Parameter (ADCFreqValue) has invalid value (36000000)
2023-12-12 22:25:18,232 [INFO] ImportTextPane:194 - (OptionalMessage_ERROR) IP (RCC) : Invalid parameter (FamilyName)
2023-12-12 22:25:18,233 [INFO] ImportTextPane:194 - (OptionalMessage_ERROR) IP (RCC) : Parameter (MCOFreq_Value) has invalid value (72000000)
2023-12-12 22:25:18,233 [INFO] ImportTextPane:194 - (OptionalMessage_ERROR) IP (RCC) : Parameter (USBFreq_Value) has invalid value (72000000)
2023-12-12 22:25:18,429 [INFO] UtilMem:75 - End LoadConfig() Used Memory: 186981304 Bytes (489684992)
2023-12-12 22:25:18,538 [INFO] ApiDb:581 - Connected to CubeFinder SQLite database (C:\Users\nhakh\.stmcufinder\plugins\mcufinder\mcu\cube-finder-db.db)
2023-12-12 22:25:18,647 [INFO] ApiDb:668 - CubeFinder database Data Model version=2.1
2023-12-12 22:25:18,647 [INFO] ApiDb:669 - CubeFinder database Configuration version=3.0.39
2023-12-12 22:25:18,647 [INFO] ApiDb:670 - CubeFinder database generation date=2023-11-06 (1699269565)
2023-12-12 22:25:18,647 [INFO] ApiDb:671 - CubeFinder database FW Pack versions=[FP-ATR-ASTRA1_V2.0.0, FP-SNS-FLIGHT1_V5.0.1, FP-SNS-FLIGHT1_V5.0.2, FP-SNS-MOTENV1_V4.3.1, FP-SNS-MOTENV1_V4.3.2, FP-SNS-MOTENVWB1_V1.3.0, FP-SNS-SMARTAG2_V1.2.0, STM32Cube_FW_C0_V1.1.0, STM32Cube_FW_F4_V1.28.0, STM32Cube_FW_F7_V1.17.0, STM32Cube_FW_G0_V1.6.1, STM32Cube_FW_G4_V1.5.1, STM32Cube_FW_H5_V0.5.1, STM32Cube_FW_H5_V1.1.1, STM32Cube_FW_H5_V1.2.0RC2, STM32Cube_FW_H7_V1.11.0, STM32Cube_FW_L0_V1.12.2, STM32Cube_FW_L5_V1.5.0, STM32Cube_FW_U5_V1.3.0RC4, STM32Cube_FW_U5_V1.4.0, STM32Cube_FW_WBA_V1.0.0RC1, STM32Cube_FW_WBA_V1.1.0RC1, STM32Cube_FW_WBA_V1.2.0, STM32Cube_FW_WBA_V1.2.0RC2, STM32Cube_FW_WB_V1.15.0RC1, STM32Cube_FW_WB_V1.16.0, STM32Cube_FW_WB_V1.16.0RC2, STM32Cube_FW_WB_V1.18.0, STM32Cube_FW_WL_V1.3.0, X-CUBE-ALGOBUILD_V1.3.0, X-CUBE-ALS_V1.0.1, X-CUBE-AZRTOS-F4_V1.1.0, X-CUBE-AZRTOS-F7_V1.1.0, X-CUBE-AZRTOS-G0_V1.1.0, X-CUBE-AZRTOS-G4_V2.0.0, X-CUBE-AZRTOS-H7_V3.1.0, X-CUBE-AZRTOS-L4_V1.0.0, X-CUBE-AZRTOS-L4_V2.0.0, X-CUBE-AZRTOS-L5_V1.1.0, X-CUBE-AZRTOS-WB_V2.0.0, X-CUBE-AZRTOS-WL_V2.0.0, X-CUBE-BLE1_V7.0.0, X-CUBE-BLE2_V3.3.0, X-CUBE-BLEMGR_V2.0.0, X-CUBE-EEPRMA1_V4.1.0, X-CUBE-EEPRMA1_V4.2.0, X-CUBE-FREERTOS_V1.1.0, X-CUBE-GNSS1_V6.0.0, X-CUBE-MEMS1_V10.0.0, X-CUBE-MEMS1_V9.1.0, X-CUBE-MEMS1_V9.4.0, X-CUBE-MEMS1_V9.6.0, X-CUBE-NFC4_V3.0.0, X-CUBE-NFC7_V1.0.1, X-CUBE-SFXS2LP1_V4.0.0, X-CUBE-SUBG2_V5.0.0, X-CUBE-TOF1_V3.3.1]
2023-12-12 22:25:21,171 [INFO] ApiDb:240 - Found 323 in-development CPN: [B-G473E-ZEST1S, B-WB1M-WPAN1, B-WL5M-SUBG1, NUCLEO-C031C6, NUCLEO-H503RB, NUCLEO-H563ZI, NUCLEO-U545RE-Q, NUCLEO-U5A5ZJ-Q, NUCLEO-WBA52CG, STEVAL-PROTEUS1, STEVAL-SMARTAG2, STEVAL-STWINBX1, STM320518-EVAL, STM32C0116-DK, STM32C011D6Y3TR, STM32C011D6Y6TR, STM32C011F4P3, STM32C011F4P6, STM32C011F4U3, STM32C011F4U6TR, STM32C011F6P3, STM32C011F6P6, STM32C011F6U3, STM32C011F6U6TR, STM32C011J4M3, STM32C011J4M6, STM32C011J6M3, STM32C011J6M6, STM32C0316-DK, STM32C031C4T3, STM32C031C4T6, STM32C031C4U3, STM32C031C4U6, STM32C031C6T3, STM32C031C6T6, STM32C031C6U3, STM32C031C6U6, STM32C031F4P3, STM32C031F4P6, STM32C031F6P3, STM32C031F6P6, STM32C031G4U3, STM32C031G4U6, STM32C031G6U3, STM32C031G6U6, STM32C031K4T3, STM32C031K4T6, STM32C031K4U3, STM32C031K4U6, STM32C031K6T3, STM32C031K6T6, STM32C031K6U3, STM32C031K6U6, STM32G071K8TXN, STM32G071K8UXN, STM32G081GBU6N, STM32G081KBT6N, STM32G081KBUXN, STM32G0B1CCT6N, STM32G0B1KCT6, STM32G0B1NEY6TR, STM32G0B1RCT6N, STM32G0C1CCT6, STM32G0C1CCT6N, STM32G0C1CCU6N, STM32G0C1CET6N, STM32G0C1CEU6N, STM32G0C1KCT6, STM32G0C1NEY6TR, STM32G0C1RCI6N, STM32G0C1RCT6N, STM32G0C1REI6N, STM32G0C1RET6N, STM32G0C1VCI6, STM32G0C1VEI6, STM32G471CCT6, STM32G471CCU6, STM32G471CET3, STM32G471CET6, STM32G471CEU3, STM32G471CEU6, STM32G471MCT6, STM32G471MET3, STM32G471MET6, STM32G471MEY6TR, STM32G471QCT6, STM32G471QET3, STM32G471RCT6, STM32G471RET3, STM32G471RET6, STM32G471VCH6, STM32G471VCI6, STM32G471VCT6, STM32G471VEH3, STM32G471VEH6, STM32G471VEI3, STM32G471VEI6, STM32G471VET3, STM32G471VET6, STM32G474CCT6, STM32H503CBT6, STM32H503CBU6, STM32H503EBY6TR, STM32H503KBU6, STM32H503RBT6, STM32H562AGI6, STM32H562AII6, STM32H562IGK6, STM32H562IGT6, STM32H562IIK6, STM32H562IIT6, STM32H562RGT6, STM32H562RGV6, STM32H562RIT6, STM32H562RIV6, STM32H562VGT6, STM32H562VIT6, STM32H562ZGT6, STM32H562ZIT6, STM32H563AGI6, STM32H563AII3Q, STM32H563AII6, STM32H563IGK6, STM32H563IGT6, STM32H563IIK3Q, STM32H563IIK6, STM32H563IIT3Q, STM32H563IIT6, STM32H563MIY3QTR, STM32H563RGT6, STM32H563RGV6, STM32H563RIT6, STM32H563RIV6, STM32H563VGT6, STM32H563VIT3Q, STM32H563VIT6, STM32H563ZGT6, STM32H563ZIT3Q, STM32H563ZIT6, STM32H573AII3Q, STM32H573AII6, STM32H573I-DK, STM32H573IIK3Q, STM32H573IIK6, STM32H573IIT3Q, STM32H573IIT6, STM32H573MIY3QTR, STM32H573RIT6, STM32H573RIV6, STM32H573VIT3Q, STM32H573VIT6, STM32H573ZIT3Q, STM32H573ZIT6, STM32L4R5QGI6STR, STM32MP131AAE3, STM32MP131AAF3, STM32MP131AAG3, STM32MP131CAE3, STM32MP131CAF3, STM32MP131CAG3, STM32MP131DAE7, STM32MP131DAF7, STM32MP131DAG7, STM32MP131FAE7, STM32MP131FAF7, STM32MP131FAG7, STM32MP133AAE3, STM32MP133AAF3, STM32MP133AAG3, STM32MP133CAE3, STM32MP133CAF3, STM32MP133CAG3, STM32MP133DAE7, STM32MP133DAF7, STM32MP133DAG7, STM32MP133FAE7, STM32MP133FAF7, STM32MP133FAG7, STM32MP135AAE3, STM32MP135AAF3, STM32MP135AAG3, STM32MP135CAE3, STM32MP135CAF3, STM32MP135CAG3, STM32MP135DAE7, STM32MP135DAF7, STM32MP135DAG7, STM32MP135F-DK, STM32MP135FAE7, STM32MP135FAF7, STM32MP135FAF7T, STM32MP135FAF7U, STM32MP135FAG7, STM32U535CBT6, STM32U535CBT6Q, STM32U535CBU6, STM32U535CBU6Q, STM32U535CCT6, STM32U535CCT6Q, STM32U535CCU6, STM32U535CCU6Q, STM32U535CET6, STM32U535CET6Q, STM32U535CEU6, STM32U535CEU6Q, STM32U535JEY6QTR, STM32U535NCY6QTR, STM32U535NEY6QTR, STM32U535RBI6, STM32U535RBI6Q, STM32U535RBT6, STM32U535RBT6Q, STM32U535RCI6, STM32U535RCI6Q, STM32U535RCT6, STM32U535RCT6Q, STM32U535REI6, STM32U535REI6Q, STM32U535RET6, STM32U535RET6Q, STM32U535VCI6, STM32U535VCI6Q, STM32U535VCT6, STM32U535VCT6Q, STM32U535VEI6, STM32U535VEI6Q, STM32U535VET6, STM32U535VET6Q, STM32U545CET6, STM32U545CET6Q, STM32U545CEU6, STM32U545CEU6Q, STM32U545JEY6QTR, STM32U545NEY6QTR, STM32U545REI6, STM32U545REI6Q, STM32U545RET6, STM32U545RET6Q, STM32U545VEI6, STM32U545VEI6Q, STM32U545VET6, STM32U545VET6Q, STM32U595AIH6, STM32U595AIH6Q, STM32U595AJH6, STM32U595AJH6Q, STM32U595QII6, STM32U595QII6Q, STM32U595QJI6, STM32U595QJI6Q, STM32U595RIT6, STM32U595RIT6Q, STM32U595RJT6, STM32U595RJT6Q, STM32U595VIT6, STM32U595VIT6Q, STM32U595VJT6, STM32U595VJT6Q, STM32U595ZIT6, STM32U595ZIT6Q, STM32U595ZIY6QTR, STM32U595ZJT6, STM32U595ZJT6Q, STM32U595ZJY6QTR, STM32U599BJY6QTR, STM32U599NIH6Q, STM32U599NJH6Q, STM32U599VIT6Q, STM32U599VJT6, STM32U599VJT6Q, STM32U599ZIT6Q, STM32U599ZIY6QTR, STM32U599ZJT6Q, STM32U599ZJY6QTR, STM32U5A5AJH6, STM32U5A5AJH6Q, STM32U5A5QJI6, STM32U5A5QJI6Q, STM32U5A5RJT6, STM32U5A5RJT6Q, STM32U5A5VJT6, STM32U5A5VJT6Q, STM32U5A5ZJT6, STM32U5A5ZJT6Q, STM32U5A5ZJY6QTR, STM32U5A9BJY6QTR, STM32U5A9J-DK, STM32U5A9NJH6Q, STM32U5A9VJT6Q, STM32U5A9ZJT6Q, STM32U5A9ZJY6QTR, STM32U5F7VIT6, STM32U5F7VIT6Q, STM32U5F7VJT6, STM32U5F7VJT6Q, STM32U5F9BJY6QTR, STM32U5F9NJH6Q, STM32U5F9VIT6Q, STM32U5F9VJT6Q, STM32U5F9ZIJ6QTR, STM32U5F9ZIT6Q, STM32U5F9ZJJ6QTR, STM32U5F9ZJT6Q, STM32U5G7VJT6, STM32U5G7VJT6Q, STM32U5G9BJY6QTR, STM32U5G9J-DK1, STM32U5G9J-DK2, STM32U5G9NJH6Q, STM32U5G9VJT6Q, STM32U5G9ZJJ6QTR, STM32U5G9ZJT6Q, STM32WB1MMCH6, STM32WBA52CEU6, STM32WBA52CEU6T, STM32WBA52CGU6, STM32WBA52CGU6T, STM32WBA52KEU6, STM32WBA52KEU6T, STM32WBA52KGU6, STM32WBA52KGU6T, STM32WL5MOCH6, STM32WL5MOCH6TR]
2023-12-12 22:25:21,174 [INFO] DbMcus:217 - Found 3882 MCUs, 3882 are supported
2023-12-12 22:25:21,175 [INFO] ApiDb:423 - Load user favorites file C:\Users\nhakh/.stm32cubeide/favorites.mcus.txt: 0 item(s)
2023-12-12 22:25:21,175 [INFO] ApiDb:427 - User favorites MCUs=[]
2023-12-12 22:25:21,175 [INFO] DbMcus:223 - Set 0 / 0 favorites MCUs
2023-12-12 22:25:21,438 [WARN] ThirdParty:833 - waiting for thirdparty lock release [change project]
2023-12-12 22:25:21,440 [INFO] ThirdParty:835 - entering critical section [change project]
2023-12-12 22:25:21,440 [INFO] ThirdParty:1030 - CMSIS Pack Vendor :STMicroelectronics X-CUBE-ISPU 1.1.0
2023-12-12 22:25:21,440 [INFO] ThirdParty:1030 - CMSIS Pack Vendor :STMicroelectronics USBPD 4.1
2023-12-12 22:25:21,440 [INFO] ThirdParty:1030 - CMSIS Pack Vendor :RoweBots I-CUBE-UNISONRTOS 5.5.0-4
2023-12-12 22:25:21,440 [INFO] ThirdParty:1030 - CMSIS Pack Vendor :STMicroelectronics X-CUBE-GNSS1 6.0.0
2023-12-12 22:25:21,440 [INFO] ThirdParty:1030 - CMSIS Pack Vendor :STMicroelectronics USB_HOST 2.0.0
2023-12-12 22:25:21,440 [INFO] ThirdParty:1030 - CMSIS Pack Vendor :STMicroelectronics X-CUBE-AZRTOS-F4 1.1.0
2023-12-12 22:25:21,440 [INFO] ThirdParty:1030 - CMSIS Pack Vendor :STMicroelectronics LIBJPEG 8.0.0
2023-12-12 22:25:21,440 [INFO] ThirdParty:1030 - CMSIS Pack Vendor :wolfSSL I-CUBE-wolfSSL 5.6.4
2023-12-12 22:25:21,440 [INFO] ThirdParty:1030 - CMSIS Pack Vendor :STMicroelectronics X-CUBE-SMBUS 2.1.0
2023-12-12 22:25:21,440 [INFO] ThirdParty:1030 - CMSIS Pack Vendor :STMicroelectronics USB_DEVICE 3.0.0
2023-12-12 22:25:21,440 [INFO] ThirdParty:1030 - CMSIS Pack Vendor :STMicroelectronics X-CUBE-AI 8.0.0
2023-12-12 22:25:21,440 [INFO] ThirdParty:1030 - CMSIS Pack Vendor :STMicroelectronics X-CUBE-AZRTOS-WB 2.0.0
2023-12-12 22:25:21,440 [INFO] ThirdParty:1030 - CMSIS Pack Vendor :STMicroelectronics X-CUBE-FREERTOS 1.0.0
2023-12-12 22:25:21,440 [INFO] ThirdParty:1030 - CMSIS Pack Vendor :STMicroelectronics X-CUBE-FREERTOS 1.0.1
2023-12-12 22:25:21,440 [INFO] ThirdParty:1030 - CMSIS Pack Vendor :STMicroelectronics X-CUBE-TOUCHGFX 4.21.1
2023-12-12 22:25:21,440 [INFO] ThirdParty:1030 - CMSIS Pack Vendor :STMicroelectronics X-CUBE-TOUCHGFX 4.21.3
2023-12-12 22:25:21,440 [INFO] ThirdParty:1030 - CMSIS Pack Vendor :STMicroelectronics X-CUBE-AZRTOS-F7 1.1.0
2023-12-12 22:25:21,440 [INFO] ThirdParty:1030 - CMSIS Pack Vendor :STMicroelectronics X-CUBE-TOUCHGFX 4.21.4
2023-12-12 22:25:21,440 [INFO] ThirdParty:1030 - CMSIS Pack Vendor :STMicroelectronics X-CUBE-AZRTOS-L5 2.0.0
2023-12-12 22:25:21,441 [INFO] ThirdParty:1030 - CMSIS Pack Vendor :STMicroelectronics USB_DEVICE 2.0.0
2023-12-12 22:25:21,441 [INFO] ThirdParty:1030 - CMSIS Pack Vendor :STMicroelectronics X-CUBE-MEMS1 9.6.0
2023-12-12 22:25:21,441 [INFO] ThirdParty:1030 - CMSIS Pack Vendor :STMicroelectronics X-CUBE-EEPRMA1 4.2.0
2023-12-12 22:25:21,441 [INFO] ThirdParty:1030 - CMSIS Pack Vendor :ITTIA_DB I-CUBE-ITTIADB 8.8.0
2023-12-12 22:25:21,441 [INFO] ThirdParty:1030 - CMSIS Pack Vendor :STMicroelectronics FP-SNS-MOTENV1 4.3.0
2023-12-12 22:25:21,441 [INFO] ThirdParty:1030 - CMSIS Pack Vendor :STMicroelectronics FP-SNS-MOTENV1 4.3.2
2023-12-12 22:25:21,441 [INFO] ThirdParty:1030 - CMSIS Pack Vendor :STMicroelectronics FP-SNS-FLIGHT1 5.0.0
2023-12-12 22:25:21,441 [INFO] ThirdParty:1030 - CMSIS Pack Vendor :STMicroelectronics FP-SNS-MOTENV1 4.3.1
2023-12-12 22:25:21,441 [INFO] ThirdParty:1030 - CMSIS Pack Vendor :STMicroelectronics FP-SNS-FLIGHT1 5.0.1
2023-12-12 22:25:21,441 [INFO] ThirdParty:1030 - CMSIS Pack Vendor :STMicroelectronics X-CUBE-ALGOBUILD 1.3.0
2023-12-12 22:25:21,441 [INFO] ThirdParty:1030 - CMSIS Pack Vendor :STMicroelectronics X-CUBE-BLE1 6.2.4
2023-12-12 22:25:21,441 [INFO] ThirdParty:1030 - CMSIS Pack Vendor :STMicroelectronics X-CUBE-AZRTOS-L5 1.1.0
2023-12-12 22:25:21,441 [INFO] ThirdParty:1030 - CMSIS Pack Vendor :STMicroelectronics FreeRTOS 0.0.1
2023-12-12 22:25:21,441 [INFO] ThirdParty:1030 - CMSIS Pack Vendor :STMicroelectronics X-CUBE-AZRTOS-G0 1.1.0
2023-12-12 22:25:21,441 [INFO] ThirdParty:1030 - CMSIS Pack Vendor :emotas I-CUBE-CANOPEN 1.1.3
2023-12-12 22:25:21,441 [INFO] ThirdParty:1030 - CMSIS Pack Vendor :STMicroelectronics X-CUBE-BLEMGR 2.0.0
2023-12-12 22:25:21,441 [INFO] ThirdParty:1030 - CMSIS Pack Vendor :STMicroelectronics X-CUBE-AI 8.0.1
2023-12-12 22:25:21,441 [INFO] ThirdParty:1030 - CMSIS Pack Vendor :STMicroelectronics X-CUBE-NFC4 3.0.0
2023-12-12 22:25:21,441 [INFO] ThirdParty:1030 - CMSIS Pack Vendor :STMicroelectronics X-CUBE-SUBG2 5.0.0
2023-12-12 22:25:21,441 [INFO] ThirdParty:1030 - CMSIS Pack Vendor :STMicroelectronics STM32_WPAN 1.0.0
2023-12-12 22:25:21,441 [INFO] ThirdParty:1030 - CMSIS Pack Vendor :STMicroelectronics lwIP 2.0.3
2023-12-12 22:25:21,441 [INFO] ThirdParty:1030 - CMSIS Pack Vendor :STMicroelectronics FP-SNS-FLIGHT1 5.0.2
2023-12-12 22:25:21,441 [INFO] ThirdParty:1030 - CMSIS Pack Vendor :STMicroelectronics USB_HOST 1.0.0
2023-12-12 22:25:21,441 [INFO] ThirdParty:1030 - CMSIS Pack Vendor :STMicroelectronics X-CUBE-TOF1 3.3.1
2023-12-12 22:25:21,441 [INFO] ThirdParty:1030 - CMSIS Pack Vendor :STMicroelectronics X-CUBE-AZRTOS-G4 2.0.0
2023-12-12 22:25:21,441 [INFO] ThirdParty:1030 - CMSIS Pack Vendor :STMicroelectronics PDM2PCM 3.1.0
2023-12-12 22:25:21,441 [INFO] ThirdParty:1030 - CMSIS Pack Vendor :STMicroelectronics X-CUBE-AZRTOS-H7 3.1.0
2023-12-12 22:25:21,441 [INFO] ThirdParty:1030 - CMSIS Pack Vendor :STMicroelectronics X-CUBE-TOF1 3.3.0
2023-12-12 22:25:21,441 [INFO] ThirdParty:1030 - CMSIS Pack Vendor :STMicroelectronics FP-ATR-ASTRA1 1.1.1
2023-12-12 22:25:21,441 [INFO] ThirdParty:1030 - CMSIS Pack Vendor :Infineon AIROC-Wi-Fi-Bluetooth-STM32 1.5.1
2023-12-12 22:25:21,441 [INFO] ThirdParty:1030 - CMSIS Pack Vendor :STMicroelectronics X-CUBE-BLEMGR 3.0.0
2023-12-12 22:25:21,441 [INFO] ThirdParty:1030 - CMSIS Pack Vendor :STMicroelectronics PDM2PCM 3.3.0
2023-12-12 22:25:21,441 [INFO] ThirdParty:1030 - CMSIS Pack Vendor :STMicroelectronics X-CUBE-DISPLAY 3.0.0
2023-12-12 22:25:21,441 [INFO] ThirdParty:1030 - CMSIS Pack Vendor :STMicroelectronics FP-SNS-MOTENVWB1 1.3.0
2023-12-12 22:25:21,441 [INFO] ThirdParty:1030 - CMSIS Pack Vendor :STMicroelectronics FP-SNS-MOTENVWB1 1.3.1
2023-12-12 22:25:21,441 [INFO] ThirdParty:1030 - CMSIS Pack Vendor :STMicroelectronics X-CUBE-BLE1 7.0.0
2023-12-12 22:25:21,441 [INFO] ThirdParty:1030 - CMSIS Pack Vendor :STMicroelectronics FP-ATR-SIGFOX1 3.2.0
2023-12-12 22:25:21,441 [INFO] ThirdParty:1030 - CMSIS Pack Vendor :STMicroelectronics X-CUBE-AZRTOS-G4 1.0.0
2023-12-12 22:25:21,441 [INFO] ThirdParty:1030 - CMSIS Pack Vendor :wolfSSL I-CUBE-wolfSSL 5.5.4
2023-12-12 22:25:21,441 [INFO] ThirdParty:1030 - CMSIS Pack Vendor :STMicroelectronics X-CUBE-AZRTOS-L4 1.0.0
2023-12-12 22:25:21,441 [INFO] ThirdParty:1030 - CMSIS Pack Vendor :STMicroelectronics X-CUBE-ISPU 2.0.0
2023-12-12 22:25:21,442 [INFO] ThirdParty:1030 - CMSIS Pack Vendor :STMicroelectronics HAL Drivers 0.0.0
2023-12-12 22:25:21,442 [INFO] ThirdParty:1030 - CMSIS Pack Vendor :STMicroelectronics MBEDTLS 2.16.2
2023-12-12 22:25:21,442 [INFO] ThirdParty:1030 - CMSIS Pack Vendor :emotas I-CUBE-CANOPEN 1.3.0
2023-12-12 22:25:21,442 [INFO] ThirdParty:1030 - CMSIS Pack Vendor :STMicroelectronics X-CUBE-MEMS1 10.0.0
2023-12-12 22:25:21,442 [INFO] ThirdParty:1030 - CMSIS Pack Vendor :STMicroelectronics X-CUBE-FREERTOS 1.1.0
2023-12-12 22:25:21,442 [INFO] ThirdParty:1030 - CMSIS Pack Vendor :STMicroelectronics X-CUBE-TOUCHGFX 4.22.0
2023-12-12 22:25:21,442 [INFO] ThirdParty:1030 - CMSIS Pack Vendor :STMicroelectronics X-CUBE-NFC7 1.0.1
2023-12-12 22:25:21,442 [INFO] ThirdParty:1030 - CMSIS Pack Vendor :STMicroelectronics MBEDTLS 2.14.1
2023-12-12 22:25:21,442 [INFO] ThirdParty:1030 - CMSIS Pack Vendor :STMicroelectronics X-CUBE-NFC7 1.0.0
2023-12-12 22:25:21,442 [INFO] ThirdParty:1030 - CMSIS Pack Vendor :STMicroelectronics X-CUBE-TOUCHGFX 4.22.1
2023-12-12 22:25:21,442 [INFO] ThirdParty:1030 - CMSIS Pack Vendor :STMicroelectronics X-CUBE-AZRTOS-WL 1.0.0
2023-12-12 22:25:21,442 [INFO] ThirdParty:1030 - CMSIS Pack Vendor :STMicroelectronics X-CUBE-NFC6 3.0.0
2023-12-12 22:25:21,442 [INFO] ThirdParty:1030 - CMSIS Pack Vendor :STMicroelectronics X-CUBE-EEPRMA1 4.1.0
2023-12-12 22:25:21,442 [INFO] ThirdParty:1030 - CMSIS Pack Vendor :portGmbH I-Cube-SoM-uGOAL 1.1.0
2023-12-12 22:25:21,442 [INFO] ThirdParty:1030 - CMSIS Pack Vendor :STMicroelectronics X-CUBE-ALS 1.0.1
2023-12-12 22:25:21,442 [INFO] ThirdParty:1030 - CMSIS Pack Vendor :STMicroelectronics X-CUBE-MEMS1 9.5.0
2023-12-12 22:25:21,442 [INFO] ThirdParty:1030 - CMSIS Pack Vendor :STMicroelectronics ThreadX 1.0.0
2023-12-12 22:25:21,442 [INFO] ThirdParty:1030 - CMSIS Pack Vendor :STMicroelectronics FP-SNS-SMARTAG2 1.2.0
2023-12-12 22:25:21,442 [INFO] ThirdParty:1030 - CMSIS Pack Vendor :STMicroelectronics X-CUBE-AZRTOS-WB 1.1.0
2023-12-12 22:25:21,442 [INFO] ThirdParty:1030 - CMSIS Pack Vendor :STMicroelectronics X-CUBE-AZRTOS-WL 2.0.0
2023-12-12 22:25:21,442 [INFO] ThirdParty:1030 - CMSIS Pack Vendor :SEGGER I-CUBE-embOS 1.3.1
2023-12-12 22:25:21,442 [INFO] ThirdParty:1030 - CMSIS Pack Vendor :STMicroelectronics USB_DEVICE 1.0.0
2023-12-12 22:25:21,442 [INFO] ThirdParty:1030 - CMSIS Pack Vendor :STMicroelectronics X-CUBE-AI 8.1.0
2023-12-12 22:25:21,442 [INFO] ThirdParty:1030 - CMSIS Pack Vendor :STMicroelectronics X-CUBE-AZRTOS-L4 2.0.0
2023-12-12 22:25:21,442 [INFO] ThirdParty:1030 - CMSIS Pack Vendor :STMicroelectronics ThreadX 0.0.2
2023-12-12 22:25:21,442 [INFO] ThirdParty:1030 - CMSIS Pack Vendor :WES I-CUBE-Cesium 1.3.0
2023-12-12 22:25:21,442 [INFO] ThirdParty:1030 - CMSIS Pack Vendor :STMicroelectronics FP-ATR-ASTRA1 2.0.0
2023-12-12 22:25:21,442 [INFO] ThirdParty:1030 - CMSIS Pack Vendor :STMicroelectronics lwIP 2.1.2
2023-12-12 22:25:21,442 [INFO] ThirdParty:1030 - CMSIS Pack Vendor :STMicroelectronics X-CUBE-SFXS2LP1 4.0.0
2023-12-12 22:25:21,442 [INFO] ThirdParty:1030 - CMSIS Pack Vendor :STMicroelectronics X-CUBE-BLE2 3.3.0
2023-12-12 22:25:21,442 [INFO] ThirdParty:1030 - CMSIS Pack Vendor :STMicroelectronics X-CUBE-TOF1 3.4.0
2023-12-12 22:25:21,442 [INFO] ThirdParty:1030 - CMSIS Pack Vendor :STMicroelectronics X-CUBE-TOF1 3.2.0
2023-12-12 22:25:21,443 [INFO] ThirdParty:1030 - CMSIS Pack Vendor :STMicroelectronics X-CUBE-AZRTOS-H7 3.2.0
2023-12-12 22:25:21,443 [INFO] ThirdParty:1030 - CMSIS Pack Vendor :STMicroelectronics PDM2PCM 3.2.0
2023-12-12 22:25:21,443 [INFO] ThirdParty:1030 - CMSIS Pack Vendor :STMicroelectronics X-CUBE-AZRTOS-H7 3.0.0
2023-12-12 22:25:21,443 [INFO] ThirdParty:841 - exiting critical section [change project]
2023-12-12 22:25:21,668 [INFO] PinOutPanel:1499 - setPackage(No Configuration,No Configuration)
2023-12-12 22:25:21,669 [INFO] PinOutPanel:1499 - setPackage(STM32F103C8Tx,LQFP48)
2023-12-12 22:25:22,079 [INFO] UtilMem:75 - Before build in PCC Used Memory: 415385200 Bytes (489684992)
2023-12-12 22:25:23,111 [INFO] UtilMem:75 - After build in PCC Used Memory: 232354568 Bytes (489684992)
2023-12-12 22:25:23,134 [INFO] IPUIPlugin:80 - create IPUIPlugin
2023-12-12 22:25:23,135 [INFO] IPUIPlugin:80 - create IPUIPlugin
2023-12-12 22:25:23,135 [INFO] IPUIPlugin:80 - create IPUIPlugin
2023-12-12 22:25:23,135 [INFO] IPUIPlugin:80 - create IPUIPlugin
2023-12-12 22:25:23,135 [INFO] IPUIPlugin:80 - create IPUIPlugin
2023-12-12 22:25:23,135 [INFO] IPUIPlugin:80 - create IPUIPlugin
2023-12-12 22:25:23,135 [INFO] IPUIPlugin:80 - create IPUIPlugin
2023-12-12 22:25:23,135 [INFO] IPUIPlugin:80 - create IPUIPlugin
2023-12-12 22:25:23,135 [INFO] IPUIPlugin:80 - create IPUIPlugin
2023-12-12 22:25:23,135 [INFO] IPUIPlugin:80 - create IPUIPlugin
2023-12-12 22:25:23,136 [INFO] IPUIPlugin:80 - create IPUIPlugin
2023-12-12 22:25:23,136 [INFO] IPUIPlugin:80 - create IPUIPlugin
2023-12-12 22:25:23,136 [INFO] IPUIPlugin:80 - create IPUIPlugin
2023-12-12 22:25:23,136 [INFO] IPUIPlugin:80 - create IPUIPlugin
2023-12-12 22:25:23,136 [INFO] IPUIPlugin:80 - create IPUIPlugin
2023-12-12 22:25:23,136 [INFO] IPUIPlugin:80 - create IPUIPlugin
2023-12-12 22:25:23,136 [INFO] IPUIPlugin:80 - create IPUIPlugin
2023-12-12 22:25:23,137 [INFO] IPUIPlugin:80 - create IPUIPlugin
2023-12-12 22:25:23,137 [INFO] IPUIPlugin:80 - create IPUIPlugin
2023-12-12 22:25:23,137 [INFO] IPUIPlugin:80 - create IPUIPlugin
2023-12-12 22:25:23,137 [INFO] IPUIPlugin:80 - create IPUIPlugin
2023-12-12 22:25:23,137 [INFO] IPUIPlugin:80 - create IPUIPlugin
2023-12-12 22:25:23,137 [INFO] IPUIPlugin:80 - create IPUIPlugin
2023-12-12 22:25:23,137 [INFO] IPUIPlugin:80 - create IPUIPlugin
2023-12-12 22:25:23,138 [INFO] IPUIPlugin:80 - create IPUIPlugin
2023-12-12 22:25:23,138 [INFO] IPUIPlugin:80 - create IPUIPlugin
2023-12-12 22:25:23,138 [INFO] IPUIPlugin:80 - create IPUIPlugin
2023-12-12 22:25:23,173 [INFO] Can:71 - Can Add PropertyChangeListener com.st.microxplorer.plugins.ip.can.Can@503b22de
2023-12-12 22:25:23,446 [INFO] CADModel:165 - CPN selected for project levelSTM32F103C8T6
2023-12-12 22:25:23,446 [INFO] CADModel:114 - Register for checkConnection events
2023-12-12 22:25:23,511 [INFO] OpenFileManager:328 - Restore cursor
2023-12-12 22:25:30,261 [ERROR] LogOutputStream:75 - [STDERR_REDIRECT] SLF4J: Failed to load class "org.slf4j.impl.StaticLoggerBinder".
2023-12-12 22:25:30,261 [ERROR] LogOutputStream:75 - [STDERR_REDIRECT] SLF4J: Defaulting to no-operation (NOP) logger implementation
2023-12-12 22:25:30,262 [ERROR] LogOutputStream:75 - [STDERR_REDIRECT] SLF4J: See http://www.slf4j.org/codes.html#StaticLoggerBinder for further details.
2023-12-12 22:25:31,968 [INFO] UtilMem:75 - End SaveConfig() Used Memory: 326454336 Bytes (489684992)
2023-12-12 22:25:32,708 [INFO] BlockDiagram:2759 - set Specific Code input for plugin: NVIC
2023-12-12 22:25:32,708 [INFO] BlockDiagram:2759 - set Specific Code input for plugin: USART
2023-12-12 22:25:32,708 [INFO] BlockDiagram:2759 - set Specific Code input for plugin: SYS
2023-12-12 22:25:32,708 [INFO] BlockDiagram:2759 - set Specific Code input for plugin: GPIO
2023-12-12 22:25:32,708 [INFO] BlockDiagram:2759 - set Specific Code input for plugin: CAN
2023-12-12 22:25:32,708 [INFO] BlockDiagram:2759 - set Specific Code input for plugin: RCC
2023-12-12 22:25:32,710 [INFO] CodeGenerator:799 - code generatio: config db path: C:\ST\STM32CubeIDE_1.13.2\STM32CubeIDE\plugins\com.st.stm32cube.common.mx_6.9.2.202309101412\\db\
2023-12-12 22:25:32,978 [INFO] CodeEngine:255 - oldGeneratedFile, C:\Users\nhakh\Desktop\Document\STM\CE437\Lab03_Actuator\MXTmpFiles\license.tmp_save
2023-12-12 22:25:33,355 [INFO] CodeEngine:279 - Generated code: C:\Users\nhakh\Desktop\Document\STM\CE437\Lab03_Actuator\MXTmpFiles\license.tmp
2023-12-12 22:25:33,488 [INFO] CodeEngine:255 - oldGeneratedFile, C:\Users\nhakh\Desktop\Document\STM\CE437\Lab03_Actuator\MXTmpFiles\gpio.tmp_save
2023-12-12 22:25:33,659 [INFO] CodeEngine:279 - Generated code: C:\Users\nhakh\Desktop\Document\STM\CE437\Lab03_Actuator\MXTmpFiles\gpio.tmp
2023-12-12 22:25:33,887 [INFO] CodeEngine:255 - oldGeneratedFile, C:\Users\nhakh\Desktop\Document\STM\CE437\Lab03_Actuator\Core\Src\stm32f1xx_it.c_save
2023-12-12 22:25:34,113 [INFO] CodeEngine:279 - Generated code: C:\Users\nhakh\Desktop\Document\STM\CE437\Lab03_Actuator\Core\Src\stm32f1xx_it.c
2023-12-12 22:25:34,160 [INFO] CodeEngine:255 - oldGeneratedFile, C:\Users\nhakh\Desktop\Document\STM\CE437\Lab03_Actuator\Core\Inc\stm32f1xx_it.h_save
2023-12-12 22:25:34,306 [INFO] CodeEngine:279 - Generated code: C:\Users\nhakh\Desktop\Document\STM\CE437\Lab03_Actuator\Core\Inc\stm32f1xx_it.h
2023-12-12 22:25:34,353 [INFO] CodeEngine:255 - oldGeneratedFile, C:\Users\nhakh\Desktop\Document\STM\CE437\Lab03_Actuator\Core\Src\stm32f1xx_hal_msp.c_save
2023-12-12 22:25:34,541 [INFO] CodeEngine:279 - Generated code: C:\Users\nhakh\Desktop\Document\STM\CE437\Lab03_Actuator\Core\Src\stm32f1xx_hal_msp.c
2023-12-12 22:25:34,566 [INFO] CodeEngine:255 - oldGeneratedFile, C:\Users\nhakh\Desktop\Document\STM\CE437\Lab03_Actuator\MXTmpFiles\system.tmp_save
2023-12-12 22:25:34,692 [INFO] CodeEngine:279 - Generated code: C:\Users\nhakh\Desktop\Document\STM\CE437\Lab03_Actuator\MXTmpFiles\system.tmp
2023-12-12 22:25:34,758 [INFO] CodeEngine:311 - oldGeneratedFile, C:\Users\nhakh\Desktop\Document\STM\CE437\Lab03_Actuator\Core\Inc\stm32f1xx_hal_conf.h_save
2023-12-12 22:25:34,866 [INFO] CodeEngine:335 - Generated code: C:\Users\nhakh\Desktop\Document\STM\CE437\Lab03_Actuator\Core\Inc\stm32f1xx_hal_conf.h
2023-12-12 22:25:34,944 [INFO] CodeEngine:255 - oldGeneratedFile, C:\Users\nhakh\Desktop\Document\STM\CE437\Lab03_Actuator\Core\Inc\main.h_save
2023-12-12 22:25:35,059 [INFO] CodeEngine:279 - Generated code: C:\Users\nhakh\Desktop\Document\STM\CE437\Lab03_Actuator\Core\Inc\main.h
2023-12-12 22:25:35,088 [INFO] CodeEngine:255 - oldGeneratedFile, C:\Users\nhakh\Desktop\Document\STM\CE437\Lab03_Actuator\Core\Src\main.c_save
2023-12-12 22:25:35,252 [INFO] CodeEngine:279 - Generated code: C:\Users\nhakh\Desktop\Document\STM\CE437\Lab03_Actuator\Core\Src\main.c
2023-12-12 22:25:36,060 [INFO] ProjectBuilder:3064 - Time for Copy HAL[1] : 417mS.
2023-12-12 22:25:36,070 [INFO] ProjectBuilder:4404 - Project Generator version: 4.1.0
2023-12-12 22:25:36,314 [INFO] ConfigFileManager:1457 - The Die is : DIE410
2023-12-12 22:25:36,340 [INFO] ApiDbMcu:507 - Load IP Config File for FATFS
2023-12-12 22:25:36,364 [INFO] ApiDbMcu:507 - Load IP Config File for FREERTOS
2023-12-12 22:25:36,386 [INFO] ApiDbMcu:507 - Load IP Config File for USB_DEVICE
2023-12-12 22:25:37,563 [INFO] LogOutputStream:77 - [STDOUT_REDIRECT] 
2023-12-12 22:25:39,555 [INFO] ProjectBuilder:4626 - Time for Generating toolchain IDE Files: 3485mS.
2023-12-12 22:25:39,557 [INFO] ProjectBuilder:2935 - Time for Copy CMSIS : 1mS.
2023-12-12 22:25:39,566 [INFO] ProjectBuilder:2935 - Time for Copy CMSIS : 0mS.
