2023-11-07 10:25:30,640 [INFO] Activator:176 - 


2023-11-07 10:25:30,648 [INFO] Activator:177 - !SESSION log4j initialized
2023-11-07 10:25:40,636 [INFO] LogOutputStream:77 - [STDOUT_REDIRECT] 
2023-11-07 10:25:46,379 [INFO] ApplicationProperties:184 - Using Application install path: C:\ST\STM32CubeIDE_1.13.2\STM32CubeIDE\plugins\com.st.stm32cube.common.mx_6.9.2.202309101412
2023-11-07 10:25:46,410 [INFO] DbMcusXml:78 - Set database path to: C:\ST\STM32CubeIDE_1.13.2\STM32CubeIDE\plugins\com.st.stm32cube.common.mx_6.9.2.202309101412\\db\/mcu/
2023-11-07 10:25:46,411 [INFO] ApiDb:274 - Set plugin database path to: C:\ST\STM32CubeIDE_1.13.2\STM32CubeIDE\plugins\com.st.stm32cube.common.mx_6.9.2.202309101412\\db\/plugins/boardmanager/
2023-11-07 10:25:46,411 [WARN] ApiDb:259 - Overriding images path with different value:  => C:\ST\STM32CubeIDE_1.13.2\STM32CubeIDE\plugins\com.st.stm32cube.common.mx_6.9.2.202309101412\\db\/plugins/mcufinder/images/
2023-11-07 10:25:46,552 [INFO] ApiDb:250 - Set database path to: C:\Users\nhakh\.stmcufinder\plugins\mcufinder//mcu/
2023-11-07 10:25:46,553 [INFO] DbMcusAds:125 - Set database path to: C:\Users\nhakh\.stmcufinder\plugins\mcufinder//mcu/
2023-11-07 10:25:46,555 [INFO] CrossReferenceDbSqlite:203 - Set database path to: C:\Users\nhakh\.stmcufinder\plugins\mcufinder//mcu/cs/
2023-11-07 10:25:46,681 [INFO] RulesReader:64 - Compatibility file has been processed (293 Rules)
2023-11-07 10:25:46,808 [INFO] DbMcusXml:78 - Set database path to: C:\ST\STM32CubeIDE_1.13.2\STM32CubeIDE\plugins\com.st.stm32cube.common.mx_6.9.2.202309101412\\db\/mcu/
2023-11-07 10:25:46,808 [INFO] ApiDb:274 - Set plugin database path to: C:\ST\STM32CubeIDE_1.13.2\STM32CubeIDE\plugins\com.st.stm32cube.common.mx_6.9.2.202309101412\\db\/plugins/boardmanager/
2023-11-07 10:25:46,809 [INFO] ApiDb:261 - Set plugin images path to: C:\ST\STM32CubeIDE_1.13.2\STM32CubeIDE\plugins\com.st.stm32cube.common.mx_6.9.2.202309101412\\db\/plugins/mcufinder/images/
2023-11-07 10:25:46,809 [WARN] DbFile:41 - Overriding database path with different value: C:\Users\nhakh\.stmcufinder\plugins\mcufinder/ => C:\Users\nhakh\.stmcufinder\plugins\mcufinder
2023-11-07 10:25:46,809 [INFO] ApiDb:250 - Set database path to: C:\Users\nhakh\.stmcufinder\plugins\mcufinder//mcu/
2023-11-07 10:25:46,809 [WARN] DbFile:41 - Overriding database path with different value: C:\Users\nhakh\.stmcufinder\plugins\mcufinder/ => C:\Users\nhakh\.stmcufinder\plugins\mcufinder
2023-11-07 10:25:46,809 [INFO] DbMcusAds:125 - Set database path to: C:\Users\nhakh\.stmcufinder\plugins\mcufinder//mcu/
2023-11-07 10:25:46,809 [WARN] DbFile:41 - Overriding database path with different value: C:\Users\nhakh\.stmcufinder\plugins\mcufinder/ => C:\Users\nhakh\.stmcufinder\plugins\mcufinder
2023-11-07 10:25:46,809 [WARN] DbFile:41 - Overriding database path with different value: C:\Users\nhakh\.stmcufinder\plugins\mcufinder/ => C:\Users\nhakh\.stmcufinder\plugins\mcufinder
2023-11-07 10:25:46,809 [INFO] CrossReferenceDbSqlite:203 - Set database path to: C:\Users\nhakh\.stmcufinder\plugins\mcufinder//mcu/cs/
2023-11-07 10:25:46,919 [INFO] MainPanel:262 - HeapMemory: 268435456
2023-11-07 10:25:47,048 [INFO] DbMcusXml:78 - Set database path to: C:\ST\STM32CubeIDE_1.13.2\STM32CubeIDE\plugins\com.st.stm32cube.common.mx_6.9.2.202309101412\\db\/mcu/
2023-11-07 10:25:47,049 [INFO] ApiDb:274 - Set plugin database path to: C:\ST\STM32CubeIDE_1.13.2\STM32CubeIDE\plugins\com.st.stm32cube.common.mx_6.9.2.202309101412\\db\/plugins/boardmanager/
2023-11-07 10:25:47,049 [INFO] ApiDb:261 - Set plugin images path to: C:\ST\STM32CubeIDE_1.13.2\STM32CubeIDE\plugins\com.st.stm32cube.common.mx_6.9.2.202309101412\\db\/plugins/mcufinder/images/
2023-11-07 10:25:47,049 [WARN] DbFile:41 - Overriding database path with different value: C:\Users\nhakh\.stmcufinder\plugins\mcufinder/ => C:\Users\nhakh\.stmcufinder\plugins\mcufinder
2023-11-07 10:25:47,049 [INFO] ApiDb:250 - Set database path to: C:\Users\nhakh\.stmcufinder\plugins\mcufinder//mcu/
2023-11-07 10:25:47,049 [WARN] DbFile:41 - Overriding database path with different value: C:\Users\nhakh\.stmcufinder\plugins\mcufinder/ => C:\Users\nhakh\.stmcufinder\plugins\mcufinder
2023-11-07 10:25:47,049 [INFO] DbMcusAds:125 - Set database path to: C:\Users\nhakh\.stmcufinder\plugins\mcufinder//mcu/
2023-11-07 10:25:47,049 [WARN] DbFile:41 - Overriding database path with different value: C:\Users\nhakh\.stmcufinder\plugins\mcufinder/ => C:\Users\nhakh\.stmcufinder\plugins\mcufinder
2023-11-07 10:25:47,049 [WARN] DbFile:41 - Overriding database path with different value: C:\Users\nhakh\.stmcufinder\plugins\mcufinder/ => C:\Users\nhakh\.stmcufinder\plugins\mcufinder
2023-11-07 10:25:47,049 [INFO] CrossReferenceDbSqlite:203 - Set database path to: C:\Users\nhakh\.stmcufinder\plugins\mcufinder//mcu/cs/
2023-11-07 10:25:47,076 [INFO] ApplicationProperties:184 - Using Application install path: C:\ST\STM32CubeIDE_1.13.2\STM32CubeIDE\plugins\com.st.stm32cube.common.mx_6.9.2.202309101412
2023-11-07 10:25:47,077 [INFO] PluginManage:196 - Search for loadable plugins [exclusion list=, ]
2023-11-07 10:25:47,079 [INFO] PluginManage:310 - Check plugin analytics
2023-11-07 10:25:47,249 [INFO] AnalyticsPlugin:253 - Accepted Software Licenses: 
2023-11-07 10:25:47,249 [INFO] AnalyticsPlugin:255 - Accepted CMSIS Pack Licenses: 
2023-11-07 10:25:47,250 [INFO] AnalyticsPlugin:257 - Accepted Firmware Licenses: FW.F4.1.27.0
2023-11-07 10:25:47,254 [INFO] PluginManage:359 - Loaded plugin analytics (category:tool,tabindex:-1)
2023-11-07 10:25:47,255 [INFO] PluginManage:310 - Check plugin cadmodel
2023-11-07 10:25:47,274 [INFO] CADModel:105 - Init CAD model plugin
2023-11-07 10:25:47,274 [INFO] PluginManage:359 - Loaded plugin cadmodel (category:power,tabindex:5)
2023-11-07 10:25:47,274 [INFO] PluginManage:310 - Check plugin clock
2023-11-07 10:25:47,298 [INFO] PluginManage:359 - Loaded plugin clock (category:base,tabindex:2)
2023-11-07 10:25:47,298 [INFO] PluginManage:310 - Check plugin ddr
2023-11-07 10:25:47,300 [INFO] PluginManage:359 - Loaded plugin ddr (category:tool,tabindex:6)
2023-11-07 10:25:47,300 [INFO] PluginManage:310 - Check plugin filemanager
2023-11-07 10:25:47,479 [INFO] PluginManage:359 - Loaded plugin filemanager (category:base,tabindex:10)
2023-11-07 10:25:47,479 [INFO] PluginManage:310 - Check plugin ipmanager
2023-11-07 10:25:47,493 [INFO] PluginManage:359 - Loaded plugin ipmanager (category:base,tabindex:5)
2023-11-07 10:25:47,493 [INFO] PluginManage:310 - Check plugin lpbam
2023-11-07 10:25:47,512 [INFO] PluginManage:359 - Loaded plugin lpbam (category:base,tabindex:0)
2023-11-07 10:25:47,512 [INFO] PluginManage:310 - Check plugin memorymap
2023-11-07 10:25:47,543 [INFO] PluginManage:359 - Loaded plugin memorymap (category:base,tabindex:4)
2023-11-07 10:25:47,543 [INFO] PluginManage:310 - Check plugin pinoutandconfiguration
2023-11-07 10:25:47,568 [INFO] PluginManage:359 - Loaded plugin pinoutandconfiguration (category:base,tabindex:1)
2023-11-07 10:25:47,568 [INFO] PluginManage:310 - Check plugin pinoutconfig
2023-11-07 10:25:47,703 [WARN] SupportedApi:132 - Cannot load RTOS API schema: s4s-elt-must-match.1: The content of 'definitions' must match (annotation?, (simpleType | complexType)?, (unique | key | keyref)*)). A problem was found starting at: attribute.
2023-11-07 10:25:47,891 [INFO] PluginManage:359 - Loaded plugin pinoutconfig (category:base,tabindex:0)
2023-11-07 10:25:47,891 [INFO] PluginManage:310 - Check plugin power
2023-11-07 10:25:47,922 [INFO] PluginManage:359 - Loaded plugin power (category:power,tabindex:4)
2023-11-07 10:25:47,923 [INFO] PluginManage:310 - Check plugin projectmanager
2023-11-07 10:25:47,949 [INFO] PluginManage:359 - Loaded plugin projectmanager (category:projectmanager,tabindex:3)
2023-11-07 10:25:47,949 [INFO] PluginManage:310 - Check plugin thirdparty
2023-11-07 10:25:48,374 [WARN] IntegrityCheckThread:84 - waiting for thirdparty lock release [integrity check]
2023-11-07 10:25:48,375 [INFO] IntegrityCheckThread:86 - entering critical section [integrity check]
2023-11-07 10:25:48,375 [INFO] PluginManage:359 - Loaded plugin thirdparty (category:base,tabindex:-1)
2023-11-07 10:25:48,376 [INFO] ThirdPartyUpdaterWithRetryManager:70 - Updater plugin not ready yet. [1/15]
2023-11-07 10:25:48,376 [INFO] PluginManage:310 - Check plugin tools
2023-11-07 10:25:48,423 [INFO] PluginManage:359 - Loaded plugin tools (category:base,tabindex:7)
2023-11-07 10:25:48,423 [INFO] PluginManage:310 - Check plugin tutovideos
2023-11-07 10:25:48,739 [INFO] PluginManage:359 - Loaded plugin tutovideos (category:base,tabindex:-1)
2023-11-07 10:25:48,740 [INFO] PluginManage:310 - Check plugin updater
2023-11-07 10:25:48,756 [INFO] PluginManage:359 - Loaded plugin updater (category:base,tabindex:12)
2023-11-07 10:25:48,756 [INFO] PluginManage:310 - Check plugin userauth
2023-11-07 10:25:48,765 [INFO] UserAuth:113 - Init User Auth plugin
2023-11-07 10:25:48,765 [INFO] PluginManage:359 - Loaded plugin userauth (category:base,tabindex:14)
2023-11-07 10:25:48,765 [INFO] PluginManage:283 - PluginManage : Loaded plugins [17]
2023-11-07 10:25:49,121 [INFO] PinOutPanel:1499 - setPackage(No Configuration,No Configuration)
2023-11-07 10:25:49,349 [INFO] CADModel:165 - CPN selected for project level
2023-11-07 10:25:49,349 [INFO] CADModel:114 - Register for checkConnection events
2023-11-07 10:25:49,389 [INFO] IPUIPlugin:80 - create IPUIPlugin
2023-11-07 10:25:49,389 [INFO] PluginManager:220 - loadIPPluginJar : add adc
2023-11-07 10:25:49,428 [INFO] IPUIPlugin:80 - create IPUIPlugin
2023-11-07 10:25:49,428 [INFO] PluginManager:220 - loadIPPluginJar : add aes
2023-11-07 10:25:49,468 [INFO] IPUIPlugin:80 - create IPUIPlugin
2023-11-07 10:25:49,468 [INFO] PluginManager:220 - loadIPPluginJar : add can
2023-11-07 10:25:49,489 [INFO] IPUIPlugin:80 - create IPUIPlugin
2023-11-07 10:25:49,489 [INFO] PluginManager:220 - loadIPPluginJar : add comp
2023-11-07 10:25:49,521 [INFO] IPUIPlugin:80 - create IPUIPlugin
2023-11-07 10:25:49,522 [INFO] PluginManager:220 - loadIPPluginJar : add cryp
2023-11-07 10:25:49,550 [INFO] IPUIPlugin:80 - create IPUIPlugin
2023-11-07 10:25:49,550 [INFO] PluginManager:220 - loadIPPluginJar : add dfsdm
2023-11-07 10:25:49,566 [INFO] IPUIPlugin:80 - create IPUIPlugin
2023-11-07 10:25:49,566 [INFO] PluginManager:220 - loadIPPluginJar : add dma
2023-11-07 10:25:49,605 [INFO] IPUIPlugin:80 - create IPUIPlugin
2023-11-07 10:25:49,605 [INFO] PluginManager:220 - loadIPPluginJar : add dma3
2023-11-07 10:25:49,624 [INFO] IPUIPlugin:80 - create IPUIPlugin
2023-11-07 10:25:49,624 [INFO] PluginManager:220 - loadIPPluginJar : add fatfs
2023-11-07 10:25:49,668 [INFO] IPUIPlugin:80 - create IPUIPlugin
2023-11-07 10:25:49,669 [INFO] PluginManager:220 - loadIPPluginJar : add fmc
2023-11-07 10:25:49,685 [INFO] IPUIPlugin:80 - create IPUIPlugin
2023-11-07 10:25:49,685 [INFO] PluginManager:220 - loadIPPluginJar : add freertos
2023-11-07 10:25:49,703 [INFO] IPUIPlugin:80 - create IPUIPlugin
2023-11-07 10:25:49,703 [INFO] PluginManager:220 - loadIPPluginJar : add genericplugin
2023-11-07 10:25:49,785 [INFO] IPUIPlugin:80 - create IPUIPlugin
2023-11-07 10:25:49,786 [INFO] PluginManager:220 - loadIPPluginJar : add gfxmmu
2023-11-07 10:25:49,896 [INFO] IPUIPlugin:80 - create IPUIPlugin
2023-11-07 10:25:49,896 [INFO] PluginManager:220 - loadIPPluginJar : add gic
2023-11-07 10:25:49,909 [INFO] IPUIPlugin:80 - create IPUIPlugin
2023-11-07 10:25:49,909 [INFO] PluginManager:220 - loadIPPluginJar : add gpio
2023-11-07 10:25:50,045 [INFO] IPUIPlugin:80 - create IPUIPlugin
2023-11-07 10:25:50,045 [INFO] PluginManager:220 - loadIPPluginJar : add gtzc
2023-11-07 10:25:50,098 [INFO] IPUIPlugin:80 - create IPUIPlugin
2023-11-07 10:25:50,098 [INFO] PluginManager:220 - loadIPPluginJar : add hash
2023-11-07 10:25:50,181 [INFO] IPUIPlugin:80 - create IPUIPlugin
2023-11-07 10:25:50,181 [INFO] PluginManager:220 - loadIPPluginJar : add i2c
2023-11-07 10:25:50,222 [INFO] IPUIPlugin:80 - create IPUIPlugin
2023-11-07 10:25:50,223 [INFO] PluginManager:220 - loadIPPluginJar : add i2s
2023-11-07 10:25:50,266 [INFO] IPUIPlugin:80 - create IPUIPlugin
2023-11-07 10:25:50,266 [INFO] PluginManager:220 - loadIPPluginJar : add i3c
2023-11-07 10:25:50,396 [INFO] IPUIPlugin:80 - create IPUIPlugin
2023-11-07 10:25:50,396 [INFO] PluginManager:220 - loadIPPluginJar : add ipddr
2023-11-07 10:25:50,507 [INFO] IPUIPlugin:80 - create IPUIPlugin
2023-11-07 10:25:50,507 [INFO] PluginManager:220 - loadIPPluginJar : add linkedlist
2023-11-07 10:25:50,550 [INFO] IPUIPlugin:80 - create IPUIPlugin
2023-11-07 10:25:50,551 [INFO] PluginManager:220 - loadIPPluginJar : add lorawan
2023-11-07 10:25:50,592 [INFO] IPUIPlugin:80 - create IPUIPlugin
2023-11-07 10:25:50,594 [INFO] PluginManager:220 - loadIPPluginJar : add ltdc
2023-11-07 10:25:50,610 [INFO] IPUIPlugin:80 - create IPUIPlugin
2023-11-07 10:25:50,610 [INFO] PluginManager:220 - loadIPPluginJar : add mdma
2023-11-07 10:25:50,623 [INFO] IPUIPlugin:80 - create IPUIPlugin
2023-11-07 10:25:50,623 [INFO] PluginManager:220 - loadIPPluginJar : add nvic
2023-11-07 10:25:50,663 [INFO] IPUIPlugin:80 - create IPUIPlugin
2023-11-07 10:25:50,663 [INFO] PluginManager:220 - loadIPPluginJar : add opamp
2023-11-07 10:25:50,739 [INFO] IPUIPlugin:80 - create IPUIPlugin
2023-11-07 10:25:50,740 [INFO] PluginManager:220 - loadIPPluginJar : add openamp
2023-11-07 10:25:50,806 [INFO] IPUIPlugin:80 - create IPUIPlugin
2023-11-07 10:25:50,806 [INFO] PluginManager:220 - loadIPPluginJar : add pdm2pcm
2023-11-07 10:25:50,832 [INFO] IPUIPlugin:80 - create IPUIPlugin
2023-11-07 10:25:50,835 [INFO] PluginManager:220 - loadIPPluginJar : add plateformsettings
2023-11-07 10:25:50,870 [INFO] IPUIPlugin:80 - create IPUIPlugin
2023-11-07 10:25:50,870 [INFO] PluginManager:220 - loadIPPluginJar : add quadspi
2023-11-07 10:25:50,891 [INFO] IPUIPlugin:80 - create IPUIPlugin
2023-11-07 10:25:50,891 [INFO] PluginManager:220 - loadIPPluginJar : add resmgrutility
2023-11-07 10:25:50,954 [INFO] IPUIPlugin:80 - create IPUIPlugin
2023-11-07 10:25:50,955 [INFO] PluginManager:220 - loadIPPluginJar : add sai
2023-11-07 10:25:51,004 [INFO] IPUIPlugin:80 - create IPUIPlugin
2023-11-07 10:25:51,005 [INFO] PluginManager:220 - loadIPPluginJar : add spi
2023-11-07 10:25:51,065 [INFO] IPUIPlugin:80 - create IPUIPlugin
2023-11-07 10:25:51,065 [INFO] PluginManager:220 - loadIPPluginJar : add stm32_wpan
2023-11-07 10:25:51,086 [INFO] IPUIPlugin:80 - create IPUIPlugin
2023-11-07 10:25:51,086 [INFO] PluginManager:220 - loadIPPluginJar : add tim
2023-11-07 10:25:51,141 [INFO] IPUIPlugin:80 - create IPUIPlugin
2023-11-07 10:25:51,141 [INFO] PluginManager:220 - loadIPPluginJar : add touchsensing
2023-11-07 10:25:51,166 [INFO] IPUIPlugin:80 - create IPUIPlugin
2023-11-07 10:25:51,166 [INFO] PluginManager:220 - loadIPPluginJar : add tracer_emb
2023-11-07 10:25:51,190 [INFO] IPUIPlugin:80 - create IPUIPlugin
2023-11-07 10:25:51,190 [INFO] PluginManager:220 - loadIPPluginJar : add ts
2023-11-07 10:25:51,213 [INFO] IPUIPlugin:80 - create IPUIPlugin
2023-11-07 10:25:51,214 [INFO] PluginManager:220 - loadIPPluginJar : add tsc
2023-11-07 10:25:51,238 [INFO] IPUIPlugin:80 - create IPUIPlugin
2023-11-07 10:25:51,238 [INFO] PluginManager:220 - loadIPPluginJar : add ucpd
2023-11-07 10:25:51,285 [INFO] IPUIPlugin:80 - create IPUIPlugin
2023-11-07 10:25:51,285 [INFO] PluginManager:220 - loadIPPluginJar : add usart
2023-11-07 10:25:51,334 [INFO] IPUIPlugin:80 - create IPUIPlugin
2023-11-07 10:25:51,334 [INFO] PluginManager:220 - loadIPPluginJar : add usbx
2023-11-07 10:25:51,378 [INFO] ThirdPartyUpdaterWithRetryManager:70 - Updater plugin not ready yet. [2/15]
2023-11-07 10:25:51,484 [INFO] CADModel:165 - CPN selected for project level
2023-11-07 10:25:51,484 [INFO] CADModel:114 - Register for checkConnection events
2023-11-07 10:25:51,485 [FATAL] Updater:308 - Updater called before beeing initialized
2023-11-07 10:25:51,485 [ERROR] CADModel:125 - Updater not yet initialized, retry later 
2023-11-07 10:25:51,708 [INFO] CADModel:165 - CPN selected for project level
2023-11-07 10:25:51,708 [INFO] CADModel:114 - Register for checkConnection events
2023-11-07 10:25:51,708 [FATAL] Updater:308 - Updater called before beeing initialized
2023-11-07 10:25:51,708 [ERROR] CADModel:125 - Updater not yet initialized, retry later 
2023-11-07 10:25:51,713 [FATAL] Updater:308 - Updater called before beeing initialized
2023-11-07 10:25:51,892 [FATAL] Updater:308 - Updater called before beeing initialized
2023-11-07 10:25:51,904 [INFO] DbMcusAds:53 - JSON generation date=Tue Mar 07 15:50:55 ICT 2023 (1678179055335)
2023-11-07 10:25:51,904 [FATAL] Updater:308 - Updater called before beeing initialized
2023-11-07 10:25:52,009 [WARN] DetailPanel:346 - Failed to get advertising image, set to default
2023-11-07 10:25:52,194 [FATAL] Updater:308 - Updater called before beeing initialized
2023-11-07 10:25:52,196 [FATAL] Updater:308 - Updater called before beeing initialized
2023-11-07 10:25:52,196 [FATAL] Updater:308 - Updater called before beeing initialized
2023-11-07 10:25:52,196 [WARN] DetailPanel:346 - Failed to get advertising image, set to default
2023-11-07 10:25:52,196 [FATAL] Updater:308 - Updater called before beeing initialized
2023-11-07 10:25:52,259 [ERROR] Updater:1120 - MainUpdater not yet initialized. External WinMGr cannot be set.
2023-11-07 10:25:52,269 [INFO] Updater:1056 - Updater Version found : 6.9.2
2023-11-07 10:25:52,291 [INFO] ApplicationProperties:184 - Using Application install path: C:\ST\STM32CubeIDE_1.13.2\STM32CubeIDE\plugins\com.st.stm32cube.common.mx_6.9.2.202309101412
2023-11-07 10:25:52,704 [INFO] MainUpdater:2868 - connection check result : 10
2023-11-07 10:25:52,704 [INFO] MainUpdater:3562 - Updater definition file requires update
2023-11-07 10:25:52,706 [INFO] MainUpdater:285 - Updater Check For Update Now.
2023-11-07 10:25:52,706 [INFO] MicroXplorer:498 - Change Database Version : DB.6.0.92
2023-11-07 10:25:52,722 [INFO] McuFinderGlobals:63 - Set McuFinder mode to 2 (CubeIDE integrated)
2023-11-07 10:25:52,876 [INFO] ServerAccessManage:473 - Download File updaters.zip
2023-11-07 10:25:52,981 [INFO] FileExtend:240 - Unzip File : updaters.zip
2023-11-07 10:25:52,981 [INFO] FileExtend:255 - Standard Zip Deflate
2023-11-07 10:25:54,155 [INFO] ServerAccessManage:473 - Download File PacksControlFlags.xml
2023-11-07 10:25:54,378 [WARN] MainUpdater:1189 - Updater busy. Cannot search thirdparties
2023-11-07 10:25:54,378 [INFO] ThirdPartyUpdaterWithRetryManager:96 - Updater plugin is busy. [1/15]
2023-11-07 10:25:54,400 [INFO] ServerAccessManage:473 - Download File cubemx.pidx
2023-11-07 10:25:54,489 [INFO] LoadServerUpdatesThread:373 - End of LoadServerUpdate Thread
2023-11-07 10:25:54,650 [INFO] CheckServerUpdateThread:120 - End of CheckServer Thread
2023-11-07 10:25:57,850 [WARN] PackLoader:240 - Cannot read IP mode file for STMicroelectronics.X-CUBE-SMBUS.2.1.0
2023-11-07 10:25:57,903 [WARN] PackLoader:240 - Cannot read IP mode file for STMicroelectronics.X-CUBE-AZRTOS-F7.1.1.0
2023-11-07 10:25:57,931 [ERROR] RealEvaluatedCondition:428 - Found unsupported composite condition: CLASS='Data Exchange' GROUP='STM32_MetaDataManager'
2023-11-07 10:25:57,931 [ERROR] RealEvaluatedCondition:428 - Found unsupported composite condition: CLASS='Data Exchange' GROUP='STM32_MetaDataManager'
2023-11-07 10:25:57,933 [WARN] PackLoader:240 - Cannot read IP mode file for STMicroelectronics.FP-SNS-MOTENV1.4.3.0
2023-11-07 10:25:57,955 [WARN] PackLoader:240 - Cannot read IP mode file for STMicroelectronics.FP-SNS-MOTENV1.4.3.2
2023-11-07 10:25:57,975 [WARN] PackLoader:240 - Cannot read IP mode file for STMicroelectronics.FP-SNS-FLIGHT1.5.0.0
2023-11-07 10:25:57,991 [ERROR] RealEvaluatedCondition:428 - Found unsupported composite condition: GROUP='STM32_MetaDataManager' CLASS='Data Exchange'
2023-11-07 10:25:57,991 [ERROR] RealEvaluatedCondition:428 - Found unsupported composite condition: CLASS='Data Exchange' GROUP='STM32_MetaDataManager'
2023-11-07 10:25:57,992 [WARN] PackLoader:240 - Cannot read IP mode file for STMicroelectronics.FP-SNS-MOTENV1.4.3.1
2023-11-07 10:25:58,011 [WARN] PackLoader:240 - Cannot read IP mode file for STMicroelectronics.FP-SNS-FLIGHT1.5.0.1
2023-11-07 10:25:58,030 [WARN] PackLoader:240 - Cannot read IP mode file for STMicroelectronics.X-CUBE-BLE1.6.2.4
2023-11-07 10:25:58,041 [WARN] PackLoader:240 - Cannot read IP mode file for STMicroelectronics.FP-SNS-FLIGHT1.5.0.2
2023-11-07 10:25:58,057 [WARN] PackLoader:240 - Cannot read IP mode file for STMicroelectronics.X-CUBE-DISPLAY.3.0.0
2023-11-07 10:25:58,070 [WARN] PackLoader:240 - Cannot read IP mode file for STMicroelectronics.X-CUBE-BLE1.7.0.0
2023-11-07 10:25:58,084 [WARN] PackLoader:240 - Cannot read IP mode file for STMicroelectronics.X-CUBE-TOUCHGFX.4.22.0
2023-11-07 10:25:58,095 [WARN] PackLoader:240 - Cannot read IP mode file for STMicroelectronics.X-CUBE-TOUCHGFX.4.22.1
2023-11-07 10:25:58,108 [WARN] PackLoader:240 - Cannot read IP mode file for STMicroelectronics.FP-SNS-SMARTAG2.1.2.0
2023-11-07 10:25:58,131 [INFO] LogOutputStream:77 - [STDOUT_REDIRECT] 1 : Invalid condition id : UX_CORESTACK_Condition cause : null
2023-11-07 10:25:58,133 [INFO] LogOutputStream:77 - [STDOUT_REDIRECT] 1 : Invalid condition id : UX_CORESTACK_Condition cause : null
2023-11-07 10:25:58,133 [INFO] LogOutputStream:77 - [STDOUT_REDIRECT] 1 : Invalid condition id : UX_CORESTACK_Condition cause : null
2023-11-07 10:25:58,135 [INFO] LogOutputStream:77 - [STDOUT_REDIRECT] 1 : Invalid condition id : UX_CORESTACK_Condition cause : null
2023-11-07 10:25:58,136 [INFO] LogOutputStream:77 - [STDOUT_REDIRECT] 1 : Invalid condition id : UX_CORESTACK_Condition cause : null
2023-11-07 10:25:58,139 [WARN] PackLoader:240 - Cannot read IP mode file for STMicroelectronics.X-CUBE-AZRTOS-WL.2.0.0
2023-11-07 10:25:58,163 [WARN] PackLoader:240 - Cannot read IP mode file for WES.I-CUBE-Cesium.1.3.0
2023-11-07 10:25:58,179 [WARN] PackLoader:240 - Cannot read IP mode file for STMicroelectronics.X-CUBE-BLE2.3.3.0
2023-11-07 10:25:58,208 [WARN] PackLoader:240 - Cannot read IP mode file for STMicroelectronics.X-CUBE-TOF1.3.2.0
2023-11-07 10:25:58,230 [WARN] PackLoader:240 - Cannot read IP mode file for STMicroelectronics.X-CUBE-TOUCHGFX.4.21.1
2023-11-07 10:25:58,246 [WARN] PackLoader:240 - Cannot read IP mode file for STMicroelectronics.X-CUBE-TOUCHGFX.4.21.3
2023-11-07 10:25:58,267 [WARN] PackLoader:240 - Cannot read IP mode file for STMicroelectronics.X-CUBE-TOUCHGFX.4.21.4
2023-11-07 10:25:58,291 [WARN] PackLoader:240 - Cannot read IP mode file for STMicroelectronics.X-CUBE-ALGOBUILD.1.3.0
2023-11-07 10:25:58,341 [WARN] PackLoader:240 - Cannot read IP mode file for STMicroelectronics.X-CUBE-AZRTOS-G0.1.1.0
2023-11-07 10:25:58,366 [WARN] PackLoader:240 - Cannot read IP mode file for STMicroelectronics.X-CUBE-NFC4.3.0.0
2023-11-07 10:25:58,392 [WARN] PackLoader:240 - Cannot read IP mode file for STMicroelectronics.X-CUBE-BLEMGR.3.0.0
2023-11-07 10:25:58,411 [WARN] PackLoader:240 - Cannot read IP mode file for STMicroelectronics.FP-ATR-SIGFOX1.3.2.0
2023-11-07 10:25:58,483 [WARN] PackLoader:240 - Cannot read IP mode file for STMicroelectronics.X-CUBE-MEMS1.9.5.0
2023-11-07 10:25:58,709 [WARN] PackLoader:240 - Cannot read IP mode file for SEGGER.I-CUBE-embOS.1.3.1
2023-11-07 10:25:58,782 [WARN] PackLoader:240 - Cannot read IP mode file for STMicroelectronics.X-CUBE-GNSS1.6.0.0
2023-11-07 10:25:58,831 [WARN] PackLoader:240 - Cannot read IP mode file for STMicroelectronics.X-CUBE-AZRTOS-F4.1.1.0
2023-11-07 10:25:58,885 [WARN] PackLoader:240 - Cannot read IP mode file for STMicroelectronics.X-CUBE-AZRTOS-L5.2.0.0
2023-11-07 10:25:58,957 [WARN] PackLoader:240 - Cannot read IP mode file for STMicroelectronics.X-CUBE-MEMS1.9.6.0
2023-11-07 10:25:59,113 [WARN] PackLoader:240 - Cannot read IP mode file for STMicroelectronics.X-CUBE-EEPRMA1.4.2.0
2023-11-07 10:25:59,139 [WARN] PackLoader:240 - Cannot read IP mode file for ITTIA_DB.I-CUBE-ITTIADB.8.8.0
2023-11-07 10:25:59,171 [WARN] PackLoader:240 - Cannot read IP mode file for emotas.I-CUBE-CANOPEN.1.1.3
2023-11-07 10:25:59,201 [WARN] PackLoader:240 - Cannot read IP mode file for STMicroelectronics.X-CUBE-BLEMGR.2.0.0
2023-11-07 10:25:59,253 [WARN] ConditionMgr:438 - getConditionDescription Invalid condition id : UX DEVICE CLASS RTOS Condition cause : null
2023-11-07 10:25:59,254 [WARN] ConditionMgr:438 - getConditionDescription Invalid condition id : UX DEVICE CLASS RTOS Condition cause : null
2023-11-07 10:25:59,258 [WARN] PackLoader:240 - Cannot read IP mode file for STMicroelectronics.X-CUBE-AZRTOS-H7.3.1.0
2023-11-07 10:25:59,259 [WARN] ConditionMgr:1039 - genDependencies : Invalid condition id : UX DEVICE CLASS RTOS Condition cause : null
2023-11-07 10:25:59,260 [WARN] ConditionMgr:1039 - genDependencies : Invalid condition id : UX DEVICE CLASS RTOS Condition cause : null
2023-11-07 10:25:59,261 [WARN] ConditionMgr:1039 - genDependencies : Invalid condition id : UX DEVICE CLASS RTOS Condition cause : null
2023-11-07 10:25:59,261 [WARN] ConditionMgr:1039 - genDependencies : Invalid condition id : UX DEVICE CLASS RTOS Condition cause : null
2023-11-07 10:25:59,262 [WARN] ConditionMgr:1039 - genDependencies : Invalid condition id : UX DEVICE CLASS RTOS Condition cause : null
2023-11-07 10:25:59,286 [WARN] PackLoader:240 - Cannot read IP mode file for wolfSSL.I-CUBE-wolfSSL.5.5.4
2023-11-07 10:25:59,311 [WARN] PackLoader:240 - Cannot read IP mode file for STMicroelectronics.X-CUBE-NFC7.1.0.1
2023-11-07 10:25:59,334 [WARN] PackLoader:240 - Cannot read IP mode file for STMicroelectronics.X-CUBE-NFC7.1.0.0
2023-11-07 10:25:59,361 [WARN] PackLoader:240 - Cannot read IP mode file for STMicroelectronics.X-CUBE-NFC6.3.0.0
2023-11-07 10:25:59,385 [WARN] PackLoader:240 - Cannot read IP mode file for STMicroelectronics.X-CUBE-EEPRMA1.4.1.0
2023-11-07 10:25:59,419 [WARN] PackLoader:240 - Cannot read IP mode file for STMicroelectronics.X-CUBE-AI.8.1.0
2023-11-07 10:25:59,465 [WARN] ConditionMgr:438 - getConditionDescription Invalid condition id : LAN8742 Phy interface Condition cause : null
2023-11-07 10:25:59,466 [WARN] PackLoader:240 - Cannot read IP mode file for STMicroelectronics.X-CUBE-AZRTOS-L4.2.0.0
2023-11-07 10:25:59,469 [WARN] ConditionMgr:1039 - genDependencies : Invalid condition id : LAN8742 Phy interface Condition cause : null
2023-11-07 10:25:59,469 [WARN] ConditionMgr:1039 - genDependencies : Invalid condition id : LAN8742 Phy interface Condition cause : null
2023-11-07 10:25:59,470 [WARN] ConditionMgr:1039 - genDependencies : Invalid condition id : LAN8742 Phy interface Condition cause : null
2023-11-07 10:25:59,495 [WARN] PackLoader:240 - Cannot read IP mode file for STMicroelectronics.X-CUBE-SFXS2LP1.4.0.0
2023-11-07 10:25:59,542 [WARN] PackLoader:240 - Cannot read IP mode file for STMicroelectronics.X-CUBE-AZRTOS-H7.3.0.0
2023-11-07 10:25:59,565 [WARN] PackLoader:240 - Cannot read IP mode file for STMicroelectronics.X-CUBE-ISPU.1.1.0
2023-11-07 10:25:59,591 [WARN] PackLoader:240 - Cannot read IP mode file for RoweBots.I-CUBE-UNISONRTOS.5.5.0-4
2023-11-07 10:25:59,613 [WARN] PackLoader:240 - Cannot read IP mode file for STMicroelectronics.X-CUBE-AI.8.0.0
2023-11-07 10:25:59,644 [WARN] ConditionMgr:438 - getConditionDescription Invalid condition id : UX DEVICE CLASS RTOS Condition cause : null
2023-11-07 10:25:59,645 [WARN] ConditionMgr:438 - getConditionDescription Invalid condition id : UX DEVICE CLASS RTOS Condition cause : null
2023-11-07 10:25:59,646 [WARN] PackLoader:240 - Cannot read IP mode file for STMicroelectronics.X-CUBE-AZRTOS-WB.2.0.0
2023-11-07 10:25:59,648 [WARN] ConditionMgr:1039 - genDependencies : Invalid condition id : UX DEVICE CLASS RTOS Condition cause : null
2023-11-07 10:25:59,648 [WARN] ConditionMgr:1039 - genDependencies : Invalid condition id : UX DEVICE CLASS RTOS Condition cause : null
2023-11-07 10:25:59,649 [WARN] ConditionMgr:1039 - genDependencies : Invalid condition id : UX DEVICE CLASS RTOS Condition cause : null
2023-11-07 10:25:59,649 [WARN] ConditionMgr:1039 - genDependencies : Invalid condition id : UX DEVICE CLASS RTOS Condition cause : null
2023-11-07 10:25:59,649 [WARN] ConditionMgr:1039 - genDependencies : Invalid condition id : UX DEVICE CLASS RTOS Condition cause : null
2023-11-07 10:25:59,671 [WARN] PackLoader:240 - Cannot read IP mode file for STMicroelectronics.X-CUBE-FREERTOS.1.0.0
2023-11-07 10:25:59,691 [WARN] PackLoader:240 - Cannot read IP mode file for STMicroelectronics.X-CUBE-FREERTOS.1.0.1
2023-11-07 10:25:59,729 [WARN] PackLoader:240 - Cannot read IP mode file for STMicroelectronics.X-CUBE-AZRTOS-L5.1.1.0
2023-11-07 10:25:59,748 [WARN] PackLoader:240 - Cannot read IP mode file for STMicroelectronics.X-CUBE-AI.8.0.1
2023-11-07 10:25:59,778 [WARN] PackLoader:240 - Cannot read IP mode file for STMicroelectronics.X-CUBE-SUBG2.5.0.0
2023-11-07 10:25:59,808 [WARN] PackLoader:240 - Cannot read IP mode file for STMicroelectronics.X-CUBE-TOF1.3.3.1
2023-11-07 10:25:59,848 [WARN] PackLoader:240 - Cannot read IP mode file for STMicroelectronics.X-CUBE-AZRTOS-G4.2.0.0
2023-11-07 10:25:59,873 [WARN] PackLoader:240 - Cannot read IP mode file for STMicroelectronics.X-CUBE-TOF1.3.3.0
2023-11-07 10:25:59,894 [WARN] PackLoader:240 - Cannot read IP mode file for STMicroelectronics.FP-ATR-ASTRA1.1.1.1
2023-11-07 10:25:59,923 [WARN] PackLoader:240 - Cannot read IP mode file for Infineon.AIROC-Wi-Fi-Bluetooth-STM32.1.5.1
2023-11-07 10:25:59,954 [WARN] PackLoader:240 - Cannot read IP mode file for STMicroelectronics.X-CUBE-AZRTOS-G4.1.0.0
2023-11-07 10:25:59,990 [WARN] PackLoader:240 - Cannot read IP mode file for STMicroelectronics.X-CUBE-AZRTOS-L4.1.0.0
2023-11-07 10:26:00,053 [WARN] PackLoader:240 - Cannot read IP mode file for STMicroelectronics.X-CUBE-MEMS1.10.0.0
2023-11-07 10:26:00,188 [WARN] PackLoader:240 - Cannot read IP mode file for STMicroelectronics.X-CUBE-FREERTOS.1.1.0
2023-11-07 10:26:00,219 [WARN] PackLoader:240 - Cannot read IP mode file for STMicroelectronics.X-CUBE-AZRTOS-WL.1.0.0
2023-11-07 10:26:00,245 [WARN] PackLoader:240 - Cannot read IP mode file for portGmbH.I-Cube-SoM-uGOAL.1.1.0
2023-11-07 10:26:00,266 [WARN] PackLoader:240 - Cannot read IP mode file for STMicroelectronics.X-CUBE-ALS.1.0.1
2023-11-07 10:26:00,295 [WARN] PackLoader:240 - Cannot read IP mode file for STMicroelectronics.X-CUBE-AZRTOS-WB.1.1.0
2023-11-07 10:26:00,310 [WARN] PackLoader:240 - Cannot read IP mode file for STMicroelectronics.FP-ATR-ASTRA1.2.0.0
2023-11-07 10:26:00,312 [INFO] ThirdParty:978 - Integrity check success = true
2023-11-07 10:26:00,312 [INFO] IntegrityCheckThread:100 - exiting critical section [integrity check]
2023-11-07 10:26:00,312 [INFO] IntegrityCheckThread:103 - End integrity checks thread
2023-11-07 10:26:14,067 [ERROR] LogOutputStream:75 - [STDERR_REDIRECT] SLF4J: Failed to load class "org.slf4j.impl.StaticLoggerBinder".
2023-11-07 10:26:14,068 [ERROR] LogOutputStream:75 - [STDERR_REDIRECT] SLF4J: Defaulting to no-operation (NOP) logger implementation
2023-11-07 10:26:14,068 [ERROR] LogOutputStream:75 - [STDERR_REDIRECT] SLF4J: See http://www.slf4j.org/codes.html#StaticLoggerBinder for further details.
