2023-11-30 14:07:47,435 [INFO] Activator:176 - 


2023-11-30 14:07:47,444 [INFO] Activator:177 - !SESSION log4j initialized
2023-11-30 14:07:55,003 [INFO] LogOutputStream:77 - [STDOUT_REDIRECT] 
2023-11-30 14:07:58,289 [INFO] ApplicationProperties:184 - Using Application install path: C:\ST\STM32CubeIDE_1.13.2\STM32CubeIDE\plugins\com.st.stm32cube.common.mx_6.9.2.202309101412
2023-11-30 14:07:58,307 [INFO] DbMcusXml:78 - Set database path to: C:\ST\STM32CubeIDE_1.13.2\STM32CubeIDE\plugins\com.st.stm32cube.common.mx_6.9.2.202309101412\\db\/mcu/
2023-11-30 14:07:58,307 [INFO] ApiDb:274 - Set plugin database path to: C:\ST\STM32CubeIDE_1.13.2\STM32CubeIDE\plugins\com.st.stm32cube.common.mx_6.9.2.202309101412\\db\/plugins/boardmanager/
2023-11-30 14:07:58,307 [WARN] ApiDb:259 - Overriding images path with different value:  => C:\ST\STM32CubeIDE_1.13.2\STM32CubeIDE\plugins\com.st.stm32cube.common.mx_6.9.2.202309101412\\db\/plugins/mcufinder/images/
2023-11-30 14:07:58,322 [INFO] ApiDb:250 - Set database path to: C:\Users\nhakh\.stmcufinder\plugins\mcufinder//mcu/
2023-11-30 14:07:58,323 [INFO] DbMcusAds:125 - Set database path to: C:\Users\nhakh\.stmcufinder\plugins\mcufinder//mcu/
2023-11-30 14:07:58,326 [INFO] CrossReferenceDbSqlite:203 - Set database path to: C:\Users\nhakh\.stmcufinder\plugins\mcufinder//mcu/cs/
2023-11-30 14:07:58,429 [INFO] RulesReader:64 - Compatibility file has been processed (293 Rules)
2023-11-30 14:07:58,539 [INFO] DbMcusXml:78 - Set database path to: C:\ST\STM32CubeIDE_1.13.2\STM32CubeIDE\plugins\com.st.stm32cube.common.mx_6.9.2.202309101412\\db\/mcu/
2023-11-30 14:07:58,539 [INFO] ApiDb:274 - Set plugin database path to: C:\ST\STM32CubeIDE_1.13.2\STM32CubeIDE\plugins\com.st.stm32cube.common.mx_6.9.2.202309101412\\db\/plugins/boardmanager/
2023-11-30 14:07:58,540 [INFO] ApiDb:261 - Set plugin images path to: C:\ST\STM32CubeIDE_1.13.2\STM32CubeIDE\plugins\com.st.stm32cube.common.mx_6.9.2.202309101412\\db\/plugins/mcufinder/images/
2023-11-30 14:07:58,540 [WARN] DbFile:41 - Overriding database path with different value: C:\Users\nhakh\.stmcufinder\plugins\mcufinder/ => C:\Users\nhakh\.stmcufinder\plugins\mcufinder
2023-11-30 14:07:58,540 [INFO] ApiDb:250 - Set database path to: C:\Users\nhakh\.stmcufinder\plugins\mcufinder//mcu/
2023-11-30 14:07:58,540 [WARN] DbFile:41 - Overriding database path with different value: C:\Users\nhakh\.stmcufinder\plugins\mcufinder/ => C:\Users\nhakh\.stmcufinder\plugins\mcufinder
2023-11-30 14:07:58,540 [INFO] DbMcusAds:125 - Set database path to: C:\Users\nhakh\.stmcufinder\plugins\mcufinder//mcu/
2023-11-30 14:07:58,540 [WARN] DbFile:41 - Overriding database path with different value: C:\Users\nhakh\.stmcufinder\plugins\mcufinder/ => C:\Users\nhakh\.stmcufinder\plugins\mcufinder
2023-11-30 14:07:58,540 [WARN] DbFile:41 - Overriding database path with different value: C:\Users\nhakh\.stmcufinder\plugins\mcufinder/ => C:\Users\nhakh\.stmcufinder\plugins\mcufinder
2023-11-30 14:07:58,540 [INFO] CrossReferenceDbSqlite:203 - Set database path to: C:\Users\nhakh\.stmcufinder\plugins\mcufinder//mcu/cs/
2023-11-30 14:07:58,633 [INFO] MainPanel:262 - HeapMemory: 268435456
2023-11-30 14:07:58,737 [INFO] DbMcusXml:78 - Set database path to: C:\ST\STM32CubeIDE_1.13.2\STM32CubeIDE\plugins\com.st.stm32cube.common.mx_6.9.2.202309101412\\db\/mcu/
2023-11-30 14:07:58,737 [INFO] ApiDb:274 - Set plugin database path to: C:\ST\STM32CubeIDE_1.13.2\STM32CubeIDE\plugins\com.st.stm32cube.common.mx_6.9.2.202309101412\\db\/plugins/boardmanager/
2023-11-30 14:07:58,737 [INFO] ApiDb:261 - Set plugin images path to: C:\ST\STM32CubeIDE_1.13.2\STM32CubeIDE\plugins\com.st.stm32cube.common.mx_6.9.2.202309101412\\db\/plugins/mcufinder/images/
2023-11-30 14:07:58,737 [WARN] DbFile:41 - Overriding database path with different value: C:\Users\nhakh\.stmcufinder\plugins\mcufinder/ => C:\Users\nhakh\.stmcufinder\plugins\mcufinder
2023-11-30 14:07:58,737 [INFO] ApiDb:250 - Set database path to: C:\Users\nhakh\.stmcufinder\plugins\mcufinder//mcu/
2023-11-30 14:07:58,737 [WARN] DbFile:41 - Overriding database path with different value: C:\Users\nhakh\.stmcufinder\plugins\mcufinder/ => C:\Users\nhakh\.stmcufinder\plugins\mcufinder
2023-11-30 14:07:58,739 [INFO] DbMcusAds:125 - Set database path to: C:\Users\nhakh\.stmcufinder\plugins\mcufinder//mcu/
2023-11-30 14:07:58,739 [WARN] DbFile:41 - Overriding database path with different value: C:\Users\nhakh\.stmcufinder\plugins\mcufinder/ => C:\Users\nhakh\.stmcufinder\plugins\mcufinder
2023-11-30 14:07:58,739 [WARN] DbFile:41 - Overriding database path with different value: C:\Users\nhakh\.stmcufinder\plugins\mcufinder/ => C:\Users\nhakh\.stmcufinder\plugins\mcufinder
2023-11-30 14:07:58,739 [INFO] CrossReferenceDbSqlite:203 - Set database path to: C:\Users\nhakh\.stmcufinder\plugins\mcufinder//mcu/cs/
2023-11-30 14:07:58,759 [INFO] ApplicationProperties:184 - Using Application install path: C:\ST\STM32CubeIDE_1.13.2\STM32CubeIDE\plugins\com.st.stm32cube.common.mx_6.9.2.202309101412
2023-11-30 14:07:58,759 [INFO] PluginManage:196 - Search for loadable plugins [exclusion list=, ]
2023-11-30 14:07:58,762 [INFO] PluginManage:310 - Check plugin analytics
2023-11-30 14:07:58,918 [INFO] AnalyticsPlugin:253 - Accepted Software Licenses: 
2023-11-30 14:07:58,918 [INFO] AnalyticsPlugin:255 - Accepted CMSIS Pack Licenses: 
2023-11-30 14:07:58,919 [INFO] AnalyticsPlugin:257 - Accepted Firmware Licenses: FW.F4.1.27.0
2023-11-30 14:07:58,922 [INFO] PluginManage:359 - Loaded plugin analytics (category:tool,tabindex:-1)
2023-11-30 14:07:58,922 [INFO] PluginManage:310 - Check plugin cadmodel
2023-11-30 14:07:58,937 [INFO] CADModel:105 - Init CAD model plugin
2023-11-30 14:07:58,937 [INFO] PluginManage:359 - Loaded plugin cadmodel (category:power,tabindex:5)
2023-11-30 14:07:58,937 [INFO] PluginManage:310 - Check plugin clock
2023-11-30 14:07:58,959 [INFO] PluginManage:359 - Loaded plugin clock (category:base,tabindex:2)
2023-11-30 14:07:58,959 [INFO] PluginManage:310 - Check plugin ddr
2023-11-30 14:07:58,961 [INFO] PluginManage:359 - Loaded plugin ddr (category:tool,tabindex:6)
2023-11-30 14:07:58,961 [INFO] PluginManage:310 - Check plugin filemanager
2023-11-30 14:07:59,100 [INFO] PluginManage:359 - Loaded plugin filemanager (category:base,tabindex:10)
2023-11-30 14:07:59,100 [INFO] PluginManage:310 - Check plugin ipmanager
2023-11-30 14:07:59,110 [INFO] PluginManage:359 - Loaded plugin ipmanager (category:base,tabindex:5)
2023-11-30 14:07:59,110 [INFO] PluginManage:310 - Check plugin lpbam
2023-11-30 14:07:59,127 [INFO] PluginManage:359 - Loaded plugin lpbam (category:base,tabindex:0)
2023-11-30 14:07:59,127 [INFO] PluginManage:310 - Check plugin memorymap
2023-11-30 14:07:59,154 [INFO] PluginManage:359 - Loaded plugin memorymap (category:base,tabindex:4)
2023-11-30 14:07:59,155 [INFO] PluginManage:310 - Check plugin pinoutandconfiguration
2023-11-30 14:07:59,174 [INFO] PluginManage:359 - Loaded plugin pinoutandconfiguration (category:base,tabindex:1)
2023-11-30 14:07:59,174 [INFO] PluginManage:310 - Check plugin pinoutconfig
2023-11-30 14:07:59,286 [WARN] SupportedApi:132 - Cannot load RTOS API schema: s4s-elt-must-match.1: The content of 'definitions' must match (annotation?, (simpleType | complexType)?, (unique | key | keyref)*)). A problem was found starting at: attribute.
2023-11-30 14:07:59,441 [INFO] PluginManage:359 - Loaded plugin pinoutconfig (category:base,tabindex:0)
2023-11-30 14:07:59,443 [INFO] PluginManage:310 - Check plugin power
2023-11-30 14:07:59,467 [INFO] PluginManage:359 - Loaded plugin power (category:power,tabindex:4)
2023-11-30 14:07:59,467 [INFO] PluginManage:310 - Check plugin projectmanager
2023-11-30 14:07:59,486 [INFO] PluginManage:359 - Loaded plugin projectmanager (category:projectmanager,tabindex:3)
2023-11-30 14:07:59,486 [INFO] PluginManage:310 - Check plugin thirdparty
2023-11-30 14:07:59,841 [INFO] PluginManage:359 - Loaded plugin thirdparty (category:base,tabindex:-1)
2023-11-30 14:07:59,841 [INFO] PluginManage:310 - Check plugin tools
2023-11-30 14:07:59,841 [WARN] IntegrityCheckThread:84 - waiting for thirdparty lock release [integrity check]
2023-11-30 14:07:59,842 [INFO] IntegrityCheckThread:86 - entering critical section [integrity check]
2023-11-30 14:07:59,842 [INFO] ThirdPartyUpdaterWithRetryManager:70 - Updater plugin not ready yet. [1/15]
2023-11-30 14:07:59,870 [INFO] PluginManage:359 - Loaded plugin tools (category:base,tabindex:7)
2023-11-30 14:07:59,870 [INFO] PluginManage:310 - Check plugin tutovideos
2023-11-30 14:08:00,094 [INFO] PluginManage:359 - Loaded plugin tutovideos (category:base,tabindex:-1)
2023-11-30 14:08:00,094 [INFO] PluginManage:310 - Check plugin updater
2023-11-30 14:08:00,110 [INFO] PluginManage:359 - Loaded plugin updater (category:base,tabindex:12)
2023-11-30 14:08:00,110 [INFO] PluginManage:310 - Check plugin userauth
2023-11-30 14:08:00,117 [INFO] UserAuth:113 - Init User Auth plugin
2023-11-30 14:08:00,117 [INFO] PluginManage:359 - Loaded plugin userauth (category:base,tabindex:14)
2023-11-30 14:08:00,117 [INFO] PluginManage:283 - PluginManage : Loaded plugins [17]
2023-11-30 14:08:00,383 [INFO] PinOutPanel:1499 - setPackage(No Configuration,No Configuration)
2023-11-30 14:08:00,516 [INFO] CADModel:165 - CPN selected for project level
2023-11-30 14:08:00,516 [INFO] CADModel:114 - Register for checkConnection events
2023-11-30 14:08:00,546 [INFO] IPUIPlugin:80 - create IPUIPlugin
2023-11-30 14:08:00,546 [INFO] PluginManager:220 - loadIPPluginJar : add adc
2023-11-30 14:08:00,574 [INFO] IPUIPlugin:80 - create IPUIPlugin
2023-11-30 14:08:00,574 [INFO] PluginManager:220 - loadIPPluginJar : add aes
2023-11-30 14:08:00,606 [INFO] IPUIPlugin:80 - create IPUIPlugin
2023-11-30 14:08:00,606 [INFO] PluginManager:220 - loadIPPluginJar : add can
2023-11-30 14:08:00,625 [INFO] IPUIPlugin:80 - create IPUIPlugin
2023-11-30 14:08:00,625 [INFO] PluginManager:220 - loadIPPluginJar : add comp
2023-11-30 14:08:00,650 [INFO] IPUIPlugin:80 - create IPUIPlugin
2023-11-30 14:08:00,651 [INFO] PluginManager:220 - loadIPPluginJar : add cryp
2023-11-30 14:08:00,674 [INFO] IPUIPlugin:80 - create IPUIPlugin
2023-11-30 14:08:00,674 [INFO] PluginManager:220 - loadIPPluginJar : add dfsdm
2023-11-30 14:08:00,689 [INFO] IPUIPlugin:80 - create IPUIPlugin
2023-11-30 14:08:00,689 [INFO] PluginManager:220 - loadIPPluginJar : add dma
2023-11-30 14:08:00,724 [INFO] IPUIPlugin:80 - create IPUIPlugin
2023-11-30 14:08:00,724 [INFO] PluginManager:220 - loadIPPluginJar : add dma3
2023-11-30 14:08:00,741 [INFO] IPUIPlugin:80 - create IPUIPlugin
2023-11-30 14:08:00,741 [INFO] PluginManager:220 - loadIPPluginJar : add fatfs
2023-11-30 14:08:00,778 [INFO] IPUIPlugin:80 - create IPUIPlugin
2023-11-30 14:08:00,778 [INFO] PluginManager:220 - loadIPPluginJar : add fmc
2023-11-30 14:08:00,793 [INFO] IPUIPlugin:80 - create IPUIPlugin
2023-11-30 14:08:00,793 [INFO] PluginManager:220 - loadIPPluginJar : add freertos
2023-11-30 14:08:00,809 [INFO] IPUIPlugin:80 - create IPUIPlugin
2023-11-30 14:08:00,809 [INFO] PluginManager:220 - loadIPPluginJar : add genericplugin
2023-11-30 14:08:00,876 [INFO] IPUIPlugin:80 - create IPUIPlugin
2023-11-30 14:08:00,877 [INFO] PluginManager:220 - loadIPPluginJar : add gfxmmu
2023-11-30 14:08:00,969 [INFO] IPUIPlugin:80 - create IPUIPlugin
2023-11-30 14:08:00,969 [INFO] PluginManager:220 - loadIPPluginJar : add gic
2023-11-30 14:08:00,983 [INFO] IPUIPlugin:80 - create IPUIPlugin
2023-11-30 14:08:00,983 [INFO] PluginManager:220 - loadIPPluginJar : add gpio
2023-11-30 14:08:01,052 [INFO] IPUIPlugin:80 - create IPUIPlugin
2023-11-30 14:08:01,052 [INFO] PluginManager:220 - loadIPPluginJar : add gtzc
2023-11-30 14:08:01,077 [INFO] IPUIPlugin:80 - create IPUIPlugin
2023-11-30 14:08:01,077 [INFO] PluginManager:220 - loadIPPluginJar : add hash
2023-11-30 14:08:01,117 [INFO] IPUIPlugin:80 - create IPUIPlugin
2023-11-30 14:08:01,117 [INFO] PluginManager:220 - loadIPPluginJar : add i2c
2023-11-30 14:08:01,151 [INFO] IPUIPlugin:80 - create IPUIPlugin
2023-11-30 14:08:01,151 [INFO] PluginManager:220 - loadIPPluginJar : add i2s
2023-11-30 14:08:01,187 [INFO] IPUIPlugin:80 - create IPUIPlugin
2023-11-30 14:08:01,187 [INFO] PluginManager:220 - loadIPPluginJar : add i3c
2023-11-30 14:08:01,272 [INFO] IPUIPlugin:80 - create IPUIPlugin
2023-11-30 14:08:01,272 [INFO] PluginManager:220 - loadIPPluginJar : add ipddr
2023-11-30 14:08:01,342 [INFO] IPUIPlugin:80 - create IPUIPlugin
2023-11-30 14:08:01,342 [INFO] PluginManager:220 - loadIPPluginJar : add linkedlist
2023-11-30 14:08:01,368 [INFO] IPUIPlugin:80 - create IPUIPlugin
2023-11-30 14:08:01,368 [INFO] PluginManager:220 - loadIPPluginJar : add lorawan
2023-11-30 14:08:01,396 [INFO] IPUIPlugin:80 - create IPUIPlugin
2023-11-30 14:08:01,397 [INFO] PluginManager:220 - loadIPPluginJar : add ltdc
2023-11-30 14:08:01,410 [INFO] IPUIPlugin:80 - create IPUIPlugin
2023-11-30 14:08:01,410 [INFO] PluginManager:220 - loadIPPluginJar : add mdma
2023-11-30 14:08:01,423 [INFO] IPUIPlugin:80 - create IPUIPlugin
2023-11-30 14:08:01,423 [INFO] PluginManager:220 - loadIPPluginJar : add nvic
2023-11-30 14:08:01,451 [INFO] IPUIPlugin:80 - create IPUIPlugin
2023-11-30 14:08:01,451 [INFO] PluginManager:220 - loadIPPluginJar : add opamp
2023-11-30 14:08:01,494 [INFO] IPUIPlugin:80 - create IPUIPlugin
2023-11-30 14:08:01,494 [INFO] PluginManager:220 - loadIPPluginJar : add openamp
2023-11-30 14:08:01,529 [INFO] IPUIPlugin:80 - create IPUIPlugin
2023-11-30 14:08:01,529 [INFO] PluginManager:220 - loadIPPluginJar : add pdm2pcm
2023-11-30 14:08:01,542 [INFO] IPUIPlugin:80 - create IPUIPlugin
2023-11-30 14:08:01,544 [INFO] PluginManager:220 - loadIPPluginJar : add plateformsettings
2023-11-30 14:08:01,561 [INFO] IPUIPlugin:80 - create IPUIPlugin
2023-11-30 14:08:01,562 [INFO] PluginManager:220 - loadIPPluginJar : add quadspi
2023-11-30 14:08:01,573 [INFO] IPUIPlugin:80 - create IPUIPlugin
2023-11-30 14:08:01,573 [INFO] PluginManager:220 - loadIPPluginJar : add resmgrutility
2023-11-30 14:08:01,610 [INFO] IPUIPlugin:80 - create IPUIPlugin
2023-11-30 14:08:01,610 [INFO] PluginManager:220 - loadIPPluginJar : add sai
2023-11-30 14:08:01,637 [INFO] IPUIPlugin:80 - create IPUIPlugin
2023-11-30 14:08:01,637 [INFO] PluginManager:220 - loadIPPluginJar : add spi
2023-11-30 14:08:01,702 [INFO] IPUIPlugin:80 - create IPUIPlugin
2023-11-30 14:08:01,702 [INFO] PluginManager:220 - loadIPPluginJar : add stm32_wpan
2023-11-30 14:08:01,733 [INFO] IPUIPlugin:80 - create IPUIPlugin
2023-11-30 14:08:01,733 [INFO] PluginManager:220 - loadIPPluginJar : add tim
2023-11-30 14:08:01,791 [INFO] IPUIPlugin:80 - create IPUIPlugin
2023-11-30 14:08:01,791 [INFO] PluginManager:220 - loadIPPluginJar : add touchsensing
2023-11-30 14:08:01,811 [INFO] IPUIPlugin:80 - create IPUIPlugin
2023-11-30 14:08:01,811 [INFO] PluginManager:220 - loadIPPluginJar : add tracer_emb
2023-11-30 14:08:01,830 [INFO] IPUIPlugin:80 - create IPUIPlugin
2023-11-30 14:08:01,830 [INFO] PluginManager:220 - loadIPPluginJar : add ts
2023-11-30 14:08:01,847 [INFO] IPUIPlugin:80 - create IPUIPlugin
2023-11-30 14:08:01,847 [INFO] PluginManager:220 - loadIPPluginJar : add tsc
2023-11-30 14:08:01,864 [INFO] IPUIPlugin:80 - create IPUIPlugin
2023-11-30 14:08:01,864 [INFO] PluginManager:220 - loadIPPluginJar : add ucpd
2023-11-30 14:08:01,899 [INFO] IPUIPlugin:80 - create IPUIPlugin
2023-11-30 14:08:01,899 [INFO] PluginManager:220 - loadIPPluginJar : add usart
2023-11-30 14:08:01,933 [INFO] IPUIPlugin:80 - create IPUIPlugin
2023-11-30 14:08:01,933 [INFO] PluginManager:220 - loadIPPluginJar : add usbx
2023-11-30 14:08:02,068 [INFO] CADModel:165 - CPN selected for project level
2023-11-30 14:08:02,068 [INFO] CADModel:114 - Register for checkConnection events
2023-11-30 14:08:02,068 [FATAL] Updater:308 - Updater called before beeing initialized
2023-11-30 14:08:02,068 [ERROR] CADModel:125 - Updater not yet initialized, retry later 
2023-11-30 14:08:02,235 [INFO] CADModel:165 - CPN selected for project level
2023-11-30 14:08:02,235 [INFO] CADModel:114 - Register for checkConnection events
2023-11-30 14:08:02,235 [FATAL] Updater:308 - Updater called before beeing initialized
2023-11-30 14:08:02,235 [ERROR] CADModel:125 - Updater not yet initialized, retry later 
2023-11-30 14:08:02,238 [FATAL] Updater:308 - Updater called before beeing initialized
2023-11-30 14:08:02,346 [FATAL] Updater:308 - Updater called before beeing initialized
2023-11-30 14:08:02,355 [INFO] DbMcusAds:53 - JSON generation date=Tue Mar 07 15:50:55 ICT 2023 (1678179055335)
2023-11-30 14:08:02,356 [FATAL] Updater:308 - Updater called before beeing initialized
2023-11-30 14:08:02,428 [WARN] DetailPanel:346 - Failed to get advertising image, set to default
2023-11-30 14:08:02,523 [FATAL] Updater:308 - Updater called before beeing initialized
2023-11-30 14:08:02,525 [FATAL] Updater:308 - Updater called before beeing initialized
2023-11-30 14:08:02,525 [FATAL] Updater:308 - Updater called before beeing initialized
2023-11-30 14:08:02,525 [WARN] DetailPanel:346 - Failed to get advertising image, set to default
2023-11-30 14:08:02,526 [FATAL] Updater:308 - Updater called before beeing initialized
2023-11-30 14:08:02,586 [ERROR] Updater:1120 - MainUpdater not yet initialized. External WinMGr cannot be set.
2023-11-30 14:08:02,595 [INFO] Updater:1056 - Updater Version found : 6.9.2
2023-11-30 14:08:02,614 [INFO] ApplicationProperties:184 - Using Application install path: C:\ST\STM32CubeIDE_1.13.2\STM32CubeIDE\plugins\com.st.stm32cube.common.mx_6.9.2.202309101412
2023-11-30 14:08:02,834 [INFO] MainUpdater:2868 - connection check result : 10
2023-11-30 14:08:02,834 [INFO] MainUpdater:3562 - Updater definition file requires update
2023-11-30 14:08:02,836 [INFO] MainUpdater:285 - Updater Check For Update Now.
2023-11-30 14:08:02,836 [INFO] MicroXplorer:498 - Change Database Version : DB.6.0.92
2023-11-30 14:08:02,845 [WARN] MainUpdater:1189 - Updater busy. Cannot search thirdparties
2023-11-30 14:08:02,845 [INFO] ThirdPartyUpdaterWithRetryManager:96 - Updater plugin is busy. [1/15]
2023-11-30 14:08:02,850 [INFO] McuFinderGlobals:63 - Set McuFinder mode to 2 (CubeIDE integrated)
2023-11-30 14:08:02,901 [INFO] ServerAccessManage:473 - Download File updaters.zip
2023-11-30 14:08:02,988 [INFO] FileExtend:240 - Unzip File : updaters.zip
2023-11-30 14:08:02,988 [INFO] FileExtend:255 - Standard Zip Deflate
2023-11-30 14:08:03,734 [INFO] ServerAccessManage:473 - Download File PacksControlFlags.xml
2023-11-30 14:08:03,851 [INFO] ServerAccessManage:473 - Download File cubemx.pidx
2023-11-30 14:08:04,190 [INFO] ServerAccessManage:473 - Download File STMicroelectronics.FP-SNS-MOTENVWB1.pdsc
2023-11-30 14:08:05,279 [WARN] PackLoader:240 - Cannot read IP mode file for STMicroelectronics.FP-SNS-MOTENVWB1.1.3.1
2023-11-30 14:08:05,282 [INFO] PopulateThirdPartyThread:66 - Ending populate Thread
2023-11-30 14:08:05,284 [INFO] ThirdParty:1030 - CMSIS Pack Vendor :STMicroelectronics FP-SNS-MOTENVWB1 1.3.1
2023-11-30 14:08:05,284 [INFO] LoadServerUpdatesThread:373 - End of LoadServerUpdate Thread
2023-11-30 14:08:05,376 [INFO] CheckServerUpdateThread:120 - End of CheckServer Thread
2023-11-30 14:08:05,471 [INFO] MainUpdater:2868 - connection check result : 10
2023-11-30 14:08:05,478 [INFO] MainUpdater:2868 - connection check result : 10
2023-11-30 14:08:05,659 [INFO] MicroXplorer:468 - Change Database Path : 
2023-11-30 14:08:05,660 [INFO] MicroXplorer:498 - Change Database Version : DB.6.0.92
2023-11-30 14:08:05,663 [WARN] ThirdParty:871 - waiting for thirdparty lock release [close project]
2023-11-30 14:08:06,129 [WARN] PackLoader:240 - Cannot read IP mode file for STMicroelectronics.X-CUBE-SMBUS.2.1.0
2023-11-30 14:08:06,165 [WARN] PackLoader:240 - Cannot read IP mode file for STMicroelectronics.X-CUBE-AZRTOS-F7.1.1.0
2023-11-30 14:08:06,182 [ERROR] RealEvaluatedCondition:428 - Found unsupported composite condition: CLASS='Data Exchange' GROUP='STM32_MetaDataManager'
2023-11-30 14:08:06,182 [ERROR] RealEvaluatedCondition:428 - Found unsupported composite condition: CLASS='Data Exchange' GROUP='STM32_MetaDataManager'
2023-11-30 14:08:06,183 [WARN] PackLoader:240 - Cannot read IP mode file for STMicroelectronics.FP-SNS-MOTENV1.4.3.0
2023-11-30 14:08:06,200 [WARN] PackLoader:240 - Cannot read IP mode file for STMicroelectronics.FP-SNS-MOTENV1.4.3.2
2023-11-30 14:08:06,216 [WARN] PackLoader:240 - Cannot read IP mode file for STMicroelectronics.FP-SNS-FLIGHT1.5.0.0
2023-11-30 14:08:06,229 [ERROR] RealEvaluatedCondition:428 - Found unsupported composite condition: GROUP='STM32_MetaDataManager' CLASS='Data Exchange'
2023-11-30 14:08:06,229 [ERROR] RealEvaluatedCondition:428 - Found unsupported composite condition: GROUP='STM32_MetaDataManager' CLASS='Data Exchange'
2023-11-30 14:08:06,231 [WARN] PackLoader:240 - Cannot read IP mode file for STMicroelectronics.FP-SNS-MOTENV1.4.3.1
2023-11-30 14:08:06,245 [WARN] PackLoader:240 - Cannot read IP mode file for STMicroelectronics.FP-SNS-FLIGHT1.5.0.1
2023-11-30 14:08:06,259 [WARN] PackLoader:240 - Cannot read IP mode file for STMicroelectronics.X-CUBE-BLE1.6.2.4
2023-11-30 14:08:06,266 [WARN] PackLoader:240 - Cannot read IP mode file for STMicroelectronics.FP-SNS-FLIGHT1.5.0.2
2023-11-30 14:08:06,282 [WARN] PackLoader:240 - Cannot read IP mode file for STMicroelectronics.X-CUBE-DISPLAY.3.0.0
2023-11-30 14:08:06,301 [WARN] PackLoader:240 - Cannot read IP mode file for STMicroelectronics.X-CUBE-BLE1.7.0.0
2023-11-30 14:08:06,317 [WARN] PackLoader:240 - Cannot read IP mode file for STMicroelectronics.X-CUBE-TOUCHGFX.4.22.0
2023-11-30 14:08:06,328 [WARN] PackLoader:240 - Cannot read IP mode file for STMicroelectronics.X-CUBE-TOUCHGFX.4.22.1
2023-11-30 14:08:06,342 [WARN] PackLoader:240 - Cannot read IP mode file for STMicroelectronics.FP-SNS-SMARTAG2.1.2.0
2023-11-30 14:08:06,364 [INFO] LogOutputStream:77 - [STDOUT_REDIRECT] 1 : Invalid condition id : UX_CORESTACK_Condition cause : null
2023-11-30 14:08:06,364 [INFO] LogOutputStream:77 - [STDOUT_REDIRECT] 1 : Invalid condition id : UX_CORESTACK_Condition cause : null
2023-11-30 14:08:06,365 [INFO] LogOutputStream:77 - [STDOUT_REDIRECT] 1 : Invalid condition id : UX_CORESTACK_Condition cause : null
2023-11-30 14:08:06,366 [INFO] LogOutputStream:77 - [STDOUT_REDIRECT] 1 : Invalid condition id : UX_CORESTACK_Condition cause : null
2023-11-30 14:08:06,367 [INFO] LogOutputStream:77 - [STDOUT_REDIRECT] 1 : Invalid condition id : UX_CORESTACK_Condition cause : null
2023-11-30 14:08:06,371 [WARN] PackLoader:240 - Cannot read IP mode file for STMicroelectronics.X-CUBE-AZRTOS-WL.2.0.0
2023-11-30 14:08:06,387 [WARN] PackLoader:240 - Cannot read IP mode file for WES.I-CUBE-Cesium.1.3.0
2023-11-30 14:08:06,398 [WARN] PackLoader:240 - Cannot read IP mode file for STMicroelectronics.X-CUBE-BLE2.3.3.0
2023-11-30 14:08:06,419 [WARN] PackLoader:240 - Cannot read IP mode file for STMicroelectronics.X-CUBE-TOF1.3.2.0
2023-11-30 14:08:06,436 [WARN] PackLoader:240 - Cannot read IP mode file for STMicroelectronics.X-CUBE-TOUCHGFX.4.21.1
2023-11-30 14:08:06,445 [WARN] PackLoader:240 - Cannot read IP mode file for STMicroelectronics.X-CUBE-TOUCHGFX.4.21.3
2023-11-30 14:08:06,455 [WARN] PackLoader:240 - Cannot read IP mode file for STMicroelectronics.X-CUBE-TOUCHGFX.4.21.4
2023-11-30 14:08:06,468 [WARN] PackLoader:240 - Cannot read IP mode file for STMicroelectronics.X-CUBE-ALGOBUILD.1.3.0
2023-11-30 14:08:06,497 [WARN] PackLoader:240 - Cannot read IP mode file for STMicroelectronics.X-CUBE-AZRTOS-G0.1.1.0
2023-11-30 14:08:06,512 [WARN] PackLoader:240 - Cannot read IP mode file for STMicroelectronics.X-CUBE-NFC4.3.0.0
2023-11-30 14:08:06,531 [WARN] PackLoader:240 - Cannot read IP mode file for STMicroelectronics.X-CUBE-BLEMGR.3.0.0
2023-11-30 14:08:06,538 [WARN] PackLoader:240 - Cannot read IP mode file for STMicroelectronics.FP-ATR-SIGFOX1.3.2.0
2023-11-30 14:08:06,584 [WARN] PackLoader:240 - Cannot read IP mode file for STMicroelectronics.X-CUBE-MEMS1.9.5.0
2023-11-30 14:08:06,732 [WARN] PackLoader:240 - Cannot read IP mode file for SEGGER.I-CUBE-embOS.1.3.1
2023-11-30 14:08:06,779 [WARN] PackLoader:240 - Cannot read IP mode file for STMicroelectronics.X-CUBE-GNSS1.6.0.0
2023-11-30 14:08:06,811 [WARN] PackLoader:240 - Cannot read IP mode file for STMicroelectronics.X-CUBE-AZRTOS-F4.1.1.0
2023-11-30 14:08:06,846 [WARN] PackLoader:240 - Cannot read IP mode file for STMicroelectronics.X-CUBE-AZRTOS-L5.2.0.0
2023-11-30 14:08:06,899 [WARN] PackLoader:240 - Cannot read IP mode file for STMicroelectronics.X-CUBE-MEMS1.9.6.0
2023-11-30 14:08:07,004 [WARN] PackLoader:240 - Cannot read IP mode file for STMicroelectronics.X-CUBE-EEPRMA1.4.2.0
2023-11-30 14:08:07,024 [WARN] PackLoader:240 - Cannot read IP mode file for ITTIA_DB.I-CUBE-ITTIADB.8.8.0
2023-11-30 14:08:07,045 [WARN] PackLoader:240 - Cannot read IP mode file for emotas.I-CUBE-CANOPEN.1.1.3
2023-11-30 14:08:07,065 [WARN] PackLoader:240 - Cannot read IP mode file for STMicroelectronics.X-CUBE-BLEMGR.2.0.0
2023-11-30 14:08:07,103 [WARN] ConditionMgr:438 - getConditionDescription Invalid condition id : UX DEVICE CLASS RTOS Condition cause : null
2023-11-30 14:08:07,104 [WARN] ConditionMgr:438 - getConditionDescription Invalid condition id : UX DEVICE CLASS RTOS Condition cause : null
2023-11-30 14:08:07,106 [WARN] PackLoader:240 - Cannot read IP mode file for STMicroelectronics.X-CUBE-AZRTOS-H7.3.1.0
2023-11-30 14:08:07,107 [WARN] ConditionMgr:1039 - genDependencies : Invalid condition id : UX DEVICE CLASS RTOS Condition cause : null
2023-11-30 14:08:07,107 [WARN] ConditionMgr:1039 - genDependencies : Invalid condition id : UX DEVICE CLASS RTOS Condition cause : null
2023-11-30 14:08:07,109 [WARN] ConditionMgr:1039 - genDependencies : Invalid condition id : UX DEVICE CLASS RTOS Condition cause : null
2023-11-30 14:08:07,110 [WARN] ConditionMgr:1039 - genDependencies : Invalid condition id : UX DEVICE CLASS RTOS Condition cause : null
2023-11-30 14:08:07,110 [WARN] ConditionMgr:1039 - genDependencies : Invalid condition id : UX DEVICE CLASS RTOS Condition cause : null
2023-11-30 14:08:07,131 [WARN] PackLoader:240 - Cannot read IP mode file for wolfSSL.I-CUBE-wolfSSL.5.5.4
2023-11-30 14:08:07,151 [WARN] PackLoader:240 - Cannot read IP mode file for STMicroelectronics.X-CUBE-NFC7.1.0.1
2023-11-30 14:08:07,169 [WARN] PackLoader:240 - Cannot read IP mode file for STMicroelectronics.X-CUBE-NFC7.1.0.0
2023-11-30 14:08:07,191 [WARN] PackLoader:240 - Cannot read IP mode file for STMicroelectronics.X-CUBE-NFC6.3.0.0
2023-11-30 14:08:07,212 [WARN] PackLoader:240 - Cannot read IP mode file for STMicroelectronics.X-CUBE-EEPRMA1.4.1.0
2023-11-30 14:08:07,230 [WARN] PackLoader:240 - Cannot read IP mode file for STMicroelectronics.X-CUBE-AI.8.1.0
2023-11-30 14:08:07,264 [WARN] ConditionMgr:438 - getConditionDescription Invalid condition id : LAN8742 Phy interface Condition cause : null
2023-11-30 14:08:07,265 [WARN] PackLoader:240 - Cannot read IP mode file for STMicroelectronics.X-CUBE-AZRTOS-L4.2.0.0
2023-11-30 14:08:07,266 [WARN] ConditionMgr:1039 - genDependencies : Invalid condition id : LAN8742 Phy interface Condition cause : null
2023-11-30 14:08:07,266 [WARN] ConditionMgr:1039 - genDependencies : Invalid condition id : LAN8742 Phy interface Condition cause : null
2023-11-30 14:08:07,266 [WARN] ConditionMgr:1039 - genDependencies : Invalid condition id : LAN8742 Phy interface Condition cause : null
2023-11-30 14:08:07,286 [WARN] PackLoader:240 - Cannot read IP mode file for STMicroelectronics.X-CUBE-SFXS2LP1.4.0.0
2023-11-30 14:08:07,325 [WARN] PackLoader:240 - Cannot read IP mode file for STMicroelectronics.X-CUBE-AZRTOS-H7.3.0.0
2023-11-30 14:08:07,347 [WARN] PackLoader:240 - Cannot read IP mode file for STMicroelectronics.X-CUBE-ISPU.1.1.0
2023-11-30 14:08:07,369 [WARN] PackLoader:240 - Cannot read IP mode file for RoweBots.I-CUBE-UNISONRTOS.5.5.0-4
2023-11-30 14:08:07,384 [WARN] PackLoader:240 - Cannot read IP mode file for STMicroelectronics.X-CUBE-AI.8.0.0
2023-11-30 14:08:07,412 [WARN] ConditionMgr:438 - getConditionDescription Invalid condition id : UX DEVICE CLASS RTOS Condition cause : null
2023-11-30 14:08:07,412 [WARN] ConditionMgr:438 - getConditionDescription Invalid condition id : UX DEVICE CLASS RTOS Condition cause : null
2023-11-30 14:08:07,414 [WARN] PackLoader:240 - Cannot read IP mode file for STMicroelectronics.X-CUBE-AZRTOS-WB.2.0.0
2023-11-30 14:08:07,415 [WARN] ConditionMgr:1039 - genDependencies : Invalid condition id : UX DEVICE CLASS RTOS Condition cause : null
2023-11-30 14:08:07,416 [WARN] ConditionMgr:1039 - genDependencies : Invalid condition id : UX DEVICE CLASS RTOS Condition cause : null
2023-11-30 14:08:07,416 [WARN] ConditionMgr:1039 - genDependencies : Invalid condition id : UX DEVICE CLASS RTOS Condition cause : null
2023-11-30 14:08:07,417 [WARN] ConditionMgr:1039 - genDependencies : Invalid condition id : UX DEVICE CLASS RTOS Condition cause : null
2023-11-30 14:08:07,418 [WARN] ConditionMgr:1039 - genDependencies : Invalid condition id : UX DEVICE CLASS RTOS Condition cause : null
2023-11-30 14:08:07,437 [WARN] PackLoader:240 - Cannot read IP mode file for STMicroelectronics.X-CUBE-FREERTOS.1.0.0
2023-11-30 14:08:07,454 [WARN] PackLoader:240 - Cannot read IP mode file for STMicroelectronics.X-CUBE-FREERTOS.1.0.1
2023-11-30 14:08:07,479 [WARN] PackLoader:240 - Cannot read IP mode file for STMicroelectronics.X-CUBE-AZRTOS-L5.1.1.0
2023-11-30 14:08:07,495 [WARN] PackLoader:240 - Cannot read IP mode file for STMicroelectronics.X-CUBE-AI.8.0.1
2023-11-30 14:08:07,514 [WARN] PackLoader:240 - Cannot read IP mode file for STMicroelectronics.X-CUBE-SUBG2.5.0.0
2023-11-30 14:08:07,537 [WARN] PackLoader:240 - Cannot read IP mode file for STMicroelectronics.X-CUBE-TOF1.3.3.1
2023-11-30 14:08:07,572 [WARN] PackLoader:240 - Cannot read IP mode file for STMicroelectronics.X-CUBE-AZRTOS-G4.2.0.0
2023-11-30 14:08:07,595 [WARN] PackLoader:240 - Cannot read IP mode file for STMicroelectronics.X-CUBE-TOF1.3.3.0
2023-11-30 14:08:07,619 [WARN] PackLoader:240 - Cannot read IP mode file for STMicroelectronics.FP-ATR-ASTRA1.1.1.1
2023-11-30 14:08:07,650 [WARN] PackLoader:240 - Cannot read IP mode file for Infineon.AIROC-Wi-Fi-Bluetooth-STM32.1.5.1
2023-11-30 14:08:07,662 [WARN] PackLoader:240 - Cannot read IP mode file for STMicroelectronics.FP-SNS-MOTENVWB1.1.3.0
2023-11-30 14:08:07,666 [WARN] PackLoader:240 - Cannot read IP mode file for STMicroelectronics.FP-SNS-MOTENVWB1.1.3.1
2023-11-30 14:08:07,691 [WARN] PackLoader:240 - Cannot read IP mode file for STMicroelectronics.X-CUBE-AZRTOS-G4.1.0.0
2023-11-30 14:08:07,727 [WARN] PackLoader:240 - Cannot read IP mode file for STMicroelectronics.X-CUBE-AZRTOS-L4.1.0.0
2023-11-30 14:08:07,783 [WARN] PackLoader:240 - Cannot read IP mode file for STMicroelectronics.X-CUBE-MEMS1.10.0.0
2023-11-30 14:08:07,878 [WARN] PackLoader:240 - Cannot read IP mode file for STMicroelectronics.X-CUBE-FREERTOS.1.1.0
2023-11-30 14:08:07,901 [WARN] PackLoader:240 - Cannot read IP mode file for STMicroelectronics.X-CUBE-AZRTOS-WL.1.0.0
2023-11-30 14:08:07,925 [WARN] PackLoader:240 - Cannot read IP mode file for portGmbH.I-Cube-SoM-uGOAL.1.1.0
2023-11-30 14:08:07,943 [WARN] PackLoader:240 - Cannot read IP mode file for STMicroelectronics.X-CUBE-ALS.1.0.1
2023-11-30 14:08:07,984 [WARN] PackLoader:240 - Cannot read IP mode file for STMicroelectronics.X-CUBE-AZRTOS-WB.1.1.0
2023-11-30 14:08:07,991 [WARN] PackLoader:240 - Cannot read IP mode file for STMicroelectronics.FP-ATR-ASTRA1.2.0.0
2023-11-30 14:08:08,023 [WARN] PackLoader:240 - Cannot read IP mode file for STMicroelectronics.X-CUBE-TOF1.3.4.0
2023-11-30 14:08:08,031 [INFO] ThirdParty:978 - Integrity check success = true
2023-11-30 14:08:08,031 [INFO] IntegrityCheckThread:100 - exiting critical section [integrity check]
2023-11-30 14:08:08,031 [INFO] IntegrityCheckThread:103 - End integrity checks thread
2023-11-30 14:08:08,031 [INFO] ThirdParty:873 - entering critical section [close project]
2023-11-30 14:08:08,032 [INFO] ThirdParty:883 - exiting critical section [close project]
2023-11-30 14:08:08,034 [INFO] PinOutPanel:1499 - setPackage(No Configuration,No Configuration)
2023-11-30 14:08:08,043 [INFO] UtilMem:75 - Begin LoadConfig() Used Memory: 401867904 Bytes (591396864)
2023-11-30 14:08:08,045 [INFO] MicroXplorer:468 - Change Database Path : 
2023-11-30 14:08:08,045 [INFO] MicroXplorer:498 - Change Database Version : DB.6.0.92
2023-11-30 14:08:08,045 [INFO] OpenFileManager:308 - Change cursor
2023-11-30 14:08:08,088 [INFO] Mcu:1946 - Initializing MCU STM32F103C(8-B)Tx STM32F103C8Tx STM32F103C8T6
2023-11-30 14:08:08,996 [INFO] Context:659 - Trying to add GPIOservice into a context  which must be forbidden
2023-11-30 14:08:09,368 [INFO] RtosManager:555 - Registered RTOS mode: class=CMSIS, group=RTOS, mode=CMSIS_V1, owner=FREERTOS
2023-11-30 14:08:09,368 [INFO] RtosManager:555 - Registered RTOS mode: class=CMSIS, group=RTOS2, mode=CMSIS_V2, owner=FREERTOS
2023-11-30 14:08:09,368 [INFO] RtosManager:555 - Registered RTOS mode: class=RTOS, group=Core, mode=CMSIS_V1, owner=FREERTOS
2023-11-30 14:08:09,368 [INFO] RtosManager:555 - Registered RTOS mode: class=RTOS, group=Core, mode=CMSIS_V2, owner=FREERTOS
2023-11-30 14:08:09,368 [WARN] ModelIntegratedComponent:184 - Missing modes for component STMicroelectronics:FreeRTOS:0.0.1:STMicroelectronics:RTOS:FreeRTOS:Core:::10.2.0:
2023-11-30 14:08:09,387 [WARN] ModelIntegratedComponent:63 - No mode defined for component null
2023-11-30 14:08:09,387 [WARN] ModelIntegratedComponent:63 - No mode defined for component null
2023-11-30 14:08:09,387 [WARN] ModelIntegratedComponent:63 - No mode defined for component null
2023-11-30 14:08:09,387 [WARN] ModelIntegratedComponent:63 - No mode defined for component null
2023-11-30 14:08:09,387 [WARN] ModelIntegratedComponent:63 - No mode defined for component null
2023-11-30 14:08:09,387 [WARN] ModelIntegratedComponent:63 - No mode defined for component null
2023-11-30 14:08:09,387 [WARN] ModelIntegratedComponent:63 - No mode defined for component null
2023-11-30 14:08:09,387 [WARN] ModelIntegratedComponent:63 - No mode defined for component null
2023-11-30 14:08:09,387 [WARN] ModelIntegratedComponent:63 - No mode defined for component null
2023-11-30 14:08:09,387 [WARN] ModelIntegratedComponent:63 - No mode defined for component null
2023-11-30 14:08:09,387 [WARN] ModelIntegratedComponent:63 - No mode defined for component null
2023-11-30 14:08:09,387 [WARN] ModelIntegratedComponent:63 - No mode defined for component null
2023-11-30 14:08:09,387 [WARN] ModelIntegratedComponent:63 - No mode defined for component null
2023-11-30 14:08:09,387 [WARN] ModelIntegratedComponent:63 - No mode defined for component null
2023-11-30 14:08:09,387 [WARN] ModelIntegratedComponent:63 - No mode defined for component null
2023-11-30 14:08:09,387 [WARN] ModelIntegratedComponent:63 - No mode defined for component null
2023-11-30 14:08:09,387 [WARN] ModelIntegratedComponent:63 - No mode defined for component null
2023-11-30 14:08:09,387 [WARN] ModelIntegratedComponent:63 - No mode defined for component null
2023-11-30 14:08:09,387 [WARN] ModelIntegratedComponent:63 - No mode defined for component null
2023-11-30 14:08:09,387 [WARN] ModelIntegratedComponent:63 - No mode defined for component null
2023-11-30 14:08:09,387 [WARN] ModelIntegratedComponent:63 - No mode defined for component null
2023-11-30 14:08:09,389 [WARN] ModelIntegratedComponent:63 - No mode defined for component null
2023-11-30 14:08:09,389 [WARN] ModelIntegratedComponent:63 - No mode defined for component null
2023-11-30 14:08:09,389 [WARN] ModelIntegratedComponent:63 - No mode defined for component null
2023-11-30 14:08:09,389 [WARN] ModelIntegratedComponent:63 - No mode defined for component null
2023-11-30 14:08:09,389 [WARN] ModelIntegratedComponent:63 - No mode defined for component null
2023-11-30 14:08:09,389 [WARN] ModelIntegratedComponent:63 - No mode defined for component null
2023-11-30 14:08:09,389 [WARN] ModelIntegratedComponent:63 - No mode defined for component null
2023-11-30 14:08:09,389 [WARN] ModelIntegratedComponent:63 - No mode defined for component null
2023-11-30 14:08:09,389 [WARN] ModelIntegratedComponent:63 - No mode defined for component null
2023-11-30 14:08:09,389 [WARN] ModelIntegratedComponent:63 - No mode defined for component null
2023-11-30 14:08:09,389 [WARN] ModelIntegratedComponent:63 - No mode defined for component null
2023-11-30 14:08:09,389 [WARN] ModelIntegratedComponent:63 - No mode defined for component null
2023-11-30 14:08:09,529 [INFO] ThirdPartyModel:298 - Start build external matchings
2023-11-30 14:08:10,388 [INFO] ThirdPartyModel:316 - End build external matchings
2023-11-30 14:08:10,412 [INFO] ImportTextPane:194 - (OptionalMessage_ERROR) IP (RCC) : Parameter (ADCFreqValue) has invalid value (36000000)
2023-11-30 14:08:10,412 [INFO] ImportTextPane:194 - (OptionalMessage_ERROR) IP (RCC) : Invalid parameter (FamilyName)
2023-11-30 14:08:10,412 [INFO] ImportTextPane:194 - (OptionalMessage_ERROR) IP (RCC) : Parameter (MCOFreq_Value) has invalid value (72000000)
2023-11-30 14:08:10,412 [INFO] ImportTextPane:194 - (OptionalMessage_ERROR) IP (RCC) : Parameter (USBFreq_Value) has invalid value (72000000)
2023-11-30 14:08:10,621 [INFO] UtilMem:75 - End LoadConfig() Used Memory: 234757368 Bytes (591396864)
2023-11-30 14:08:10,715 [INFO] ApiDb:581 - Connected to CubeFinder SQLite database (C:\Users\nhakh\.stmcufinder\plugins\mcufinder\mcu\cube-finder-db.db)
2023-11-30 14:08:10,795 [INFO] ApiDb:668 - CubeFinder database Data Model version=2.1
2023-11-30 14:08:10,795 [INFO] ApiDb:669 - CubeFinder database Configuration version=3.0.39
2023-11-30 14:08:10,795 [INFO] ApiDb:670 - CubeFinder database generation date=2023-11-06 (1699269565)
2023-11-30 14:08:10,795 [INFO] ApiDb:671 - CubeFinder database FW Pack versions=[FP-ATR-ASTRA1_V2.0.0, FP-SNS-FLIGHT1_V5.0.1, FP-SNS-FLIGHT1_V5.0.2, FP-SNS-MOTENV1_V4.3.1, FP-SNS-MOTENV1_V4.3.2, FP-SNS-MOTENVWB1_V1.3.0, FP-SNS-SMARTAG2_V1.2.0, STM32Cube_FW_C0_V1.1.0, STM32Cube_FW_F4_V1.28.0, STM32Cube_FW_F7_V1.17.0, STM32Cube_FW_G0_V1.6.1, STM32Cube_FW_G4_V1.5.1, STM32Cube_FW_H5_V0.5.1, STM32Cube_FW_H5_V1.1.1, STM32Cube_FW_H5_V1.2.0RC2, STM32Cube_FW_H7_V1.11.0, STM32Cube_FW_L0_V1.12.2, STM32Cube_FW_L5_V1.5.0, STM32Cube_FW_U5_V1.3.0RC4, STM32Cube_FW_U5_V1.4.0, STM32Cube_FW_WBA_V1.0.0RC1, STM32Cube_FW_WBA_V1.1.0RC1, STM32Cube_FW_WBA_V1.2.0, STM32Cube_FW_WBA_V1.2.0RC2, STM32Cube_FW_WB_V1.15.0RC1, STM32Cube_FW_WB_V1.16.0, STM32Cube_FW_WB_V1.16.0RC2, STM32Cube_FW_WB_V1.18.0, STM32Cube_FW_WL_V1.3.0, X-CUBE-ALGOBUILD_V1.3.0, X-CUBE-ALS_V1.0.1, X-CUBE-AZRTOS-F4_V1.1.0, X-CUBE-AZRTOS-F7_V1.1.0, X-CUBE-AZRTOS-G0_V1.1.0, X-CUBE-AZRTOS-G4_V2.0.0, X-CUBE-AZRTOS-H7_V3.1.0, X-CUBE-AZRTOS-L4_V1.0.0, X-CUBE-AZRTOS-L4_V2.0.0, X-CUBE-AZRTOS-L5_V1.1.0, X-CUBE-AZRTOS-WB_V2.0.0, X-CUBE-AZRTOS-WL_V2.0.0, X-CUBE-BLE1_V7.0.0, X-CUBE-BLE2_V3.3.0, X-CUBE-BLEMGR_V2.0.0, X-CUBE-EEPRMA1_V4.1.0, X-CUBE-EEPRMA1_V4.2.0, X-CUBE-FREERTOS_V1.1.0, X-CUBE-GNSS1_V6.0.0, X-CUBE-MEMS1_V10.0.0, X-CUBE-MEMS1_V9.1.0, X-CUBE-MEMS1_V9.4.0, X-CUBE-MEMS1_V9.6.0, X-CUBE-NFC4_V3.0.0, X-CUBE-NFC7_V1.0.1, X-CUBE-SFXS2LP1_V4.0.0, X-CUBE-SUBG2_V5.0.0, X-CUBE-TOF1_V3.3.1]
2023-11-30 14:08:13,117 [INFO] ApiDb:240 - Found 323 in-development CPN: [B-G473E-ZEST1S, B-WB1M-WPAN1, B-WL5M-SUBG1, NUCLEO-C031C6, NUCLEO-H503RB, NUCLEO-H563ZI, NUCLEO-U545RE-Q, NUCLEO-U5A5ZJ-Q, NUCLEO-WBA52CG, STEVAL-PROTEUS1, STEVAL-SMARTAG2, STEVAL-STWINBX1, STM320518-EVAL, STM32C0116-DK, STM32C011D6Y3TR, STM32C011D6Y6TR, STM32C011F4P3, STM32C011F4P6, STM32C011F4U3, STM32C011F4U6TR, STM32C011F6P3, STM32C011F6P6, STM32C011F6U3, STM32C011F6U6TR, STM32C011J4M3, STM32C011J4M6, STM32C011J6M3, STM32C011J6M6, STM32C0316-DK, STM32C031C4T3, STM32C031C4T6, STM32C031C4U3, STM32C031C4U6, STM32C031C6T3, STM32C031C6T6, STM32C031C6U3, STM32C031C6U6, STM32C031F4P3, STM32C031F4P6, STM32C031F6P3, STM32C031F6P6, STM32C031G4U3, STM32C031G4U6, STM32C031G6U3, STM32C031G6U6, STM32C031K4T3, STM32C031K4T6, STM32C031K4U3, STM32C031K4U6, STM32C031K6T3, STM32C031K6T6, STM32C031K6U3, STM32C031K6U6, STM32G071K8TXN, STM32G071K8UXN, STM32G081GBU6N, STM32G081KBT6N, STM32G081KBUXN, STM32G0B1CCT6N, STM32G0B1KCT6, STM32G0B1NEY6TR, STM32G0B1RCT6N, STM32G0C1CCT6, STM32G0C1CCT6N, STM32G0C1CCU6N, STM32G0C1CET6N, STM32G0C1CEU6N, STM32G0C1KCT6, STM32G0C1NEY6TR, STM32G0C1RCI6N, STM32G0C1RCT6N, STM32G0C1REI6N, STM32G0C1RET6N, STM32G0C1VCI6, STM32G0C1VEI6, STM32G471CCT6, STM32G471CCU6, STM32G471CET3, STM32G471CET6, STM32G471CEU3, STM32G471CEU6, STM32G471MCT6, STM32G471MET3, STM32G471MET6, STM32G471MEY6TR, STM32G471QCT6, STM32G471QET3, STM32G471RCT6, STM32G471RET3, STM32G471RET6, STM32G471VCH6, STM32G471VCI6, STM32G471VCT6, STM32G471VEH3, STM32G471VEH6, STM32G471VEI3, STM32G471VEI6, STM32G471VET3, STM32G471VET6, STM32G474CCT6, STM32H503CBT6, STM32H503CBU6, STM32H503EBY6TR, STM32H503KBU6, STM32H503RBT6, STM32H562AGI6, STM32H562AII6, STM32H562IGK6, STM32H562IGT6, STM32H562IIK6, STM32H562IIT6, STM32H562RGT6, STM32H562RGV6, STM32H562RIT6, STM32H562RIV6, STM32H562VGT6, STM32H562VIT6, STM32H562ZGT6, STM32H562ZIT6, STM32H563AGI6, STM32H563AII3Q, STM32H563AII6, STM32H563IGK6, STM32H563IGT6, STM32H563IIK3Q, STM32H563IIK6, STM32H563IIT3Q, STM32H563IIT6, STM32H563MIY3QTR, STM32H563RGT6, STM32H563RGV6, STM32H563RIT6, STM32H563RIV6, STM32H563VGT6, STM32H563VIT3Q, STM32H563VIT6, STM32H563ZGT6, STM32H563ZIT3Q, STM32H563ZIT6, STM32H573AII3Q, STM32H573AII6, STM32H573I-DK, STM32H573IIK3Q, STM32H573IIK6, STM32H573IIT3Q, STM32H573IIT6, STM32H573MIY3QTR, STM32H573RIT6, STM32H573RIV6, STM32H573VIT3Q, STM32H573VIT6, STM32H573ZIT3Q, STM32H573ZIT6, STM32L4R5QGI6STR, STM32MP131AAE3, STM32MP131AAF3, STM32MP131AAG3, STM32MP131CAE3, STM32MP131CAF3, STM32MP131CAG3, STM32MP131DAE7, STM32MP131DAF7, STM32MP131DAG7, STM32MP131FAE7, STM32MP131FAF7, STM32MP131FAG7, STM32MP133AAE3, STM32MP133AAF3, STM32MP133AAG3, STM32MP133CAE3, STM32MP133CAF3, STM32MP133CAG3, STM32MP133DAE7, STM32MP133DAF7, STM32MP133DAG7, STM32MP133FAE7, STM32MP133FAF7, STM32MP133FAG7, STM32MP135AAE3, STM32MP135AAF3, STM32MP135AAG3, STM32MP135CAE3, STM32MP135CAF3, STM32MP135CAG3, STM32MP135DAE7, STM32MP135DAF7, STM32MP135DAG7, STM32MP135F-DK, STM32MP135FAE7, STM32MP135FAF7, STM32MP135FAF7T, STM32MP135FAF7U, STM32MP135FAG7, STM32U535CBT6, STM32U535CBT6Q, STM32U535CBU6, STM32U535CBU6Q, STM32U535CCT6, STM32U535CCT6Q, STM32U535CCU6, STM32U535CCU6Q, STM32U535CET6, STM32U535CET6Q, STM32U535CEU6, STM32U535CEU6Q, STM32U535JEY6QTR, STM32U535NCY6QTR, STM32U535NEY6QTR, STM32U535RBI6, STM32U535RBI6Q, STM32U535RBT6, STM32U535RBT6Q, STM32U535RCI6, STM32U535RCI6Q, STM32U535RCT6, STM32U535RCT6Q, STM32U535REI6, STM32U535REI6Q, STM32U535RET6, STM32U535RET6Q, STM32U535VCI6, STM32U535VCI6Q, STM32U535VCT6, STM32U535VCT6Q, STM32U535VEI6, STM32U535VEI6Q, STM32U535VET6, STM32U535VET6Q, STM32U545CET6, STM32U545CET6Q, STM32U545CEU6, STM32U545CEU6Q, STM32U545JEY6QTR, STM32U545NEY6QTR, STM32U545REI6, STM32U545REI6Q, STM32U545RET6, STM32U545RET6Q, STM32U545VEI6, STM32U545VEI6Q, STM32U545VET6, STM32U545VET6Q, STM32U595AIH6, STM32U595AIH6Q, STM32U595AJH6, STM32U595AJH6Q, STM32U595QII6, STM32U595QII6Q, STM32U595QJI6, STM32U595QJI6Q, STM32U595RIT6, STM32U595RIT6Q, STM32U595RJT6, STM32U595RJT6Q, STM32U595VIT6, STM32U595VIT6Q, STM32U595VJT6, STM32U595VJT6Q, STM32U595ZIT6, STM32U595ZIT6Q, STM32U595ZIY6QTR, STM32U595ZJT6, STM32U595ZJT6Q, STM32U595ZJY6QTR, STM32U599BJY6QTR, STM32U599NIH6Q, STM32U599NJH6Q, STM32U599VIT6Q, STM32U599VJT6, STM32U599VJT6Q, STM32U599ZIT6Q, STM32U599ZIY6QTR, STM32U599ZJT6Q, STM32U599ZJY6QTR, STM32U5A5AJH6, STM32U5A5AJH6Q, STM32U5A5QJI6, STM32U5A5QJI6Q, STM32U5A5RJT6, STM32U5A5RJT6Q, STM32U5A5VJT6, STM32U5A5VJT6Q, STM32U5A5ZJT6, STM32U5A5ZJT6Q, STM32U5A5ZJY6QTR, STM32U5A9BJY6QTR, STM32U5A9J-DK, STM32U5A9NJH6Q, STM32U5A9VJT6Q, STM32U5A9ZJT6Q, STM32U5A9ZJY6QTR, STM32U5F7VIT6, STM32U5F7VIT6Q, STM32U5F7VJT6, STM32U5F7VJT6Q, STM32U5F9BJY6QTR, STM32U5F9NJH6Q, STM32U5F9VIT6Q, STM32U5F9VJT6Q, STM32U5F9ZIJ6QTR, STM32U5F9ZIT6Q, STM32U5F9ZJJ6QTR, STM32U5F9ZJT6Q, STM32U5G7VJT6, STM32U5G7VJT6Q, STM32U5G9BJY6QTR, STM32U5G9J-DK1, STM32U5G9J-DK2, STM32U5G9NJH6Q, STM32U5G9VJT6Q, STM32U5G9ZJJ6QTR, STM32U5G9ZJT6Q, STM32WB1MMCH6, STM32WBA52CEU6, STM32WBA52CEU6T, STM32WBA52CGU6, STM32WBA52CGU6T, STM32WBA52KEU6, STM32WBA52KEU6T, STM32WBA52KGU6, STM32WBA52KGU6T, STM32WL5MOCH6, STM32WL5MOCH6TR]
2023-11-30 14:08:13,121 [INFO] DbMcus:217 - Found 3882 MCUs, 3882 are supported
2023-11-30 14:08:13,123 [INFO] ApiDb:423 - Load user favorites file C:\Users\nhakh/.stm32cubeide/favorites.mcus.txt: 0 item(s)
2023-11-30 14:08:13,123 [INFO] ApiDb:427 - User favorites MCUs=[]
2023-11-30 14:08:13,123 [INFO] DbMcus:223 - Set 0 / 0 favorites MCUs
2023-11-30 14:08:13,389 [WARN] ThirdParty:833 - waiting for thirdparty lock release [change project]
2023-11-30 14:08:13,389 [INFO] ThirdParty:835 - entering critical section [change project]
2023-11-30 14:08:13,389 [INFO] ThirdParty:1030 - CMSIS Pack Vendor :STMicroelectronics X-CUBE-ISPU 1.1.0
2023-11-30 14:08:13,389 [INFO] ThirdParty:1030 - CMSIS Pack Vendor :STMicroelectronics USBPD 4.1
2023-11-30 14:08:13,389 [INFO] ThirdParty:1030 - CMSIS Pack Vendor :RoweBots I-CUBE-UNISONRTOS 5.5.0-4
2023-11-30 14:08:13,389 [INFO] ThirdParty:1030 - CMSIS Pack Vendor :STMicroelectronics X-CUBE-GNSS1 6.0.0
2023-11-30 14:08:13,389 [INFO] ThirdParty:1030 - CMSIS Pack Vendor :STMicroelectronics USB_HOST 2.0.0
2023-11-30 14:08:13,389 [INFO] ThirdParty:1030 - CMSIS Pack Vendor :STMicroelectronics X-CUBE-AZRTOS-F4 1.1.0
2023-11-30 14:08:13,389 [INFO] ThirdParty:1030 - CMSIS Pack Vendor :STMicroelectronics LIBJPEG 8.0.0
2023-11-30 14:08:13,389 [INFO] ThirdParty:1030 - CMSIS Pack Vendor :STMicroelectronics X-CUBE-SMBUS 2.1.0
2023-11-30 14:08:13,389 [INFO] ThirdParty:1030 - CMSIS Pack Vendor :STMicroelectronics USB_DEVICE 3.0.0
2023-11-30 14:08:13,389 [INFO] ThirdParty:1030 - CMSIS Pack Vendor :STMicroelectronics X-CUBE-AI 8.0.0
2023-11-30 14:08:13,390 [INFO] ThirdParty:1030 - CMSIS Pack Vendor :STMicroelectronics X-CUBE-AZRTOS-WB 2.0.0
2023-11-30 14:08:13,390 [INFO] ThirdParty:1030 - CMSIS Pack Vendor :STMicroelectronics X-CUBE-FREERTOS 1.0.0
2023-11-30 14:08:13,390 [INFO] ThirdParty:1030 - CMSIS Pack Vendor :STMicroelectronics X-CUBE-FREERTOS 1.0.1
2023-11-30 14:08:13,390 [INFO] ThirdParty:1030 - CMSIS Pack Vendor :STMicroelectronics X-CUBE-TOUCHGFX 4.21.1
2023-11-30 14:08:13,390 [INFO] ThirdParty:1030 - CMSIS Pack Vendor :STMicroelectronics X-CUBE-TOUCHGFX 4.21.3
2023-11-30 14:08:13,390 [INFO] ThirdParty:1030 - CMSIS Pack Vendor :STMicroelectronics X-CUBE-AZRTOS-F7 1.1.0
2023-11-30 14:08:13,390 [INFO] ThirdParty:1030 - CMSIS Pack Vendor :STMicroelectronics X-CUBE-TOUCHGFX 4.21.4
2023-11-30 14:08:13,390 [INFO] ThirdParty:1030 - CMSIS Pack Vendor :STMicroelectronics X-CUBE-AZRTOS-L5 2.0.0
2023-11-30 14:08:13,390 [INFO] ThirdParty:1030 - CMSIS Pack Vendor :STMicroelectronics USB_DEVICE 2.0.0
2023-11-30 14:08:13,390 [INFO] ThirdParty:1030 - CMSIS Pack Vendor :STMicroelectronics X-CUBE-MEMS1 9.6.0
2023-11-30 14:08:13,390 [INFO] ThirdParty:1030 - CMSIS Pack Vendor :STMicroelectronics X-CUBE-EEPRMA1 4.2.0
2023-11-30 14:08:13,390 [INFO] ThirdParty:1030 - CMSIS Pack Vendor :ITTIA_DB I-CUBE-ITTIADB 8.8.0
2023-11-30 14:08:13,390 [INFO] ThirdParty:1030 - CMSIS Pack Vendor :STMicroelectronics FP-SNS-MOTENV1 4.3.0
2023-11-30 14:08:13,390 [INFO] ThirdParty:1030 - CMSIS Pack Vendor :STMicroelectronics FP-SNS-MOTENV1 4.3.2
2023-11-30 14:08:13,390 [INFO] ThirdParty:1030 - CMSIS Pack Vendor :STMicroelectronics FP-SNS-FLIGHT1 5.0.0
2023-11-30 14:08:13,390 [INFO] ThirdParty:1030 - CMSIS Pack Vendor :STMicroelectronics FP-SNS-MOTENV1 4.3.1
2023-11-30 14:08:13,390 [INFO] ThirdParty:1030 - CMSIS Pack Vendor :STMicroelectronics FP-SNS-FLIGHT1 5.0.1
2023-11-30 14:08:13,390 [INFO] ThirdParty:1030 - CMSIS Pack Vendor :STMicroelectronics X-CUBE-ALGOBUILD 1.3.0
2023-11-30 14:08:13,390 [INFO] ThirdParty:1030 - CMSIS Pack Vendor :STMicroelectronics X-CUBE-BLE1 6.2.4
2023-11-30 14:08:13,390 [INFO] ThirdParty:1030 - CMSIS Pack Vendor :STMicroelectronics X-CUBE-AZRTOS-L5 1.1.0
2023-11-30 14:08:13,390 [INFO] ThirdParty:1030 - CMSIS Pack Vendor :STMicroelectronics FreeRTOS 0.0.1
2023-11-30 14:08:13,390 [INFO] ThirdParty:1030 - CMSIS Pack Vendor :STMicroelectronics X-CUBE-AZRTOS-G0 1.1.0
2023-11-30 14:08:13,390 [INFO] ThirdParty:1030 - CMSIS Pack Vendor :emotas I-CUBE-CANOPEN 1.1.3
2023-11-30 14:08:13,390 [INFO] ThirdParty:1030 - CMSIS Pack Vendor :STMicroelectronics X-CUBE-BLEMGR 2.0.0
2023-11-30 14:08:13,390 [INFO] ThirdParty:1030 - CMSIS Pack Vendor :STMicroelectronics X-CUBE-AI 8.0.1
2023-11-30 14:08:13,390 [INFO] ThirdParty:1030 - CMSIS Pack Vendor :STMicroelectronics X-CUBE-NFC4 3.0.0
2023-11-30 14:08:13,390 [INFO] ThirdParty:1030 - CMSIS Pack Vendor :STMicroelectronics X-CUBE-SUBG2 5.0.0
2023-11-30 14:08:13,390 [INFO] ThirdParty:1030 - CMSIS Pack Vendor :STMicroelectronics STM32_WPAN 1.0.0
2023-11-30 14:08:13,390 [INFO] ThirdParty:1030 - CMSIS Pack Vendor :STMicroelectronics lwIP 2.0.3
2023-11-30 14:08:13,390 [INFO] ThirdParty:1030 - CMSIS Pack Vendor :STMicroelectronics FP-SNS-FLIGHT1 5.0.2
2023-11-30 14:08:13,390 [INFO] ThirdParty:1030 - CMSIS Pack Vendor :STMicroelectronics USB_HOST 1.0.0
2023-11-30 14:08:13,390 [INFO] ThirdParty:1030 - CMSIS Pack Vendor :STMicroelectronics X-CUBE-TOF1 3.3.1
2023-11-30 14:08:13,390 [INFO] ThirdParty:1030 - CMSIS Pack Vendor :STMicroelectronics X-CUBE-AZRTOS-G4 2.0.0
2023-11-30 14:08:13,390 [INFO] ThirdParty:1030 - CMSIS Pack Vendor :STMicroelectronics PDM2PCM 3.1.0
2023-11-30 14:08:13,390 [INFO] ThirdParty:1030 - CMSIS Pack Vendor :STMicroelectronics X-CUBE-AZRTOS-H7 3.1.0
2023-11-30 14:08:13,390 [INFO] ThirdParty:1030 - CMSIS Pack Vendor :STMicroelectronics X-CUBE-TOF1 3.3.0
2023-11-30 14:08:13,390 [INFO] ThirdParty:1030 - CMSIS Pack Vendor :STMicroelectronics FP-ATR-ASTRA1 1.1.1
2023-11-30 14:08:13,390 [INFO] ThirdParty:1030 - CMSIS Pack Vendor :Infineon AIROC-Wi-Fi-Bluetooth-STM32 1.5.1
2023-11-30 14:08:13,391 [INFO] ThirdParty:1030 - CMSIS Pack Vendor :STMicroelectronics X-CUBE-BLEMGR 3.0.0
2023-11-30 14:08:13,391 [INFO] ThirdParty:1030 - CMSIS Pack Vendor :STMicroelectronics PDM2PCM 3.3.0
2023-11-30 14:08:13,391 [INFO] ThirdParty:1030 - CMSIS Pack Vendor :STMicroelectronics X-CUBE-DISPLAY 3.0.0
2023-11-30 14:08:13,391 [INFO] ThirdParty:1030 - CMSIS Pack Vendor :STMicroelectronics FP-SNS-MOTENVWB1 1.3.0
2023-11-30 14:08:13,391 [INFO] ThirdParty:1030 - CMSIS Pack Vendor :STMicroelectronics FP-SNS-MOTENVWB1 1.3.1
2023-11-30 14:08:13,391 [INFO] ThirdParty:1030 - CMSIS Pack Vendor :STMicroelectronics X-CUBE-BLE1 7.0.0
2023-11-30 14:08:13,391 [INFO] ThirdParty:1030 - CMSIS Pack Vendor :STMicroelectronics FP-ATR-SIGFOX1 3.2.0
2023-11-30 14:08:13,391 [INFO] ThirdParty:1030 - CMSIS Pack Vendor :STMicroelectronics X-CUBE-AZRTOS-G4 1.0.0
2023-11-30 14:08:13,391 [INFO] ThirdParty:1030 - CMSIS Pack Vendor :wolfSSL I-CUBE-wolfSSL 5.5.4
2023-11-30 14:08:13,391 [INFO] ThirdParty:1030 - CMSIS Pack Vendor :STMicroelectronics X-CUBE-AZRTOS-L4 1.0.0
2023-11-30 14:08:13,391 [INFO] ThirdParty:1030 - CMSIS Pack Vendor :STMicroelectronics HAL Drivers 0.0.0
2023-11-30 14:08:13,391 [INFO] ThirdParty:1030 - CMSIS Pack Vendor :STMicroelectronics MBEDTLS 2.16.2
2023-11-30 14:08:13,391 [INFO] ThirdParty:1030 - CMSIS Pack Vendor :STMicroelectronics X-CUBE-MEMS1 10.0.0
2023-11-30 14:08:13,391 [INFO] ThirdParty:1030 - CMSIS Pack Vendor :STMicroelectronics X-CUBE-FREERTOS 1.1.0
2023-11-30 14:08:13,391 [INFO] ThirdParty:1030 - CMSIS Pack Vendor :STMicroelectronics X-CUBE-TOUCHGFX 4.22.0
2023-11-30 14:08:13,391 [INFO] ThirdParty:1030 - CMSIS Pack Vendor :STMicroelectronics X-CUBE-NFC7 1.0.1
2023-11-30 14:08:13,391 [INFO] ThirdParty:1030 - CMSIS Pack Vendor :STMicroelectronics MBEDTLS 2.14.1
2023-11-30 14:08:13,391 [INFO] ThirdParty:1030 - CMSIS Pack Vendor :STMicroelectronics X-CUBE-NFC7 1.0.0
2023-11-30 14:08:13,391 [INFO] ThirdParty:1030 - CMSIS Pack Vendor :STMicroelectronics X-CUBE-TOUCHGFX 4.22.1
2023-11-30 14:08:13,391 [INFO] ThirdParty:1030 - CMSIS Pack Vendor :STMicroelectronics X-CUBE-AZRTOS-WL 1.0.0
2023-11-30 14:08:13,391 [INFO] ThirdParty:1030 - CMSIS Pack Vendor :STMicroelectronics X-CUBE-NFC6 3.0.0
2023-11-30 14:08:13,391 [INFO] ThirdParty:1030 - CMSIS Pack Vendor :STMicroelectronics X-CUBE-EEPRMA1 4.1.0
2023-11-30 14:08:13,391 [INFO] ThirdParty:1030 - CMSIS Pack Vendor :portGmbH I-Cube-SoM-uGOAL 1.1.0
2023-11-30 14:08:13,391 [INFO] ThirdParty:1030 - CMSIS Pack Vendor :STMicroelectronics X-CUBE-ALS 1.0.1
2023-11-30 14:08:13,391 [INFO] ThirdParty:1030 - CMSIS Pack Vendor :STMicroelectronics X-CUBE-MEMS1 9.5.0
2023-11-30 14:08:13,391 [INFO] ThirdParty:1030 - CMSIS Pack Vendor :STMicroelectronics ThreadX 1.0.0
2023-11-30 14:08:13,391 [INFO] ThirdParty:1030 - CMSIS Pack Vendor :STMicroelectronics FP-SNS-SMARTAG2 1.2.0
2023-11-30 14:08:13,391 [INFO] ThirdParty:1030 - CMSIS Pack Vendor :STMicroelectronics X-CUBE-AZRTOS-WB 1.1.0
2023-11-30 14:08:13,391 [INFO] ThirdParty:1030 - CMSIS Pack Vendor :STMicroelectronics X-CUBE-AZRTOS-WL 2.0.0
2023-11-30 14:08:13,391 [INFO] ThirdParty:1030 - CMSIS Pack Vendor :SEGGER I-CUBE-embOS 1.3.1
2023-11-30 14:08:13,391 [INFO] ThirdParty:1030 - CMSIS Pack Vendor :STMicroelectronics USB_DEVICE 1.0.0
2023-11-30 14:08:13,391 [INFO] ThirdParty:1030 - CMSIS Pack Vendor :STMicroelectronics X-CUBE-AI 8.1.0
2023-11-30 14:08:13,391 [INFO] ThirdParty:1030 - CMSIS Pack Vendor :STMicroelectronics X-CUBE-AZRTOS-L4 2.0.0
2023-11-30 14:08:13,391 [INFO] ThirdParty:1030 - CMSIS Pack Vendor :STMicroelectronics ThreadX 0.0.2
2023-11-30 14:08:13,391 [INFO] ThirdParty:1030 - CMSIS Pack Vendor :WES I-CUBE-Cesium 1.3.0
2023-11-30 14:08:13,391 [INFO] ThirdParty:1030 - CMSIS Pack Vendor :STMicroelectronics FP-ATR-ASTRA1 2.0.0
2023-11-30 14:08:13,391 [INFO] ThirdParty:1030 - CMSIS Pack Vendor :STMicroelectronics lwIP 2.1.2
2023-11-30 14:08:13,391 [INFO] ThirdParty:1030 - CMSIS Pack Vendor :STMicroelectronics X-CUBE-SFXS2LP1 4.0.0
2023-11-30 14:08:13,391 [INFO] ThirdParty:1030 - CMSIS Pack Vendor :STMicroelectronics X-CUBE-BLE2 3.3.0
2023-11-30 14:08:13,391 [INFO] ThirdParty:1030 - CMSIS Pack Vendor :STMicroelectronics X-CUBE-TOF1 3.4.0
2023-11-30 14:08:13,391 [INFO] ThirdParty:1030 - CMSIS Pack Vendor :STMicroelectronics X-CUBE-TOF1 3.2.0
2023-11-30 14:08:13,391 [INFO] ThirdParty:1030 - CMSIS Pack Vendor :STMicroelectronics PDM2PCM 3.2.0
2023-11-30 14:08:13,391 [INFO] ThirdParty:1030 - CMSIS Pack Vendor :STMicroelectronics X-CUBE-AZRTOS-H7 3.0.0
2023-11-30 14:08:13,391 [INFO] ThirdParty:841 - exiting critical section [change project]
2023-11-30 14:08:13,616 [INFO] PinOutPanel:1499 - setPackage(No Configuration,No Configuration)
2023-11-30 14:08:13,618 [INFO] PinOutPanel:1499 - setPackage(STM32F103C8Tx,LQFP48)
2023-11-30 14:08:14,043 [INFO] UtilMem:75 - Before build in PCC Used Memory: 460310512 Bytes (591396864)
2023-11-30 14:08:15,010 [INFO] UtilMem:75 - After build in PCC Used Memory: 221003776 Bytes (591396864)
2023-11-30 14:08:15,039 [INFO] IPUIPlugin:80 - create IPUIPlugin
2023-11-30 14:08:15,039 [INFO] IPUIPlugin:80 - create IPUIPlugin
2023-11-30 14:08:15,039 [INFO] IPUIPlugin:80 - create IPUIPlugin
2023-11-30 14:08:15,039 [INFO] IPUIPlugin:80 - create IPUIPlugin
2023-11-30 14:08:15,040 [INFO] IPUIPlugin:80 - create IPUIPlugin
2023-11-30 14:08:15,040 [INFO] IPUIPlugin:80 - create IPUIPlugin
2023-11-30 14:08:15,040 [INFO] IPUIPlugin:80 - create IPUIPlugin
2023-11-30 14:08:15,040 [INFO] IPUIPlugin:80 - create IPUIPlugin
2023-11-30 14:08:15,040 [INFO] IPUIPlugin:80 - create IPUIPlugin
2023-11-30 14:08:15,041 [INFO] IPUIPlugin:80 - create IPUIPlugin
2023-11-30 14:08:15,041 [INFO] IPUIPlugin:80 - create IPUIPlugin
2023-11-30 14:08:15,041 [INFO] IPUIPlugin:80 - create IPUIPlugin
2023-11-30 14:08:15,041 [INFO] IPUIPlugin:80 - create IPUIPlugin
2023-11-30 14:08:15,041 [INFO] IPUIPlugin:80 - create IPUIPlugin
2023-11-30 14:08:15,041 [INFO] IPUIPlugin:80 - create IPUIPlugin
2023-11-30 14:08:15,041 [INFO] IPUIPlugin:80 - create IPUIPlugin
2023-11-30 14:08:15,041 [INFO] IPUIPlugin:80 - create IPUIPlugin
2023-11-30 14:08:15,042 [INFO] IPUIPlugin:80 - create IPUIPlugin
2023-11-30 14:08:15,042 [INFO] IPUIPlugin:80 - create IPUIPlugin
2023-11-30 14:08:15,042 [INFO] IPUIPlugin:80 - create IPUIPlugin
2023-11-30 14:08:15,042 [INFO] IPUIPlugin:80 - create IPUIPlugin
2023-11-30 14:08:15,042 [INFO] IPUIPlugin:80 - create IPUIPlugin
2023-11-30 14:08:15,042 [INFO] IPUIPlugin:80 - create IPUIPlugin
2023-11-30 14:08:15,042 [INFO] IPUIPlugin:80 - create IPUIPlugin
2023-11-30 14:08:15,043 [INFO] IPUIPlugin:80 - create IPUIPlugin
2023-11-30 14:08:15,043 [INFO] IPUIPlugin:80 - create IPUIPlugin
2023-11-30 14:08:15,043 [INFO] IPUIPlugin:80 - create IPUIPlugin
2023-11-30 14:08:15,331 [INFO] CADModel:165 - CPN selected for project levelSTM32F103C8T6
2023-11-30 14:08:15,331 [INFO] CADModel:114 - Register for checkConnection events
2023-11-30 14:08:15,402 [INFO] OpenFileManager:328 - Restore cursor
2023-11-30 14:08:24,070 [ERROR] LogOutputStream:75 - [STDERR_REDIRECT] SLF4J: Failed to load class "org.slf4j.impl.StaticLoggerBinder".
2023-11-30 14:08:24,070 [ERROR] LogOutputStream:75 - [STDERR_REDIRECT] SLF4J: Defaulting to no-operation (NOP) logger implementation
2023-11-30 14:08:24,071 [ERROR] LogOutputStream:75 - [STDERR_REDIRECT] SLF4J: See http://www.slf4j.org/codes.html#StaticLoggerBinder for further details.
2023-11-30 14:08:54,072 [INFO] MainUpdater:2868 - connection check result : 10
2023-11-30 14:08:54,072 [INFO] MainUpdater:2868 - connection check result : 10
2023-11-30 14:08:54,173 [INFO] MicroXplorer:468 - Change Database Path : 
2023-11-30 14:08:54,174 [INFO] MicroXplorer:498 - Change Database Version : DB.6.0.92
2023-11-30 14:08:54,197 [WARN] ThirdParty:871 - waiting for thirdparty lock release [close project]
2023-11-30 14:08:54,197 [INFO] ThirdParty:873 - entering critical section [close project]
2023-11-30 14:08:54,197 [INFO] ThirdParty:883 - exiting critical section [close project]
2023-11-30 14:08:54,198 [INFO] PinOutPanel:1499 - setPackage(No Configuration,No Configuration)
2023-11-30 14:08:54,204 [INFO] UtilMem:75 - Begin LoadConfig() Used Memory: 482113808 Bytes (643825664)
2023-11-30 14:08:54,205 [INFO] MicroXplorer:468 - Change Database Path : 
2023-11-30 14:08:54,205 [INFO] MicroXplorer:498 - Change Database Version : DB.6.0.92
2023-11-30 14:08:54,205 [INFO] OpenFileManager:308 - Change cursor
2023-11-30 14:08:54,212 [INFO] Mcu:1946 - Initializing MCU STM32F103C(8-B)Tx STM32F103C8Tx STM32F103C8T6
2023-11-30 14:08:54,648 [INFO] Context:659 - Trying to add GPIOservice into a context  which must be forbidden
2023-11-30 14:08:54,868 [INFO] RtosManager:555 - Registered RTOS mode: class=CMSIS, group=RTOS, mode=CMSIS_V1, owner=FREERTOS
2023-11-30 14:08:54,869 [INFO] RtosManager:555 - Registered RTOS mode: class=CMSIS, group=RTOS2, mode=CMSIS_V2, owner=FREERTOS
2023-11-30 14:08:54,869 [INFO] RtosManager:555 - Registered RTOS mode: class=RTOS, group=Core, mode=CMSIS_V1, owner=FREERTOS
2023-11-30 14:08:54,869 [INFO] RtosManager:555 - Registered RTOS mode: class=RTOS, group=Core, mode=CMSIS_V2, owner=FREERTOS
2023-11-30 14:08:54,869 [WARN] ModelIntegratedComponent:184 - Missing modes for component STMicroelectronics:FreeRTOS:0.0.1:STMicroelectronics:RTOS:FreeRTOS:Core:::10.2.0:
2023-11-30 14:08:54,883 [WARN] ModelIntegratedComponent:63 - No mode defined for component null
2023-11-30 14:08:54,884 [WARN] ModelIntegratedComponent:63 - No mode defined for component null
2023-11-30 14:08:54,884 [WARN] ModelIntegratedComponent:63 - No mode defined for component null
2023-11-30 14:08:54,884 [WARN] ModelIntegratedComponent:63 - No mode defined for component null
2023-11-30 14:08:54,884 [WARN] ModelIntegratedComponent:63 - No mode defined for component null
2023-11-30 14:08:54,884 [WARN] ModelIntegratedComponent:63 - No mode defined for component null
2023-11-30 14:08:54,884 [WARN] ModelIntegratedComponent:63 - No mode defined for component null
2023-11-30 14:08:54,884 [WARN] ModelIntegratedComponent:63 - No mode defined for component null
2023-11-30 14:08:54,884 [WARN] ModelIntegratedComponent:63 - No mode defined for component null
2023-11-30 14:08:54,884 [WARN] ModelIntegratedComponent:63 - No mode defined for component null
2023-11-30 14:08:54,884 [WARN] ModelIntegratedComponent:63 - No mode defined for component null
2023-11-30 14:08:54,884 [WARN] ModelIntegratedComponent:63 - No mode defined for component null
2023-11-30 14:08:54,884 [WARN] ModelIntegratedComponent:63 - No mode defined for component null
2023-11-30 14:08:54,884 [WARN] ModelIntegratedComponent:63 - No mode defined for component null
2023-11-30 14:08:54,884 [WARN] ModelIntegratedComponent:63 - No mode defined for component null
2023-11-30 14:08:54,884 [WARN] ModelIntegratedComponent:63 - No mode defined for component null
2023-11-30 14:08:54,884 [WARN] ModelIntegratedComponent:63 - No mode defined for component null
2023-11-30 14:08:54,884 [WARN] ModelIntegratedComponent:63 - No mode defined for component null
2023-11-30 14:08:54,884 [WARN] ModelIntegratedComponent:63 - No mode defined for component null
2023-11-30 14:08:54,884 [WARN] ModelIntegratedComponent:63 - No mode defined for component null
2023-11-30 14:08:54,884 [WARN] ModelIntegratedComponent:63 - No mode defined for component null
2023-11-30 14:08:54,884 [WARN] ModelIntegratedComponent:63 - No mode defined for component null
2023-11-30 14:08:54,884 [WARN] ModelIntegratedComponent:63 - No mode defined for component null
2023-11-30 14:08:54,884 [WARN] ModelIntegratedComponent:63 - No mode defined for component null
2023-11-30 14:08:54,884 [WARN] ModelIntegratedComponent:63 - No mode defined for component null
2023-11-30 14:08:54,884 [WARN] ModelIntegratedComponent:63 - No mode defined for component null
2023-11-30 14:08:54,884 [WARN] ModelIntegratedComponent:63 - No mode defined for component null
2023-11-30 14:08:54,885 [WARN] ModelIntegratedComponent:63 - No mode defined for component null
2023-11-30 14:08:54,885 [WARN] ModelIntegratedComponent:63 - No mode defined for component null
2023-11-30 14:08:54,885 [WARN] ModelIntegratedComponent:63 - No mode defined for component null
2023-11-30 14:08:54,885 [WARN] ModelIntegratedComponent:63 - No mode defined for component null
2023-11-30 14:08:54,885 [WARN] ModelIntegratedComponent:63 - No mode defined for component null
2023-11-30 14:08:54,885 [WARN] ModelIntegratedComponent:63 - No mode defined for component null
2023-11-30 14:08:55,030 [INFO] ThirdPartyModel:298 - Start build external matchings
2023-11-30 14:08:56,062 [INFO] ThirdPartyModel:316 - End build external matchings
2023-11-30 14:08:56,076 [INFO] ImportTextPane:194 - (OptionalMessage_ERROR) IP (RCC) : Parameter (ADCFreqValue) has invalid value (36000000)
2023-11-30 14:08:56,077 [INFO] ImportTextPane:194 - (OptionalMessage_ERROR) IP (RCC) : Invalid parameter (FamilyName)
2023-11-30 14:08:56,077 [INFO] ImportTextPane:194 - (OptionalMessage_ERROR) IP (RCC) : Parameter (MCOFreq_Value) has invalid value (72000000)
2023-11-30 14:08:56,077 [INFO] ImportTextPane:194 - (OptionalMessage_ERROR) IP (RCC) : Parameter (USBFreq_Value) has invalid value (72000000)
2023-11-30 14:08:56,237 [INFO] UtilMem:75 - End LoadConfig() Used Memory: 765619696 Bytes (1073741824)
2023-11-30 14:08:56,296 [WARN] ThirdParty:833 - waiting for thirdparty lock release [change project]
2023-11-30 14:08:56,296 [INFO] ThirdParty:835 - entering critical section [change project]
2023-11-30 14:08:56,297 [INFO] ThirdParty:1030 - CMSIS Pack Vendor :STMicroelectronics X-CUBE-ISPU 1.1.0
2023-11-30 14:08:56,297 [INFO] ThirdParty:1030 - CMSIS Pack Vendor :STMicroelectronics USBPD 4.1
2023-11-30 14:08:56,297 [INFO] ThirdParty:1030 - CMSIS Pack Vendor :RoweBots I-CUBE-UNISONRTOS 5.5.0-4
2023-11-30 14:08:56,297 [INFO] ThirdParty:1030 - CMSIS Pack Vendor :STMicroelectronics X-CUBE-GNSS1 6.0.0
2023-11-30 14:08:56,297 [INFO] ThirdParty:1030 - CMSIS Pack Vendor :STMicroelectronics USB_HOST 2.0.0
2023-11-30 14:08:56,297 [INFO] ThirdParty:1030 - CMSIS Pack Vendor :STMicroelectronics X-CUBE-AZRTOS-F4 1.1.0
2023-11-30 14:08:56,297 [INFO] ThirdParty:1030 - CMSIS Pack Vendor :STMicroelectronics LIBJPEG 8.0.0
2023-11-30 14:08:56,297 [INFO] ThirdParty:1030 - CMSIS Pack Vendor :STMicroelectronics X-CUBE-SMBUS 2.1.0
2023-11-30 14:08:56,297 [INFO] ThirdParty:1030 - CMSIS Pack Vendor :STMicroelectronics USB_DEVICE 3.0.0
2023-11-30 14:08:56,297 [INFO] ThirdParty:1030 - CMSIS Pack Vendor :STMicroelectronics X-CUBE-AI 8.0.0
2023-11-30 14:08:56,297 [INFO] ThirdParty:1030 - CMSIS Pack Vendor :STMicroelectronics X-CUBE-AZRTOS-WB 2.0.0
2023-11-30 14:08:56,297 [INFO] ThirdParty:1030 - CMSIS Pack Vendor :STMicroelectronics X-CUBE-FREERTOS 1.0.0
2023-11-30 14:08:56,297 [INFO] ThirdParty:1030 - CMSIS Pack Vendor :STMicroelectronics X-CUBE-FREERTOS 1.0.1
2023-11-30 14:08:56,297 [INFO] ThirdParty:1030 - CMSIS Pack Vendor :STMicroelectronics X-CUBE-TOUCHGFX 4.21.1
2023-11-30 14:08:56,297 [INFO] ThirdParty:1030 - CMSIS Pack Vendor :STMicroelectronics X-CUBE-TOUCHGFX 4.21.3
2023-11-30 14:08:56,297 [INFO] ThirdParty:1030 - CMSIS Pack Vendor :STMicroelectronics X-CUBE-AZRTOS-F7 1.1.0
2023-11-30 14:08:56,297 [INFO] ThirdParty:1030 - CMSIS Pack Vendor :STMicroelectronics X-CUBE-TOUCHGFX 4.21.4
2023-11-30 14:08:56,297 [INFO] ThirdParty:1030 - CMSIS Pack Vendor :STMicroelectronics X-CUBE-AZRTOS-L5 2.0.0
2023-11-30 14:08:56,297 [INFO] ThirdParty:1030 - CMSIS Pack Vendor :STMicroelectronics USB_DEVICE 2.0.0
2023-11-30 14:08:56,298 [INFO] ThirdParty:1030 - CMSIS Pack Vendor :STMicroelectronics X-CUBE-MEMS1 9.6.0
2023-11-30 14:08:56,298 [INFO] ThirdParty:1030 - CMSIS Pack Vendor :STMicroelectronics X-CUBE-EEPRMA1 4.2.0
2023-11-30 14:08:56,298 [INFO] ThirdParty:1030 - CMSIS Pack Vendor :ITTIA_DB I-CUBE-ITTIADB 8.8.0
2023-11-30 14:08:56,298 [INFO] ThirdParty:1030 - CMSIS Pack Vendor :STMicroelectronics FP-SNS-MOTENV1 4.3.0
2023-11-30 14:08:56,298 [INFO] ThirdParty:1030 - CMSIS Pack Vendor :STMicroelectronics FP-SNS-MOTENV1 4.3.2
2023-11-30 14:08:56,298 [INFO] ThirdParty:1030 - CMSIS Pack Vendor :STMicroelectronics FP-SNS-FLIGHT1 5.0.0
2023-11-30 14:08:56,298 [INFO] ThirdParty:1030 - CMSIS Pack Vendor :STMicroelectronics FP-SNS-MOTENV1 4.3.1
2023-11-30 14:08:56,298 [INFO] ThirdParty:1030 - CMSIS Pack Vendor :STMicroelectronics FP-SNS-FLIGHT1 5.0.1
2023-11-30 14:08:56,298 [INFO] ThirdParty:1030 - CMSIS Pack Vendor :STMicroelectronics X-CUBE-ALGOBUILD 1.3.0
2023-11-30 14:08:56,298 [INFO] ThirdParty:1030 - CMSIS Pack Vendor :STMicroelectronics X-CUBE-BLE1 6.2.4
2023-11-30 14:08:56,298 [INFO] ThirdParty:1030 - CMSIS Pack Vendor :STMicroelectronics X-CUBE-AZRTOS-L5 1.1.0
2023-11-30 14:08:56,298 [INFO] ThirdParty:1030 - CMSIS Pack Vendor :STMicroelectronics FreeRTOS 0.0.1
2023-11-30 14:08:56,298 [INFO] ThirdParty:1030 - CMSIS Pack Vendor :STMicroelectronics X-CUBE-AZRTOS-G0 1.1.0
2023-11-30 14:08:56,298 [INFO] ThirdParty:1030 - CMSIS Pack Vendor :emotas I-CUBE-CANOPEN 1.1.3
2023-11-30 14:08:56,298 [INFO] ThirdParty:1030 - CMSIS Pack Vendor :STMicroelectronics X-CUBE-BLEMGR 2.0.0
2023-11-30 14:08:56,298 [INFO] ThirdParty:1030 - CMSIS Pack Vendor :STMicroelectronics X-CUBE-AI 8.0.1
2023-11-30 14:08:56,298 [INFO] ThirdParty:1030 - CMSIS Pack Vendor :STMicroelectronics X-CUBE-NFC4 3.0.0
2023-11-30 14:08:56,298 [INFO] ThirdParty:1030 - CMSIS Pack Vendor :STMicroelectronics X-CUBE-SUBG2 5.0.0
2023-11-30 14:08:56,298 [INFO] ThirdParty:1030 - CMSIS Pack Vendor :STMicroelectronics STM32_WPAN 1.0.0
2023-11-30 14:08:56,298 [INFO] ThirdParty:1030 - CMSIS Pack Vendor :STMicroelectronics lwIP 2.0.3
2023-11-30 14:08:56,298 [INFO] ThirdParty:1030 - CMSIS Pack Vendor :STMicroelectronics FP-SNS-FLIGHT1 5.0.2
2023-11-30 14:08:56,298 [INFO] ThirdParty:1030 - CMSIS Pack Vendor :STMicroelectronics USB_HOST 1.0.0
2023-11-30 14:08:56,298 [INFO] ThirdParty:1030 - CMSIS Pack Vendor :STMicroelectronics X-CUBE-TOF1 3.3.1
2023-11-30 14:08:56,298 [INFO] ThirdParty:1030 - CMSIS Pack Vendor :STMicroelectronics X-CUBE-AZRTOS-G4 2.0.0
2023-11-30 14:08:56,298 [INFO] ThirdParty:1030 - CMSIS Pack Vendor :STMicroelectronics PDM2PCM 3.1.0
2023-11-30 14:08:56,298 [INFO] ThirdParty:1030 - CMSIS Pack Vendor :STMicroelectronics X-CUBE-AZRTOS-H7 3.1.0
2023-11-30 14:08:56,298 [INFO] ThirdParty:1030 - CMSIS Pack Vendor :STMicroelectronics X-CUBE-TOF1 3.3.0
2023-11-30 14:08:56,298 [INFO] ThirdParty:1030 - CMSIS Pack Vendor :STMicroelectronics FP-ATR-ASTRA1 1.1.1
2023-11-30 14:08:56,298 [INFO] ThirdParty:1030 - CMSIS Pack Vendor :Infineon AIROC-Wi-Fi-Bluetooth-STM32 1.5.1
2023-11-30 14:08:56,298 [INFO] ThirdParty:1030 - CMSIS Pack Vendor :STMicroelectronics X-CUBE-BLEMGR 3.0.0
2023-11-30 14:08:56,298 [INFO] ThirdParty:1030 - CMSIS Pack Vendor :STMicroelectronics PDM2PCM 3.3.0
2023-11-30 14:08:56,298 [INFO] ThirdParty:1030 - CMSIS Pack Vendor :STMicroelectronics X-CUBE-DISPLAY 3.0.0
2023-11-30 14:08:56,298 [INFO] ThirdParty:1030 - CMSIS Pack Vendor :STMicroelectronics FP-SNS-MOTENVWB1 1.3.0
2023-11-30 14:08:56,298 [INFO] ThirdParty:1030 - CMSIS Pack Vendor :STMicroelectronics FP-SNS-MOTENVWB1 1.3.1
2023-11-30 14:08:56,298 [INFO] ThirdParty:1030 - CMSIS Pack Vendor :STMicroelectronics X-CUBE-BLE1 7.0.0
2023-11-30 14:08:56,298 [INFO] ThirdParty:1030 - CMSIS Pack Vendor :STMicroelectronics FP-ATR-SIGFOX1 3.2.0
2023-11-30 14:08:56,298 [INFO] ThirdParty:1030 - CMSIS Pack Vendor :STMicroelectronics X-CUBE-AZRTOS-G4 1.0.0
2023-11-30 14:08:56,298 [INFO] ThirdParty:1030 - CMSIS Pack Vendor :wolfSSL I-CUBE-wolfSSL 5.5.4
2023-11-30 14:08:56,298 [INFO] ThirdParty:1030 - CMSIS Pack Vendor :STMicroelectronics X-CUBE-AZRTOS-L4 1.0.0
2023-11-30 14:08:56,298 [INFO] ThirdParty:1030 - CMSIS Pack Vendor :STMicroelectronics HAL Drivers 0.0.0
2023-11-30 14:08:56,298 [INFO] ThirdParty:1030 - CMSIS Pack Vendor :STMicroelectronics MBEDTLS 2.16.2
2023-11-30 14:08:56,298 [INFO] ThirdParty:1030 - CMSIS Pack Vendor :STMicroelectronics X-CUBE-MEMS1 10.0.0
2023-11-30 14:08:56,298 [INFO] ThirdParty:1030 - CMSIS Pack Vendor :STMicroelectronics X-CUBE-FREERTOS 1.1.0
2023-11-30 14:08:56,299 [INFO] ThirdParty:1030 - CMSIS Pack Vendor :STMicroelectronics X-CUBE-TOUCHGFX 4.22.0
2023-11-30 14:08:56,299 [INFO] ThirdParty:1030 - CMSIS Pack Vendor :STMicroelectronics X-CUBE-NFC7 1.0.1
2023-11-30 14:08:56,299 [INFO] ThirdParty:1030 - CMSIS Pack Vendor :STMicroelectronics MBEDTLS 2.14.1
2023-11-30 14:08:56,299 [INFO] ThirdParty:1030 - CMSIS Pack Vendor :STMicroelectronics X-CUBE-NFC7 1.0.0
2023-11-30 14:08:56,299 [INFO] ThirdParty:1030 - CMSIS Pack Vendor :STMicroelectronics X-CUBE-TOUCHGFX 4.22.1
2023-11-30 14:08:56,299 [INFO] ThirdParty:1030 - CMSIS Pack Vendor :STMicroelectronics X-CUBE-AZRTOS-WL 1.0.0
2023-11-30 14:08:56,299 [INFO] ThirdParty:1030 - CMSIS Pack Vendor :STMicroelectronics X-CUBE-NFC6 3.0.0
2023-11-30 14:08:56,299 [INFO] ThirdParty:1030 - CMSIS Pack Vendor :STMicroelectronics X-CUBE-EEPRMA1 4.1.0
2023-11-30 14:08:56,299 [INFO] ThirdParty:1030 - CMSIS Pack Vendor :portGmbH I-Cube-SoM-uGOAL 1.1.0
2023-11-30 14:08:56,299 [INFO] ThirdParty:1030 - CMSIS Pack Vendor :STMicroelectronics X-CUBE-ALS 1.0.1
2023-11-30 14:08:56,299 [INFO] ThirdParty:1030 - CMSIS Pack Vendor :STMicroelectronics X-CUBE-MEMS1 9.5.0
2023-11-30 14:08:56,299 [INFO] ThirdParty:1030 - CMSIS Pack Vendor :STMicroelectronics ThreadX 1.0.0
2023-11-30 14:08:56,299 [INFO] ThirdParty:1030 - CMSIS Pack Vendor :STMicroelectronics FP-SNS-SMARTAG2 1.2.0
2023-11-30 14:08:56,299 [INFO] ThirdParty:1030 - CMSIS Pack Vendor :STMicroelectronics X-CUBE-AZRTOS-WB 1.1.0
2023-11-30 14:08:56,299 [INFO] ThirdParty:1030 - CMSIS Pack Vendor :STMicroelectronics X-CUBE-AZRTOS-WL 2.0.0
2023-11-30 14:08:56,299 [INFO] ThirdParty:1030 - CMSIS Pack Vendor :SEGGER I-CUBE-embOS 1.3.1
2023-11-30 14:08:56,299 [INFO] ThirdParty:1030 - CMSIS Pack Vendor :STMicroelectronics USB_DEVICE 1.0.0
2023-11-30 14:08:56,299 [INFO] ThirdParty:1030 - CMSIS Pack Vendor :STMicroelectronics X-CUBE-AI 8.1.0
2023-11-30 14:08:56,299 [INFO] ThirdParty:1030 - CMSIS Pack Vendor :STMicroelectronics X-CUBE-AZRTOS-L4 2.0.0
2023-11-30 14:08:56,299 [INFO] ThirdParty:1030 - CMSIS Pack Vendor :STMicroelectronics ThreadX 0.0.2
2023-11-30 14:08:56,299 [INFO] ThirdParty:1030 - CMSIS Pack Vendor :WES I-CUBE-Cesium 1.3.0
2023-11-30 14:08:56,299 [INFO] ThirdParty:1030 - CMSIS Pack Vendor :STMicroelectronics FP-ATR-ASTRA1 2.0.0
2023-11-30 14:08:56,299 [INFO] ThirdParty:1030 - CMSIS Pack Vendor :STMicroelectronics lwIP 2.1.2
2023-11-30 14:08:56,299 [INFO] ThirdParty:1030 - CMSIS Pack Vendor :STMicroelectronics X-CUBE-SFXS2LP1 4.0.0
2023-11-30 14:08:56,299 [INFO] ThirdParty:1030 - CMSIS Pack Vendor :STMicroelectronics X-CUBE-BLE2 3.3.0
2023-11-30 14:08:56,299 [INFO] ThirdParty:1030 - CMSIS Pack Vendor :STMicroelectronics X-CUBE-TOF1 3.4.0
2023-11-30 14:08:56,299 [INFO] ThirdParty:1030 - CMSIS Pack Vendor :STMicroelectronics X-CUBE-TOF1 3.2.0
2023-11-30 14:08:56,299 [INFO] ThirdParty:1030 - CMSIS Pack Vendor :STMicroelectronics PDM2PCM 3.2.0
2023-11-30 14:08:56,299 [INFO] ThirdParty:1030 - CMSIS Pack Vendor :STMicroelectronics X-CUBE-AZRTOS-H7 3.0.0
2023-11-30 14:08:56,299 [INFO] ThirdParty:841 - exiting critical section [change project]
2023-11-30 14:08:56,368 [INFO] PinOutPanel:1499 - setPackage(No Configuration,No Configuration)
2023-11-30 14:08:56,369 [INFO] PinOutPanel:1499 - setPackage(STM32F103C8Tx,LQFP48)
2023-11-30 14:08:56,517 [INFO] UtilMem:75 - Before build in PCC Used Memory: 880801736 Bytes (1073741824)
2023-11-30 14:08:56,767 [INFO] UtilMem:75 - After build in PCC Used Memory: 448610832 Bytes (1073741824)
2023-11-30 14:08:56,783 [INFO] IPUIPlugin:80 - create IPUIPlugin
2023-11-30 14:08:56,783 [INFO] IPUIPlugin:80 - create IPUIPlugin
2023-11-30 14:08:56,783 [INFO] IPUIPlugin:80 - create IPUIPlugin
2023-11-30 14:08:56,783 [INFO] IPUIPlugin:80 - create IPUIPlugin
2023-11-30 14:08:56,783 [INFO] IPUIPlugin:80 - create IPUIPlugin
2023-11-30 14:08:56,783 [INFO] IPUIPlugin:80 - create IPUIPlugin
2023-11-30 14:08:56,783 [INFO] IPUIPlugin:80 - create IPUIPlugin
2023-11-30 14:08:56,783 [INFO] IPUIPlugin:80 - create IPUIPlugin
2023-11-30 14:08:56,783 [INFO] IPUIPlugin:80 - create IPUIPlugin
2023-11-30 14:08:56,783 [INFO] IPUIPlugin:80 - create IPUIPlugin
2023-11-30 14:08:56,783 [INFO] IPUIPlugin:80 - create IPUIPlugin
2023-11-30 14:08:56,783 [INFO] IPUIPlugin:80 - create IPUIPlugin
2023-11-30 14:08:56,784 [INFO] IPUIPlugin:80 - create IPUIPlugin
2023-11-30 14:08:56,784 [INFO] IPUIPlugin:80 - create IPUIPlugin
2023-11-30 14:08:56,784 [INFO] IPUIPlugin:80 - create IPUIPlugin
2023-11-30 14:08:56,784 [INFO] IPUIPlugin:80 - create IPUIPlugin
2023-11-30 14:08:56,784 [INFO] IPUIPlugin:80 - create IPUIPlugin
2023-11-30 14:08:56,784 [INFO] IPUIPlugin:80 - create IPUIPlugin
2023-11-30 14:08:56,784 [INFO] IPUIPlugin:80 - create IPUIPlugin
2023-11-30 14:08:56,784 [INFO] IPUIPlugin:80 - create IPUIPlugin
2023-11-30 14:08:56,784 [INFO] IPUIPlugin:80 - create IPUIPlugin
2023-11-30 14:08:56,784 [INFO] IPUIPlugin:80 - create IPUIPlugin
2023-11-30 14:08:56,785 [INFO] IPUIPlugin:80 - create IPUIPlugin
2023-11-30 14:08:56,785 [INFO] IPUIPlugin:80 - create IPUIPlugin
2023-11-30 14:08:56,785 [INFO] IPUIPlugin:80 - create IPUIPlugin
2023-11-30 14:08:56,786 [INFO] IPUIPlugin:80 - create IPUIPlugin
2023-11-30 14:08:56,786 [INFO] IPUIPlugin:80 - create IPUIPlugin
2023-11-30 14:08:56,829 [INFO] CADModel:165 - CPN selected for project levelSTM32F103C8T6
2023-11-30 14:08:56,829 [INFO] CADModel:114 - Register for checkConnection events
2023-11-30 14:08:56,916 [INFO] OpenFileManager:328 - Restore cursor
