2023-12-13 00:19:32,430 [ERROR] LogOutputStream:75 - [STDERR_REDIRECT] Exception in thread "AWT-EventQueue-0" java.awt.IllegalComponentStateException: Native resources unavailable
2023-12-13 00:19:32,446 [ERROR] LogOutputStream:75 - [STDERR_REDIRECT] 	at java.desktop/sun.awt.windows.WWindowPeer.getScreenImOn(Native Method)
2023-12-13 00:19:32,447 [ERROR] LogOutputStream:75 - [STDERR_REDIRECT] 	at java.desktop/sun.awt.windows.WWindowPeer.updateGC(WWindowPeer.java:566)
2023-12-13 00:19:32,447 [ERROR] LogOutputStream:75 - [STDERR_REDIRECT] 	at java.desktop/java.awt.event.InvocationEvent.dispatch(InvocationEvent.java:318)
2023-12-13 00:19:32,448 [ERROR] LogOutputStream:75 - [STDERR_REDIRECT] 	at java.desktop/java.awt.EventQueue.dispatchEventImpl(EventQueue.java:771)
2023-12-13 00:19:32,449 [ERROR] LogOutputStream:75 - [STDERR_REDIRECT] 	at java.desktop/java.awt.EventQueue$4.run(EventQueue.java:722)
2023-12-13 00:19:32,449 [ERROR] LogOutputStream:75 - [STDERR_REDIRECT] 	at java.desktop/java.awt.EventQueue$4.run(EventQueue.java:716)
2023-12-13 00:19:32,451 [ERROR] LogOutputStream:75 - [STDERR_REDIRECT] 	at java.base/java.security.AccessController.doPrivileged(AccessController.java:399)
2023-12-13 00:19:32,452 [ERROR] LogOutputStream:75 - [STDERR_REDIRECT] 	at java.base/java.security.ProtectionDomain$JavaSecurityAccessImpl.doIntersectionPrivilege(ProtectionDomain.java:86)
2023-12-13 00:19:32,453 [ERROR] LogOutputStream:75 - [STDERR_REDIRECT] 	at java.base/java.security.ProtectionDomain$JavaSecurityAccessImpl.doIntersectionPrivilege(ProtectionDomain.java:97)
2023-12-13 00:19:32,453 [ERROR] LogOutputStream:75 - [STDERR_REDIRECT] 	at java.desktop/java.awt.EventQueue$5.run(EventQueue.java:746)
2023-12-13 00:19:32,454 [ERROR] LogOutputStream:75 - [STDERR_REDIRECT] 	at java.desktop/java.awt.EventQueue$5.run(EventQueue.java:744)
2023-12-13 00:19:32,454 [ERROR] LogOutputStream:75 - [STDERR_REDIRECT] 	at java.base/java.security.AccessController.doPrivileged(AccessController.java:399)
2023-12-13 00:19:32,455 [ERROR] LogOutputStream:75 - [STDERR_REDIRECT] 	at java.base/java.security.ProtectionDomain$JavaSecurityAccessImpl.doIntersectionPrivilege(ProtectionDomain.java:86)
2023-12-13 00:19:32,456 [ERROR] LogOutputStream:75 - [STDERR_REDIRECT] 	at java.desktop/java.awt.EventQueue.dispatchEvent(EventQueue.java:743)
2023-12-13 00:19:32,456 [ERROR] LogOutputStream:75 - [STDERR_REDIRECT] 	at java.desktop/java.awt.EventDispatchThread.pumpOneEventForFilters(EventDispatchThread.java:203)
2023-12-13 00:19:32,458 [ERROR] LogOutputStream:75 - [STDERR_REDIRECT] 	at java.desktop/java.awt.EventDispatchThread.pumpEventsForFilter(EventDispatchThread.java:124)
2023-12-13 00:19:32,459 [ERROR] LogOutputStream:75 - [STDERR_REDIRECT] 	at java.desktop/java.awt.EventDispatchThread.pumpEventsForHierarchy(EventDispatchThread.java:113)
2023-12-13 00:19:32,459 [ERROR] LogOutputStream:75 - [STDERR_REDIRECT] 	at java.desktop/java.awt.EventDispatchThread.pumpEvents(EventDispatchThread.java:109)
2023-12-13 00:19:32,460 [ERROR] LogOutputStream:75 - [STDERR_REDIRECT] 	at java.desktop/java.awt.EventDispatchThread.pumpEvents(EventDispatchThread.java:101)
2023-12-13 00:19:32,461 [ERROR] LogOutputStream:75 - [STDERR_REDIRECT] 	at java.desktop/java.awt.EventDispatchThread.run(EventDispatchThread.java:90)
2023-12-13 12:07:14,834 [INFO] Activator:176 - 


2023-12-13 12:07:14,837 [INFO] Activator:177 - !SESSION log4j initialized
2023-12-13 12:07:22,093 [INFO] LogOutputStream:77 - [STDOUT_REDIRECT] 
2023-12-13 12:07:29,465 [INFO] ApplicationProperties:184 - Using Application install path: C:\ST\STM32CubeIDE_1.13.2\STM32CubeIDE\plugins\com.st.stm32cube.common.mx_6.9.2.202309101412
2023-12-13 12:07:29,481 [INFO] DbMcusXml:78 - Set database path to: C:\ST\STM32CubeIDE_1.13.2\STM32CubeIDE\plugins\com.st.stm32cube.common.mx_6.9.2.202309101412\\db\/mcu/
2023-12-13 12:07:29,481 [INFO] ApiDb:274 - Set plugin database path to: C:\ST\STM32CubeIDE_1.13.2\STM32CubeIDE\plugins\com.st.stm32cube.common.mx_6.9.2.202309101412\\db\/plugins/boardmanager/
2023-12-13 12:07:29,482 [WARN] ApiDb:259 - Overriding images path with different value:  => C:\ST\STM32CubeIDE_1.13.2\STM32CubeIDE\plugins\com.st.stm32cube.common.mx_6.9.2.202309101412\\db\/plugins/mcufinder/images/
2023-12-13 12:07:29,495 [INFO] ApiDb:250 - Set database path to: C:\Users\nhakh\.stmcufinder\plugins\mcufinder//mcu/
2023-12-13 12:07:29,496 [INFO] DbMcusAds:125 - Set database path to: C:\Users\nhakh\.stmcufinder\plugins\mcufinder//mcu/
2023-12-13 12:07:29,497 [INFO] CrossReferenceDbSqlite:203 - Set database path to: C:\Users\nhakh\.stmcufinder\plugins\mcufinder//mcu/cs/
2023-12-13 12:07:29,597 [INFO] RulesReader:64 - Compatibility file has been processed (293 Rules)
2023-12-13 12:07:29,694 [INFO] DbMcusXml:78 - Set database path to: C:\ST\STM32CubeIDE_1.13.2\STM32CubeIDE\plugins\com.st.stm32cube.common.mx_6.9.2.202309101412\\db\/mcu/
2023-12-13 12:07:29,695 [INFO] ApiDb:274 - Set plugin database path to: C:\ST\STM32CubeIDE_1.13.2\STM32CubeIDE\plugins\com.st.stm32cube.common.mx_6.9.2.202309101412\\db\/plugins/boardmanager/
2023-12-13 12:07:29,695 [INFO] ApiDb:261 - Set plugin images path to: C:\ST\STM32CubeIDE_1.13.2\STM32CubeIDE\plugins\com.st.stm32cube.common.mx_6.9.2.202309101412\\db\/plugins/mcufinder/images/
2023-12-13 12:07:29,695 [WARN] DbFile:41 - Overriding database path with different value: C:\Users\nhakh\.stmcufinder\plugins\mcufinder/ => C:\Users\nhakh\.stmcufinder\plugins\mcufinder
2023-12-13 12:07:29,695 [INFO] ApiDb:250 - Set database path to: C:\Users\nhakh\.stmcufinder\plugins\mcufinder//mcu/
2023-12-13 12:07:29,695 [WARN] DbFile:41 - Overriding database path with different value: C:\Users\nhakh\.stmcufinder\plugins\mcufinder/ => C:\Users\nhakh\.stmcufinder\plugins\mcufinder
2023-12-13 12:07:29,695 [INFO] DbMcusAds:125 - Set database path to: C:\Users\nhakh\.stmcufinder\plugins\mcufinder//mcu/
2023-12-13 12:07:29,695 [WARN] DbFile:41 - Overriding database path with different value: C:\Users\nhakh\.stmcufinder\plugins\mcufinder/ => C:\Users\nhakh\.stmcufinder\plugins\mcufinder
2023-12-13 12:07:29,695 [WARN] DbFile:41 - Overriding database path with different value: C:\Users\nhakh\.stmcufinder\plugins\mcufinder/ => C:\Users\nhakh\.stmcufinder\plugins\mcufinder
2023-12-13 12:07:29,695 [INFO] CrossReferenceDbSqlite:203 - Set database path to: C:\Users\nhakh\.stmcufinder\plugins\mcufinder//mcu/cs/
2023-12-13 12:07:29,781 [INFO] MainPanel:262 - HeapMemory: 268435456
2023-12-13 12:07:29,879 [INFO] DbMcusXml:78 - Set database path to: C:\ST\STM32CubeIDE_1.13.2\STM32CubeIDE\plugins\com.st.stm32cube.common.mx_6.9.2.202309101412\\db\/mcu/
2023-12-13 12:07:29,880 [INFO] ApiDb:274 - Set plugin database path to: C:\ST\STM32CubeIDE_1.13.2\STM32CubeIDE\plugins\com.st.stm32cube.common.mx_6.9.2.202309101412\\db\/plugins/boardmanager/
2023-12-13 12:07:29,880 [INFO] ApiDb:261 - Set plugin images path to: C:\ST\STM32CubeIDE_1.13.2\STM32CubeIDE\plugins\com.st.stm32cube.common.mx_6.9.2.202309101412\\db\/plugins/mcufinder/images/
2023-12-13 12:07:29,880 [WARN] DbFile:41 - Overriding database path with different value: C:\Users\nhakh\.stmcufinder\plugins\mcufinder/ => C:\Users\nhakh\.stmcufinder\plugins\mcufinder
2023-12-13 12:07:29,880 [INFO] ApiDb:250 - Set database path to: C:\Users\nhakh\.stmcufinder\plugins\mcufinder//mcu/
2023-12-13 12:07:29,880 [WARN] DbFile:41 - Overriding database path with different value: C:\Users\nhakh\.stmcufinder\plugins\mcufinder/ => C:\Users\nhakh\.stmcufinder\plugins\mcufinder
2023-12-13 12:07:29,880 [INFO] DbMcusAds:125 - Set database path to: C:\Users\nhakh\.stmcufinder\plugins\mcufinder//mcu/
2023-12-13 12:07:29,880 [WARN] DbFile:41 - Overriding database path with different value: C:\Users\nhakh\.stmcufinder\plugins\mcufinder/ => C:\Users\nhakh\.stmcufinder\plugins\mcufinder
2023-12-13 12:07:29,880 [WARN] DbFile:41 - Overriding database path with different value: C:\Users\nhakh\.stmcufinder\plugins\mcufinder/ => C:\Users\nhakh\.stmcufinder\plugins\mcufinder
2023-12-13 12:07:29,880 [INFO] CrossReferenceDbSqlite:203 - Set database path to: C:\Users\nhakh\.stmcufinder\plugins\mcufinder//mcu/cs/
2023-12-13 12:07:29,904 [INFO] ApplicationProperties:184 - Using Application install path: C:\ST\STM32CubeIDE_1.13.2\STM32CubeIDE\plugins\com.st.stm32cube.common.mx_6.9.2.202309101412
2023-12-13 12:07:29,906 [INFO] PluginManage:196 - Search for loadable plugins [exclusion list=, ]
2023-12-13 12:07:29,908 [INFO] PluginManage:310 - Check plugin analytics
2023-12-13 12:07:30,078 [INFO] AnalyticsPlugin:253 - Accepted Software Licenses: 
2023-12-13 12:07:30,078 [INFO] AnalyticsPlugin:255 - Accepted CMSIS Pack Licenses: 
2023-12-13 12:07:30,078 [INFO] AnalyticsPlugin:257 - Accepted Firmware Licenses: FW.F4.1.27.0
2023-12-13 12:07:30,081 [INFO] PluginManage:359 - Loaded plugin analytics (category:tool,tabindex:-1)
2023-12-13 12:07:30,082 [INFO] PluginManage:310 - Check plugin cadmodel
2023-12-13 12:07:30,101 [INFO] CADModel:105 - Init CAD model plugin
2023-12-13 12:07:30,101 [INFO] PluginManage:359 - Loaded plugin cadmodel (category:power,tabindex:5)
2023-12-13 12:07:30,102 [INFO] PluginManage:310 - Check plugin clock
2023-12-13 12:07:30,122 [INFO] PluginManage:359 - Loaded plugin clock (category:base,tabindex:2)
2023-12-13 12:07:30,123 [INFO] PluginManage:310 - Check plugin ddr
2023-12-13 12:07:30,125 [INFO] PluginManage:359 - Loaded plugin ddr (category:tool,tabindex:6)
2023-12-13 12:07:30,125 [INFO] PluginManage:310 - Check plugin filemanager
2023-12-13 12:07:30,256 [INFO] PluginManage:359 - Loaded plugin filemanager (category:base,tabindex:10)
2023-12-13 12:07:30,256 [INFO] PluginManage:310 - Check plugin ipmanager
2023-12-13 12:07:30,267 [INFO] PluginManage:359 - Loaded plugin ipmanager (category:base,tabindex:5)
2023-12-13 12:07:30,267 [INFO] PluginManage:310 - Check plugin lpbam
2023-12-13 12:07:30,285 [INFO] PluginManage:359 - Loaded plugin lpbam (category:base,tabindex:0)
2023-12-13 12:07:30,285 [INFO] PluginManage:310 - Check plugin memorymap
2023-12-13 12:07:30,309 [INFO] PluginManage:359 - Loaded plugin memorymap (category:base,tabindex:4)
2023-12-13 12:07:30,309 [INFO] PluginManage:310 - Check plugin pinoutandconfiguration
2023-12-13 12:07:30,325 [INFO] PluginManage:359 - Loaded plugin pinoutandconfiguration (category:base,tabindex:1)
2023-12-13 12:07:30,325 [INFO] PluginManage:310 - Check plugin pinoutconfig
2023-12-13 12:07:30,416 [WARN] SupportedApi:132 - Cannot load RTOS API schema: s4s-elt-must-match.1: The content of 'definitions' must match (annotation?, (simpleType | complexType)?, (unique | key | keyref)*)). A problem was found starting at: attribute.
2023-12-13 12:07:30,534 [INFO] PluginManage:359 - Loaded plugin pinoutconfig (category:base,tabindex:0)
2023-12-13 12:07:30,534 [INFO] PluginManage:310 - Check plugin power
2023-12-13 12:07:30,556 [INFO] PluginManage:359 - Loaded plugin power (category:power,tabindex:4)
2023-12-13 12:07:30,556 [INFO] PluginManage:310 - Check plugin projectmanager
2023-12-13 12:07:30,572 [INFO] PluginManage:359 - Loaded plugin projectmanager (category:projectmanager,tabindex:3)
2023-12-13 12:07:30,572 [INFO] PluginManage:310 - Check plugin thirdparty
2023-12-13 12:07:30,842 [INFO] PluginManage:359 - Loaded plugin thirdparty (category:base,tabindex:-1)
2023-12-13 12:07:30,842 [WARN] IntegrityCheckThread:84 - waiting for thirdparty lock release [integrity check]
2023-12-13 12:07:30,842 [INFO] IntegrityCheckThread:86 - entering critical section [integrity check]
2023-12-13 12:07:30,842 [INFO] PluginManage:310 - Check plugin tools
2023-12-13 12:07:30,843 [INFO] ThirdPartyUpdaterWithRetryManager:70 - Updater plugin not ready yet. [1/15]
2023-12-13 12:07:30,879 [INFO] PluginManage:359 - Loaded plugin tools (category:base,tabindex:7)
2023-12-13 12:07:30,879 [INFO] PluginManage:310 - Check plugin tutovideos
2023-12-13 12:07:31,059 [INFO] PluginManage:359 - Loaded plugin tutovideos (category:base,tabindex:-1)
2023-12-13 12:07:31,059 [INFO] PluginManage:310 - Check plugin updater
2023-12-13 12:07:31,069 [INFO] PluginManage:359 - Loaded plugin updater (category:base,tabindex:12)
2023-12-13 12:07:31,069 [INFO] PluginManage:310 - Check plugin userauth
2023-12-13 12:07:31,074 [INFO] UserAuth:113 - Init User Auth plugin
2023-12-13 12:07:31,074 [INFO] PluginManage:359 - Loaded plugin userauth (category:base,tabindex:14)
2023-12-13 12:07:31,074 [INFO] PluginManage:283 - PluginManage : Loaded plugins [17]
2023-12-13 12:07:31,300 [INFO] PinOutPanel:1499 - setPackage(No Configuration,No Configuration)
2023-12-13 12:07:31,426 [INFO] CADModel:165 - CPN selected for project level
2023-12-13 12:07:31,426 [INFO] CADModel:114 - Register for checkConnection events
2023-12-13 12:07:31,449 [INFO] IPUIPlugin:80 - create IPUIPlugin
2023-12-13 12:07:31,449 [INFO] PluginManager:220 - loadIPPluginJar : add adc
2023-12-13 12:07:31,479 [INFO] IPUIPlugin:80 - create IPUIPlugin
2023-12-13 12:07:31,480 [INFO] PluginManager:220 - loadIPPluginJar : add aes
2023-12-13 12:07:31,515 [INFO] IPUIPlugin:80 - create IPUIPlugin
2023-12-13 12:07:31,515 [INFO] PluginManager:220 - loadIPPluginJar : add can
2023-12-13 12:07:31,534 [INFO] IPUIPlugin:80 - create IPUIPlugin
2023-12-13 12:07:31,534 [INFO] PluginManager:220 - loadIPPluginJar : add comp
2023-12-13 12:07:31,563 [INFO] IPUIPlugin:80 - create IPUIPlugin
2023-12-13 12:07:31,563 [INFO] PluginManager:220 - loadIPPluginJar : add cryp
2023-12-13 12:07:31,589 [INFO] IPUIPlugin:80 - create IPUIPlugin
2023-12-13 12:07:31,589 [INFO] PluginManager:220 - loadIPPluginJar : add dfsdm
2023-12-13 12:07:31,601 [INFO] IPUIPlugin:80 - create IPUIPlugin
2023-12-13 12:07:31,602 [INFO] PluginManager:220 - loadIPPluginJar : add dma
2023-12-13 12:07:31,639 [INFO] IPUIPlugin:80 - create IPUIPlugin
2023-12-13 12:07:31,639 [INFO] PluginManager:220 - loadIPPluginJar : add dma3
2023-12-13 12:07:31,657 [INFO] IPUIPlugin:80 - create IPUIPlugin
2023-12-13 12:07:31,657 [INFO] PluginManager:220 - loadIPPluginJar : add fatfs
2023-12-13 12:07:31,698 [INFO] IPUIPlugin:80 - create IPUIPlugin
2023-12-13 12:07:31,698 [INFO] PluginManager:220 - loadIPPluginJar : add fmc
2023-12-13 12:07:31,711 [INFO] IPUIPlugin:80 - create IPUIPlugin
2023-12-13 12:07:31,711 [INFO] PluginManager:220 - loadIPPluginJar : add freertos
2023-12-13 12:07:31,727 [INFO] IPUIPlugin:80 - create IPUIPlugin
2023-12-13 12:07:31,727 [INFO] PluginManager:220 - loadIPPluginJar : add genericplugin
2023-12-13 12:07:31,805 [INFO] IPUIPlugin:80 - create IPUIPlugin
2023-12-13 12:07:31,805 [INFO] PluginManager:220 - loadIPPluginJar : add gfxmmu
2023-12-13 12:07:31,906 [INFO] IPUIPlugin:80 - create IPUIPlugin
2023-12-13 12:07:31,906 [INFO] PluginManager:220 - loadIPPluginJar : add gic
2023-12-13 12:07:31,918 [INFO] IPUIPlugin:80 - create IPUIPlugin
2023-12-13 12:07:31,918 [INFO] PluginManager:220 - loadIPPluginJar : add gpio
2023-12-13 12:07:31,997 [INFO] IPUIPlugin:80 - create IPUIPlugin
2023-12-13 12:07:31,997 [INFO] PluginManager:220 - loadIPPluginJar : add gtzc
2023-12-13 12:07:32,025 [INFO] IPUIPlugin:80 - create IPUIPlugin
2023-12-13 12:07:32,025 [INFO] PluginManager:220 - loadIPPluginJar : add hash
2023-12-13 12:07:32,069 [INFO] IPUIPlugin:80 - create IPUIPlugin
2023-12-13 12:07:32,069 [INFO] PluginManager:220 - loadIPPluginJar : add i2c
2023-12-13 12:07:32,102 [INFO] IPUIPlugin:80 - create IPUIPlugin
2023-12-13 12:07:32,102 [INFO] PluginManager:220 - loadIPPluginJar : add i2s
2023-12-13 12:07:32,138 [INFO] IPUIPlugin:80 - create IPUIPlugin
2023-12-13 12:07:32,139 [INFO] PluginManager:220 - loadIPPluginJar : add i3c
2023-12-13 12:07:32,235 [INFO] IPUIPlugin:80 - create IPUIPlugin
2023-12-13 12:07:32,235 [INFO] PluginManager:220 - loadIPPluginJar : add ipddr
2023-12-13 12:07:32,308 [INFO] IPUIPlugin:80 - create IPUIPlugin
2023-12-13 12:07:32,308 [INFO] PluginManager:220 - loadIPPluginJar : add linkedlist
2023-12-13 12:07:32,336 [INFO] IPUIPlugin:80 - create IPUIPlugin
2023-12-13 12:07:32,336 [INFO] PluginManager:220 - loadIPPluginJar : add lorawan
2023-12-13 12:07:32,366 [INFO] IPUIPlugin:80 - create IPUIPlugin
2023-12-13 12:07:32,366 [INFO] PluginManager:220 - loadIPPluginJar : add ltdc
2023-12-13 12:07:32,379 [INFO] IPUIPlugin:80 - create IPUIPlugin
2023-12-13 12:07:32,380 [INFO] PluginManager:220 - loadIPPluginJar : add mdma
2023-12-13 12:07:32,391 [INFO] IPUIPlugin:80 - create IPUIPlugin
2023-12-13 12:07:32,391 [INFO] PluginManager:220 - loadIPPluginJar : add nvic
2023-12-13 12:07:32,423 [INFO] IPUIPlugin:80 - create IPUIPlugin
2023-12-13 12:07:32,424 [INFO] PluginManager:220 - loadIPPluginJar : add opamp
2023-12-13 12:07:32,470 [INFO] IPUIPlugin:80 - create IPUIPlugin
2023-12-13 12:07:32,470 [INFO] PluginManager:220 - loadIPPluginJar : add openamp
2023-12-13 12:07:32,504 [INFO] IPUIPlugin:80 - create IPUIPlugin
2023-12-13 12:07:32,504 [INFO] PluginManager:220 - loadIPPluginJar : add pdm2pcm
2023-12-13 12:07:32,518 [INFO] IPUIPlugin:80 - create IPUIPlugin
2023-12-13 12:07:32,519 [INFO] PluginManager:220 - loadIPPluginJar : add plateformsettings
2023-12-13 12:07:32,539 [INFO] IPUIPlugin:80 - create IPUIPlugin
2023-12-13 12:07:32,539 [INFO] PluginManager:220 - loadIPPluginJar : add quadspi
2023-12-13 12:07:32,551 [INFO] IPUIPlugin:80 - create IPUIPlugin
2023-12-13 12:07:32,551 [INFO] PluginManager:220 - loadIPPluginJar : add resmgrutility
2023-12-13 12:07:32,590 [INFO] IPUIPlugin:80 - create IPUIPlugin
2023-12-13 12:07:32,591 [INFO] PluginManager:220 - loadIPPluginJar : add sai
2023-12-13 12:07:32,623 [INFO] IPUIPlugin:80 - create IPUIPlugin
2023-12-13 12:07:32,623 [INFO] PluginManager:220 - loadIPPluginJar : add spi
2023-12-13 12:07:32,681 [INFO] IPUIPlugin:80 - create IPUIPlugin
2023-12-13 12:07:32,681 [INFO] PluginManager:220 - loadIPPluginJar : add stm32_wpan
2023-12-13 12:07:32,704 [INFO] IPUIPlugin:80 - create IPUIPlugin
2023-12-13 12:07:32,705 [INFO] PluginManager:220 - loadIPPluginJar : add tim
2023-12-13 12:07:32,756 [INFO] IPUIPlugin:80 - create IPUIPlugin
2023-12-13 12:07:32,756 [INFO] PluginManager:220 - loadIPPluginJar : add touchsensing
2023-12-13 12:07:32,777 [INFO] IPUIPlugin:80 - create IPUIPlugin
2023-12-13 12:07:32,777 [INFO] PluginManager:220 - loadIPPluginJar : add tracer_emb
2023-12-13 12:07:32,797 [INFO] IPUIPlugin:80 - create IPUIPlugin
2023-12-13 12:07:32,797 [INFO] PluginManager:220 - loadIPPluginJar : add ts
2023-12-13 12:07:32,816 [INFO] IPUIPlugin:80 - create IPUIPlugin
2023-12-13 12:07:32,816 [INFO] PluginManager:220 - loadIPPluginJar : add tsc
2023-12-13 12:07:32,835 [INFO] IPUIPlugin:80 - create IPUIPlugin
2023-12-13 12:07:32,836 [INFO] PluginManager:220 - loadIPPluginJar : add ucpd
2023-12-13 12:07:32,873 [INFO] IPUIPlugin:80 - create IPUIPlugin
2023-12-13 12:07:32,873 [INFO] PluginManager:220 - loadIPPluginJar : add usart
2023-12-13 12:07:32,913 [INFO] IPUIPlugin:80 - create IPUIPlugin
2023-12-13 12:07:32,913 [INFO] PluginManager:220 - loadIPPluginJar : add usbx
2023-12-13 12:07:33,051 [INFO] CADModel:165 - CPN selected for project level
2023-12-13 12:07:33,051 [INFO] CADModel:114 - Register for checkConnection events
2023-12-13 12:07:33,051 [FATAL] Updater:308 - Updater called before beeing initialized
2023-12-13 12:07:33,051 [ERROR] CADModel:125 - Updater not yet initialized, retry later 
2023-12-13 12:07:33,200 [INFO] CADModel:165 - CPN selected for project level
2023-12-13 12:07:33,200 [INFO] CADModel:114 - Register for checkConnection events
2023-12-13 12:07:33,200 [FATAL] Updater:308 - Updater called before beeing initialized
2023-12-13 12:07:33,200 [ERROR] CADModel:125 - Updater not yet initialized, retry later 
2023-12-13 12:07:33,203 [FATAL] Updater:308 - Updater called before beeing initialized
2023-12-13 12:07:33,316 [FATAL] Updater:308 - Updater called before beeing initialized
2023-12-13 12:07:33,325 [INFO] DbMcusAds:53 - JSON generation date=Wed Nov 29 17:52:38 ICT 2023 (1701255158764)
2023-12-13 12:07:33,325 [FATAL] Updater:308 - Updater called before beeing initialized
2023-12-13 12:07:33,401 [WARN] DetailPanel:346 - Failed to get advertising image, set to default
2023-12-13 12:07:33,520 [FATAL] Updater:308 - Updater called before beeing initialized
2023-12-13 12:07:33,521 [FATAL] Updater:308 - Updater called before beeing initialized
2023-12-13 12:07:33,521 [FATAL] Updater:308 - Updater called before beeing initialized
2023-12-13 12:07:33,522 [WARN] DetailPanel:346 - Failed to get advertising image, set to default
2023-12-13 12:07:33,522 [FATAL] Updater:308 - Updater called before beeing initialized
2023-12-13 12:07:33,576 [ERROR] Updater:1120 - MainUpdater not yet initialized. External WinMGr cannot be set.
2023-12-13 12:07:33,586 [INFO] Updater:1056 - Updater Version found : 6.9.2
2023-12-13 12:07:33,600 [INFO] ApplicationProperties:184 - Using Application install path: C:\ST\STM32CubeIDE_1.13.2\STM32CubeIDE\plugins\com.st.stm32cube.common.mx_6.9.2.202309101412
2023-12-13 12:07:33,812 [INFO] MainUpdater:2868 - connection check result : 10
2023-12-13 12:07:33,813 [INFO] MainUpdater:285 - Updater Check For Update Now.
2023-12-13 12:07:33,814 [INFO] MicroXplorer:498 - Change Database Version : DB.6.0.92
2023-12-13 12:07:33,837 [INFO] McuFinderGlobals:63 - Set McuFinder mode to 2 (CubeIDE integrated)
2023-12-13 12:07:33,858 [WARN] MainUpdater:1189 - Updater busy. Cannot search thirdparties
2023-12-13 12:07:33,858 [INFO] ThirdPartyUpdaterWithRetryManager:96 - Updater plugin is busy. [1/15]
2023-12-13 12:07:34,019 [INFO] CheckServerUpdateThread:120 - End of CheckServer Thread
2023-12-13 12:07:37,160 [WARN] PackLoader:240 - Cannot read IP mode file for STMicroelectronics.X-CUBE-SMBUS.2.1.0
2023-12-13 12:07:37,198 [WARN] PackLoader:240 - Cannot read IP mode file for STMicroelectronics.X-CUBE-AZRTOS-F7.1.1.0
2023-12-13 12:07:37,215 [ERROR] RealEvaluatedCondition:428 - Found unsupported composite condition: GROUP='STM32_MetaDataManager' CLASS='Data Exchange'
2023-12-13 12:07:37,215 [ERROR] RealEvaluatedCondition:428 - Found unsupported composite condition: CLASS='Data Exchange' GROUP='STM32_MetaDataManager'
2023-12-13 12:07:37,217 [WARN] PackLoader:240 - Cannot read IP mode file for STMicroelectronics.FP-SNS-MOTENV1.4.3.0
2023-12-13 12:07:37,230 [WARN] PackLoader:240 - Cannot read IP mode file for STMicroelectronics.FP-SNS-MOTENV1.4.3.2
2023-12-13 12:07:37,243 [WARN] PackLoader:240 - Cannot read IP mode file for STMicroelectronics.FP-SNS-FLIGHT1.5.0.0
2023-12-13 12:07:37,254 [ERROR] RealEvaluatedCondition:428 - Found unsupported composite condition: CLASS='Data Exchange' GROUP='STM32_MetaDataManager'
2023-12-13 12:07:37,255 [ERROR] RealEvaluatedCondition:428 - Found unsupported composite condition: GROUP='STM32_MetaDataManager' CLASS='Data Exchange'
2023-12-13 12:07:37,256 [WARN] PackLoader:240 - Cannot read IP mode file for STMicroelectronics.FP-SNS-MOTENV1.4.3.1
2023-12-13 12:07:37,268 [WARN] PackLoader:240 - Cannot read IP mode file for STMicroelectronics.FP-SNS-FLIGHT1.5.0.1
2023-12-13 12:07:37,287 [WARN] PackLoader:240 - Cannot read IP mode file for STMicroelectronics.X-CUBE-BLE1.6.2.4
2023-12-13 12:07:37,298 [WARN] PackLoader:240 - Cannot read IP mode file for STMicroelectronics.FP-SNS-FLIGHT1.5.0.2
2023-12-13 12:07:37,312 [WARN] PackLoader:240 - Cannot read IP mode file for STMicroelectronics.X-CUBE-DISPLAY.3.0.0
2023-12-13 12:07:37,326 [WARN] PackLoader:240 - Cannot read IP mode file for STMicroelectronics.X-CUBE-BLE1.7.0.0
2023-12-13 12:07:37,338 [WARN] PackLoader:240 - Cannot read IP mode file for emotas.I-CUBE-CANOPEN.1.3.0
2023-12-13 12:07:37,350 [WARN] PackLoader:240 - Cannot read IP mode file for STMicroelectronics.X-CUBE-TOUCHGFX.4.22.0
2023-12-13 12:07:37,359 [WARN] PackLoader:240 - Cannot read IP mode file for STMicroelectronics.X-CUBE-TOUCHGFX.4.22.1
2023-12-13 12:07:37,370 [WARN] PackLoader:240 - Cannot read IP mode file for STMicroelectronics.FP-SNS-SMARTAG2.1.2.0
2023-12-13 12:07:37,388 [INFO] LogOutputStream:77 - [STDOUT_REDIRECT] 1 : Invalid condition id : UX_CORESTACK_Condition cause : null
2023-12-13 12:07:37,388 [INFO] LogOutputStream:77 - [STDOUT_REDIRECT] 1 : Invalid condition id : UX_CORESTACK_Condition cause : null
2023-12-13 12:07:37,389 [INFO] LogOutputStream:77 - [STDOUT_REDIRECT] 1 : Invalid condition id : UX_CORESTACK_Condition cause : null
2023-12-13 12:07:37,390 [INFO] LogOutputStream:77 - [STDOUT_REDIRECT] 1 : Invalid condition id : UX_CORESTACK_Condition cause : null
2023-12-13 12:07:37,391 [INFO] LogOutputStream:77 - [STDOUT_REDIRECT] 1 : Invalid condition id : UX_CORESTACK_Condition cause : null
2023-12-13 12:07:37,393 [WARN] PackLoader:240 - Cannot read IP mode file for STMicroelectronics.X-CUBE-AZRTOS-WL.2.0.0
2023-12-13 12:07:37,407 [WARN] PackLoader:240 - Cannot read IP mode file for WES.I-CUBE-Cesium.1.3.0
2023-12-13 12:07:37,419 [WARN] PackLoader:240 - Cannot read IP mode file for STMicroelectronics.X-CUBE-BLE2.3.3.0
2023-12-13 12:07:37,436 [WARN] PackLoader:240 - Cannot read IP mode file for STMicroelectronics.X-CUBE-TOF1.3.2.0
2023-12-13 12:07:37,456 [WARN] PackLoader:240 - Cannot read IP mode file for STMicroelectronics.X-CUBE-TOUCHGFX.4.21.1
2023-12-13 12:07:37,469 [WARN] PackLoader:240 - Cannot read IP mode file for STMicroelectronics.X-CUBE-TOUCHGFX.4.21.3
2023-12-13 12:07:37,481 [WARN] PackLoader:240 - Cannot read IP mode file for STMicroelectronics.X-CUBE-TOUCHGFX.4.21.4
2023-12-13 12:07:37,497 [WARN] PackLoader:240 - Cannot read IP mode file for STMicroelectronics.X-CUBE-ALGOBUILD.1.3.0
2023-12-13 12:07:37,537 [WARN] PackLoader:240 - Cannot read IP mode file for STMicroelectronics.X-CUBE-AZRTOS-G0.1.1.0
2023-12-13 12:07:37,558 [WARN] PackLoader:240 - Cannot read IP mode file for STMicroelectronics.X-CUBE-NFC4.3.0.0
2023-12-13 12:07:37,579 [WARN] PackLoader:240 - Cannot read IP mode file for STMicroelectronics.X-CUBE-BLEMGR.3.0.0
2023-12-13 12:07:37,599 [WARN] PackLoader:240 - Cannot read IP mode file for STMicroelectronics.FP-ATR-SIGFOX1.3.2.0
2023-12-13 12:07:37,646 [WARN] PackLoader:240 - Cannot read IP mode file for STMicroelectronics.X-CUBE-MEMS1.9.5.0
2023-12-13 12:07:37,783 [WARN] PackLoader:240 - Cannot read IP mode file for SEGGER.I-CUBE-embOS.1.3.1
2023-12-13 12:07:37,866 [WARN] PackLoader:240 - Cannot read IP mode file for STMicroelectronics.X-CUBE-GNSS1.6.0.0
2023-12-13 12:07:37,902 [WARN] PackLoader:240 - Cannot read IP mode file for STMicroelectronics.X-CUBE-AZRTOS-F4.1.1.0
2023-12-13 12:07:37,921 [WARN] PackLoader:240 - Cannot read IP mode file for wolfSSL.I-CUBE-wolfSSL.5.6.4
2023-12-13 12:07:37,953 [WARN] PackLoader:240 - Cannot read IP mode file for STMicroelectronics.X-CUBE-AZRTOS-L5.2.0.0
2023-12-13 12:07:38,010 [WARN] PackLoader:240 - Cannot read IP mode file for STMicroelectronics.X-CUBE-MEMS1.9.6.0
2023-12-13 12:07:38,125 [WARN] PackLoader:240 - Cannot read IP mode file for STMicroelectronics.X-CUBE-EEPRMA1.4.2.0
2023-12-13 12:07:38,143 [WARN] PackLoader:240 - Cannot read IP mode file for ITTIA_DB.I-CUBE-ITTIADB.8.8.0
2023-12-13 12:07:38,158 [WARN] PackLoader:240 - Cannot read IP mode file for emotas.I-CUBE-CANOPEN.1.1.3
2023-12-13 12:07:38,174 [WARN] PackLoader:240 - Cannot read IP mode file for STMicroelectronics.X-CUBE-BLEMGR.2.0.0
2023-12-13 12:07:38,207 [WARN] ConditionMgr:438 - getConditionDescription Invalid condition id : UX DEVICE CLASS RTOS Condition cause : null
2023-12-13 12:07:38,207 [WARN] ConditionMgr:438 - getConditionDescription Invalid condition id : UX DEVICE CLASS RTOS Condition cause : null
2023-12-13 12:07:38,209 [WARN] PackLoader:240 - Cannot read IP mode file for STMicroelectronics.X-CUBE-AZRTOS-H7.3.1.0
2023-12-13 12:07:38,211 [WARN] ConditionMgr:1039 - genDependencies : Invalid condition id : UX DEVICE CLASS RTOS Condition cause : null
2023-12-13 12:07:38,211 [WARN] ConditionMgr:1039 - genDependencies : Invalid condition id : UX DEVICE CLASS RTOS Condition cause : null
2023-12-13 12:07:38,212 [WARN] ConditionMgr:1039 - genDependencies : Invalid condition id : UX DEVICE CLASS RTOS Condition cause : null
2023-12-13 12:07:38,212 [WARN] ConditionMgr:1039 - genDependencies : Invalid condition id : UX DEVICE CLASS RTOS Condition cause : null
2023-12-13 12:07:38,212 [WARN] ConditionMgr:1039 - genDependencies : Invalid condition id : UX DEVICE CLASS RTOS Condition cause : null
2023-12-13 12:07:38,227 [WARN] PackLoader:240 - Cannot read IP mode file for wolfSSL.I-CUBE-wolfSSL.5.5.4
2023-12-13 12:07:38,243 [WARN] PackLoader:240 - Cannot read IP mode file for STMicroelectronics.X-CUBE-NFC7.1.0.1
2023-12-13 12:07:38,259 [WARN] PackLoader:240 - Cannot read IP mode file for STMicroelectronics.X-CUBE-NFC7.1.0.0
2023-12-13 12:07:38,279 [WARN] PackLoader:240 - Cannot read IP mode file for STMicroelectronics.X-CUBE-NFC6.3.0.0
2023-12-13 12:07:38,295 [WARN] PackLoader:240 - Cannot read IP mode file for STMicroelectronics.X-CUBE-EEPRMA1.4.1.0
2023-12-13 12:07:38,314 [WARN] PackLoader:240 - Cannot read IP mode file for STMicroelectronics.X-CUBE-AI.8.1.0
2023-12-13 12:07:38,352 [WARN] ConditionMgr:438 - getConditionDescription Invalid condition id : LAN8742 Phy interface Condition cause : null
2023-12-13 12:07:38,353 [WARN] PackLoader:240 - Cannot read IP mode file for STMicroelectronics.X-CUBE-AZRTOS-L4.2.0.0
2023-12-13 12:07:38,355 [WARN] ConditionMgr:1039 - genDependencies : Invalid condition id : LAN8742 Phy interface Condition cause : null
2023-12-13 12:07:38,355 [WARN] ConditionMgr:1039 - genDependencies : Invalid condition id : LAN8742 Phy interface Condition cause : null
2023-12-13 12:07:38,356 [WARN] ConditionMgr:1039 - genDependencies : Invalid condition id : LAN8742 Phy interface Condition cause : null
2023-12-13 12:07:38,380 [WARN] PackLoader:240 - Cannot read IP mode file for STMicroelectronics.X-CUBE-SFXS2LP1.4.0.0
2023-12-13 12:07:38,428 [WARN] PackLoader:240 - Cannot read IP mode file for STMicroelectronics.X-CUBE-AZRTOS-H7.3.0.0
2023-12-13 12:07:38,448 [WARN] PackLoader:240 - Cannot read IP mode file for STMicroelectronics.X-CUBE-ISPU.1.1.0
2023-12-13 12:07:38,467 [WARN] PackLoader:240 - Cannot read IP mode file for RoweBots.I-CUBE-UNISONRTOS.5.5.0-4
2023-12-13 12:07:38,481 [WARN] PackLoader:240 - Cannot read IP mode file for STMicroelectronics.X-CUBE-AI.8.0.0
2023-12-13 12:07:38,511 [WARN] ConditionMgr:438 - getConditionDescription Invalid condition id : UX DEVICE CLASS RTOS Condition cause : null
2023-12-13 12:07:38,511 [WARN] ConditionMgr:438 - getConditionDescription Invalid condition id : UX DEVICE CLASS RTOS Condition cause : null
2023-12-13 12:07:38,513 [WARN] PackLoader:240 - Cannot read IP mode file for STMicroelectronics.X-CUBE-AZRTOS-WB.2.0.0
2023-12-13 12:07:38,513 [WARN] ConditionMgr:1039 - genDependencies : Invalid condition id : UX DEVICE CLASS RTOS Condition cause : null
2023-12-13 12:07:38,513 [WARN] ConditionMgr:1039 - genDependencies : Invalid condition id : UX DEVICE CLASS RTOS Condition cause : null
2023-12-13 12:07:38,514 [WARN] ConditionMgr:1039 - genDependencies : Invalid condition id : UX DEVICE CLASS RTOS Condition cause : null
2023-12-13 12:07:38,514 [WARN] ConditionMgr:1039 - genDependencies : Invalid condition id : UX DEVICE CLASS RTOS Condition cause : null
2023-12-13 12:07:38,514 [WARN] ConditionMgr:1039 - genDependencies : Invalid condition id : UX DEVICE CLASS RTOS Condition cause : null
2023-12-13 12:07:38,532 [WARN] PackLoader:240 - Cannot read IP mode file for STMicroelectronics.X-CUBE-FREERTOS.1.0.0
2023-12-13 12:07:38,546 [WARN] PackLoader:240 - Cannot read IP mode file for STMicroelectronics.X-CUBE-FREERTOS.1.0.1
2023-12-13 12:07:38,570 [WARN] PackLoader:240 - Cannot read IP mode file for STMicroelectronics.X-CUBE-AZRTOS-L5.1.1.0
2023-12-13 12:07:38,584 [WARN] PackLoader:240 - Cannot read IP mode file for STMicroelectronics.X-CUBE-AI.8.0.1
2023-12-13 12:07:38,601 [WARN] PackLoader:240 - Cannot read IP mode file for STMicroelectronics.X-CUBE-SUBG2.5.0.0
2023-12-13 12:07:38,621 [WARN] PackLoader:240 - Cannot read IP mode file for STMicroelectronics.X-CUBE-TOF1.3.3.1
2023-12-13 12:07:38,653 [WARN] PackLoader:240 - Cannot read IP mode file for STMicroelectronics.X-CUBE-AZRTOS-G4.2.0.0
2023-12-13 12:07:38,677 [WARN] PackLoader:240 - Cannot read IP mode file for STMicroelectronics.X-CUBE-TOF1.3.3.0
2023-12-13 12:07:38,697 [WARN] PackLoader:240 - Cannot read IP mode file for STMicroelectronics.FP-ATR-ASTRA1.1.1.1
2023-12-13 12:07:38,721 [WARN] PackLoader:240 - Cannot read IP mode file for Infineon.AIROC-Wi-Fi-Bluetooth-STM32.1.5.1
2023-12-13 12:07:38,735 [WARN] PackLoader:240 - Cannot read IP mode file for STMicroelectronics.FP-SNS-MOTENVWB1.1.3.0
2023-12-13 12:07:38,747 [WARN] PackLoader:240 - Cannot read IP mode file for STMicroelectronics.FP-SNS-MOTENVWB1.1.3.1
2023-12-13 12:07:38,767 [WARN] PackLoader:240 - Cannot read IP mode file for STMicroelectronics.X-CUBE-AZRTOS-G4.1.0.0
2023-12-13 12:07:38,789 [WARN] PackLoader:240 - Cannot read IP mode file for STMicroelectronics.X-CUBE-AZRTOS-L4.1.0.0
2023-12-13 12:07:38,801 [WARN] PackLoader:240 - Cannot read IP mode file for STMicroelectronics.X-CUBE-ISPU.2.0.0
2023-12-13 12:07:38,844 [WARN] PackLoader:240 - Cannot read IP mode file for STMicroelectronics.X-CUBE-MEMS1.10.0.0
2023-12-13 12:07:38,905 [WARN] PackLoader:240 - Cannot read IP mode file for STMicroelectronics.X-CUBE-FREERTOS.1.1.0
2023-12-13 12:07:38,922 [WARN] PackLoader:240 - Cannot read IP mode file for STMicroelectronics.X-CUBE-AZRTOS-WL.1.0.0
2023-12-13 12:07:38,935 [WARN] PackLoader:240 - Cannot read IP mode file for portGmbH.I-Cube-SoM-uGOAL.1.1.0
2023-12-13 12:07:38,946 [WARN] PackLoader:240 - Cannot read IP mode file for STMicroelectronics.X-CUBE-ALS.1.0.1
2023-12-13 12:07:38,963 [WARN] PackLoader:240 - Cannot read IP mode file for STMicroelectronics.X-CUBE-AZRTOS-WB.1.1.0
2023-12-13 12:07:38,974 [WARN] PackLoader:240 - Cannot read IP mode file for STMicroelectronics.FP-ATR-ASTRA1.2.0.0
2023-12-13 12:07:38,989 [WARN] PackLoader:240 - Cannot read IP mode file for STMicroelectronics.X-CUBE-TOF1.3.4.0
2023-12-13 12:07:39,015 [WARN] PackLoader:240 - Cannot read IP mode file for STMicroelectronics.X-CUBE-AZRTOS-H7.3.2.0
2023-12-13 12:07:39,017 [INFO] ThirdParty:978 - Integrity check success = true
2023-12-13 12:07:39,017 [INFO] IntegrityCheckThread:100 - exiting critical section [integrity check]
2023-12-13 12:07:39,017 [INFO] IntegrityCheckThread:103 - End integrity checks thread
2023-12-13 12:07:54,780 [ERROR] LogOutputStream:75 - [STDERR_REDIRECT] SLF4J: Failed to load class "org.slf4j.impl.StaticLoggerBinder".
2023-12-13 12:07:54,780 [ERROR] LogOutputStream:75 - [STDERR_REDIRECT] SLF4J: Defaulting to no-operation (NOP) logger implementation
2023-12-13 12:07:54,781 [ERROR] LogOutputStream:75 - [STDERR_REDIRECT] SLF4J: See http://www.slf4j.org/codes.html#StaticLoggerBinder for further details.
2023-12-13 16:57:27,528 [INFO] Activator:176 - 


2023-12-13 16:57:27,530 [INFO] Activator:177 - !SESSION log4j initialized
2023-12-13 16:57:34,315 [INFO] LogOutputStream:77 - [STDOUT_REDIRECT] 
2023-12-13 16:57:41,008 [INFO] ApplicationProperties:184 - Using Application install path: C:\ST\STM32CubeIDE_1.13.2\STM32CubeIDE\plugins\com.st.stm32cube.common.mx_6.9.2.202309101412
2023-12-13 16:57:41,028 [INFO] DbMcusXml:78 - Set database path to: C:\ST\STM32CubeIDE_1.13.2\STM32CubeIDE\plugins\com.st.stm32cube.common.mx_6.9.2.202309101412\\db\/mcu/
2023-12-13 16:57:41,028 [INFO] ApiDb:274 - Set plugin database path to: C:\ST\STM32CubeIDE_1.13.2\STM32CubeIDE\plugins\com.st.stm32cube.common.mx_6.9.2.202309101412\\db\/plugins/boardmanager/
2023-12-13 16:57:41,028 [WARN] ApiDb:259 - Overriding images path with different value:  => C:\ST\STM32CubeIDE_1.13.2\STM32CubeIDE\plugins\com.st.stm32cube.common.mx_6.9.2.202309101412\\db\/plugins/mcufinder/images/
2023-12-13 16:57:41,039 [INFO] ApiDb:250 - Set database path to: C:\Users\nhakh\.stmcufinder\plugins\mcufinder//mcu/
2023-12-13 16:57:41,041 [INFO] DbMcusAds:125 - Set database path to: C:\Users\nhakh\.stmcufinder\plugins\mcufinder//mcu/
2023-12-13 16:57:41,042 [INFO] CrossReferenceDbSqlite:203 - Set database path to: C:\Users\nhakh\.stmcufinder\plugins\mcufinder//mcu/cs/
2023-12-13 16:57:41,141 [INFO] RulesReader:64 - Compatibility file has been processed (293 Rules)
2023-12-13 16:57:41,246 [INFO] DbMcusXml:78 - Set database path to: C:\ST\STM32CubeIDE_1.13.2\STM32CubeIDE\plugins\com.st.stm32cube.common.mx_6.9.2.202309101412\\db\/mcu/
2023-12-13 16:57:41,246 [INFO] ApiDb:274 - Set plugin database path to: C:\ST\STM32CubeIDE_1.13.2\STM32CubeIDE\plugins\com.st.stm32cube.common.mx_6.9.2.202309101412\\db\/plugins/boardmanager/
2023-12-13 16:57:41,246 [INFO] ApiDb:261 - Set plugin images path to: C:\ST\STM32CubeIDE_1.13.2\STM32CubeIDE\plugins\com.st.stm32cube.common.mx_6.9.2.202309101412\\db\/plugins/mcufinder/images/
2023-12-13 16:57:41,247 [WARN] DbFile:41 - Overriding database path with different value: C:\Users\nhakh\.stmcufinder\plugins\mcufinder/ => C:\Users\nhakh\.stmcufinder\plugins\mcufinder
2023-12-13 16:57:41,247 [INFO] ApiDb:250 - Set database path to: C:\Users\nhakh\.stmcufinder\plugins\mcufinder//mcu/
2023-12-13 16:57:41,247 [WARN] DbFile:41 - Overriding database path with different value: C:\Users\nhakh\.stmcufinder\plugins\mcufinder/ => C:\Users\nhakh\.stmcufinder\plugins\mcufinder
2023-12-13 16:57:41,247 [INFO] DbMcusAds:125 - Set database path to: C:\Users\nhakh\.stmcufinder\plugins\mcufinder//mcu/
2023-12-13 16:57:41,247 [WARN] DbFile:41 - Overriding database path with different value: C:\Users\nhakh\.stmcufinder\plugins\mcufinder/ => C:\Users\nhakh\.stmcufinder\plugins\mcufinder
2023-12-13 16:57:41,247 [WARN] DbFile:41 - Overriding database path with different value: C:\Users\nhakh\.stmcufinder\plugins\mcufinder/ => C:\Users\nhakh\.stmcufinder\plugins\mcufinder
2023-12-13 16:57:41,247 [INFO] CrossReferenceDbSqlite:203 - Set database path to: C:\Users\nhakh\.stmcufinder\plugins\mcufinder//mcu/cs/
2023-12-13 16:57:41,336 [INFO] MainPanel:262 - HeapMemory: 268435456
2023-12-13 16:57:41,435 [INFO] DbMcusXml:78 - Set database path to: C:\ST\STM32CubeIDE_1.13.2\STM32CubeIDE\plugins\com.st.stm32cube.common.mx_6.9.2.202309101412\\db\/mcu/
2023-12-13 16:57:41,436 [INFO] ApiDb:274 - Set plugin database path to: C:\ST\STM32CubeIDE_1.13.2\STM32CubeIDE\plugins\com.st.stm32cube.common.mx_6.9.2.202309101412\\db\/plugins/boardmanager/
2023-12-13 16:57:41,436 [INFO] ApiDb:261 - Set plugin images path to: C:\ST\STM32CubeIDE_1.13.2\STM32CubeIDE\plugins\com.st.stm32cube.common.mx_6.9.2.202309101412\\db\/plugins/mcufinder/images/
2023-12-13 16:57:41,436 [WARN] DbFile:41 - Overriding database path with different value: C:\Users\nhakh\.stmcufinder\plugins\mcufinder/ => C:\Users\nhakh\.stmcufinder\plugins\mcufinder
2023-12-13 16:57:41,436 [INFO] ApiDb:250 - Set database path to: C:\Users\nhakh\.stmcufinder\plugins\mcufinder//mcu/
2023-12-13 16:57:41,436 [WARN] DbFile:41 - Overriding database path with different value: C:\Users\nhakh\.stmcufinder\plugins\mcufinder/ => C:\Users\nhakh\.stmcufinder\plugins\mcufinder
2023-12-13 16:57:41,436 [INFO] DbMcusAds:125 - Set database path to: C:\Users\nhakh\.stmcufinder\plugins\mcufinder//mcu/
2023-12-13 16:57:41,436 [WARN] DbFile:41 - Overriding database path with different value: C:\Users\nhakh\.stmcufinder\plugins\mcufinder/ => C:\Users\nhakh\.stmcufinder\plugins\mcufinder
2023-12-13 16:57:41,436 [WARN] DbFile:41 - Overriding database path with different value: C:\Users\nhakh\.stmcufinder\plugins\mcufinder/ => C:\Users\nhakh\.stmcufinder\plugins\mcufinder
2023-12-13 16:57:41,436 [INFO] CrossReferenceDbSqlite:203 - Set database path to: C:\Users\nhakh\.stmcufinder\plugins\mcufinder//mcu/cs/
2023-12-13 16:57:41,456 [INFO] ApplicationProperties:184 - Using Application install path: C:\ST\STM32CubeIDE_1.13.2\STM32CubeIDE\plugins\com.st.stm32cube.common.mx_6.9.2.202309101412
2023-12-13 16:57:41,458 [INFO] PluginManage:196 - Search for loadable plugins [exclusion list=, ]
2023-12-13 16:57:41,459 [INFO] PluginManage:310 - Check plugin analytics
2023-12-13 16:57:41,585 [INFO] AnalyticsPlugin:253 - Accepted Software Licenses: 
2023-12-13 16:57:41,585 [INFO] AnalyticsPlugin:255 - Accepted CMSIS Pack Licenses: 
2023-12-13 16:57:41,585 [INFO] AnalyticsPlugin:257 - Accepted Firmware Licenses: FW.F4.1.27.0
2023-12-13 16:57:41,588 [INFO] PluginManage:359 - Loaded plugin analytics (category:tool,tabindex:-1)
2023-12-13 16:57:41,589 [INFO] PluginManage:310 - Check plugin cadmodel
2023-12-13 16:57:41,601 [INFO] CADModel:105 - Init CAD model plugin
2023-12-13 16:57:41,602 [INFO] PluginManage:359 - Loaded plugin cadmodel (category:power,tabindex:5)
2023-12-13 16:57:41,602 [INFO] PluginManage:310 - Check plugin clock
2023-12-13 16:57:41,622 [INFO] PluginManage:359 - Loaded plugin clock (category:base,tabindex:2)
2023-12-13 16:57:41,622 [INFO] PluginManage:310 - Check plugin ddr
2023-12-13 16:57:41,625 [INFO] PluginManage:359 - Loaded plugin ddr (category:tool,tabindex:6)
2023-12-13 16:57:41,625 [INFO] PluginManage:310 - Check plugin filemanager
2023-12-13 16:57:41,748 [INFO] PluginManage:359 - Loaded plugin filemanager (category:base,tabindex:10)
2023-12-13 16:57:41,748 [INFO] PluginManage:310 - Check plugin ipmanager
2023-12-13 16:57:41,757 [INFO] PluginManage:359 - Loaded plugin ipmanager (category:base,tabindex:5)
2023-12-13 16:57:41,757 [INFO] PluginManage:310 - Check plugin lpbam
2023-12-13 16:57:41,771 [INFO] PluginManage:359 - Loaded plugin lpbam (category:base,tabindex:0)
2023-12-13 16:57:41,771 [INFO] PluginManage:310 - Check plugin memorymap
2023-12-13 16:57:41,792 [INFO] PluginManage:359 - Loaded plugin memorymap (category:base,tabindex:4)
2023-12-13 16:57:41,792 [INFO] PluginManage:310 - Check plugin pinoutandconfiguration
2023-12-13 16:57:41,806 [INFO] PluginManage:359 - Loaded plugin pinoutandconfiguration (category:base,tabindex:1)
2023-12-13 16:57:41,806 [INFO] PluginManage:310 - Check plugin pinoutconfig
2023-12-13 16:57:41,899 [WARN] SupportedApi:132 - Cannot load RTOS API schema: s4s-elt-must-match.1: The content of 'definitions' must match (annotation?, (simpleType | complexType)?, (unique | key | keyref)*)). A problem was found starting at: attribute.
2023-12-13 16:57:42,028 [INFO] PluginManage:359 - Loaded plugin pinoutconfig (category:base,tabindex:0)
2023-12-13 16:57:42,028 [INFO] PluginManage:310 - Check plugin power
2023-12-13 16:57:42,045 [INFO] PluginManage:359 - Loaded plugin power (category:power,tabindex:4)
2023-12-13 16:57:42,045 [INFO] PluginManage:310 - Check plugin projectmanager
2023-12-13 16:57:42,059 [INFO] PluginManage:359 - Loaded plugin projectmanager (category:projectmanager,tabindex:3)
2023-12-13 16:57:42,060 [INFO] PluginManage:310 - Check plugin thirdparty
2023-12-13 16:57:42,284 [INFO] PluginManage:359 - Loaded plugin thirdparty (category:base,tabindex:-1)
2023-12-13 16:57:42,284 [WARN] IntegrityCheckThread:84 - waiting for thirdparty lock release [integrity check]
2023-12-13 16:57:42,284 [INFO] PluginManage:310 - Check plugin tools
2023-12-13 16:57:42,284 [INFO] IntegrityCheckThread:86 - entering critical section [integrity check]
2023-12-13 16:57:42,285 [INFO] ThirdPartyUpdaterWithRetryManager:70 - Updater plugin not ready yet. [1/15]
2023-12-13 16:57:42,312 [INFO] PluginManage:359 - Loaded plugin tools (category:base,tabindex:7)
2023-12-13 16:57:42,312 [INFO] PluginManage:310 - Check plugin tutovideos
2023-12-13 16:57:42,499 [INFO] PluginManage:359 - Loaded plugin tutovideos (category:base,tabindex:-1)
2023-12-13 16:57:42,499 [INFO] PluginManage:310 - Check plugin updater
2023-12-13 16:57:42,508 [INFO] PluginManage:359 - Loaded plugin updater (category:base,tabindex:12)
2023-12-13 16:57:42,509 [INFO] PluginManage:310 - Check plugin userauth
2023-12-13 16:57:42,515 [INFO] UserAuth:113 - Init User Auth plugin
2023-12-13 16:57:42,515 [INFO] PluginManage:359 - Loaded plugin userauth (category:base,tabindex:14)
2023-12-13 16:57:42,515 [INFO] PluginManage:283 - PluginManage : Loaded plugins [17]
2023-12-13 16:57:42,799 [INFO] PinOutPanel:1499 - setPackage(No Configuration,No Configuration)
2023-12-13 16:57:42,912 [INFO] CADModel:165 - CPN selected for project level
2023-12-13 16:57:42,912 [INFO] CADModel:114 - Register for checkConnection events
2023-12-13 16:57:42,936 [INFO] IPUIPlugin:80 - create IPUIPlugin
2023-12-13 16:57:42,936 [INFO] PluginManager:220 - loadIPPluginJar : add adc
2023-12-13 16:57:42,963 [INFO] IPUIPlugin:80 - create IPUIPlugin
2023-12-13 16:57:42,963 [INFO] PluginManager:220 - loadIPPluginJar : add aes
2023-12-13 16:57:42,996 [INFO] IPUIPlugin:80 - create IPUIPlugin
2023-12-13 16:57:42,996 [INFO] PluginManager:220 - loadIPPluginJar : add can
2023-12-13 16:57:43,014 [INFO] IPUIPlugin:80 - create IPUIPlugin
2023-12-13 16:57:43,014 [INFO] PluginManager:220 - loadIPPluginJar : add comp
2023-12-13 16:57:43,040 [INFO] IPUIPlugin:80 - create IPUIPlugin
2023-12-13 16:57:43,040 [INFO] PluginManager:220 - loadIPPluginJar : add cryp
2023-12-13 16:57:43,062 [INFO] IPUIPlugin:80 - create IPUIPlugin
2023-12-13 16:57:43,062 [INFO] PluginManager:220 - loadIPPluginJar : add dfsdm
2023-12-13 16:57:43,076 [INFO] IPUIPlugin:80 - create IPUIPlugin
2023-12-13 16:57:43,076 [INFO] PluginManager:220 - loadIPPluginJar : add dma
2023-12-13 16:57:43,113 [INFO] IPUIPlugin:80 - create IPUIPlugin
2023-12-13 16:57:43,113 [INFO] PluginManager:220 - loadIPPluginJar : add dma3
2023-12-13 16:57:43,131 [INFO] IPUIPlugin:80 - create IPUIPlugin
2023-12-13 16:57:43,131 [INFO] PluginManager:220 - loadIPPluginJar : add fatfs
2023-12-13 16:57:43,169 [INFO] IPUIPlugin:80 - create IPUIPlugin
2023-12-13 16:57:43,169 [INFO] PluginManager:220 - loadIPPluginJar : add fmc
2023-12-13 16:57:43,181 [INFO] IPUIPlugin:80 - create IPUIPlugin
2023-12-13 16:57:43,182 [INFO] PluginManager:220 - loadIPPluginJar : add freertos
2023-12-13 16:57:43,198 [INFO] IPUIPlugin:80 - create IPUIPlugin
2023-12-13 16:57:43,198 [INFO] PluginManager:220 - loadIPPluginJar : add genericplugin
2023-12-13 16:57:43,267 [INFO] IPUIPlugin:80 - create IPUIPlugin
2023-12-13 16:57:43,268 [INFO] PluginManager:220 - loadIPPluginJar : add gfxmmu
2023-12-13 16:57:43,356 [INFO] IPUIPlugin:80 - create IPUIPlugin
2023-12-13 16:57:43,356 [INFO] PluginManager:220 - loadIPPluginJar : add gic
2023-12-13 16:57:43,368 [INFO] IPUIPlugin:80 - create IPUIPlugin
2023-12-13 16:57:43,368 [INFO] PluginManager:220 - loadIPPluginJar : add gpio
2023-12-13 16:57:43,435 [INFO] IPUIPlugin:80 - create IPUIPlugin
2023-12-13 16:57:43,435 [INFO] PluginManager:220 - loadIPPluginJar : add gtzc
2023-12-13 16:57:43,460 [INFO] IPUIPlugin:80 - create IPUIPlugin
2023-12-13 16:57:43,461 [INFO] PluginManager:220 - loadIPPluginJar : add hash
2023-12-13 16:57:43,503 [INFO] IPUIPlugin:80 - create IPUIPlugin
2023-12-13 16:57:43,503 [INFO] PluginManager:220 - loadIPPluginJar : add i2c
2023-12-13 16:57:43,534 [INFO] IPUIPlugin:80 - create IPUIPlugin
2023-12-13 16:57:43,534 [INFO] PluginManager:220 - loadIPPluginJar : add i2s
2023-12-13 16:57:43,567 [INFO] IPUIPlugin:80 - create IPUIPlugin
2023-12-13 16:57:43,567 [INFO] PluginManager:220 - loadIPPluginJar : add i3c
2023-12-13 16:57:43,651 [INFO] IPUIPlugin:80 - create IPUIPlugin
2023-12-13 16:57:43,652 [INFO] PluginManager:220 - loadIPPluginJar : add ipddr
2023-12-13 16:57:43,733 [INFO] IPUIPlugin:80 - create IPUIPlugin
2023-12-13 16:57:43,734 [INFO] PluginManager:220 - loadIPPluginJar : add linkedlist
2023-12-13 16:57:43,767 [INFO] IPUIPlugin:80 - create IPUIPlugin
2023-12-13 16:57:43,768 [INFO] PluginManager:220 - loadIPPluginJar : add lorawan
2023-12-13 16:57:43,802 [INFO] IPUIPlugin:80 - create IPUIPlugin
2023-12-13 16:57:43,802 [INFO] PluginManager:220 - loadIPPluginJar : add ltdc
2023-12-13 16:57:43,817 [INFO] IPUIPlugin:80 - create IPUIPlugin
2023-12-13 16:57:43,818 [INFO] PluginManager:220 - loadIPPluginJar : add mdma
2023-12-13 16:57:43,830 [INFO] IPUIPlugin:80 - create IPUIPlugin
2023-12-13 16:57:43,830 [INFO] PluginManager:220 - loadIPPluginJar : add nvic
2023-12-13 16:57:43,862 [INFO] IPUIPlugin:80 - create IPUIPlugin
2023-12-13 16:57:43,862 [INFO] PluginManager:220 - loadIPPluginJar : add opamp
2023-12-13 16:57:43,914 [INFO] IPUIPlugin:80 - create IPUIPlugin
2023-12-13 16:57:43,914 [INFO] PluginManager:220 - loadIPPluginJar : add openamp
2023-12-13 16:57:43,948 [INFO] IPUIPlugin:80 - create IPUIPlugin
2023-12-13 16:57:43,948 [INFO] PluginManager:220 - loadIPPluginJar : add pdm2pcm
2023-12-13 16:57:43,960 [INFO] IPUIPlugin:80 - create IPUIPlugin
2023-12-13 16:57:43,962 [INFO] PluginManager:220 - loadIPPluginJar : add plateformsettings
2023-12-13 16:57:43,980 [INFO] IPUIPlugin:80 - create IPUIPlugin
2023-12-13 16:57:43,980 [INFO] PluginManager:220 - loadIPPluginJar : add quadspi
2023-12-13 16:57:43,991 [INFO] IPUIPlugin:80 - create IPUIPlugin
2023-12-13 16:57:43,991 [INFO] PluginManager:220 - loadIPPluginJar : add resmgrutility
2023-12-13 16:57:44,030 [INFO] IPUIPlugin:80 - create IPUIPlugin
2023-12-13 16:57:44,030 [INFO] PluginManager:220 - loadIPPluginJar : add sai
2023-12-13 16:57:44,057 [INFO] IPUIPlugin:80 - create IPUIPlugin
2023-12-13 16:57:44,058 [INFO] PluginManager:220 - loadIPPluginJar : add spi
2023-12-13 16:57:44,102 [INFO] IPUIPlugin:80 - create IPUIPlugin
2023-12-13 16:57:44,102 [INFO] PluginManager:220 - loadIPPluginJar : add stm32_wpan
2023-12-13 16:57:44,121 [INFO] IPUIPlugin:80 - create IPUIPlugin
2023-12-13 16:57:44,121 [INFO] PluginManager:220 - loadIPPluginJar : add tim
2023-12-13 16:57:44,164 [INFO] IPUIPlugin:80 - create IPUIPlugin
2023-12-13 16:57:44,164 [INFO] PluginManager:220 - loadIPPluginJar : add touchsensing
2023-12-13 16:57:44,182 [INFO] IPUIPlugin:80 - create IPUIPlugin
2023-12-13 16:57:44,182 [INFO] PluginManager:220 - loadIPPluginJar : add tracer_emb
2023-12-13 16:57:44,200 [INFO] IPUIPlugin:80 - create IPUIPlugin
2023-12-13 16:57:44,200 [INFO] PluginManager:220 - loadIPPluginJar : add ts
2023-12-13 16:57:44,218 [INFO] IPUIPlugin:80 - create IPUIPlugin
2023-12-13 16:57:44,218 [INFO] PluginManager:220 - loadIPPluginJar : add tsc
2023-12-13 16:57:44,237 [INFO] IPUIPlugin:80 - create IPUIPlugin
2023-12-13 16:57:44,237 [INFO] PluginManager:220 - loadIPPluginJar : add ucpd
2023-12-13 16:57:44,275 [INFO] IPUIPlugin:80 - create IPUIPlugin
2023-12-13 16:57:44,275 [INFO] PluginManager:220 - loadIPPluginJar : add usart
2023-12-13 16:57:44,313 [INFO] IPUIPlugin:80 - create IPUIPlugin
2023-12-13 16:57:44,313 [INFO] PluginManager:220 - loadIPPluginJar : add usbx
2023-12-13 16:57:44,438 [INFO] CADModel:165 - CPN selected for project level
2023-12-13 16:57:44,438 [INFO] CADModel:114 - Register for checkConnection events
2023-12-13 16:57:44,438 [FATAL] Updater:308 - Updater called before beeing initialized
2023-12-13 16:57:44,438 [ERROR] CADModel:125 - Updater not yet initialized, retry later 
2023-12-13 16:57:44,590 [INFO] CADModel:165 - CPN selected for project level
2023-12-13 16:57:44,590 [INFO] CADModel:114 - Register for checkConnection events
2023-12-13 16:57:44,590 [FATAL] Updater:308 - Updater called before beeing initialized
2023-12-13 16:57:44,590 [ERROR] CADModel:125 - Updater not yet initialized, retry later 
2023-12-13 16:57:44,594 [FATAL] Updater:308 - Updater called before beeing initialized
2023-12-13 16:57:44,706 [FATAL] Updater:308 - Updater called before beeing initialized
2023-12-13 16:57:44,716 [INFO] DbMcusAds:53 - JSON generation date=Wed Nov 29 17:52:38 ICT 2023 (1701255158764)
2023-12-13 16:57:44,716 [FATAL] Updater:308 - Updater called before beeing initialized
2023-12-13 16:57:44,786 [WARN] DetailPanel:346 - Failed to get advertising image, set to default
2023-12-13 16:57:44,879 [FATAL] Updater:308 - Updater called before beeing initialized
2023-12-13 16:57:44,881 [FATAL] Updater:308 - Updater called before beeing initialized
2023-12-13 16:57:44,881 [FATAL] Updater:308 - Updater called before beeing initialized
2023-12-13 16:57:44,881 [WARN] DetailPanel:346 - Failed to get advertising image, set to default
2023-12-13 16:57:44,882 [FATAL] Updater:308 - Updater called before beeing initialized
2023-12-13 16:57:44,944 [ERROR] Updater:1120 - MainUpdater not yet initialized. External WinMGr cannot be set.
2023-12-13 16:57:44,954 [INFO] Updater:1056 - Updater Version found : 6.9.2
2023-12-13 16:57:44,971 [INFO] ApplicationProperties:184 - Using Application install path: C:\ST\STM32CubeIDE_1.13.2\STM32CubeIDE\plugins\com.st.stm32cube.common.mx_6.9.2.202309101412
2023-12-13 16:57:45,233 [INFO] MainUpdater:2868 - connection check result : 10
2023-12-13 16:57:45,233 [INFO] MainUpdater:285 - Updater Check For Update Now.
2023-12-13 16:57:45,233 [INFO] MicroXplorer:498 - Change Database Version : DB.6.0.92
2023-12-13 16:57:45,250 [INFO] McuFinderGlobals:63 - Set McuFinder mode to 2 (CubeIDE integrated)
2023-12-13 16:57:45,286 [WARN] MainUpdater:1189 - Updater busy. Cannot search thirdparties
2023-12-13 16:57:45,286 [INFO] ThirdPartyUpdaterWithRetryManager:96 - Updater plugin is busy. [1/15]
2023-12-13 16:57:45,419 [INFO] CheckServerUpdateThread:120 - End of CheckServer Thread
2023-12-13 16:57:48,556 [WARN] PackLoader:240 - Cannot read IP mode file for STMicroelectronics.X-CUBE-SMBUS.2.1.0
2023-12-13 16:57:48,603 [WARN] PackLoader:240 - Cannot read IP mode file for STMicroelectronics.X-CUBE-AZRTOS-F7.1.1.0
2023-12-13 16:57:48,626 [ERROR] RealEvaluatedCondition:428 - Found unsupported composite condition: CLASS='Data Exchange' GROUP='STM32_MetaDataManager'
2023-12-13 16:57:48,627 [ERROR] RealEvaluatedCondition:428 - Found unsupported composite condition: GROUP='STM32_MetaDataManager' CLASS='Data Exchange'
2023-12-13 16:57:48,629 [WARN] PackLoader:240 - Cannot read IP mode file for STMicroelectronics.FP-SNS-MOTENV1.4.3.0
2023-12-13 16:57:48,671 [WARN] PackLoader:240 - Cannot read IP mode file for STMicroelectronics.FP-SNS-MOTENV1.4.3.2
2023-12-13 16:57:48,705 [WARN] PackLoader:240 - Cannot read IP mode file for STMicroelectronics.FP-SNS-FLIGHT1.5.0.0
2023-12-13 16:57:48,723 [ERROR] RealEvaluatedCondition:428 - Found unsupported composite condition: GROUP='STM32_MetaDataManager' CLASS='Data Exchange'
2023-12-13 16:57:48,723 [ERROR] RealEvaluatedCondition:428 - Found unsupported composite condition: CLASS='Data Exchange' GROUP='STM32_MetaDataManager'
2023-12-13 16:57:48,725 [WARN] PackLoader:240 - Cannot read IP mode file for STMicroelectronics.FP-SNS-MOTENV1.4.3.1
2023-12-13 16:57:48,742 [WARN] PackLoader:240 - Cannot read IP mode file for STMicroelectronics.FP-SNS-FLIGHT1.5.0.1
2023-12-13 16:57:48,764 [WARN] PackLoader:240 - Cannot read IP mode file for STMicroelectronics.X-CUBE-BLE1.6.2.4
2023-12-13 16:57:48,777 [WARN] PackLoader:240 - Cannot read IP mode file for STMicroelectronics.FP-SNS-FLIGHT1.5.0.2
2023-12-13 16:57:48,795 [WARN] PackLoader:240 - Cannot read IP mode file for STMicroelectronics.X-CUBE-DISPLAY.3.0.0
2023-12-13 16:57:48,814 [WARN] PackLoader:240 - Cannot read IP mode file for STMicroelectronics.X-CUBE-BLE1.7.0.0
2023-12-13 16:57:48,827 [WARN] PackLoader:240 - Cannot read IP mode file for emotas.I-CUBE-CANOPEN.1.3.0
2023-12-13 16:57:48,839 [WARN] PackLoader:240 - Cannot read IP mode file for STMicroelectronics.X-CUBE-TOUCHGFX.4.22.0
2023-12-13 16:57:48,849 [WARN] PackLoader:240 - Cannot read IP mode file for STMicroelectronics.X-CUBE-TOUCHGFX.4.22.1
2023-12-13 16:57:48,860 [WARN] PackLoader:240 - Cannot read IP mode file for STMicroelectronics.FP-SNS-SMARTAG2.1.2.0
2023-12-13 16:57:48,878 [INFO] LogOutputStream:77 - [STDOUT_REDIRECT] 1 : Invalid condition id : UX_CORESTACK_Condition cause : null
2023-12-13 16:57:48,879 [INFO] LogOutputStream:77 - [STDOUT_REDIRECT] 1 : Invalid condition id : UX_CORESTACK_Condition cause : null
2023-12-13 16:57:48,880 [INFO] LogOutputStream:77 - [STDOUT_REDIRECT] 1 : Invalid condition id : UX_CORESTACK_Condition cause : null
2023-12-13 16:57:48,881 [INFO] LogOutputStream:77 - [STDOUT_REDIRECT] 1 : Invalid condition id : UX_CORESTACK_Condition cause : null
2023-12-13 16:57:48,882 [INFO] LogOutputStream:77 - [STDOUT_REDIRECT] 1 : Invalid condition id : UX_CORESTACK_Condition cause : null
2023-12-13 16:57:48,884 [WARN] PackLoader:240 - Cannot read IP mode file for STMicroelectronics.X-CUBE-AZRTOS-WL.2.0.0
2023-12-13 16:57:48,900 [WARN] PackLoader:240 - Cannot read IP mode file for WES.I-CUBE-Cesium.1.3.0
2023-12-13 16:57:48,911 [WARN] PackLoader:240 - Cannot read IP mode file for STMicroelectronics.X-CUBE-BLE2.3.3.0
2023-12-13 16:57:48,928 [WARN] PackLoader:240 - Cannot read IP mode file for STMicroelectronics.X-CUBE-TOF1.3.2.0
2023-12-13 16:57:48,945 [WARN] PackLoader:240 - Cannot read IP mode file for STMicroelectronics.X-CUBE-TOUCHGFX.4.21.1
2023-12-13 16:57:48,956 [WARN] PackLoader:240 - Cannot read IP mode file for STMicroelectronics.X-CUBE-TOUCHGFX.4.21.3
2023-12-13 16:57:48,968 [WARN] PackLoader:240 - Cannot read IP mode file for STMicroelectronics.X-CUBE-TOUCHGFX.4.21.4
2023-12-13 16:57:48,982 [WARN] PackLoader:240 - Cannot read IP mode file for STMicroelectronics.X-CUBE-ALGOBUILD.1.3.0
2023-12-13 16:57:49,015 [WARN] PackLoader:240 - Cannot read IP mode file for STMicroelectronics.X-CUBE-AZRTOS-G0.1.1.0
2023-12-13 16:57:49,033 [WARN] PackLoader:240 - Cannot read IP mode file for STMicroelectronics.X-CUBE-NFC4.3.0.0
2023-12-13 16:57:49,051 [WARN] PackLoader:240 - Cannot read IP mode file for STMicroelectronics.X-CUBE-BLEMGR.3.0.0
2023-12-13 16:57:49,067 [WARN] PackLoader:240 - Cannot read IP mode file for STMicroelectronics.FP-ATR-SIGFOX1.3.2.0
2023-12-13 16:57:49,108 [WARN] PackLoader:240 - Cannot read IP mode file for STMicroelectronics.X-CUBE-MEMS1.9.5.0
2023-12-13 16:57:49,253 [WARN] PackLoader:240 - Cannot read IP mode file for SEGGER.I-CUBE-embOS.1.3.1
2023-12-13 16:57:49,319 [WARN] PackLoader:240 - Cannot read IP mode file for STMicroelectronics.X-CUBE-GNSS1.6.0.0
2023-12-13 16:57:49,355 [WARN] PackLoader:240 - Cannot read IP mode file for STMicroelectronics.X-CUBE-AZRTOS-F4.1.1.0
2023-12-13 16:57:49,401 [WARN] PackLoader:240 - Cannot read IP mode file for wolfSSL.I-CUBE-wolfSSL.5.6.4
2023-12-13 16:57:49,436 [WARN] PackLoader:240 - Cannot read IP mode file for STMicroelectronics.X-CUBE-AZRTOS-L5.2.0.0
2023-12-13 16:57:49,480 [WARN] PackLoader:240 - Cannot read IP mode file for STMicroelectronics.X-CUBE-MEMS1.9.6.0
2023-12-13 16:57:49,580 [WARN] PackLoader:240 - Cannot read IP mode file for STMicroelectronics.X-CUBE-EEPRMA1.4.2.0
2023-12-13 16:57:49,596 [WARN] PackLoader:240 - Cannot read IP mode file for ITTIA_DB.I-CUBE-ITTIADB.8.8.0
2023-12-13 16:57:49,610 [WARN] PackLoader:240 - Cannot read IP mode file for emotas.I-CUBE-CANOPEN.1.1.3
2023-12-13 16:57:49,624 [WARN] PackLoader:240 - Cannot read IP mode file for STMicroelectronics.X-CUBE-BLEMGR.2.0.0
2023-12-13 16:57:49,652 [WARN] ConditionMgr:438 - getConditionDescription Invalid condition id : UX DEVICE CLASS RTOS Condition cause : null
2023-12-13 16:57:49,652 [WARN] ConditionMgr:438 - getConditionDescription Invalid condition id : UX DEVICE CLASS RTOS Condition cause : null
2023-12-13 16:57:49,654 [WARN] PackLoader:240 - Cannot read IP mode file for STMicroelectronics.X-CUBE-AZRTOS-H7.3.1.0
2023-12-13 16:57:49,655 [WARN] ConditionMgr:1039 - genDependencies : Invalid condition id : UX DEVICE CLASS RTOS Condition cause : null
2023-12-13 16:57:49,656 [WARN] ConditionMgr:1039 - genDependencies : Invalid condition id : UX DEVICE CLASS RTOS Condition cause : null
2023-12-13 16:57:49,656 [WARN] ConditionMgr:1039 - genDependencies : Invalid condition id : UX DEVICE CLASS RTOS Condition cause : null
2023-12-13 16:57:49,656 [WARN] ConditionMgr:1039 - genDependencies : Invalid condition id : UX DEVICE CLASS RTOS Condition cause : null
2023-12-13 16:57:49,656 [WARN] ConditionMgr:1039 - genDependencies : Invalid condition id : UX DEVICE CLASS RTOS Condition cause : null
2023-12-13 16:57:49,669 [WARN] PackLoader:240 - Cannot read IP mode file for wolfSSL.I-CUBE-wolfSSL.5.5.4
2023-12-13 16:57:49,683 [WARN] PackLoader:240 - Cannot read IP mode file for STMicroelectronics.X-CUBE-NFC7.1.0.1
2023-12-13 16:57:49,699 [WARN] PackLoader:240 - Cannot read IP mode file for STMicroelectronics.X-CUBE-NFC7.1.0.0
2023-12-13 16:57:49,717 [WARN] PackLoader:240 - Cannot read IP mode file for STMicroelectronics.X-CUBE-NFC6.3.0.0
2023-12-13 16:57:49,732 [WARN] PackLoader:240 - Cannot read IP mode file for STMicroelectronics.X-CUBE-EEPRMA1.4.1.0
2023-12-13 16:57:49,748 [WARN] PackLoader:240 - Cannot read IP mode file for STMicroelectronics.X-CUBE-AI.8.1.0
2023-12-13 16:57:49,791 [WARN] ConditionMgr:438 - getConditionDescription Invalid condition id : LAN8742 Phy interface Condition cause : null
2023-12-13 16:57:49,792 [WARN] PackLoader:240 - Cannot read IP mode file for STMicroelectronics.X-CUBE-AZRTOS-L4.2.0.0
2023-12-13 16:57:49,794 [WARN] ConditionMgr:1039 - genDependencies : Invalid condition id : LAN8742 Phy interface Condition cause : null
2023-12-13 16:57:49,795 [WARN] ConditionMgr:1039 - genDependencies : Invalid condition id : LAN8742 Phy interface Condition cause : null
2023-12-13 16:57:49,795 [WARN] ConditionMgr:1039 - genDependencies : Invalid condition id : LAN8742 Phy interface Condition cause : null
2023-12-13 16:57:49,819 [WARN] PackLoader:240 - Cannot read IP mode file for STMicroelectronics.X-CUBE-SFXS2LP1.4.0.0
2023-12-13 16:57:49,866 [WARN] PackLoader:240 - Cannot read IP mode file for STMicroelectronics.X-CUBE-AZRTOS-H7.3.0.0
2023-12-13 16:57:49,891 [WARN] PackLoader:240 - Cannot read IP mode file for STMicroelectronics.X-CUBE-ISPU.1.1.0
2023-12-13 16:57:49,914 [WARN] PackLoader:240 - Cannot read IP mode file for RoweBots.I-CUBE-UNISONRTOS.5.5.0-4
2023-12-13 16:57:49,931 [WARN] PackLoader:240 - Cannot read IP mode file for STMicroelectronics.X-CUBE-AI.8.0.0
2023-12-13 16:57:49,957 [WARN] ConditionMgr:438 - getConditionDescription Invalid condition id : UX DEVICE CLASS RTOS Condition cause : null
2023-12-13 16:57:49,957 [WARN] ConditionMgr:438 - getConditionDescription Invalid condition id : UX DEVICE CLASS RTOS Condition cause : null
2023-12-13 16:57:49,959 [WARN] PackLoader:240 - Cannot read IP mode file for STMicroelectronics.X-CUBE-AZRTOS-WB.2.0.0
2023-12-13 16:57:49,960 [WARN] ConditionMgr:1039 - genDependencies : Invalid condition id : UX DEVICE CLASS RTOS Condition cause : null
2023-12-13 16:57:49,960 [WARN] ConditionMgr:1039 - genDependencies : Invalid condition id : UX DEVICE CLASS RTOS Condition cause : null
2023-12-13 16:57:49,960 [WARN] ConditionMgr:1039 - genDependencies : Invalid condition id : UX DEVICE CLASS RTOS Condition cause : null
2023-12-13 16:57:49,961 [WARN] ConditionMgr:1039 - genDependencies : Invalid condition id : UX DEVICE CLASS RTOS Condition cause : null
2023-12-13 16:57:49,961 [WARN] ConditionMgr:1039 - genDependencies : Invalid condition id : UX DEVICE CLASS RTOS Condition cause : null
2023-12-13 16:57:49,977 [WARN] PackLoader:240 - Cannot read IP mode file for STMicroelectronics.X-CUBE-FREERTOS.1.0.0
2023-12-13 16:57:49,990 [WARN] PackLoader:240 - Cannot read IP mode file for STMicroelectronics.X-CUBE-FREERTOS.1.0.1
2023-12-13 16:57:50,014 [WARN] PackLoader:240 - Cannot read IP mode file for STMicroelectronics.X-CUBE-AZRTOS-L5.1.1.0
2023-12-13 16:57:50,029 [WARN] PackLoader:240 - Cannot read IP mode file for STMicroelectronics.X-CUBE-AI.8.0.1
2023-12-13 16:57:50,050 [WARN] PackLoader:240 - Cannot read IP mode file for STMicroelectronics.X-CUBE-SUBG2.5.0.0
2023-12-13 16:57:50,075 [WARN] PackLoader:240 - Cannot read IP mode file for STMicroelectronics.X-CUBE-TOF1.3.3.1
2023-12-13 16:57:50,107 [WARN] PackLoader:240 - Cannot read IP mode file for STMicroelectronics.X-CUBE-AZRTOS-G4.2.0.0
2023-12-13 16:57:50,130 [WARN] PackLoader:240 - Cannot read IP mode file for STMicroelectronics.X-CUBE-TOF1.3.3.0
2023-12-13 16:57:50,153 [WARN] PackLoader:240 - Cannot read IP mode file for STMicroelectronics.FP-ATR-ASTRA1.1.1.1
2023-12-13 16:57:50,180 [WARN] PackLoader:240 - Cannot read IP mode file for Infineon.AIROC-Wi-Fi-Bluetooth-STM32.1.5.1
2023-12-13 16:57:50,197 [WARN] PackLoader:240 - Cannot read IP mode file for STMicroelectronics.FP-SNS-MOTENVWB1.1.3.0
2023-12-13 16:57:50,208 [WARN] PackLoader:240 - Cannot read IP mode file for STMicroelectronics.FP-SNS-MOTENVWB1.1.3.1
2023-12-13 16:57:50,229 [WARN] PackLoader:240 - Cannot read IP mode file for STMicroelectronics.X-CUBE-AZRTOS-G4.1.0.0
2023-12-13 16:57:50,251 [WARN] PackLoader:240 - Cannot read IP mode file for STMicroelectronics.X-CUBE-AZRTOS-L4.1.0.0
2023-12-13 16:57:50,263 [WARN] PackLoader:240 - Cannot read IP mode file for STMicroelectronics.X-CUBE-ISPU.2.0.0
2023-12-13 16:57:50,306 [WARN] PackLoader:240 - Cannot read IP mode file for STMicroelectronics.X-CUBE-MEMS1.10.0.0
2023-12-13 16:57:50,399 [WARN] PackLoader:240 - Cannot read IP mode file for STMicroelectronics.X-CUBE-FREERTOS.1.1.0
2023-12-13 16:57:50,418 [WARN] PackLoader:240 - Cannot read IP mode file for STMicroelectronics.X-CUBE-AZRTOS-WL.1.0.0
2023-12-13 16:57:50,433 [WARN] PackLoader:240 - Cannot read IP mode file for portGmbH.I-Cube-SoM-uGOAL.1.1.0
2023-12-13 16:57:50,446 [WARN] PackLoader:240 - Cannot read IP mode file for STMicroelectronics.X-CUBE-ALS.1.0.1
2023-12-13 16:57:50,468 [WARN] PackLoader:240 - Cannot read IP mode file for STMicroelectronics.X-CUBE-AZRTOS-WB.1.1.0
2023-12-13 16:57:50,481 [WARN] PackLoader:240 - Cannot read IP mode file for STMicroelectronics.FP-ATR-ASTRA1.2.0.0
2023-12-13 16:57:50,500 [WARN] PackLoader:240 - Cannot read IP mode file for STMicroelectronics.X-CUBE-TOF1.3.4.0
2023-12-13 16:57:50,532 [WARN] PackLoader:240 - Cannot read IP mode file for STMicroelectronics.X-CUBE-AZRTOS-H7.3.2.0
2023-12-13 16:57:50,534 [INFO] ThirdParty:978 - Integrity check success = true
2023-12-13 16:57:50,534 [INFO] IntegrityCheckThread:100 - exiting critical section [integrity check]
2023-12-13 16:57:50,534 [INFO] IntegrityCheckThread:103 - End integrity checks thread
2023-12-13 16:58:06,066 [ERROR] LogOutputStream:75 - [STDERR_REDIRECT] SLF4J: Failed to load class "org.slf4j.impl.StaticLoggerBinder".
2023-12-13 16:58:06,067 [ERROR] LogOutputStream:75 - [STDERR_REDIRECT] SLF4J: Defaulting to no-operation (NOP) logger implementation
2023-12-13 16:58:06,068 [ERROR] LogOutputStream:75 - [STDERR_REDIRECT] SLF4J: See http://www.slf4j.org/codes.html#StaticLoggerBinder for further details.
