2023-12-18 16:19:31,265 [INFO] Activator:176 - 


2023-12-18 16:19:31,274 [INFO] Activator:177 - !SESSION log4j initialized
2023-12-18 16:19:38,334 [INFO] LogOutputStream:77 - [STDOUT_REDIRECT] 
2023-12-18 16:19:47,574 [INFO] ApplicationProperties:184 - Using Application install path: C:\ST\STM32CubeIDE_1.13.2\STM32CubeIDE\plugins\com.st.stm32cube.common.mx_6.9.2.202309101412
2023-12-18 16:19:47,595 [INFO] DbMcusXml:78 - Set database path to: C:\ST\STM32CubeIDE_1.13.2\STM32CubeIDE\plugins\com.st.stm32cube.common.mx_6.9.2.202309101412\\db\/mcu/
2023-12-18 16:19:47,595 [INFO] ApiDb:274 - Set plugin database path to: C:\ST\STM32CubeIDE_1.13.2\STM32CubeIDE\plugins\com.st.stm32cube.common.mx_6.9.2.202309101412\\db\/plugins/boardmanager/
2023-12-18 16:19:47,596 [WARN] ApiDb:259 - Overriding images path with different value:  => C:\ST\STM32CubeIDE_1.13.2\STM32CubeIDE\plugins\com.st.stm32cube.common.mx_6.9.2.202309101412\\db\/plugins/mcufinder/images/
2023-12-18 16:19:47,612 [INFO] ApiDb:250 - Set database path to: C:\Users\nhakh\.stmcufinder\plugins\mcufinder//mcu/
2023-12-18 16:19:47,613 [INFO] DbMcusAds:125 - Set database path to: C:\Users\nhakh\.stmcufinder\plugins\mcufinder//mcu/
2023-12-18 16:19:47,615 [INFO] CrossReferenceDbSqlite:203 - Set database path to: C:\Users\nhakh\.stmcufinder\plugins\mcufinder//mcu/cs/
2023-12-18 16:19:47,739 [INFO] RulesReader:64 - Compatibility file has been processed (293 Rules)
2023-12-18 16:19:47,867 [INFO] DbMcusXml:78 - Set database path to: C:\ST\STM32CubeIDE_1.13.2\STM32CubeIDE\plugins\com.st.stm32cube.common.mx_6.9.2.202309101412\\db\/mcu/
2023-12-18 16:19:47,867 [INFO] ApiDb:274 - Set plugin database path to: C:\ST\STM32CubeIDE_1.13.2\STM32CubeIDE\plugins\com.st.stm32cube.common.mx_6.9.2.202309101412\\db\/plugins/boardmanager/
2023-12-18 16:19:47,867 [INFO] ApiDb:261 - Set plugin images path to: C:\ST\STM32CubeIDE_1.13.2\STM32CubeIDE\plugins\com.st.stm32cube.common.mx_6.9.2.202309101412\\db\/plugins/mcufinder/images/
2023-12-18 16:19:47,869 [WARN] DbFile:41 - Overriding database path with different value: C:\Users\nhakh\.stmcufinder\plugins\mcufinder/ => C:\Users\nhakh\.stmcufinder\plugins\mcufinder
2023-12-18 16:19:47,869 [INFO] ApiDb:250 - Set database path to: C:\Users\nhakh\.stmcufinder\plugins\mcufinder//mcu/
2023-12-18 16:19:47,869 [WARN] DbFile:41 - Overriding database path with different value: C:\Users\nhakh\.stmcufinder\plugins\mcufinder/ => C:\Users\nhakh\.stmcufinder\plugins\mcufinder
2023-12-18 16:19:47,869 [INFO] DbMcusAds:125 - Set database path to: C:\Users\nhakh\.stmcufinder\plugins\mcufinder//mcu/
2023-12-18 16:19:47,869 [WARN] DbFile:41 - Overriding database path with different value: C:\Users\nhakh\.stmcufinder\plugins\mcufinder/ => C:\Users\nhakh\.stmcufinder\plugins\mcufinder
2023-12-18 16:19:47,869 [WARN] DbFile:41 - Overriding database path with different value: C:\Users\nhakh\.stmcufinder\plugins\mcufinder/ => C:\Users\nhakh\.stmcufinder\plugins\mcufinder
2023-12-18 16:19:47,869 [INFO] CrossReferenceDbSqlite:203 - Set database path to: C:\Users\nhakh\.stmcufinder\plugins\mcufinder//mcu/cs/
2023-12-18 16:19:47,967 [INFO] MainPanel:262 - HeapMemory: 268435456
2023-12-18 16:19:48,085 [INFO] DbMcusXml:78 - Set database path to: C:\ST\STM32CubeIDE_1.13.2\STM32CubeIDE\plugins\com.st.stm32cube.common.mx_6.9.2.202309101412\\db\/mcu/
2023-12-18 16:19:48,085 [INFO] ApiDb:274 - Set plugin database path to: C:\ST\STM32CubeIDE_1.13.2\STM32CubeIDE\plugins\com.st.stm32cube.common.mx_6.9.2.202309101412\\db\/plugins/boardmanager/
2023-12-18 16:19:48,085 [INFO] ApiDb:261 - Set plugin images path to: C:\ST\STM32CubeIDE_1.13.2\STM32CubeIDE\plugins\com.st.stm32cube.common.mx_6.9.2.202309101412\\db\/plugins/mcufinder/images/
2023-12-18 16:19:48,086 [WARN] DbFile:41 - Overriding database path with different value: C:\Users\nhakh\.stmcufinder\plugins\mcufinder/ => C:\Users\nhakh\.stmcufinder\plugins\mcufinder
2023-12-18 16:19:48,086 [INFO] ApiDb:250 - Set database path to: C:\Users\nhakh\.stmcufinder\plugins\mcufinder//mcu/
2023-12-18 16:19:48,086 [WARN] DbFile:41 - Overriding database path with different value: C:\Users\nhakh\.stmcufinder\plugins\mcufinder/ => C:\Users\nhakh\.stmcufinder\plugins\mcufinder
2023-12-18 16:19:48,086 [INFO] DbMcusAds:125 - Set database path to: C:\Users\nhakh\.stmcufinder\plugins\mcufinder//mcu/
2023-12-18 16:19:48,086 [WARN] DbFile:41 - Overriding database path with different value: C:\Users\nhakh\.stmcufinder\plugins\mcufinder/ => C:\Users\nhakh\.stmcufinder\plugins\mcufinder
2023-12-18 16:19:48,086 [WARN] DbFile:41 - Overriding database path with different value: C:\Users\nhakh\.stmcufinder\plugins\mcufinder/ => C:\Users\nhakh\.stmcufinder\plugins\mcufinder
2023-12-18 16:19:48,086 [INFO] CrossReferenceDbSqlite:203 - Set database path to: C:\Users\nhakh\.stmcufinder\plugins\mcufinder//mcu/cs/
2023-12-18 16:19:48,109 [INFO] ApplicationProperties:184 - Using Application install path: C:\ST\STM32CubeIDE_1.13.2\STM32CubeIDE\plugins\com.st.stm32cube.common.mx_6.9.2.202309101412
2023-12-18 16:19:48,110 [INFO] PluginManage:196 - Search for loadable plugins [exclusion list=, ]
2023-12-18 16:19:48,113 [INFO] PluginManage:310 - Check plugin analytics
2023-12-18 16:19:48,276 [INFO] AnalyticsPlugin:253 - Accepted Software Licenses: 
2023-12-18 16:19:48,276 [INFO] AnalyticsPlugin:255 - Accepted CMSIS Pack Licenses: 
2023-12-18 16:19:48,276 [INFO] AnalyticsPlugin:257 - Accepted Firmware Licenses: FW.F4.1.27.0
2023-12-18 16:19:48,279 [INFO] PluginManage:359 - Loaded plugin analytics (category:tool,tabindex:-1)
2023-12-18 16:19:48,280 [INFO] PluginManage:310 - Check plugin cadmodel
2023-12-18 16:19:48,297 [INFO] CADModel:105 - Init CAD model plugin
2023-12-18 16:19:48,297 [INFO] PluginManage:359 - Loaded plugin cadmodel (category:power,tabindex:5)
2023-12-18 16:19:48,298 [INFO] PluginManage:310 - Check plugin clock
2023-12-18 16:19:48,319 [INFO] PluginManage:359 - Loaded plugin clock (category:base,tabindex:2)
2023-12-18 16:19:48,319 [INFO] PluginManage:310 - Check plugin ddr
2023-12-18 16:19:48,323 [INFO] PluginManage:359 - Loaded plugin ddr (category:tool,tabindex:6)
2023-12-18 16:19:48,323 [INFO] PluginManage:310 - Check plugin filemanager
2023-12-18 16:19:48,456 [INFO] PluginManage:359 - Loaded plugin filemanager (category:base,tabindex:10)
2023-12-18 16:19:48,456 [INFO] PluginManage:310 - Check plugin ipmanager
2023-12-18 16:19:48,465 [INFO] PluginManage:359 - Loaded plugin ipmanager (category:base,tabindex:5)
2023-12-18 16:19:48,465 [INFO] PluginManage:310 - Check plugin lpbam
2023-12-18 16:19:48,483 [INFO] PluginManage:359 - Loaded plugin lpbam (category:base,tabindex:0)
2023-12-18 16:19:48,483 [INFO] PluginManage:310 - Check plugin memorymap
2023-12-18 16:19:48,509 [INFO] PluginManage:359 - Loaded plugin memorymap (category:base,tabindex:4)
2023-12-18 16:19:48,509 [INFO] PluginManage:310 - Check plugin pinoutandconfiguration
2023-12-18 16:19:48,527 [INFO] PluginManage:359 - Loaded plugin pinoutandconfiguration (category:base,tabindex:1)
2023-12-18 16:19:48,527 [INFO] PluginManage:310 - Check plugin pinoutconfig
2023-12-18 16:19:48,617 [WARN] SupportedApi:132 - Cannot load RTOS API schema: s4s-elt-must-match.1: The content of 'definitions' must match (annotation?, (simpleType | complexType)?, (unique | key | keyref)*)). A problem was found starting at: attribute.
2023-12-18 16:19:48,741 [INFO] PluginManage:359 - Loaded plugin pinoutconfig (category:base,tabindex:0)
2023-12-18 16:19:48,741 [INFO] PluginManage:310 - Check plugin power
2023-12-18 16:19:48,764 [INFO] PluginManage:359 - Loaded plugin power (category:power,tabindex:4)
2023-12-18 16:19:48,764 [INFO] PluginManage:310 - Check plugin projectmanager
2023-12-18 16:19:48,778 [INFO] PluginManage:359 - Loaded plugin projectmanager (category:projectmanager,tabindex:3)
2023-12-18 16:19:48,779 [INFO] PluginManage:310 - Check plugin thirdparty
2023-12-18 16:19:49,033 [WARN] IntegrityCheckThread:84 - waiting for thirdparty lock release [integrity check]
2023-12-18 16:19:49,033 [INFO] PluginManage:359 - Loaded plugin thirdparty (category:base,tabindex:-1)
2023-12-18 16:19:49,033 [INFO] IntegrityCheckThread:86 - entering critical section [integrity check]
2023-12-18 16:19:49,033 [INFO] PluginManage:310 - Check plugin tools
2023-12-18 16:19:49,034 [INFO] ThirdPartyUpdaterWithRetryManager:70 - Updater plugin not ready yet. [1/15]
2023-12-18 16:19:49,063 [INFO] PluginManage:359 - Loaded plugin tools (category:base,tabindex:7)
2023-12-18 16:19:49,063 [INFO] PluginManage:310 - Check plugin tutovideos
2023-12-18 16:19:49,256 [INFO] PluginManage:359 - Loaded plugin tutovideos (category:base,tabindex:-1)
2023-12-18 16:19:49,257 [INFO] PluginManage:310 - Check plugin updater
2023-12-18 16:19:49,269 [INFO] PluginManage:359 - Loaded plugin updater (category:base,tabindex:12)
2023-12-18 16:19:49,269 [INFO] PluginManage:310 - Check plugin userauth
2023-12-18 16:19:49,276 [INFO] UserAuth:113 - Init User Auth plugin
2023-12-18 16:19:49,276 [INFO] PluginManage:359 - Loaded plugin userauth (category:base,tabindex:14)
2023-12-18 16:19:49,276 [INFO] PluginManage:283 - PluginManage : Loaded plugins [17]
2023-12-18 16:19:49,519 [INFO] PinOutPanel:1499 - setPackage(No Configuration,No Configuration)
2023-12-18 16:19:49,644 [INFO] CADModel:165 - CPN selected for project level
2023-12-18 16:19:49,644 [INFO] CADModel:114 - Register for checkConnection events
2023-12-18 16:19:49,671 [INFO] IPUIPlugin:80 - create IPUIPlugin
2023-12-18 16:19:49,671 [INFO] PluginManager:220 - loadIPPluginJar : add adc
2023-12-18 16:19:49,702 [INFO] IPUIPlugin:80 - create IPUIPlugin
2023-12-18 16:19:49,702 [INFO] PluginManager:220 - loadIPPluginJar : add aes
2023-12-18 16:19:49,735 [INFO] IPUIPlugin:80 - create IPUIPlugin
2023-12-18 16:19:49,735 [INFO] PluginManager:220 - loadIPPluginJar : add can
2023-12-18 16:19:49,754 [INFO] IPUIPlugin:80 - create IPUIPlugin
2023-12-18 16:19:49,755 [INFO] PluginManager:220 - loadIPPluginJar : add comp
2023-12-18 16:19:49,783 [INFO] IPUIPlugin:80 - create IPUIPlugin
2023-12-18 16:19:49,783 [INFO] PluginManager:220 - loadIPPluginJar : add cryp
2023-12-18 16:19:49,809 [INFO] IPUIPlugin:80 - create IPUIPlugin
2023-12-18 16:19:49,809 [INFO] PluginManager:220 - loadIPPluginJar : add dfsdm
2023-12-18 16:19:49,825 [INFO] IPUIPlugin:80 - create IPUIPlugin
2023-12-18 16:19:49,825 [INFO] PluginManager:220 - loadIPPluginJar : add dma
2023-12-18 16:19:49,862 [INFO] IPUIPlugin:80 - create IPUIPlugin
2023-12-18 16:19:49,862 [INFO] PluginManager:220 - loadIPPluginJar : add dma3
2023-12-18 16:19:49,881 [INFO] IPUIPlugin:80 - create IPUIPlugin
2023-12-18 16:19:49,881 [INFO] PluginManager:220 - loadIPPluginJar : add fatfs
2023-12-18 16:19:49,923 [INFO] IPUIPlugin:80 - create IPUIPlugin
2023-12-18 16:19:49,923 [INFO] PluginManager:220 - loadIPPluginJar : add fmc
2023-12-18 16:19:49,939 [INFO] IPUIPlugin:80 - create IPUIPlugin
2023-12-18 16:19:49,939 [INFO] PluginManager:220 - loadIPPluginJar : add freertos
2023-12-18 16:19:49,956 [INFO] IPUIPlugin:80 - create IPUIPlugin
2023-12-18 16:19:49,957 [INFO] PluginManager:220 - loadIPPluginJar : add genericplugin
2023-12-18 16:19:50,031 [INFO] IPUIPlugin:80 - create IPUIPlugin
2023-12-18 16:19:50,031 [INFO] PluginManager:220 - loadIPPluginJar : add gfxmmu
2023-12-18 16:19:50,141 [INFO] IPUIPlugin:80 - create IPUIPlugin
2023-12-18 16:19:50,141 [INFO] PluginManager:220 - loadIPPluginJar : add gic
2023-12-18 16:19:50,156 [INFO] IPUIPlugin:80 - create IPUIPlugin
2023-12-18 16:19:50,156 [INFO] PluginManager:220 - loadIPPluginJar : add gpio
2023-12-18 16:19:50,238 [INFO] IPUIPlugin:80 - create IPUIPlugin
2023-12-18 16:19:50,238 [INFO] PluginManager:220 - loadIPPluginJar : add gtzc
2023-12-18 16:19:50,267 [INFO] IPUIPlugin:80 - create IPUIPlugin
2023-12-18 16:19:50,267 [INFO] PluginManager:220 - loadIPPluginJar : add hash
2023-12-18 16:19:50,309 [INFO] IPUIPlugin:80 - create IPUIPlugin
2023-12-18 16:19:50,309 [INFO] PluginManager:220 - loadIPPluginJar : add i2c
2023-12-18 16:19:50,341 [INFO] IPUIPlugin:80 - create IPUIPlugin
2023-12-18 16:19:50,342 [INFO] PluginManager:220 - loadIPPluginJar : add i2s
2023-12-18 16:19:50,377 [INFO] IPUIPlugin:80 - create IPUIPlugin
2023-12-18 16:19:50,377 [INFO] PluginManager:220 - loadIPPluginJar : add i3c
2023-12-18 16:19:50,461 [INFO] IPUIPlugin:80 - create IPUIPlugin
2023-12-18 16:19:50,461 [INFO] PluginManager:220 - loadIPPluginJar : add ipddr
2023-12-18 16:19:50,535 [INFO] IPUIPlugin:80 - create IPUIPlugin
2023-12-18 16:19:50,535 [INFO] PluginManager:220 - loadIPPluginJar : add linkedlist
2023-12-18 16:19:50,569 [INFO] IPUIPlugin:80 - create IPUIPlugin
2023-12-18 16:19:50,569 [INFO] PluginManager:220 - loadIPPluginJar : add lorawan
2023-12-18 16:19:50,612 [INFO] IPUIPlugin:80 - create IPUIPlugin
2023-12-18 16:19:50,612 [INFO] PluginManager:220 - loadIPPluginJar : add ltdc
2023-12-18 16:19:50,631 [INFO] IPUIPlugin:80 - create IPUIPlugin
2023-12-18 16:19:50,631 [INFO] PluginManager:220 - loadIPPluginJar : add mdma
2023-12-18 16:19:50,646 [INFO] IPUIPlugin:80 - create IPUIPlugin
2023-12-18 16:19:50,646 [INFO] PluginManager:220 - loadIPPluginJar : add nvic
2023-12-18 16:19:50,681 [INFO] IPUIPlugin:80 - create IPUIPlugin
2023-12-18 16:19:50,681 [INFO] PluginManager:220 - loadIPPluginJar : add opamp
2023-12-18 16:19:50,732 [INFO] IPUIPlugin:80 - create IPUIPlugin
2023-12-18 16:19:50,732 [INFO] PluginManager:220 - loadIPPluginJar : add openamp
2023-12-18 16:19:50,770 [INFO] IPUIPlugin:80 - create IPUIPlugin
2023-12-18 16:19:50,770 [INFO] PluginManager:220 - loadIPPluginJar : add pdm2pcm
2023-12-18 16:19:50,785 [INFO] IPUIPlugin:80 - create IPUIPlugin
2023-12-18 16:19:50,787 [INFO] PluginManager:220 - loadIPPluginJar : add plateformsettings
2023-12-18 16:19:50,807 [INFO] IPUIPlugin:80 - create IPUIPlugin
2023-12-18 16:19:50,807 [INFO] PluginManager:220 - loadIPPluginJar : add quadspi
2023-12-18 16:19:50,822 [INFO] IPUIPlugin:80 - create IPUIPlugin
2023-12-18 16:19:50,822 [INFO] PluginManager:220 - loadIPPluginJar : add resmgrutility
2023-12-18 16:19:50,864 [INFO] IPUIPlugin:80 - create IPUIPlugin
2023-12-18 16:19:50,864 [INFO] PluginManager:220 - loadIPPluginJar : add sai
2023-12-18 16:19:50,898 [INFO] IPUIPlugin:80 - create IPUIPlugin
2023-12-18 16:19:50,898 [INFO] PluginManager:220 - loadIPPluginJar : add spi
2023-12-18 16:19:50,952 [INFO] IPUIPlugin:80 - create IPUIPlugin
2023-12-18 16:19:50,952 [INFO] PluginManager:220 - loadIPPluginJar : add stm32_wpan
2023-12-18 16:19:50,972 [INFO] IPUIPlugin:80 - create IPUIPlugin
2023-12-18 16:19:50,972 [INFO] PluginManager:220 - loadIPPluginJar : add tim
2023-12-18 16:19:51,019 [INFO] IPUIPlugin:80 - create IPUIPlugin
2023-12-18 16:19:51,019 [INFO] PluginManager:220 - loadIPPluginJar : add touchsensing
2023-12-18 16:19:51,039 [INFO] IPUIPlugin:80 - create IPUIPlugin
2023-12-18 16:19:51,040 [INFO] PluginManager:220 - loadIPPluginJar : add tracer_emb
2023-12-18 16:19:51,061 [INFO] IPUIPlugin:80 - create IPUIPlugin
2023-12-18 16:19:51,061 [INFO] PluginManager:220 - loadIPPluginJar : add ts
2023-12-18 16:19:51,082 [INFO] IPUIPlugin:80 - create IPUIPlugin
2023-12-18 16:19:51,082 [INFO] PluginManager:220 - loadIPPluginJar : add tsc
2023-12-18 16:19:51,105 [INFO] IPUIPlugin:80 - create IPUIPlugin
2023-12-18 16:19:51,105 [INFO] PluginManager:220 - loadIPPluginJar : add ucpd
2023-12-18 16:19:51,144 [INFO] IPUIPlugin:80 - create IPUIPlugin
2023-12-18 16:19:51,145 [INFO] PluginManager:220 - loadIPPluginJar : add usart
2023-12-18 16:19:51,182 [INFO] IPUIPlugin:80 - create IPUIPlugin
2023-12-18 16:19:51,182 [INFO] PluginManager:220 - loadIPPluginJar : add usbx
2023-12-18 16:19:51,314 [INFO] CADModel:165 - CPN selected for project level
2023-12-18 16:19:51,315 [INFO] CADModel:114 - Register for checkConnection events
2023-12-18 16:19:51,315 [FATAL] Updater:308 - Updater called before beeing initialized
2023-12-18 16:19:51,315 [ERROR] CADModel:125 - Updater not yet initialized, retry later 
2023-12-18 16:19:51,467 [INFO] CADModel:165 - CPN selected for project level
2023-12-18 16:19:51,467 [INFO] CADModel:114 - Register for checkConnection events
2023-12-18 16:19:51,467 [FATAL] Updater:308 - Updater called before beeing initialized
2023-12-18 16:19:51,467 [ERROR] CADModel:125 - Updater not yet initialized, retry later 
2023-12-18 16:19:51,471 [FATAL] Updater:308 - Updater called before beeing initialized
2023-12-18 16:19:51,589 [FATAL] Updater:308 - Updater called before beeing initialized
2023-12-18 16:19:51,600 [INFO] DbMcusAds:53 - JSON generation date=Wed Nov 29 17:52:27 ICT 2023 (1701255147349)
2023-12-18 16:19:51,600 [FATAL] Updater:308 - Updater called before beeing initialized
2023-12-18 16:19:51,689 [WARN] DetailPanel:346 - Failed to get advertising image, set to default
2023-12-18 16:19:51,787 [FATAL] Updater:308 - Updater called before beeing initialized
2023-12-18 16:19:51,789 [FATAL] Updater:308 - Updater called before beeing initialized
2023-12-18 16:19:51,789 [FATAL] Updater:308 - Updater called before beeing initialized
2023-12-18 16:19:51,789 [WARN] DetailPanel:346 - Failed to get advertising image, set to default
2023-12-18 16:19:51,789 [FATAL] Updater:308 - Updater called before beeing initialized
2023-12-18 16:19:51,846 [ERROR] Updater:1120 - MainUpdater not yet initialized. External WinMGr cannot be set.
2023-12-18 16:19:51,856 [INFO] Updater:1056 - Updater Version found : 6.9.2
2023-12-18 16:19:51,876 [INFO] ApplicationProperties:184 - Using Application install path: C:\ST\STM32CubeIDE_1.13.2\STM32CubeIDE\plugins\com.st.stm32cube.common.mx_6.9.2.202309101412
2023-12-18 16:19:52,037 [INFO] ThirdPartyUpdaterWithRetryManager:70 - Updater plugin not ready yet. [2/15]
2023-12-18 16:19:52,095 [INFO] MainUpdater:2868 - connection check result : 10
2023-12-18 16:19:52,095 [INFO] MainUpdater:3562 - Updater definition file requires update
2023-12-18 16:19:52,097 [INFO] MainUpdater:285 - Updater Check For Update Now.
2023-12-18 16:19:52,097 [INFO] MicroXplorer:498 - Change Database Version : DB.6.0.92
2023-12-18 16:19:52,119 [INFO] McuFinderGlobals:63 - Set McuFinder mode to 2 (CubeIDE integrated)
2023-12-18 16:19:52,129 [INFO] ServerAccessManage:473 - Download File updaters.zip
2023-12-18 16:19:52,195 [INFO] FileExtend:240 - Unzip File : updaters.zip
2023-12-18 16:19:52,196 [INFO] FileExtend:255 - Standard Zip Deflate
2023-12-18 16:19:52,838 [INFO] ServerAccessManage:473 - Download File PacksControlFlags.xml
2023-12-18 16:19:52,895 [INFO] ServerAccessManage:473 - Download File cubemx.pidx
2023-12-18 16:19:53,756 [INFO] ServerAccessManage:473 - Download File STMicroelectronics.X-CUBE-TOUCHGFX.pdsc
2023-12-18 16:19:55,052 [WARN] MainUpdater:1189 - Updater busy. Cannot search thirdparties
2023-12-18 16:19:55,053 [INFO] ThirdPartyUpdaterWithRetryManager:96 - Updater plugin is busy. [1/15]
2023-12-18 16:19:56,746 [WARN] PackLoader:240 - Cannot read IP mode file for STMicroelectronics.X-CUBE-TOUCHGFX.4.23.0
2023-12-18 16:19:56,747 [INFO] PopulateThirdPartyThread:66 - Ending populate Thread
2023-12-18 16:19:56,748 [INFO] ThirdParty:1030 - CMSIS Pack Vendor :STMicroelectronics X-CUBE-TOUCHGFX 4.23.0
2023-12-18 16:19:56,749 [INFO] LoadServerUpdatesThread:373 - End of LoadServerUpdate Thread
2023-12-18 16:19:56,846 [INFO] CheckServerUpdateThread:120 - End of CheckServer Thread
2023-12-18 16:19:58,319 [WARN] PackLoader:240 - Cannot read IP mode file for STMicroelectronics.X-CUBE-SMBUS.2.1.0
2023-12-18 16:19:58,322 [WARN] PackLoader:240 - Cannot read IP mode file for STMicroelectronics.X-CUBE-TOUCHGFX.4.23.0
2023-12-18 16:19:58,355 [WARN] PackLoader:240 - Cannot read IP mode file for STMicroelectronics.X-CUBE-AZRTOS-F7.1.1.0
2023-12-18 16:19:58,371 [ERROR] RealEvaluatedCondition:428 - Found unsupported composite condition: CLASS='Data Exchange' GROUP='STM32_MetaDataManager'
2023-12-18 16:19:58,371 [ERROR] RealEvaluatedCondition:428 - Found unsupported composite condition: GROUP='STM32_MetaDataManager' CLASS='Data Exchange'
2023-12-18 16:19:58,373 [WARN] PackLoader:240 - Cannot read IP mode file for STMicroelectronics.FP-SNS-MOTENV1.4.3.0
2023-12-18 16:19:58,387 [WARN] PackLoader:240 - Cannot read IP mode file for STMicroelectronics.FP-SNS-MOTENV1.4.3.2
2023-12-18 16:19:58,402 [WARN] PackLoader:240 - Cannot read IP mode file for STMicroelectronics.FP-SNS-FLIGHT1.5.0.0
2023-12-18 16:19:58,413 [ERROR] RealEvaluatedCondition:428 - Found unsupported composite condition: CLASS='Data Exchange' GROUP='STM32_MetaDataManager'
2023-12-18 16:19:58,413 [ERROR] RealEvaluatedCondition:428 - Found unsupported composite condition: CLASS='Data Exchange' GROUP='STM32_MetaDataManager'
2023-12-18 16:19:58,414 [WARN] PackLoader:240 - Cannot read IP mode file for STMicroelectronics.FP-SNS-MOTENV1.4.3.1
2023-12-18 16:19:58,427 [WARN] PackLoader:240 - Cannot read IP mode file for STMicroelectronics.FP-SNS-FLIGHT1.5.0.1
2023-12-18 16:19:58,445 [WARN] PackLoader:240 - Cannot read IP mode file for STMicroelectronics.X-CUBE-BLE1.6.2.4
2023-12-18 16:19:58,450 [WARN] PackLoader:240 - Cannot read IP mode file for STMicroelectronics.FP-SNS-FLIGHT1.5.0.2
2023-12-18 16:19:58,465 [WARN] PackLoader:240 - Cannot read IP mode file for STMicroelectronics.X-CUBE-DISPLAY.3.0.0
2023-12-18 16:19:58,478 [WARN] PackLoader:240 - Cannot read IP mode file for STMicroelectronics.X-CUBE-BLE1.7.0.0
2023-12-18 16:19:58,491 [WARN] PackLoader:240 - Cannot read IP mode file for emotas.I-CUBE-CANOPEN.1.3.0
2023-12-18 16:19:58,503 [WARN] PackLoader:240 - Cannot read IP mode file for STMicroelectronics.X-CUBE-TOUCHGFX.4.22.0
2023-12-18 16:19:58,513 [WARN] PackLoader:240 - Cannot read IP mode file for STMicroelectronics.X-CUBE-TOUCHGFX.4.22.1
2023-12-18 16:19:58,526 [WARN] PackLoader:240 - Cannot read IP mode file for STMicroelectronics.FP-SNS-SMARTAG2.1.2.0
2023-12-18 16:19:58,561 [INFO] LogOutputStream:77 - [STDOUT_REDIRECT] 1 : Invalid condition id : UX_CORESTACK_Condition cause : null
2023-12-18 16:19:58,561 [INFO] LogOutputStream:77 - [STDOUT_REDIRECT] 1 : Invalid condition id : UX_CORESTACK_Condition cause : null
2023-12-18 16:19:58,562 [INFO] LogOutputStream:77 - [STDOUT_REDIRECT] 1 : Invalid condition id : UX_CORESTACK_Condition cause : null
2023-12-18 16:19:58,563 [INFO] LogOutputStream:77 - [STDOUT_REDIRECT] 1 : Invalid condition id : UX_CORESTACK_Condition cause : null
2023-12-18 16:19:58,564 [INFO] LogOutputStream:77 - [STDOUT_REDIRECT] 1 : Invalid condition id : UX_CORESTACK_Condition cause : null
2023-12-18 16:19:58,566 [WARN] PackLoader:240 - Cannot read IP mode file for STMicroelectronics.X-CUBE-AZRTOS-WL.2.0.0
2023-12-18 16:19:58,582 [WARN] PackLoader:240 - Cannot read IP mode file for WES.I-CUBE-Cesium.1.3.0
2023-12-18 16:19:58,595 [WARN] PackLoader:240 - Cannot read IP mode file for STMicroelectronics.X-CUBE-BLE2.3.3.0
2023-12-18 16:19:58,613 [WARN] PackLoader:240 - Cannot read IP mode file for STMicroelectronics.X-CUBE-TOF1.3.2.0
2023-12-18 16:19:58,628 [WARN] PackLoader:240 - Cannot read IP mode file for STMicroelectronics.X-CUBE-TOUCHGFX.4.21.1
2023-12-18 16:19:58,639 [WARN] PackLoader:240 - Cannot read IP mode file for STMicroelectronics.X-CUBE-TOUCHGFX.4.21.3
2023-12-18 16:19:58,650 [WARN] PackLoader:240 - Cannot read IP mode file for STMicroelectronics.X-CUBE-TOUCHGFX.4.21.4
2023-12-18 16:19:58,664 [WARN] PackLoader:240 - Cannot read IP mode file for STMicroelectronics.X-CUBE-ALGOBUILD.1.3.0
2023-12-18 16:19:58,691 [WARN] PackLoader:240 - Cannot read IP mode file for STMicroelectronics.X-CUBE-AZRTOS-G0.1.1.0
2023-12-18 16:19:58,707 [WARN] PackLoader:240 - Cannot read IP mode file for STMicroelectronics.X-CUBE-NFC4.3.0.0
2023-12-18 16:19:58,724 [WARN] PackLoader:240 - Cannot read IP mode file for STMicroelectronics.X-CUBE-BLEMGR.3.0.0
2023-12-18 16:19:58,732 [WARN] PackLoader:240 - Cannot read IP mode file for STMicroelectronics.FP-ATR-SIGFOX1.3.2.0
2023-12-18 16:19:58,773 [WARN] PackLoader:240 - Cannot read IP mode file for STMicroelectronics.X-CUBE-MEMS1.9.5.0
2023-12-18 16:19:58,905 [WARN] PackLoader:240 - Cannot read IP mode file for SEGGER.I-CUBE-embOS.1.3.1
2023-12-18 16:19:58,947 [WARN] PackLoader:240 - Cannot read IP mode file for STMicroelectronics.X-CUBE-GNSS1.6.0.0
2023-12-18 16:19:58,973 [WARN] PackLoader:240 - Cannot read IP mode file for STMicroelectronics.X-CUBE-AZRTOS-F4.1.1.0
2023-12-18 16:19:58,989 [WARN] PackLoader:240 - Cannot read IP mode file for wolfSSL.I-CUBE-wolfSSL.5.6.4
2023-12-18 16:19:59,018 [WARN] PackLoader:240 - Cannot read IP mode file for STMicroelectronics.X-CUBE-AZRTOS-L5.2.0.0
2023-12-18 16:19:59,080 [WARN] PackLoader:240 - Cannot read IP mode file for STMicroelectronics.X-CUBE-MEMS1.9.6.0
2023-12-18 16:19:59,214 [WARN] PackLoader:240 - Cannot read IP mode file for STMicroelectronics.X-CUBE-EEPRMA1.4.2.0
2023-12-18 16:19:59,233 [WARN] PackLoader:240 - Cannot read IP mode file for ITTIA_DB.I-CUBE-ITTIADB.8.8.0
2023-12-18 16:19:59,250 [WARN] PackLoader:240 - Cannot read IP mode file for emotas.I-CUBE-CANOPEN.1.1.3
2023-12-18 16:19:59,269 [WARN] PackLoader:240 - Cannot read IP mode file for STMicroelectronics.X-CUBE-BLEMGR.2.0.0
2023-12-18 16:19:59,303 [WARN] ConditionMgr:438 - getConditionDescription Invalid condition id : UX DEVICE CLASS RTOS Condition cause : null
2023-12-18 16:19:59,303 [WARN] ConditionMgr:438 - getConditionDescription Invalid condition id : UX DEVICE CLASS RTOS Condition cause : null
2023-12-18 16:19:59,305 [WARN] PackLoader:240 - Cannot read IP mode file for STMicroelectronics.X-CUBE-AZRTOS-H7.3.1.0
2023-12-18 16:19:59,306 [WARN] ConditionMgr:1039 - genDependencies : Invalid condition id : UX DEVICE CLASS RTOS Condition cause : null
2023-12-18 16:19:59,307 [WARN] ConditionMgr:1039 - genDependencies : Invalid condition id : UX DEVICE CLASS RTOS Condition cause : null
2023-12-18 16:19:59,307 [WARN] ConditionMgr:1039 - genDependencies : Invalid condition id : UX DEVICE CLASS RTOS Condition cause : null
2023-12-18 16:19:59,307 [WARN] ConditionMgr:1039 - genDependencies : Invalid condition id : UX DEVICE CLASS RTOS Condition cause : null
2023-12-18 16:19:59,309 [WARN] ConditionMgr:1039 - genDependencies : Invalid condition id : UX DEVICE CLASS RTOS Condition cause : null
2023-12-18 16:19:59,322 [WARN] PackLoader:240 - Cannot read IP mode file for wolfSSL.I-CUBE-wolfSSL.5.5.4
2023-12-18 16:19:59,338 [WARN] PackLoader:240 - Cannot read IP mode file for STMicroelectronics.X-CUBE-NFC7.1.0.1
2023-12-18 16:19:59,355 [WARN] PackLoader:240 - Cannot read IP mode file for STMicroelectronics.X-CUBE-NFC7.1.0.0
2023-12-18 16:19:59,373 [WARN] PackLoader:240 - Cannot read IP mode file for STMicroelectronics.X-CUBE-NFC6.3.0.0
2023-12-18 16:19:59,389 [WARN] PackLoader:240 - Cannot read IP mode file for STMicroelectronics.X-CUBE-EEPRMA1.4.1.0
2023-12-18 16:19:59,408 [WARN] PackLoader:240 - Cannot read IP mode file for STMicroelectronics.X-CUBE-AI.8.1.0
2023-12-18 16:19:59,437 [WARN] ConditionMgr:438 - getConditionDescription Invalid condition id : LAN8742 Phy interface Condition cause : null
2023-12-18 16:19:59,438 [WARN] PackLoader:240 - Cannot read IP mode file for STMicroelectronics.X-CUBE-AZRTOS-L4.2.0.0
2023-12-18 16:19:59,439 [WARN] ConditionMgr:1039 - genDependencies : Invalid condition id : LAN8742 Phy interface Condition cause : null
2023-12-18 16:19:59,439 [WARN] ConditionMgr:1039 - genDependencies : Invalid condition id : LAN8742 Phy interface Condition cause : null
2023-12-18 16:19:59,439 [WARN] ConditionMgr:1039 - genDependencies : Invalid condition id : LAN8742 Phy interface Condition cause : null
2023-12-18 16:19:59,460 [WARN] PackLoader:240 - Cannot read IP mode file for STMicroelectronics.X-CUBE-SFXS2LP1.4.0.0
2023-12-18 16:19:59,489 [WARN] PackLoader:240 - Cannot read IP mode file for STMicroelectronics.X-CUBE-AZRTOS-H7.3.0.0
2023-12-18 16:19:59,506 [WARN] PackLoader:240 - Cannot read IP mode file for STMicroelectronics.X-CUBE-ISPU.1.1.0
2023-12-18 16:19:59,521 [WARN] PackLoader:240 - Cannot read IP mode file for RoweBots.I-CUBE-UNISONRTOS.5.5.0-4
2023-12-18 16:19:59,533 [WARN] PackLoader:240 - Cannot read IP mode file for STMicroelectronics.X-CUBE-AI.8.0.0
2023-12-18 16:19:59,554 [WARN] ConditionMgr:438 - getConditionDescription Invalid condition id : UX DEVICE CLASS RTOS Condition cause : null
2023-12-18 16:19:59,555 [WARN] ConditionMgr:438 - getConditionDescription Invalid condition id : UX DEVICE CLASS RTOS Condition cause : null
2023-12-18 16:19:59,556 [WARN] PackLoader:240 - Cannot read IP mode file for STMicroelectronics.X-CUBE-AZRTOS-WB.2.0.0
2023-12-18 16:19:59,556 [WARN] ConditionMgr:1039 - genDependencies : Invalid condition id : UX DEVICE CLASS RTOS Condition cause : null
2023-12-18 16:19:59,556 [WARN] ConditionMgr:1039 - genDependencies : Invalid condition id : UX DEVICE CLASS RTOS Condition cause : null
2023-12-18 16:19:59,556 [WARN] ConditionMgr:1039 - genDependencies : Invalid condition id : UX DEVICE CLASS RTOS Condition cause : null
2023-12-18 16:19:59,557 [WARN] ConditionMgr:1039 - genDependencies : Invalid condition id : UX DEVICE CLASS RTOS Condition cause : null
2023-12-18 16:19:59,557 [WARN] ConditionMgr:1039 - genDependencies : Invalid condition id : UX DEVICE CLASS RTOS Condition cause : null
2023-12-18 16:19:59,571 [WARN] PackLoader:240 - Cannot read IP mode file for STMicroelectronics.X-CUBE-FREERTOS.1.0.0
2023-12-18 16:19:59,582 [WARN] PackLoader:240 - Cannot read IP mode file for STMicroelectronics.X-CUBE-FREERTOS.1.0.1
2023-12-18 16:19:59,607 [WARN] PackLoader:240 - Cannot read IP mode file for STMicroelectronics.X-CUBE-AZRTOS-L5.1.1.0
2023-12-18 16:19:59,619 [WARN] PackLoader:240 - Cannot read IP mode file for STMicroelectronics.X-CUBE-AI.8.0.1
2023-12-18 16:19:59,636 [WARN] PackLoader:240 - Cannot read IP mode file for STMicroelectronics.X-CUBE-SUBG2.5.0.0
2023-12-18 16:19:59,656 [WARN] PackLoader:240 - Cannot read IP mode file for STMicroelectronics.X-CUBE-TOF1.3.3.1
2023-12-18 16:19:59,687 [WARN] PackLoader:240 - Cannot read IP mode file for STMicroelectronics.X-CUBE-AZRTOS-G4.2.0.0
2023-12-18 16:19:59,705 [WARN] PackLoader:240 - Cannot read IP mode file for STMicroelectronics.X-CUBE-TOF1.3.3.0
2023-12-18 16:19:59,724 [WARN] PackLoader:240 - Cannot read IP mode file for STMicroelectronics.FP-ATR-ASTRA1.1.1.1
2023-12-18 16:19:59,749 [WARN] PackLoader:240 - Cannot read IP mode file for Infineon.AIROC-Wi-Fi-Bluetooth-STM32.1.5.1
2023-12-18 16:19:59,763 [WARN] PackLoader:240 - Cannot read IP mode file for STMicroelectronics.FP-SNS-MOTENVWB1.1.3.0
2023-12-18 16:19:59,767 [WARN] PackLoader:240 - Cannot read IP mode file for STMicroelectronics.FP-SNS-MOTENVWB1.1.3.1
2023-12-18 16:19:59,789 [WARN] PackLoader:240 - Cannot read IP mode file for STMicroelectronics.X-CUBE-AZRTOS-G4.1.0.0
2023-12-18 16:19:59,813 [WARN] PackLoader:240 - Cannot read IP mode file for STMicroelectronics.X-CUBE-AZRTOS-L4.1.0.0
2023-12-18 16:19:59,824 [WARN] PackLoader:240 - Cannot read IP mode file for STMicroelectronics.X-CUBE-ISPU.2.0.0
2023-12-18 16:19:59,863 [WARN] PackLoader:240 - Cannot read IP mode file for STMicroelectronics.X-CUBE-MEMS1.10.0.0
2023-12-18 16:19:59,936 [WARN] PackLoader:240 - Cannot read IP mode file for STMicroelectronics.X-CUBE-FREERTOS.1.1.0
2023-12-18 16:19:59,954 [WARN] PackLoader:240 - Cannot read IP mode file for STMicroelectronics.X-CUBE-AZRTOS-WL.1.0.0
2023-12-18 16:19:59,967 [WARN] PackLoader:240 - Cannot read IP mode file for portGmbH.I-Cube-SoM-uGOAL.1.1.0
2023-12-18 16:19:59,981 [WARN] PackLoader:240 - Cannot read IP mode file for STMicroelectronics.X-CUBE-ALS.1.0.1
2023-12-18 16:20:00,002 [WARN] PackLoader:240 - Cannot read IP mode file for STMicroelectronics.X-CUBE-AZRTOS-WB.1.1.0
2023-12-18 16:20:00,009 [WARN] PackLoader:240 - Cannot read IP mode file for STMicroelectronics.FP-ATR-ASTRA1.2.0.0
2023-12-18 16:20:00,024 [WARN] PackLoader:240 - Cannot read IP mode file for STMicroelectronics.X-CUBE-TOF1.3.4.0
2023-12-18 16:20:00,059 [WARN] PackLoader:240 - Cannot read IP mode file for STMicroelectronics.X-CUBE-AZRTOS-H7.3.2.0
2023-12-18 16:20:00,062 [INFO] ThirdParty:978 - Integrity check success = true
2023-12-18 16:20:00,062 [INFO] IntegrityCheckThread:100 - exiting critical section [integrity check]
2023-12-18 16:20:00,062 [INFO] IntegrityCheckThread:103 - End integrity checks thread
2023-12-18 16:20:13,166 [ERROR] LogOutputStream:75 - [STDERR_REDIRECT] SLF4J: Failed to load class "org.slf4j.impl.StaticLoggerBinder".
2023-12-18 16:20:13,166 [ERROR] LogOutputStream:75 - [STDERR_REDIRECT] SLF4J: Defaulting to no-operation (NOP) logger implementation
2023-12-18 16:20:13,167 [ERROR] LogOutputStream:75 - [STDERR_REDIRECT] SLF4J: See http://www.slf4j.org/codes.html#StaticLoggerBinder for further details.
