13:24:27 **** Build of configuration Debug for project Sensor_Node ****
make -j16 all 
arm-none-eabi-gcc "../VL53L0X/platform/Src/vl53l0x_platform.c" -mcpu=cortex-m3 -std=gnu11 -g3 -DDEBUG -DUSE_HAL_DRIVER -DSTM32F103xB -c -I../Core/Inc -I../Drivers/STM32F1xx_HAL_Driver/Inc/Legacy -I../Drivers/STM32F1xx_HAL_Driver/Inc -I../Drivers/CMSIS/Device/ST/STM32F1xx/Include -I../Drivers/CMSIS/Include -I"C:/Users/nhakh/Desktop/Document/STM/CE437/Sensor_Node/VL53L0X" -O0 -ffunction-sections -fdata-sections -Wall -fstack-usage -fcyclomatic-complexity -MMD -MP -MF"VL53L0X/platform/Src/vl53l0x_platform.d" -MT"VL53L0X/platform/Src/vl53l0x_platform.o" --specs=nano.specs -mfloat-abi=soft -mthumb -o "VL53L0X/platform/Src/vl53l0x_platform.o"
arm-none-eabi-gcc "../VL53L0X/platform/Src/vl53l0x_platform_log.c" -mcpu=cortex-m3 -std=gnu11 -g3 -DDEBUG -DUSE_HAL_DRIVER -DSTM32F103xB -c -I../Core/Inc -I../Drivers/STM32F1xx_HAL_Driver/Inc/Legacy -I../Drivers/STM32F1xx_HAL_Driver/Inc -I../Drivers/CMSIS/Device/ST/STM32F1xx/Include -I../Drivers/CMSIS/Include -I"C:/Users/nhakh/Desktop/Document/STM/CE437/Sensor_Node/VL53L0X" -O0 -ffunction-sections -fdata-sections -Wall -fstack-usage -fcyclomatic-complexity -MMD -MP -MF"VL53L0X/platform/Src/vl53l0x_platform_log.d" -MT"VL53L0X/platform/Src/vl53l0x_platform_log.o" --specs=nano.specs -mfloat-abi=soft -mthumb -o "VL53L0X/platform/Src/vl53l0x_platform_log.o"
arm-none-eabi-gcc "../VL53L0X/core/Src/vl53l0x_api.c" -mcpu=cortex-m3 -std=gnu11 -g3 -DDEBUG -DUSE_HAL_DRIVER -DSTM32F103xB -c -I../Core/Inc -I../Drivers/STM32F1xx_HAL_Driver/Inc/Legacy -I../Drivers/STM32F1xx_HAL_Driver/Inc -I../Drivers/CMSIS/Device/ST/STM32F1xx/Include -I../Drivers/CMSIS/Include -I"C:/Users/nhakh/Desktop/Document/STM/CE437/Sensor_Node/VL53L0X" -O0 -ffunction-sections -fdata-sections -Wall -fstack-usage -fcyclomatic-complexity -MMD -MP -MF"VL53L0X/core/Src/vl53l0x_api.d" -MT"VL53L0X/core/Src/vl53l0x_api.o" --specs=nano.specs -mfloat-abi=soft -mthumb -o "VL53L0X/core/Src/vl53l0x_api.o"
arm-none-eabi-gcc "../VL53L0X/core/Src/vl53l0x_api_calibration.c" -mcpu=cortex-m3 -std=gnu11 -g3 -DDEBUG -DUSE_HAL_DRIVER -DSTM32F103xB -c -I../Core/Inc -I../Drivers/STM32F1xx_HAL_Driver/Inc/Legacy -I../Drivers/STM32F1xx_HAL_Driver/Inc -I../Drivers/CMSIS/Device/ST/STM32F1xx/Include -I../Drivers/CMSIS/Include -I"C:/Users/nhakh/Desktop/Document/STM/CE437/Sensor_Node/VL53L0X" -O0 -ffunction-sections -fdata-sections -Wall -fstack-usage -fcyclomatic-complexity -MMD -MP -MF"VL53L0X/core/Src/vl53l0x_api_calibration.d" -MT"VL53L0X/core/Src/vl53l0x_api_calibration.o" --specs=nano.specs -mfloat-abi=soft -mthumb -o "VL53L0X/core/Src/vl53l0x_api_calibration.o"
arm-none-eabi-gcc "../VL53L0X/core/Src/vl53l0x_api_core.c" -mcpu=cortex-m3 -std=gnu11 -g3 -DDEBUG -DUSE_HAL_DRIVER -DSTM32F103xB -c -I../Core/Inc -I../Drivers/STM32F1xx_HAL_Driver/Inc/Legacy -I../Drivers/STM32F1xx_HAL_Driver/Inc -I../Drivers/CMSIS/Device/ST/STM32F1xx/Include -I../Drivers/CMSIS/Include -I"C:/Users/nhakh/Desktop/Document/STM/CE437/Sensor_Node/VL53L0X" -O0 -ffunction-sections -fdata-sections -Wall -fstack-usage -fcyclomatic-complexity -MMD -MP -MF"VL53L0X/core/Src/vl53l0x_api_core.d" -MT"VL53L0X/core/Src/vl53l0x_api_core.o" --specs=nano.specs -mfloat-abi=soft -mthumb -o "VL53L0X/core/Src/vl53l0x_api_core.o"
arm-none-eabi-gcc "../VL53L0X/core/Src/vl53l0x_api_ranging.c" -mcpu=cortex-m3 -std=gnu11 -g3 -DDEBUG -DUSE_HAL_DRIVER -DSTM32F103xB -c -I../Core/Inc -I../Drivers/STM32F1xx_HAL_Driver/Inc/Legacy -I../Drivers/STM32F1xx_HAL_Driver/Inc -I../Drivers/CMSIS/Device/ST/STM32F1xx/Include -I../Drivers/CMSIS/Include -I"C:/Users/nhakh/Desktop/Document/STM/CE437/Sensor_Node/VL53L0X" -O0 -ffunction-sections -fdata-sections -Wall -fstack-usage -fcyclomatic-complexity -MMD -MP -MF"VL53L0X/core/Src/vl53l0x_api_ranging.d" -MT"VL53L0X/core/Src/vl53l0x_api_ranging.o" --specs=nano.specs -mfloat-abi=soft -mthumb -o "VL53L0X/core/Src/vl53l0x_api_ranging.o"
arm-none-eabi-gcc "../VL53L0X/core/Src/vl53l0x_api_strings.c" -mcpu=cortex-m3 -std=gnu11 -g3 -DDEBUG -DUSE_HAL_DRIVER -DSTM32F103xB -c -I../Core/Inc -I../Drivers/STM32F1xx_HAL_Driver/Inc/Legacy -I../Drivers/STM32F1xx_HAL_Driver/Inc -I../Drivers/CMSIS/Device/ST/STM32F1xx/Include -I../Drivers/CMSIS/Include -I"C:/Users/nhakh/Desktop/Document/STM/CE437/Sensor_Node/VL53L0X" -O0 -ffunction-sections -fdata-sections -Wall -fstack-usage -fcyclomatic-complexity -MMD -MP -MF"VL53L0X/core/Src/vl53l0x_api_strings.d" -MT"VL53L0X/core/Src/vl53l0x_api_strings.o" --specs=nano.specs -mfloat-abi=soft -mthumb -o "VL53L0X/core/Src/vl53l0x_api_strings.o"
arm-none-eabi-gcc "../VL53L0X/Vl53l0xHandler/Vl53l0x.c" -mcpu=cortex-m3 -std=gnu11 -g3 -DDEBUG -DUSE_HAL_DRIVER -DSTM32F103xB -c -I../Core/Inc -I../Drivers/STM32F1xx_HAL_Driver/Inc/Legacy -I../Drivers/STM32F1xx_HAL_Driver/Inc -I../Drivers/CMSIS/Device/ST/STM32F1xx/Include -I../Drivers/CMSIS/Include -I"C:/Users/nhakh/Desktop/Document/STM/CE437/Sensor_Node/VL53L0X" -O0 -ffunction-sections -fdata-sections -Wall -fstack-usage -fcyclomatic-complexity -MMD -MP -MF"VL53L0X/Vl53l0xHandler/Vl53l0x.d" -MT"VL53L0X/Vl53l0xHandler/Vl53l0x.o" --specs=nano.specs -mfloat-abi=soft -mthumb -o "VL53L0X/Vl53l0xHandler/Vl53l0x.o"
arm-none-eabi-gcc "../Drivers/STM32F1xx_HAL_Driver/Src/stm32f1xx_hal.c" -mcpu=cortex-m3 -std=gnu11 -g3 -DDEBUG -DUSE_HAL_DRIVER -DSTM32F103xB -c -I../Core/Inc -I../Drivers/STM32F1xx_HAL_Driver/Inc/Legacy -I../Drivers/STM32F1xx_HAL_Driver/Inc -I../Drivers/CMSIS/Device/ST/STM32F1xx/Include -I../Drivers/CMSIS/Include -I"C:/Users/nhakh/Desktop/Document/STM/CE437/Sensor_Node/VL53L0X" -O0 -ffunction-sections -fdata-sections -Wall -fstack-usage -fcyclomatic-complexity -MMD -MP -MF"Drivers/STM32F1xx_HAL_Driver/Src/stm32f1xx_hal.d" -MT"Drivers/STM32F1xx_HAL_Driver/Src/stm32f1xx_hal.o" --specs=nano.specs -mfloat-abi=soft -mthumb -o "Drivers/STM32F1xx_HAL_Driver/Src/stm32f1xx_hal.o"
arm-none-eabi-gcc "../Drivers/STM32F1xx_HAL_Driver/Src/stm32f1xx_hal_cortex.c" -mcpu=cortex-m3 -std=gnu11 -g3 -DDEBUG -DUSE_HAL_DRIVER -DSTM32F103xB -c -I../Core/Inc -I../Drivers/STM32F1xx_HAL_Driver/Inc/Legacy -I../Drivers/STM32F1xx_HAL_Driver/Inc -I../Drivers/CMSIS/Device/ST/STM32F1xx/Include -I../Drivers/CMSIS/Include -I"C:/Users/nhakh/Desktop/Document/STM/CE437/Sensor_Node/VL53L0X" -O0 -ffunction-sections -fdata-sections -Wall -fstack-usage -fcyclomatic-complexity -MMD -MP -MF"Drivers/STM32F1xx_HAL_Driver/Src/stm32f1xx_hal_cortex.d" -MT"Drivers/STM32F1xx_HAL_Driver/Src/stm32f1xx_hal_cortex.o" --specs=nano.specs -mfloat-abi=soft -mthumb -o "Drivers/STM32F1xx_HAL_Driver/Src/stm32f1xx_hal_cortex.o"
arm-none-eabi-gcc "../Drivers/STM32F1xx_HAL_Driver/Src/stm32f1xx_hal_dma.c" -mcpu=cortex-m3 -std=gnu11 -g3 -DDEBUG -DUSE_HAL_DRIVER -DSTM32F103xB -c -I../Core/Inc -I../Drivers/STM32F1xx_HAL_Driver/Inc/Legacy -I../Drivers/STM32F1xx_HAL_Driver/Inc -I../Drivers/CMSIS/Device/ST/STM32F1xx/Include -I../Drivers/CMSIS/Include -I"C:/Users/nhakh/Desktop/Document/STM/CE437/Sensor_Node/VL53L0X" -O0 -ffunction-sections -fdata-sections -Wall -fstack-usage -fcyclomatic-complexity -MMD -MP -MF"Drivers/STM32F1xx_HAL_Driver/Src/stm32f1xx_hal_dma.d" -MT"Drivers/STM32F1xx_HAL_Driver/Src/stm32f1xx_hal_dma.o" --specs=nano.specs -mfloat-abi=soft -mthumb -o "Drivers/STM32F1xx_HAL_Driver/Src/stm32f1xx_hal_dma.o"
arm-none-eabi-gcc "../Drivers/STM32F1xx_HAL_Driver/Src/stm32f1xx_hal_exti.c" -mcpu=cortex-m3 -std=gnu11 -g3 -DDEBUG -DUSE_HAL_DRIVER -DSTM32F103xB -c -I../Core/Inc -I../Drivers/STM32F1xx_HAL_Driver/Inc/Legacy -I../Drivers/STM32F1xx_HAL_Driver/Inc -I../Drivers/CMSIS/Device/ST/STM32F1xx/Include -I../Drivers/CMSIS/Include -I"C:/Users/nhakh/Desktop/Document/STM/CE437/Sensor_Node/VL53L0X" -O0 -ffunction-sections -fdata-sections -Wall -fstack-usage -fcyclomatic-complexity -MMD -MP -MF"Drivers/STM32F1xx_HAL_Driver/Src/stm32f1xx_hal_exti.d" -MT"Drivers/STM32F1xx_HAL_Driver/Src/stm32f1xx_hal_exti.o" --specs=nano.specs -mfloat-abi=soft -mthumb -o "Drivers/STM32F1xx_HAL_Driver/Src/stm32f1xx_hal_exti.o"
arm-none-eabi-gcc "../Drivers/STM32F1xx_HAL_Driver/Src/stm32f1xx_hal_flash.c" -mcpu=cortex-m3 -std=gnu11 -g3 -DDEBUG -DUSE_HAL_DRIVER -DSTM32F103xB -c -I../Core/Inc -I../Drivers/STM32F1xx_HAL_Driver/Inc/Legacy -I../Drivers/STM32F1xx_HAL_Driver/Inc -I../Drivers/CMSIS/Device/ST/STM32F1xx/Include -I../Drivers/CMSIS/Include -I"C:/Users/nhakh/Desktop/Document/STM/CE437/Sensor_Node/VL53L0X" -O0 -ffunction-sections -fdata-sections -Wall -fstack-usage -fcyclomatic-complexity -MMD -MP -MF"Drivers/STM32F1xx_HAL_Driver/Src/stm32f1xx_hal_flash.d" -MT"Drivers/STM32F1xx_HAL_Driver/Src/stm32f1xx_hal_flash.o" --specs=nano.specs -mfloat-abi=soft -mthumb -o "Drivers/STM32F1xx_HAL_Driver/Src/stm32f1xx_hal_flash.o"
arm-none-eabi-gcc "../Drivers/STM32F1xx_HAL_Driver/Src/stm32f1xx_hal_flash_ex.c" -mcpu=cortex-m3 -std=gnu11 -g3 -DDEBUG -DUSE_HAL_DRIVER -DSTM32F103xB -c -I../Core/Inc -I../Drivers/STM32F1xx_HAL_Driver/Inc/Legacy -I../Drivers/STM32F1xx_HAL_Driver/Inc -I../Drivers/CMSIS/Device/ST/STM32F1xx/Include -I../Drivers/CMSIS/Include -I"C:/Users/nhakh/Desktop/Document/STM/CE437/Sensor_Node/VL53L0X" -O0 -ffunction-sections -fdata-sections -Wall -fstack-usage -fcyclomatic-complexity -MMD -MP -MF"Drivers/STM32F1xx_HAL_Driver/Src/stm32f1xx_hal_flash_ex.d" -MT"Drivers/STM32F1xx_HAL_Driver/Src/stm32f1xx_hal_flash_ex.o" --specs=nano.specs -mfloat-abi=soft -mthumb -o "Drivers/STM32F1xx_HAL_Driver/Src/stm32f1xx_hal_flash_ex.o"
arm-none-eabi-gcc "../Drivers/STM32F1xx_HAL_Driver/Src/stm32f1xx_hal_gpio.c" -mcpu=cortex-m3 -std=gnu11 -g3 -DDEBUG -DUSE_HAL_DRIVER -DSTM32F103xB -c -I../Core/Inc -I../Drivers/STM32F1xx_HAL_Driver/Inc/Legacy -I../Drivers/STM32F1xx_HAL_Driver/Inc -I../Drivers/CMSIS/Device/ST/STM32F1xx/Include -I../Drivers/CMSIS/Include -I"C:/Users/nhakh/Desktop/Document/STM/CE437/Sensor_Node/VL53L0X" -O0 -ffunction-sections -fdata-sections -Wall -fstack-usage -fcyclomatic-complexity -MMD -MP -MF"Drivers/STM32F1xx_HAL_Driver/Src/stm32f1xx_hal_gpio.d" -MT"Drivers/STM32F1xx_HAL_Driver/Src/stm32f1xx_hal_gpio.o" --specs=nano.specs -mfloat-abi=soft -mthumb -o "Drivers/STM32F1xx_HAL_Driver/Src/stm32f1xx_hal_gpio.o"
arm-none-eabi-gcc "../Drivers/STM32F1xx_HAL_Driver/Src/stm32f1xx_hal_gpio_ex.c" -mcpu=cortex-m3 -std=gnu11 -g3 -DDEBUG -DUSE_HAL_DRIVER -DSTM32F103xB -c -I../Core/Inc -I../Drivers/STM32F1xx_HAL_Driver/Inc/Legacy -I../Drivers/STM32F1xx_HAL_Driver/Inc -I../Drivers/CMSIS/Device/ST/STM32F1xx/Include -I../Drivers/CMSIS/Include -I"C:/Users/nhakh/Desktop/Document/STM/CE437/Sensor_Node/VL53L0X" -O0 -ffunction-sections -fdata-sections -Wall -fstack-usage -fcyclomatic-complexity -MMD -MP -MF"Drivers/STM32F1xx_HAL_Driver/Src/stm32f1xx_hal_gpio_ex.d" -MT"Drivers/STM32F1xx_HAL_Driver/Src/stm32f1xx_hal_gpio_ex.o" --specs=nano.specs -mfloat-abi=soft -mthumb -o "Drivers/STM32F1xx_HAL_Driver/Src/stm32f1xx_hal_gpio_ex.o"
In file included from ../VL53L0X/Vl53l0xHandler/Vl53l0x.c:5:
../VL53L0X/Vl53l0xHandler/Vl53l0x.h:8:10: fatal error: VL53L0X/core/Inc/vl53l0x_api.h: No such file or directory
    8 | #include "VL53L0X/core/Inc/vl53l0x_api.h"
      |          ^~~~~~~~~~~~~~~~~~~~~~~~~~~~~~~~
compilation terminated.
make: *** [VL53L0X/Vl53l0xHandler/subdir.mk:19: VL53L0X/Vl53l0xHandler/Vl53l0x.o] Error 1
make: *** Waiting for unfinished jobs....
In file included from ../VL53L0X/core/Src/../Inc/vl53l0x_api.h:32,
                 from ../VL53L0X/core/Src/vl53l0x_api.c:29:
../VL53L0X/core/Src/../Inc/../../platform/Inc/vl53l0x_platform.h:41:10: fatal error: I2CHandler/I2C_Handler.h: No such file or directory
   41 | #include "I2CHandler/I2C_Handler.h"
      |          ^~~~~~~~~~~~~~~~~~~~~~~~~~
In file included from ../VL53L0X/core/Src/../Inc/vl53l0x_api_calibration.h:32,
                 from ../VL53L0X/core/Src/vl53l0x_api_calibration.c:29:
../VL53L0X/core/Src/../Inc/../../platform/Inc/vl53l0x_platform.h:41:10: fatal error: I2CHandler/I2C_Handler.h: No such file or directory
   41 | #include "I2CHandler/I2C_Handler.h"
      |          ^~~~~~~~~~~~~~~~~~~~~~~~~~
compilation terminated.
In file included from ../VL53L0X/platform/Src/vl53l0x_platform.c:2:
../VL53L0X/platform/Src/../Inc/vl53l0x_platform.h:41:10: fatal error: I2CHandler/I2C_Handler.h: No such file or directory
   41 | #include "I2CHandler/I2C_Handler.h"
      |          ^~~~~~~~~~~~~~~~~~~~~~~~~~
compilation terminated.
In file included from ../VL53L0X/core/Src/../Inc/vl53l0x_api_core.h:32,
                 from ../VL53L0X/core/Src/vl53l0x_api_core.c:29:
../VL53L0X/core/Src/../Inc/../../platform/Inc/vl53l0x_platform.h:41:10: fatal error: I2CHandler/I2C_Handler.h: No such file or directory
   41 | #include "I2CHandler/I2C_Handler.h"
      |          ^~~~~~~~~~~~~~~~~~~~~~~~~~
compilation terminated.
compilation terminated.
In file included from ../VL53L0X/core/Src/../Inc/vl53l0x_api_strings.h:32,
                 from ../VL53L0X/core/Src/vl53l0x_api_strings.c:29:
../VL53L0X/core/Src/../Inc/../../platform/Inc/vl53l0x_platform.h:41:10: fatal error: I2CHandler/I2C_Handler.h: No such file or directory
   41 | #include "I2CHandler/I2C_Handler.h"
      |          ^~~~~~~~~~~~~~~~~~~~~~~~~~
compilation terminated.
In file included from ../VL53L0X/core/Src/../Inc/vl53l0x_api.h:32,
                 from ../VL53L0X/core/Src/vl53l0x_api_ranging.c:29:
../VL53L0X/core/Src/../Inc/../../platform/Inc/vl53l0x_platform.h:41:10: fatal error: I2CHandler/I2C_Handler.h: No such file or directory
   41 | #include "I2CHandler/I2C_Handler.h"
      |          ^~~~~~~~~~~~~~~~~~~~~~~~~~
compilation terminated.
make: *** [VL53L0X/core/Src/subdir.mk:31: VL53L0X/core/Src/vl53l0x_api.o] Error 1
make: *** [VL53L0X/core/Src/subdir.mk:31: VL53L0X/core/Src/vl53l0x_api_core.o] Error 1
make: *** [VL53L0X/platform/Src/subdir.mk:22: VL53L0X/platform/Src/vl53l0x_platform.o] Error 1
make: *** [VL53L0X/core/Src/subdir.mk:31: VL53L0X/core/Src/vl53l0x_api_calibration.o] Error 1
make: *** [VL53L0X/core/Src/subdir.mk:31: VL53L0X/core/Src/vl53l0x_api_ranging.o] Error 1
make: *** [VL53L0X/core/Src/subdir.mk:31: VL53L0X/core/Src/vl53l0x_api_strings.o] Error 1
"make -j16 all" terminated with exit code 2. Build might be incomplete.

13:24:29 Build Failed. 15 errors, 0 warnings. (took 1s.886ms)

